RT is True
Default write of storage_offers_DA.csv just to have a file (but constraint should be inactive)
    timepoint  Storage_Index  discharge_offer  charge_offer  soc  charge  discharge
0           1  313_STORAGE_1                0             0    0       0          0
1           2  313_STORAGE_1                0             0    0       0          0
2           3  313_STORAGE_1                0             0    0       0          0
3           4  313_STORAGE_1                0             0    0       0          0
4           5  313_STORAGE_1                0             0    0       0          0
5           6  313_STORAGE_1                0             0    0       0          0
6           7  313_STORAGE_1                0             0    0       0          0
7           8  313_STORAGE_1                0             0    0       0          0
8           9  313_STORAGE_1                0             0    0       0          0
9          10  313_STORAGE_1                0             0    0       0          0
10         11  313_STORAGE_1                0             0    0       0          0
11         12  313_STORAGE_1                0             0    0       0          0
12         13  313_STORAGE_1                0             0    0       0          0
13         14  313_STORAGE_1                0             0    0       0          0
14         15  313_STORAGE_1                0             0    0       0          0
15         16  313_STORAGE_1                0             0    0       0          0
16         17  313_STORAGE_1                0             0    0       0          0
17         18  313_STORAGE_1                0             0    0       0          0
18         19  313_STORAGE_1                0             0    0       0          0
19         20  313_STORAGE_1                0             0    0       0          0
20         21  313_STORAGE_1                0             0    0       0          0
21         22  313_STORAGE_1                0             0    0       0          0
22         23  313_STORAGE_1                0             0    0       0          0
23         24  313_STORAGE_1                0             0    0       0          0
Reading model...
...model read.
creating competitive generators file...
...competitive generators recorded.
Loading data...
.. real-time data read.
Compiling instance...
