True
\Users\llavin\Desktop\test78\test\01.01.2019\results_DA
    Storage_Index  time     charge  discharge  totaldischarge         soc  ...  chargedual  dischargedual  cycledual  node        lmp       profit
0   301_STORAGE_1     1   0.000000   0.000000        0.000000    0.000000  ...   1000000.0       0.000000        0.0   301   0.000000     0.000000
1   313_STORAGE_1     1  50.000000   0.000000        0.000000   46.097722  ...         0.0       0.000000        0.0   303   0.000000     0.000000
2   301_STORAGE_1     2   0.000000   0.000000        0.000000    0.000000  ...   1000000.0    5000.000000        0.0   301   0.000000     0.000000
3   313_STORAGE_1     2   0.000000   0.000000        0.000000   46.097722  ...   1000000.0       0.000000        0.0   303   0.000000     0.000000
4   301_STORAGE_1     3  50.000000   0.000000        0.000000   46.097722  ...         0.0       0.000000        0.0   301   0.000000     0.000000
5   313_STORAGE_1     3   0.000000   0.000000        0.000000   46.097722  ...   1000000.0       0.000000        0.0   303   0.000000     0.000000
6   301_STORAGE_1     4   0.000000   0.000000        0.000000   46.097722  ...   1000000.0       0.000000        0.0   301   0.000000     0.000000
7   313_STORAGE_1     4   0.000000   0.000000        0.000000   46.097722  ...   1000000.0       0.000000        0.0   303   0.000000     0.000000
8   301_STORAGE_1     5  43.535108   0.000000        0.000000   86.235109  ...         0.0    5000.000000        0.0   301   0.000000     0.000000
9   313_STORAGE_1     5   0.000000   0.000000        0.000000   46.097722  ...   1000000.0       0.000000        0.0   303   0.000000     0.000000
10  301_STORAGE_1     6  46.017859   0.000000        0.000000  128.661479  ...         0.0       0.000000        0.0   301   0.000000     0.000000
11  313_STORAGE_1     6   0.000000   0.000000        0.000000   46.097722  ...   1000000.0       0.000000        0.0   303   0.000000     0.000000
12  301_STORAGE_1     7   0.000000  11.706833       11.706833  115.963635  ...   1000000.0       0.000000        0.0   301  15.731579   184.166968
13  313_STORAGE_1     7   0.000000  11.706833       11.706833   33.399879  ...   1000000.0       0.000000        0.0   303  15.731579   184.166968
14  301_STORAGE_1     8   0.000000   0.000000        0.000000  115.963635  ...         0.0    5000.000000        0.0   301   0.000000     0.000000
15  313_STORAGE_1     8   0.000000   0.000000        0.000000   33.399879  ...   1000000.0    5000.000000        0.0   303   0.000000     0.000000
16  301_STORAGE_1     9   0.000000   0.000000        0.000000  115.963635  ...   1000000.0    5000.000000        0.0   301   0.000000     0.000000
17  313_STORAGE_1     9  26.470588   0.000000        0.000000   57.804555  ...         0.0       0.000000        0.0   303   0.000000     0.000000
18  301_STORAGE_1    10  36.917621   0.000000        0.000000  150.000000  ...         0.0    5000.000000        0.0   301   0.000000     0.000000
19  313_STORAGE_1    10  50.000000   0.000000        0.000000  103.902278  ...         0.0    5000.000000        0.0   303   0.000000     0.000000
20  301_STORAGE_1    11   0.000000   0.000000        0.000000  150.000000  ...   1000000.0    5000.000000        0.0   301   0.000000     0.000000
21  313_STORAGE_1    11  50.000000   0.000000        0.000000  150.000000  ...         0.0       0.000000        0.0   303   0.000000     0.000000
22  301_STORAGE_1    12   0.000000   0.000000        0.000000  150.000000  ...   1000000.0    5000.000000        0.0   301   0.000000     0.000000
23  313_STORAGE_1    12   0.000000   0.000000        0.000000  150.000000  ...   1000000.0    5000.000000        0.0   303   0.000000     0.000000
24  301_STORAGE_1    13   0.000000   0.000000        0.000000  150.000000  ...   1000000.0       0.000000        0.0   301   0.000000     0.000000
25  313_STORAGE_1    13   0.000000   0.000000        0.000000  150.000000  ...   1000000.0    5000.000000        0.0   303   0.000000     0.000000
26  301_STORAGE_1    14   0.000000   0.000000        0.000000  150.000000  ...   1000000.0       0.000000        0.0   301  15.731579     0.000000
27  313_STORAGE_1    14   0.000000   0.000000        0.000000  150.000000  ...   1000000.0    4984.268421        0.0   303  15.731579     0.000000
28  301_STORAGE_1    15   0.000000   0.000000        0.000000  150.000000  ...   1000000.0    4977.267537        0.0   301  22.732463     0.000000
29  313_STORAGE_1    15   0.000000   0.000000        0.000000  150.000000  ...   1000000.0    4977.267537        0.0   303  22.732463     0.000000
30  301_STORAGE_1    16   0.000000  12.119488       12.119488  136.854570  ...   1000000.0       0.000000        0.0   301  26.429209   320.308481
31  313_STORAGE_1    16   0.000000   0.000000        0.000000  150.000000  ...   1000000.0       0.000000        0.0   303  26.429209     0.000000
32  301_STORAGE_1    17   0.000000  50.000000       50.000000   82.621955  ...   1000000.0       0.000000        0.0   301  26.845141  1342.257050
33  313_STORAGE_1    17   0.000000  50.000000       50.000000   95.767386  ...   1000000.0       0.000000        0.0   303  26.845141  1342.257050
34  301_STORAGE_1    18   0.000000  50.000000       50.000000   28.389341  ...   1000000.0       0.000000        0.0   301  26.755735  1337.786750
35  313_STORAGE_1    18   0.000000  50.000000       50.000000   41.534771  ...   1000000.0       0.000000        0.0   303  26.755735  1337.786750
36  301_STORAGE_1    19   0.000000  26.173679       26.173679    0.000000  ...   1000000.0       0.000000        0.0   301  26.429209   691.749633
37  313_STORAGE_1    19   0.000000  38.293167       38.293167    0.000000  ...   1000000.0       0.000000        0.0   303  26.429209  1012.058114
38  301_STORAGE_1    20   0.000000   0.000000        0.000000    0.000000  ...   1000000.0    4973.570791        0.0   301  26.429209     0.000000
39  313_STORAGE_1    20   0.000000   0.000000        0.000000    0.000000  ...   1000000.0    4973.570791        0.0   303  26.429209     0.000000
40  301_STORAGE_1    21   0.000000   0.000000        0.000000    0.000000  ...   1000000.0    4973.802871        0.0   301  26.197129     0.000000
41  313_STORAGE_1    21   0.000000   0.000000        0.000000    0.000000  ...   1000000.0    4974.035489        0.0   303  25.964511     0.000000
42  301_STORAGE_1    22   0.000000   0.000000        0.000000    0.000000  ...   1000000.0       0.000000        0.0   301  22.732463     0.000000
43  313_STORAGE_1    22   0.000000   0.000000        0.000000    0.000000  ...   1000000.0       0.000000        0.0   303  22.732463     0.000000
44  301_STORAGE_1    23   0.000000   0.000000        0.000000    0.000000  ...   1000000.0       0.000000        0.0   301  21.116646     0.000000
45  313_STORAGE_1    23   0.000000   0.000000        0.000000    0.000000  ...   1000000.0       0.000000        0.0   303  21.116646     0.000000
46  301_STORAGE_1    24   0.000000   0.000000        0.000000    0.000000  ...   1000000.0       0.000000        0.0   301  22.732463     0.000000
47  313_STORAGE_1    24   0.000000   0.000000        0.000000    0.000000  ...   1000000.0       0.000000        0.0   303  22.732463     0.000000

[48 rows x 19 columns]
     index  time  Storage_Index  discharge_offer    charge_offer
0        0     1  301_STORAGE_1         0.000000 -1000000.000000
1        0     2  301_STORAGE_1         0.000000 -1000000.000000
2        0     3  301_STORAGE_1         0.000000 -1000000.000000
3        0     4  301_STORAGE_1         0.000000 -1000000.000000
4        0     5  301_STORAGE_1         0.000000 -1000000.000000
..     ...   ...            ...              ...             ...
283     23   284  301_STORAGE_1        22.732463  -999977.267537
284     23   285  301_STORAGE_1        22.732463  -999977.267537
285     23   286  301_STORAGE_1        22.732463  -999977.267537
286     23   287  301_STORAGE_1        22.732463  -999977.267537
287     23   288  301_STORAGE_1        22.732463  -999977.267537

[288 rows x 5 columns]
     index  time  Storage_Index  discharge_offer   charge_offer
0        0     1  313_STORAGE_1         0.000000       0.000000
1        0     2  313_STORAGE_1         0.000000       0.000000
2        0     3  313_STORAGE_1         0.000000       0.000000
3        0     4  313_STORAGE_1         0.000000       0.000000
4        0     5  313_STORAGE_1         0.000000       0.000000
..     ...   ...            ...              ...            ...
283     23   284  313_STORAGE_1        22.732463 -999977.267537
284     23   285  313_STORAGE_1        22.732463 -999977.267537
285     23   286  313_STORAGE_1        22.732463 -999977.267537
286     23   287  313_STORAGE_1        22.732463 -999977.267537
287     23   288  313_STORAGE_1        22.732463 -999977.267537

[288 rows x 5 columns]
