True
\Users\llavin\Desktop\test78\test\01.01.2019\results_DA
    index  Storage_Index  time     charge  discharge  totaldischarge  ...  chargedual  dischargedual  cycledual  node        lmp       profit
0       0  301_STORAGE_1     1   0.000000   0.000000        0.000000  ...   1000000.0       0.000000        0.0   301   0.000000     0.000000
1       2  301_STORAGE_1     2   0.000000   0.000000        0.000000  ...   1000000.0    5000.000000        0.0   301   0.000000     0.000000
2       4  301_STORAGE_1     3  50.000000   0.000000        0.000000  ...         0.0       0.000000        0.0   301   0.000000     0.000000
3       6  301_STORAGE_1     4   0.000000   0.000000        0.000000  ...   1000000.0       0.000000        0.0   301   0.000000     0.000000
4       8  301_STORAGE_1     5  43.535108   0.000000        0.000000  ...         0.0    5000.000000        0.0   301   0.000000     0.000000
5      10  301_STORAGE_1     6  46.017859   0.000000        0.000000  ...         0.0       0.000000        0.0   301   0.000000     0.000000
6      12  301_STORAGE_1     7   0.000000  11.706833       11.706833  ...   1000000.0       0.000000        0.0   301  15.731579   184.166968
7      14  301_STORAGE_1     8   0.000000   0.000000        0.000000  ...         0.0    5000.000000        0.0   301   0.000000     0.000000
8      16  301_STORAGE_1     9   0.000000   0.000000        0.000000  ...   1000000.0    5000.000000        0.0   301   0.000000     0.000000
9      18  301_STORAGE_1    10  36.917621   0.000000        0.000000  ...         0.0    5000.000000        0.0   301   0.000000     0.000000
10     20  301_STORAGE_1    11   0.000000   0.000000        0.000000  ...   1000000.0    5000.000000        0.0   301   0.000000     0.000000
11     22  301_STORAGE_1    12   0.000000   0.000000        0.000000  ...   1000000.0    5000.000000        0.0   301   0.000000     0.000000
12     24  301_STORAGE_1    13   0.000000   0.000000        0.000000  ...   1000000.0       0.000000        0.0   301   0.000000     0.000000
13     26  301_STORAGE_1    14   0.000000   0.000000        0.000000  ...   1000000.0       0.000000        0.0   301  15.731579     0.000000
14     28  301_STORAGE_1    15   0.000000   0.000000        0.000000  ...   1000000.0    4977.267537        0.0   301  22.732463     0.000000
15     30  301_STORAGE_1    16   0.000000  12.119488       12.119488  ...   1000000.0       0.000000        0.0   301  26.429209   320.308481
16     32  301_STORAGE_1    17   0.000000  50.000000       50.000000  ...   1000000.0       0.000000        0.0   301  26.845141  1342.257050
17     34  301_STORAGE_1    18   0.000000  50.000000       50.000000  ...   1000000.0       0.000000        0.0   301  26.755735  1337.786750
18     36  301_STORAGE_1    19   0.000000  26.173679       26.173679  ...   1000000.0       0.000000        0.0   301  26.429209   691.749633
19     38  301_STORAGE_1    20   0.000000   0.000000        0.000000  ...   1000000.0    4973.570791        0.0   301  26.429209     0.000000
20     40  301_STORAGE_1    21   0.000000   0.000000        0.000000  ...   1000000.0    4973.802871        0.0   301  26.197129     0.000000
21     42  301_STORAGE_1    22   0.000000   0.000000        0.000000  ...   1000000.0       0.000000        0.0   301  22.732463     0.000000
22     44  301_STORAGE_1    23   0.000000   0.000000        0.000000  ...   1000000.0       0.000000        0.0   301  21.116646     0.000000
23     46  301_STORAGE_1    24   0.000000   0.000000        0.000000  ...   1000000.0       0.000000        0.0   301  22.732463     0.000000

[24 rows x 20 columns]
    time  Storage_Index  discharge_offer    charge_offer
0      1  301_STORAGE_1         0.000000 -1000000.000000
1      2  301_STORAGE_1      5000.000000 -1000000.000000
2      3  301_STORAGE_1         0.000000        0.000000
3      4  301_STORAGE_1         0.000000 -1000000.000000
4      5  301_STORAGE_1      5000.000000        0.000000
5      6  301_STORAGE_1         0.000000        0.000000
6      7  301_STORAGE_1        15.731579  -999984.268421
7      8  301_STORAGE_1      5000.000000        0.000000
8      9  301_STORAGE_1      5000.000000 -1000000.000000
9     10  301_STORAGE_1      5000.000000        0.000000
10    11  301_STORAGE_1      5000.000000 -1000000.000000
11    12  301_STORAGE_1      5000.000000 -1000000.000000
12    13  301_STORAGE_1         0.000000 -1000000.000000
13    14  301_STORAGE_1        15.731579  -999984.268421
14    15  301_STORAGE_1      5000.000000  -999977.267537
15    16  301_STORAGE_1        26.429209  -999973.570791
16    17  301_STORAGE_1        26.845141  -999973.154859
17    18  301_STORAGE_1        26.755735  -999973.244265
18    19  301_STORAGE_1        26.429209  -999973.570791
19    20  301_STORAGE_1      5000.000000  -999973.570791
20    21  301_STORAGE_1      5000.000000  -999973.802871
21    22  301_STORAGE_1        22.732463  -999977.267537
22    23  301_STORAGE_1        21.116646  -999978.883354
23    24  301_STORAGE_1        22.732463  -999977.267537
     index  time  Storage_Index  discharge_offer    charge_offer
0        0     1  301_STORAGE_1         0.000000 -1000000.000000
1        0     1  301_STORAGE_1         0.000000 -1000000.000000
2        0     1  301_STORAGE_1         0.000000 -1000000.000000
3        0     1  301_STORAGE_1         0.000000 -1000000.000000
4        0     1  301_STORAGE_1         0.000000 -1000000.000000
..     ...   ...            ...              ...             ...
283     23    24  301_STORAGE_1        22.732463  -999977.267537
284     23    24  301_STORAGE_1        22.732463  -999977.267537
285     23    24  301_STORAGE_1        22.732463  -999977.267537
286     23    24  301_STORAGE_1        22.732463  -999977.267537
287     23    24  301_STORAGE_1        22.732463  -999977.267537

[288 rows x 5 columns]
    index  Storage_Index  time     charge  discharge  totaldischarge  ...  chargedual  dischargedual  cycledual  node        lmp       profit
0       1  313_STORAGE_1     1  50.000000   0.000000        0.000000  ...         0.0       0.000000        0.0   303   0.000000     0.000000
1       3  313_STORAGE_1     2   0.000000   0.000000        0.000000  ...   1000000.0       0.000000        0.0   303   0.000000     0.000000
2       5  313_STORAGE_1     3   0.000000   0.000000        0.000000  ...   1000000.0       0.000000        0.0   303   0.000000     0.000000
3       7  313_STORAGE_1     4   0.000000   0.000000        0.000000  ...   1000000.0       0.000000        0.0   303   0.000000     0.000000
4       9  313_STORAGE_1     5   0.000000   0.000000        0.000000  ...   1000000.0       0.000000        0.0   303   0.000000     0.000000
5      11  313_STORAGE_1     6   0.000000   0.000000        0.000000  ...   1000000.0       0.000000        0.0   303   0.000000     0.000000
6      13  313_STORAGE_1     7   0.000000  11.706833       11.706833  ...   1000000.0       0.000000        0.0   303  15.731579   184.166968
7      15  313_STORAGE_1     8   0.000000   0.000000        0.000000  ...   1000000.0    5000.000000        0.0   303   0.000000     0.000000
8      17  313_STORAGE_1     9  26.470588   0.000000        0.000000  ...         0.0       0.000000        0.0   303   0.000000     0.000000
9      19  313_STORAGE_1    10  50.000000   0.000000        0.000000  ...         0.0    5000.000000        0.0   303   0.000000     0.000000
10     21  313_STORAGE_1    11  50.000000   0.000000        0.000000  ...         0.0       0.000000        0.0   303   0.000000     0.000000
11     23  313_STORAGE_1    12   0.000000   0.000000        0.000000  ...   1000000.0    5000.000000        0.0   303   0.000000     0.000000
12     25  313_STORAGE_1    13   0.000000   0.000000        0.000000  ...   1000000.0    5000.000000        0.0   303   0.000000     0.000000
13     27  313_STORAGE_1    14   0.000000   0.000000        0.000000  ...   1000000.0    4984.268421        0.0   303  15.731579     0.000000
14     29  313_STORAGE_1    15   0.000000   0.000000        0.000000  ...   1000000.0    4977.267537        0.0   303  22.732463     0.000000
15     31  313_STORAGE_1    16   0.000000   0.000000        0.000000  ...   1000000.0       0.000000        0.0   303  26.429209     0.000000
16     33  313_STORAGE_1    17   0.000000  50.000000       50.000000  ...   1000000.0       0.000000        0.0   303  26.845141  1342.257050
17     35  313_STORAGE_1    18   0.000000  50.000000       50.000000  ...   1000000.0       0.000000        0.0   303  26.755735  1337.786750
18     37  313_STORAGE_1    19   0.000000  38.293167       38.293167  ...   1000000.0       0.000000        0.0   303  26.429209  1012.058114
19     39  313_STORAGE_1    20   0.000000   0.000000        0.000000  ...   1000000.0    4973.570791        0.0   303  26.429209     0.000000
20     41  313_STORAGE_1    21   0.000000   0.000000        0.000000  ...   1000000.0    4974.035489        0.0   303  25.964511     0.000000
21     43  313_STORAGE_1    22   0.000000   0.000000        0.000000  ...   1000000.0       0.000000        0.0   303  22.732463     0.000000
22     45  313_STORAGE_1    23   0.000000   0.000000        0.000000  ...   1000000.0       0.000000        0.0   303  21.116646     0.000000
23     47  313_STORAGE_1    24   0.000000   0.000000        0.000000  ...   1000000.0       0.000000        0.0   303  22.732463     0.000000

[24 rows x 20 columns]
    time  Storage_Index  discharge_offer    charge_offer
0      1  301_STORAGE_1         0.000000 -1000000.000000
1      2  301_STORAGE_1      5000.000000 -1000000.000000
2      3  301_STORAGE_1         0.000000        0.000000
3      4  301_STORAGE_1         0.000000 -1000000.000000
4      5  301_STORAGE_1      5000.000000        0.000000
5      6  301_STORAGE_1         0.000000        0.000000
6      7  301_STORAGE_1        15.731579  -999984.268421
7      8  301_STORAGE_1      5000.000000        0.000000
8      9  301_STORAGE_1      5000.000000 -1000000.000000
9     10  301_STORAGE_1      5000.000000        0.000000
10    11  301_STORAGE_1      5000.000000 -1000000.000000
11    12  301_STORAGE_1      5000.000000 -1000000.000000
12    13  301_STORAGE_1         0.000000 -1000000.000000
13    14  301_STORAGE_1        15.731579  -999984.268421
14    15  301_STORAGE_1      5000.000000  -999977.267537
15    16  301_STORAGE_1        26.429209  -999973.570791
16    17  301_STORAGE_1        26.845141  -999973.154859
17    18  301_STORAGE_1        26.755735  -999973.244265
18    19  301_STORAGE_1        26.429209  -999973.570791
19    20  301_STORAGE_1      5000.000000  -999973.570791
20    21  301_STORAGE_1      5000.000000  -999973.802871
21    22  301_STORAGE_1        22.732463  -999977.267537
22    23  301_STORAGE_1        21.116646  -999978.883354
23    24  301_STORAGE_1        22.732463  -999977.267537
0      1  313_STORAGE_1         0.000000        0.000000
1      2  313_STORAGE_1         0.000000 -1000000.000000
2      3  313_STORAGE_1         0.000000 -1000000.000000
3      4  313_STORAGE_1         0.000000 -1000000.000000
4      5  313_STORAGE_1         0.000000 -1000000.000000
5      6  313_STORAGE_1         0.000000 -1000000.000000
6      7  313_STORAGE_1        15.731579  -999984.268421
7      8  313_STORAGE_1      5000.000000 -1000000.000000
8      9  313_STORAGE_1         0.000000        0.000000
9     10  313_STORAGE_1      5000.000000        0.000000
10    11  313_STORAGE_1         0.000000        0.000000
11    12  313_STORAGE_1      5000.000000 -1000000.000000
12    13  313_STORAGE_1      5000.000000 -1000000.000000
13    14  313_STORAGE_1      5000.000000  -999984.268421
14    15  313_STORAGE_1      5000.000000  -999977.267537
15    16  313_STORAGE_1        26.429209  -999973.570791
16    17  313_STORAGE_1        26.845141  -999973.154859
17    18  313_STORAGE_1        26.755735  -999973.244265
18    19  313_STORAGE_1        26.429209  -999973.570791
19    20  313_STORAGE_1      5000.000000  -999973.570791
20    21  313_STORAGE_1      5000.000000  -999974.035489
21    22  313_STORAGE_1        22.732463  -999977.267537
22    23  313_STORAGE_1        21.116646  -999978.883354
23    24  313_STORAGE_1        22.732463  -999977.267537
      index  time  Storage_Index  discharge_offer    charge_offer
0         0     1  301_STORAGE_1         0.000000 -1000000.000000
1         0     1  313_STORAGE_1         0.000000        0.000000
2         0     1  301_STORAGE_1         0.000000 -1000000.000000
3         0     1  313_STORAGE_1         0.000000        0.000000
4         0     1  301_STORAGE_1         0.000000 -1000000.000000
...     ...   ...            ...              ...             ...
1147     23    24  313_STORAGE_1        22.732463  -999977.267537
1148     23    24  301_STORAGE_1        22.732463  -999977.267537
1149     23    24  313_STORAGE_1        22.732463  -999977.267537
1150     23    24  301_STORAGE_1        22.732463  -999977.267537
1151     23    24  313_STORAGE_1        22.732463  -999977.267537

[1152 rows x 5 columns]
Reading model...
...model read.
creating competitive generators file...
...competitive generators recorded.
Loading data...
.. real-time data read.
Compiling instance...
...instance created.
Creating Offer Mitigation (model will solve as dispatch if TRUE)...
NOTE: storage offers will not be mitigated
...storage offer mitigation file created
Converting model to MPEC...
...converted
NOTE: initial MIP solve with only storage competitive to get feasible solution
Solving...
