True
\Users\llavin\Desktop\test78\test\01.01.2019\results_DA
     index  time  Storage_Index  discharge_offer    charge_offer
0        0     1  301_STORAGE_1         0.000000 -1000000.000000
1        0     1  301_STORAGE_1         0.000000 -1000000.000000
2        0     1  301_STORAGE_1         0.000000 -1000000.000000
3        0     1  301_STORAGE_1         0.000000 -1000000.000000
4        0     1  301_STORAGE_1         0.000000 -1000000.000000
..     ...   ...            ...              ...             ...
283     23    24  301_STORAGE_1        22.732463  -999977.267537
284     23    24  301_STORAGE_1        22.732463  -999977.267537
285     23    24  301_STORAGE_1        22.732463  -999977.267537
286     23    24  301_STORAGE_1        22.732463  -999977.267537
287     23    24  301_STORAGE_1        22.732463  -999977.267537

[288 rows x 5 columns]
      index  time  Storage_Index  discharge_offer    charge_offer
0         0     1  301_STORAGE_1         0.000000 -1000000.000000
1         0     1  313_STORAGE_1         0.000000        0.000000
2         0     1  301_STORAGE_1         0.000000 -1000000.000000
3         0     1  313_STORAGE_1         0.000000        0.000000
4         0     1  301_STORAGE_1         0.000000 -1000000.000000
...     ...   ...            ...              ...             ...
1147     23    24  313_STORAGE_1        22.732463  -999977.267537
1148     23    24  301_STORAGE_1        22.732463  -999977.267537
1149     23    24  313_STORAGE_1        22.732463  -999977.267537
1150     23    24  301_STORAGE_1        22.732463  -999977.267537
1151     23    24  313_STORAGE_1        22.732463  -999977.267537

[1152 rows x 5 columns]
Reading model...
...model read.
creating competitive generators file...
...competitive generators recorded.
Loading data...
.. real-time data read.
Compiling instance...
