True
\Users\llavin\Desktop\test78\test\01.01.2019\results_DA
24
     index  time  Storage_Index  discharge_offer    charge_offer
0        0     1  301_STORAGE_1         0.000000 -1000000.000000
1        0     2  301_STORAGE_1         0.000000 -1000000.000000
2        0     3  301_STORAGE_1         0.000000 -1000000.000000
3        0     4  301_STORAGE_1         0.000000 -1000000.000000
4        0     5  301_STORAGE_1         0.000000 -1000000.000000
..     ...   ...            ...              ...             ...
283     23   284  301_STORAGE_1        22.732463  -999977.267537
284     23   285  301_STORAGE_1        22.732463  -999977.267537
285     23   286  301_STORAGE_1        22.732463  -999977.267537
286     23   287  301_STORAGE_1        22.732463  -999977.267537
287     23   288  301_STORAGE_1        22.732463  -999977.267537

[288 rows x 5 columns]
     index  time  Storage_Index  discharge_offer   charge_offer
0        0     1  313_STORAGE_1         0.000000       0.000000
1        0     2  313_STORAGE_1         0.000000       0.000000
2        0     3  313_STORAGE_1         0.000000       0.000000
3        0     4  313_STORAGE_1         0.000000       0.000000
4        0     5  313_STORAGE_1         0.000000       0.000000
..     ...   ...            ...              ...            ...
283     23   284  313_STORAGE_1        22.732463 -999977.267537
284     23   285  313_STORAGE_1        22.732463 -999977.267537
285     23   286  313_STORAGE_1        22.732463 -999977.267537
286     23   287  313_STORAGE_1        22.732463 -999977.267537
287     23   288  313_STORAGE_1        22.732463 -999977.267537

[288 rows x 5 columns]
