True
\Users\llavin\Desktop\test78\test\01.01.2019\results_DA
     timepoint  Storage_Index  discharge_offer  charge_offer
0            1  313_STORAGE_1                0             0
1            1  301_STORAGE_1                0             0
2            2  313_STORAGE_1                0             0
3            2  301_STORAGE_1                0             0
4            3  313_STORAGE_1                0             0
..         ...            ...              ...           ...
571        286  313_STORAGE_1                0             0
572        287  313_STORAGE_1                0             0
573        287  301_STORAGE_1                0             0
574        288  313_STORAGE_1                0             0
575        288  301_STORAGE_1                0             0

[576 rows x 4 columns]
Reading model...
...model read.
creating competitive generators file...
...competitive generators recorded.
Loading data...
.. real-time data read.
Compiling instance...
...instance created.
Creating Offer Mitigation (model will solve as dispatch if TRUE)...
NOTE: storage offers will not be mitigated
...storage offer mitigation file created
Converting model to MPEC...
