
Log started (V12.9.0.0) Wed Sep  9 11:55:40 2020

New value for parallel optimization mode: -1
New value for mixed integer optimality gap tolerance: 0.01
New value for emphasis for MIP optimization: 1
New value for integrality tolerance: 1e-12
New value for deterministic time limit in ticks: 150000

Problem 'C:\Users\llavin\Desktop\test826\logs\tmputja1jk9.pyomo.lp' read.
Read time = 0.22 sec. (13.66 ticks)
MIP start file 'C:\Users\llavin\Desktop\test826\logs\tmp45p3edby.cplex.mst' read.

Problem name         : C:\Users\llavin\Desktop\test826\logs\tmputja1jk9.pyomo.lp
Objective sense      : Maximize
Variables            :   54535  [Nneg: 1,  Box: 22722,  Free: 4464,
                                 Binary: 27348]
Objective nonzeros   :    9692
Linear constraints   :  123235  [Less: 41356,  Greater: 59114,  Equal: 22765]
  Nonzeros           :  292522
  RHS nonzeros       :   67480

Variables            : Min LB: -5000.000        Max UB: 1000000.       
Objective nonzeros   : Min   : 0.001000000      Max   : 2500.000       
Linear constraints   :
  Nonzeros           : Min   : 0.1000000        Max   : 1000000.       
  RHS nonzeros       : Min   : 0.001000000      Max   : 1000000.       
CPXPARAM_Parallel                                -1
CPXPARAM_Emphasis_MIP                            1
CPXPARAM_DetTimeLimit                            150000
CPXPARAM_MIP_Tolerances_MIPGap                   0.01
CPXPARAM_MIP_Tolerances_Integrality              9.9999999999999998e-13
Warning:  No solution found from 1 MIP starts.
Retaining values of one MIP start for possible repair.
Tried aggregator 3 times.
MIP Presolve eliminated 88919 rows and 19917 columns.
MIP Presolve added 3337 rows and 0 columns.
MIP Presolve modified 24826 coefficients.
Aggregator did 12968 substitutions.
Reduced MIP has 24685 rows, 21068 columns, and 70656 nonzeros.
Reduced MIP has 8325 binaries, 0 generals, 0 SOSs, and 0 indicators.
Presolve time = 0.28 sec. (172.85 ticks)
Probing fixed 376 vars, tightened 4078 bounds.
Probing time = 0.06 sec. (18.30 ticks)
Tried aggregator 2 times.
MIP Presolve eliminated 849 rows and 755 columns.
MIP Presolve modified 3002 coefficients.
Aggregator did 36 substitutions.
Reduced MIP has 23800 rows, 20277 columns, and 68090 nonzeros.
Reduced MIP has 7948 binaries, 0 generals, 0 SOSs, and 0 indicators.
Presolve time = 0.11 sec. (91.74 ticks)
Probing fixed 0 vars, tightened 303 bounds.
Probing time = 0.11 sec. (22.13 ticks)
Clique table members: 44489.
MIP emphasis: integer feasibility.
MIP search method: dynamic search.
Parallel mode: opportunistic, using up to 32 threads.
Root relaxation solution time = 0.44 sec. (692.98 ticks)

        Nodes                                         Cuts/
   Node  Left     Objective  IInf  Best Integer    Best Bound    ItCnt     Gap

      0     0    76166.8085   227                  76166.8085     5866         
      0     0    75350.0638    85                   Cuts: 105     5945         
      0     0    75312.4513    89                     Cuts: 8     5958         
      0     0    75272.7338    90                     Cuts: 8     5964         
Repair heuristic found nothing.
      0    12    72312.2164    90                    Cuts: 16     6048         
Elapsed time = 4.19 sec. (1855.58 ticks, tree = 0.02 MB, solutions = 0)
    710   575    66049.6603    39                  74327.9508     9448         
   1235   968    infeasible                        74327.9508    12996         
   1932  1368    53757.4253    26                  74327.9508    17914         
   2590  2068    27681.0645    28                  74327.9508    28968         
   3220  2231    21498.4743    25                  74327.9508    33535         
   3869  2549    72942.6703    57                  74327.9508    43828         
   4425  3107    66265.5861    47                  74327.9508    57269         
   4994  3220    49944.9564    43                  74327.9508    59612         
   5594  3888  -318103.1212   122                  74327.9508    73078         
   7981  5409    infeasible                        74327.9508   127898         
Elapsed time = 20.25 sec. (4962.04 ticks, tree = 37.70 MB, solutions = 0)
   8343  6280    68096.8818    41                  74325.3710   159700         
  10801  1396    64023.8858    21                  74325.3710   176958         
  13750  3947    39474.1326    31                  74325.3710   226904         
  16386  5093   -21655.7111    37                  74325.3710   256086         
  18866  6886    61429.9214    32                  74325.3710   306953         
  21016  8874    51966.4046    20                  74325.3710   349298         
  23350 11037    infeasible                        74325.3710   378780         
* 25182+ 3865                        50822.5006    74325.3710            46.25%
  27218  3887        cutoff          50822.5006    74325.3710   424375   46.25%
  29868  4295        cutoff          50822.5006    74325.3710   471763   46.25%
Elapsed time = 81.42 sec. (15819.10 ticks, tree = 26.78 MB, solutions = 3)
  33126  5003    60413.6837    23    50822.5006    74325.3710   502727   46.25%
  36432  6184    58398.0301    29    50822.5006    74325.3710   520911   46.25%
  39886  7551    52099.2375    19    50822.5006    74325.3710   542630   46.25%
  43464  8594    51494.5994    29    50822.5006    74325.3710   559665   46.25%
  47082 12163    63032.6468    34    50822.5006    74325.3710   596175   46.25%
  50369 13299        cutoff          50822.5006    74325.3710   611988   46.25%
  53676 15136    64164.7797    37    50822.5006    74325.3710   636329   46.25%
  57084 18959        cutoff          50822.5006    74325.3710   686669   46.25%
  60460 19272    64628.1823    41    50822.5006    74325.3710   690587   46.25%
  63660 22921    50822.5772    11    50822.5006    74325.3710   735020   46.25%
Elapsed time = 149.92 sec. (25359.28 ticks, tree = 176.61 MB, solutions = 3)
  66967 22726    50966.4599    29    50822.5006    74325.3710   731778   46.25%
  70496 22956    50836.2564    28    50822.5006    74325.3710   735764   46.25%
  73639 24282        cutoff          50822.5006    74325.3710   757086   46.25%
  76763 26999        cutoff          50822.5006    74325.3710   793451   46.25%
  79891 29625    50822.5772    11    50822.5006    74325.3710   819049   46.25%
  82970 29791    52917.5996    29    50822.5006    74325.3710   821831   46.25%
  86361 32172    52283.0044    43    50822.5006    74325.3710   853593   46.25%
  89946 37097    63614.5414    37    50822.5006    74325.3710   911792   46.25%
  93456 35670    50856.0505    18    50822.5006    74325.3710   892068   46.25%
  96810 39498        cutoff          50822.5006    74325.3710   942936   46.25%
Elapsed time = 185.44 sec. (34899.54 ticks, tree = 310.91 MB, solutions = 3)
 100181 41238    63374.5814    45    50822.5006    74325.3710   971422   46.25%
 103300 43781    59179.6269    37    50822.5006    74325.3710  1000420   46.25%
 105999 42495    52785.3772    39    50822.5006    74325.3710   981465   46.25%
 107658 42561    66950.6461    66    50822.5006    74325.3710   982174   46.25%
 108639 44501    53640.4853    31    50822.5006    74325.3710  1012605   46.25%
 109268 46004    58123.2589    59    50822.5006    74325.3710  1032306   46.25%

Cover cuts applied:  27
Flow cuts applied:  34
Mixed integer rounding cuts applied:  1
Gomory fractional cuts applied:  4

Root node processing (before b&c):
  Real time             =    2.66 sec. (1821.29 ticks)
Parallel b&c, 32 threads:
  Real time             =  183.42 sec. (39228.45 ticks)
  Sync time (average)   =    1.58 sec.
  Wait time (average)   =    0.19 sec.
                          ------------
Total (root+branch&cut) =  186.08 sec. (41049.75 ticks)

Solution pool: 3 solutions saved.

MIP - Aborted, integer feasible:  Objective =  5.0822500580e+04
Current MIP best bound =  7.3920931564e+04 (gap = 23098.4, 45.45%)
Solution time =  186.08 sec.  Iterations = 1069587  Nodes = 109408 (48884)
Deterministic time = 41049.90 ticks  (220.60 ticks/sec)


Incumbent solution written to file 'C:\Users\llavin\Desktop\test826\logs\tmp0hp1rimb.cplex.sol'.
