
Log started (V12.9.0.0) Thu Aug  6 14:46:59 2020

New value for parallel optimization mode: -1
New value for mixed integer optimality gap tolerance: 0.001
New value for deterministic time limit in ticks: 100000

Problem 'C:\Users\llavin\Desktop\test85\logs\tmpobf849im.pyomo.lp' read.
Read time = 0.53 sec. (27.87 ticks)

Problem name         : C:\Users\llavin\Desktop\test85\logs\tmpobf849im.pyomo.lp
Objective sense      : Maximize
Variables            :  107779  [Nneg: 1,  Box: 44054,  Free: 8928,
                                 Binary: 54796]
Objective nonzeros   :   19058
Linear constraints   :  246995  [Less: 82866,  Greater: 118424,  Equal: 45705]
  Nonzeros           :  582461
  RHS nonzeros       :  136271

Variables            : Min LB: -5000.000        Max UB: 1000000.       
Objective nonzeros   : Min   : 0.02500000       Max   : 2500.000       
Linear constraints   :
  Nonzeros           : Min   : 0.02500000       Max   : 1000000.       
  RHS nonzeros       : Min   : 0.02500000       Max   : 1000000.       
CPXPARAM_Parallel                                -1
CPXPARAM_DetTimeLimit                            100000
CPXPARAM_MIP_Tolerances_MIPGap                   0.001
Tried aggregator 3 times.
MIP Presolve eliminated 173146 rows and 34115 columns.
MIP Presolve added 7723 rows and 0 columns.
MIP Presolve modified 52084 coefficients.
Aggregator did 26021 substitutions.
Reduced MIP has 55551 rows, 47259 columns, and 151819 nonzeros.
Reduced MIP has 18734 binaries, 0 generals, 0 SOSs, and 0 indicators.
Presolve time = 0.63 sec. (338.34 ticks)
Probing fixed 696 vars, tightened 8693 bounds.
Probing time = 0.42 sec. (15.84 ticks)
Tried aggregator 2 times.
MIP Presolve eliminated 1576 rows and 1403 columns.
MIP Presolve modified 7055 coefficients.
Aggregator did 96 substitutions.
Reduced MIP has 53879 rows, 45760 columns, and 146941 nonzeros.
Reduced MIP has 18036 binaries, 0 generals, 0 SOSs, and 0 indicators.
Presolve time = 0.30 sec. (268.49 ticks)
Probing fixed 0 vars, tightened 16 bounds.
Probing time = 0.58 sec. (16.65 ticks)
Clique table members: 92483.
MIP emphasis: balance optimality and feasibility.
MIP search method: dynamic search.
Parallel mode: opportunistic, using up to 32 threads.
Root relaxation solution time = 1.53 sec. (2728.75 ticks)

        Nodes                                         Cuts/
   Node  Left     Objective  IInf  Best Integer    Best Bound    ItCnt     Gap

      0     0      429.6876   217                    429.6876    11955         
      0     0      429.3395   184                   Cuts: 475    12175         
      0     0      238.6189   172                   Cuts: 184    12308         
      0     0      232.8504   182                    Cuts: 88    12368         
      0     0      184.7794   174                    Cuts: 62    12419         
      0     0      183.4930   176                    Cuts: 63    12453         
      0     0      181.5866   167                    Cuts: 29    12490         
      0     0      164.7312   170                    Cuts: 38    12537         
      0     0      158.5575   178                    Cuts: 58    12590         
      0     0      129.0306   186                    Cuts: 39    12624         
      0     0      128.7531   190                    Cuts: 30    12636         
      0     0      114.0380   188                    Cuts: 23    12656         
      0     0       85.1071   191                    Cuts: 18    12665         
      0     0       85.1071   193                     Cuts: 7    12671         
      0     0       70.7689   195                 Flowcuts: 5    12676         
      0     0       70.7689   196                     Cuts: 5    12679         
      0    21     -125.0472   171                    -13.7209    13043         
Elapsed time = 15.30 sec. (10446.52 ticks, tree = 0.02 MB, solutions = 0)
    192    58     -853.9365   167                    -24.7873    13763         
    427    72     -168.7480   163                    -24.7873    13873         
    659    91     -217.7347   139                    -24.7873    14098         
    877   443    -1699.1232   148                    -24.7873    17403         
   1088   246    -1602.4829   148                    -24.7873    16341         
   1282   727    -1263.0652   124                    -24.7873    22255         
   1505  1084    -2715.2513   116                    -24.7873    30967         
   1691  1460    -1139.3501   121                    -24.7873    38480         
   1886  1120    -2321.8176   106                    -24.7873    31929         
   2691  1896    -1926.2099    83                    -24.7873    43505         
Elapsed time = 36.38 sec. (13556.45 ticks, tree = 25.07 MB, solutions = 0)
   3625  2686    infeasible                          -24.7873    48532         
   4496  3136    infeasible                          -24.7873    54012         
   5346  4004    -1593.4962    25                    -24.7873    71558         
   6209  4410    infeasible                          -24.7873    80907         
   7061  5077    infeasible                          -24.7873    95032         
   7991  5781    -1600.3295   105                    -64.3450   109170         
   8910  6354    -5315.3396    82                    -67.7972   120798         
   9828  6809     -831.3716   210                    -73.7974   131325         
  10715  7379    -2078.8469   158                    -73.7974   167471         

Clique cuts applied:  11
Cover cuts applied:  23
Implied bound cuts applied:  83
Flow cuts applied:  245
Mixed integer rounding cuts applied:  28
Gomory fractional cuts applied:  48

Root node processing (before b&c):
  Real time             =   12.80 sec. (10380.09 ticks)
Parallel b&c, 32 threads:
  Real time             =   73.27 sec. (12666.34 ticks)
  Sync time (average)   =    1.05 sec.
  Wait time (average)   =    0.00 sec.
                          ------------
Total (root+branch&cut) =   86.06 sec. (23046.43 ticks)


MIP - Aborted, no integer solution.
Current MIP best bound = -7.3797422051e+01 (gap is infinite)
Solution time =   86.11 sec.  Iterations = 180288  Nodes = 10845 (7641)
Deterministic time = 23046.74 ticks  (267.64 ticks/sec)


CPLEX Error  1217: No solution exists.
No file written.
