
Log started (V12.9.0.0) Thu Aug 27 15:10:10 2020

New value for parallel optimization mode: -1
New value for mixed integer optimality gap tolerance: 0.0001
New value for feasibility tolerance: 1e-09
New value for deterministic time limit in ticks: 300000

Problem 'C:\Users\llavin\Desktop\test826\logs\tmp09795ckr.pyomo.lp' read.
Read time = 0.23 sec. (14.74 ticks)
MIP start file 'C:\Users\llavin\Desktop\test826\logs\tmp6htb3nr7.cplex.mst' read.

Problem name         : C:\Users\llavin\Desktop\test826\logs\tmp09795ckr.pyomo.lp
Objective sense      : Maximize
Variables            :   54525  [Nneg: 1,  Box: 22720,  Free: 4464,
                                 Binary: 27340]
Objective nonzeros   :    9690
Linear constraints   :  123205  [Less: 41346,  Greater: 59096,  Equal: 22763]
  Nonzeros           :  291718
  RHS nonzeros       :   67460

Variables            : Min LB: -5000.000        Max UB: 1000000.       
Objective nonzeros   : Min   : 0.1000000        Max   : 2500.000       
Linear constraints   :
  Nonzeros           : Min   : 0.1000000        Max   : 1000000.       
  RHS nonzeros       : Min   : 0.1000000        Max   : 1000000.       
CPXPARAM_Parallel                                -1
CPXPARAM_Simplex_Tolerances_Feasibility          1.0000000000000001e-09
CPXPARAM_DetTimeLimit                            300000
1 of 1 MIP starts provided solutions.
MIP start 'm1' defined initial solution with objective 46760.5660.
Tried aggregator 3 times.
MIP Presolve eliminated 88893 rows and 19911 columns.
MIP Presolve added 3338 rows and 0 columns.
MIP Presolve modified 24784 coefficients.
Aggregator did 12968 substitutions.
Reduced MIP has 24682 rows, 21064 columns, and 70474 nonzeros.
Reduced MIP has 8323 binaries, 0 generals, 0 SOSs, and 0 indicators.
Presolve time = 0.27 sec. (168.26 ticks)
Probing fixed 376 vars, tightened 4114 bounds.
Probing time = 0.06 sec. (18.30 ticks)
Tried aggregator 2 times.
MIP Presolve eliminated 849 rows and 755 columns.
MIP Presolve modified 2999 coefficients.
Aggregator did 36 substitutions.
Reduced MIP has 23797 rows, 20273 columns, and 67908 nonzeros.
Reduced MIP has 7946 binaries, 0 generals, 0 SOSs, and 0 indicators.
Presolve time = 0.11 sec. (91.64 ticks)
Probing fixed 0 vars, tightened 223 bounds.
Probing time = 0.13 sec. (21.93 ticks)
Clique table members: 44569.
MIP emphasis: balance optimality and feasibility.
MIP search method: dynamic search.
Parallel mode: opportunistic, using up to 32 threads.
Root relaxation solution time = 0.47 sec. (667.91 ticks)

        Nodes                                         Cuts/
   Node  Left     Objective  IInf  Best Integer    Best Bound    ItCnt     Gap

*     0+    0                        46760.5660   7.33499e+07              --- 
      0     0    76166.8085   187    46760.5660    76166.8085     5897   62.89%
      0     0    75345.5487    64    46760.5660     Cuts: 328     6051   61.13%
      0     0    75278.8367    65    46760.5660     Cuts: 186     6117   60.99%
      0     0    75227.4690    69    46760.5660     Cuts: 116     6149   60.88%
      0     0    75227.4690    69    46760.5660      Cuts: 10     6151   60.88%
      0     0    75227.1202    39    46760.5660   Flowcuts: 1     6158   60.88%
      0     0    75227.1202    45    46760.5660       Cuts: 6     6167   60.88%
      0    25    infeasible          46760.5660   Impl Bds: 4     6429   59.40%
Elapsed time = 4.98 sec. (2734.84 ticks, tree = 0.02 MB, solutions = 1)
    338    67    53218.3631    16    46760.5660    74536.2565     7275   59.40%
    989   439    46782.7254    18    46760.5660    74113.2349    10577   58.50%
   1623   788    54635.9614    18    46760.5660    74113.2349    12806   58.50%
   2411  1170    55034.6299    37    46760.5660    74113.2349    16240   58.50%
   3160  2184    55602.5477    14    46760.5660    71807.5408    25327   53.56%
   3910  2490    63980.4516    21    46760.5660    71807.5408    28113   53.56%
   4688  3117    51411.5745    13    46760.5660    71807.5408    32975   53.56%
   5499  3427    50041.7253    23    46760.5660    71807.5408    36034   53.56%
   6206  4565    50177.4517    17    46760.5660    69365.9042    45971   48.34%
   8509  4413    62647.7289    22    50097.6868    66898.0928    57259   33.54%
Elapsed time = 20.39 sec. (5839.97 ticks, tree = 31.84 MB, solutions = 2)
   8511  5093    infeasible          50097.6868    65813.8792    70775   31.37%
   9309   187    62981.0671    37    50097.6868    65813.8792    73376   31.37%
* 10686   754      integral     0    50822.5006    65467.0627    81090   28.82%
  10884  1092    59587.9650    31    50822.5006    65210.5145    86039   28.31%
  13569  1318    52612.9343     6    50822.5006    65210.5145    89441   28.31%
* 15011  1695      integral     0    50822.5006    63989.7553    93156   25.91%
  17141  4360        cutoff          50822.5006    62590.2684   140780   23.15%
  19785  5411    55454.9404    47    50822.5006    61022.1158   172872   20.07%
  22378  5963    53026.6544    35    50822.5006    59144.5075   190118   16.37%
  24418  6881        cutoff          50822.5006    58733.3518   212786   15.57%
  27446  7976    51681.1070    47    50822.5006    58169.6922   243022   14.46%
Elapsed time = 76.39 sec. (18017.72 ticks, tree = 57.91 MB, solutions = 4)
  30881  9741        cutoff          50822.5006    57631.6136   286845   13.40%
  33438 10645        cutoff          50822.5006    57366.2908   319267   12.88%
  34886 12302    52155.3519    41    50822.5006    57054.8928   384681   12.26%
  37035 12575    51928.0592    27    50822.5006    56347.6549   397758   10.87%
  39952 13407    50862.2186    15    50822.5006    55906.2992   449039   10.00%
  42847 13534        cutoff          50822.5006    55580.7088   458238    9.36%
  45929 14676    51024.1022    40    50822.5006    55148.9996   530489    8.51%
  49509 15317    54225.0738    31    50822.5006    55004.3812   547811    8.23%
  53110 17590    50896.0837    20    50822.5006    54969.6926   597869    8.16%
  55788 17308    51028.9940    14    50822.5006    54649.8023   593043    7.53%
Elapsed time = 117.91 sec. (27557.02 ticks, tree = 130.41 MB, solutions = 4)
  57156 19593    50822.5772     5    50822.5006    54528.6063   636029    7.29%
  58559 18969    51359.8948    30    50822.5006    54475.4530   628538    7.19%
  61499 21071    53666.0168    39    50822.5006    54348.7366   654712    6.94%
  66160 22763    50832.1825     7    50822.5006    54175.1141   671643    6.60%
  70632 28065        cutoff          50822.5006    54109.7633   721381    6.47%
  74846 27369    50875.3664    12    50822.5006    53888.4782   714999    6.03%
  78674 27177    50822.5772     6    50822.5006    53486.7883   712525    5.24%
  82327 30135        cutoff          50822.5006    53073.0715   849147    4.43%
  85802 29916    52051.5285    35    50822.5006    52887.0817   862499    4.06%
  89175 29773        cutoff          50822.5006    52417.0018   869246    3.14%
Elapsed time = 166.02 sec. (37099.12 ticks, tree = 227.32 MB, solutions = 4)
  92607 27565        cutoff          50822.5006    52238.1612   952503    2.79%
  95749 27978        cutoff          50822.5006    51986.9727   941604    2.29%
  97943 27202        cutoff          50822.5006    51967.7322   964489    2.25%
  99478 26394        cutoff          50822.5006    51936.6376   989497    2.19%
 100825 26213        cutoff          50822.5006    51366.9085   992679    1.07%
 102742 23249    50822.5772     4    50822.5006    51073.9694  1049773    0.49%
 105444 22850    50822.5772     4    50822.5006    50989.5132  1053764    0.33%
 109533 25831        cutoff          50822.5006    50985.3486  1000657    0.32%
 114063 23081    50856.0505    12    50822.5006    50985.3486  1054464    0.32%
 119175 23815    50822.5772     4    50822.5006    50985.3486  1056652    0.32%
Elapsed time = 208.33 sec. (46640.30 ticks, tree = 175.73 MB, solutions = 4)
 124136 23416    50822.5772     5    50822.5006    50949.0042  1055427    0.25%
 128320 32496    50822.5772     4    50822.5006    50949.0042  1080536    0.25%
 131911 38312    50822.5772     4    50822.5006    50894.7735  1096507    0.14%
 134472 38380    50822.5772     2    50822.5006    50894.7735  1096637    0.14%
 136266 43046    50822.5772     6    50822.5006    50894.7735  1109307    0.14%
 138706 46025    50822.5772     6    50822.5006    50894.7735  1117393    0.14%
 142793 45368    50822.5772     2    50822.5006    50884.4917  1115368    0.12%
 148214 45415    50843.8220     7    50822.5006    50878.9875  1115533    0.11%
 153950 49070    50822.5772     4    50822.5006    50878.9875  1125964    0.11%
 159642 60186    50822.5772     6    50822.5006    50875.3664  1159472    0.10%
Elapsed time = 250.95 sec. (56179.01 ticks, tree = 470.75 MB, solutions = 4)
 165289 65656    50822.5772     4    50822.5006    50875.3664  1176463    0.10%
 170893 67341    50822.5772     4    50822.5006    50875.3664  1181309    0.10%
 176281 71829    50822.5772     2    50822.5006    50862.6651  1193540    0.08%
 181497 65494    50822.5772     4    50822.5006    50862.2186  1175991    0.08%
 186642 82771    50822.5772     6    50822.5006    50862.2186  1224002    0.08%
 191046 68950    50822.5772     6    50822.5006    50862.2186  1185750    0.08%
 194053 78856    50827.0421    12    50822.5006    50862.2186  1212923    0.08%
 196353 79122    50842.5614    11    50822.5006    50862.2186  1213518    0.08%
 198192 86348    50822.5772     4    50822.5006    50862.2186  1235488    0.08%
 199161 84654    50822.5772     4    50822.5006    50862.2186  1230213    0.08%
Elapsed time = 271.30 sec. (65719.21 ticks, tree = 673.17 MB, solutions = 4)
 199529 89872    50832.1825     6    50822.5006    50862.2186  1247552    0.08%

GUB cover cuts applied:  1
Cover cuts applied:  18
Implied bound cuts applied:  8
Flow cuts applied:  57
Mixed integer rounding cuts applied:  15
Zero-half cuts applied:  1
Gomory fractional cuts applied:  21

Root node processing (before b&c):
  Real time             =    3.67 sec. (2724.62 ticks)
Parallel b&c, 32 threads:
  Real time             =  268.08 sec. (64071.60 ticks)
  Sync time (average)   =    3.44 sec.
  Wait time (average)   =    0.27 sec.
                          ------------
Total (root+branch&cut) =  271.75 sec. (66796.22 ticks)

Solution pool: 4 solutions saved.

MIP - Aborted, integer feasible:  Objective =  5.0822500580e+04
Current MIP best bound =  5.0856050524e+04 (gap = 33.5499, 0.07%)
Solution time =  271.77 sec.  Iterations = 1265184  Nodes = 199556 (95674)
Deterministic time = 66796.37 ticks  (245.79 ticks/sec)


Incumbent solution written to file 'C:\Users\llavin\Desktop\test826\logs\tmpxa3k_108.cplex.sol'.
