
Log started (V12.9.0.0) Fri Sep 11 14:52:29 2020

New value for parallel optimization mode: -1
New value for emphasis for MIP optimization: 1
New value for mixed integer optimality gap tolerance: 0.01
New value for integrality tolerance: 1e-12
New value for deterministic time limit in ticks: 125000

Problem 'C:\Users\llavin\Desktop\test826\logs\tmp092r0ma8.pyomo.lp' read.
Read time = 0.22 sec. (13.94 ticks)
MIP start file 'C:\Users\llavin\Desktop\test826\logs\tmpkx6scqb9.cplex.mst' read.

Problem name         : C:\Users\llavin\Desktop\test826\logs\tmp092r0ma8.pyomo.lp
Objective sense      : Maximize
Variables            :   54529  [Nneg: 1,  Box: 22724,  Free: 4464,
                                 Binary: 27340]
Objective nonzeros   :    9676
Linear constraints   :  123253  [Less: 41346,  Greater: 59096,  Equal: 22811]
  Nonzeros           :  293289
  RHS nonzeros       :   67491

Variables            : Min LB: -5000.000        Max UB: 1000000.       
Objective nonzeros   : Min   : 0.2833333        Max   : 760.8083       
Linear constraints   :
  Nonzeros           : Min   : 0.2833333        Max   : 1000000.       
  RHS nonzeros       : Min   : 0.2833333        Max   : 1000000.       
CPXPARAM_Parallel                                -1
CPXPARAM_Emphasis_MIP                            1
CPXPARAM_DetTimeLimit                            125000
CPXPARAM_MIP_Tolerances_MIPGap                   0.01
CPXPARAM_MIP_Tolerances_Integrality              9.9999999999999998e-13
Warning:  No solution found from 1 MIP starts.
Retaining values of one MIP start for possible repair.
Tried aggregator 4 times.
MIP Presolve eliminated 88677 rows and 19653 columns.
MIP Presolve added 3403 rows and 0 columns.
MIP Presolve modified 24898 coefficients.
Aggregator did 13014 substitutions.
Reduced MIP has 24965 rows, 21306 columns, and 71223 nonzeros.
Reduced MIP has 8414 binaries, 0 generals, 0 SOSs, and 0 indicators.
Presolve time = 0.28 sec. (196.74 ticks)
Probing fixed 389 vars, tightened 4113 bounds.
Probing time = 0.06 sec. (19.36 ticks)
Tried aggregator 2 times.
MIP Presolve eliminated 881 rows and 779 columns.
MIP Presolve modified 3036 coefficients.
Aggregator did 34 substitutions.
Reduced MIP has 24050 rows, 20493 columns, and 68575 nonzeros.
Reduced MIP has 8025 binaries, 0 generals, 0 SOSs, and 0 indicators.
Presolve time = 0.11 sec. (89.09 ticks)
Probing fixed 0 vars, tightened 335 bounds.
Probing time = 0.14 sec. (23.94 ticks)
Clique table members: 45174.
MIP emphasis: integer feasibility.
MIP search method: dynamic search.
Parallel mode: opportunistic, using up to 32 threads.
Root relaxation solution time = 0.48 sec. (675.41 ticks)

        Nodes                                         Cuts/
   Node  Left     Objective  IInf  Best Integer    Best Bound    ItCnt     Gap

      0     0   162611.8246   389                 162611.8246     6416         
      0     0   159615.3201   274                   Cuts: 254     6755         
      0     0   158430.8928   236                   Cuts: 132     6917         
      0     0   158197.6433   225                    Cuts: 74     6984         
Repair heuristic found nothing.
      0     3   157631.4461   233                    Cuts: 15     7009         
Elapsed time = 4.61 sec. (2003.99 ticks, tree = 0.02 MB, solutions = 0)
    666   253   154814.7103   200                 157856.9057    10276         
   1194   813   135353.2930   149                 157856.9057    17584         
   1800  1442   128835.9329   154                 157856.9057    30362         
   2370  1598    71436.0763   148                 157856.9057    33264         
   3023  2114    31026.7977   128                 157856.9057    47509         
   3800  2569    infeasible                       157856.9057    59680         
   4565  2920  -163613.3441   109                 157856.9057    66372         
   5240  3541    79199.6764   140                 157856.9057    83972         
   5867  4019    95348.0758   148                 157856.9057    95510         
   8269  5117    94585.1876   121                 157856.9057   119469         
Elapsed time = 21.97 sec. (5105.55 ticks, tree = 38.02 MB, solutions = 0)
  10579  7591    81622.9682   151                 157856.9057   194785         
  13093  9622    41033.2253   123                 157856.9057   253187         
  15558 11256    infeasible                       157856.9057   308114         
  17865 12404    97267.4601   149                 157856.9057   349059         
  20516 13859    73215.8916   160                 157856.9057   406006         
  22900 17385    47087.6480   142                 157856.9057   521076         
  25332 19141   -33155.7482   103                 157856.9057   583987         
  27828 20862   103825.7645   175                 157856.9057   649004         
* 28604+13995                        41827.4456   157856.9057           277.40%
  30776 14611    98780.6665   167    41827.4456   157856.9057   732853  277.40%
Elapsed time = 68.27 sec. (14023.83 ticks, tree = 264.54 MB, solutions = 1)
  32465 15051    73810.0524   142    41827.4456   157856.9057   762883  277.40%
  32492 16644        cutoff          41827.4456   111395.7297   825270  166.32%
  34189   386    46178.3092    32    41827.4456   111177.5500   835582  165.80%
  35757  1273    41894.3487    15    41827.4456   111177.5500   854932  165.80%
  38863  1978    52880.5204   113    41827.4456   111177.5500   868789  165.80%
  41703  4385    55906.1829    90    41827.4456   111177.5500   920700  165.80%
  44749  6770    61083.0186   100    41827.4456   111177.5500   991843  165.80%
  47608  8706    58170.3448    94    41827.4456   111177.5500  1074507  165.80%
  50602  8684    42573.9941    45    41827.4456   111177.5500  1071957  165.80%
  53806 10248        cutoff          41827.4456   111177.5500  1147099  165.80%
Elapsed time = 115.48 sec. (24989.71 ticks, tree = 79.86 MB, solutions = 1)
  57049 11250    44890.0216    51    41827.4456   111177.5500  1179717  165.80%
  58731 12469    48112.1814    61    41827.4456   111177.5500  1204277  165.80%
  59149 13540        cutoff          41827.4456   111177.5500  1218119  165.80%
  61151 14211    42334.3584    26    41827.4456   111177.5500  1230967  165.80%
  63149 14022    infeasible          41827.4456   111177.5500  1227437  165.80%
  64487 14137    44654.2760    23    41827.4456   111177.5500  1229753  165.80%
  65094 14658    44620.6679    43    41827.4456   111177.5500  1236699  165.80%
