
Log started (V12.9.0.0) Sat Sep  5 09:48:03 2020

New value for parallel optimization mode: -1
New value for mixed integer optimality gap tolerance: 0.01
New value for emphasis for MIP optimization: 1
New value for integrality tolerance: 1e-12
New value for deterministic time limit in ticks: 150000

Problem 'C:\Users\llavin\Desktop\test826\logs\tmpri7tl0w2.pyomo.lp' read.
Read time = 0.53 sec. (28.17 ticks)

Problem name         : C:\Users\llavin\Desktop\test826\logs\tmpri7tl0w2.pyomo.lp
Objective sense      : Maximize
Variables            :  107795  [Nneg: 1,  Box: 44062,  Free: 8928,
                                 Binary: 54804]
Objective nonzeros   :   17426
Linear constraints   :  247027  [Less: 82874,  Greater: 118442,  Equal: 45711]
  Nonzeros           :  624880
  RHS nonzeros       :  134902

Variables            : Min LB: -5000.000        Max UB: 1000000.       
Objective nonzeros   : Min   : 0.008333333      Max   : 208.3333       
Linear constraints   :
  Nonzeros           : Min   : 0.008333333      Max   : 1000000.       
  RHS nonzeros       : Min   : 0.001000000      Max   : 1000000.       
CPXPARAM_Parallel                                -1
CPXPARAM_Emphasis_MIP                            1
CPXPARAM_DetTimeLimit                            150000
CPXPARAM_MIP_Tolerances_MIPGap                   0.01
CPXPARAM_MIP_Tolerances_Integrality              9.9999999999999998e-13
Tried aggregator 3 times.
MIP Presolve eliminated 182480 rows and 42164 columns.
MIP Presolve added 5999 rows and 0 columns.
MIP Presolve modified 49590 coefficients.
Aggregator did 25734 substitutions.
Reduced MIP has 44812 rows, 38265 columns, and 128305 nonzeros.
Reduced MIP has 15036 binaries, 0 generals, 0 SOSs, and 0 indicators.
Presolve time = 0.61 sec. (349.48 ticks)
Probing fixed 841 vars, tightened 13096 bounds.
Probing time = 0.36 sec. (16.17 ticks)
Tried aggregator 2 times.
MIP Presolve eliminated 1876 rows and 1684 columns.
MIP Presolve modified 5376 coefficients.
Aggregator did 67 substitutions.
Reduced MIP has 42869 rows, 36514 columns, and 122668 nonzeros.
Reduced MIP has 14194 binaries, 0 generals, 0 SOSs, and 0 indicators.
Presolve time = 0.22 sec. (205.92 ticks)
Probing fixed 1 vars, tightened 572 bounds.
Probing time = 0.47 sec. (17.25 ticks)
Clique table members: 78123.
MIP emphasis: integer feasibility.
MIP search method: dynamic search.
Parallel mode: opportunistic, using up to 32 threads.
Root relaxation solution time = 1.00 sec. (1807.00 ticks)

        Nodes                                         Cuts/
   Node  Left     Objective  IInf  Best Integer    Best Bound    ItCnt     Gap

      0     0    -2613.9806   803                  -2613.9806    10418         
      0     0    -2617.4427    55                 Flowcuts: 8    10446         
      0     0    -2634.0029    65                   Cuts: 391    10577         
      0     0    -5230.3148   291               Flowcuts: 336    11465         
      0    16    -8572.3738   293                 Impl Bds: 1    11978         
Elapsed time = 7.22 sec. (4341.01 ticks, tree = 0.02 MB, solutions = 0)
    213    74    -9193.0116   309                  -5265.1314    14370         
    532    84    -9228.1962   287                  -5265.1314    14731         
    766   523    -9342.4092   235                  -5265.1314    33190         
    931   583    -6916.7885   248                  -5265.1314    36771         
   1100   685   -11327.7849   234                  -5265.1314    51048         
   1331  1037   -10389.4295   228                  -5265.1314   106114         
   1564  1072   -33530.7098   294                  -5265.1314   115231         
   1739  1732   -20002.2553   269                  -5265.1314   279683         
   1894  1701   -19303.2702   296                  -5265.1314   266875         
   2388  2333   -34579.3579   305                  -5265.1314   556731         
Elapsed time = 24.41 sec. (7455.71 ticks, tree = 28.90 MB, solutions = 0)
   3082  2460   -34116.3445   341                  -5265.1314   607321         
   3999  3047   -34319.0521   362                  -5265.1314   766776         
   5081  4080   -38369.0853   314                  -5265.1314   900716         
   6005  4538    -7768.2425   277                  -5265.1314   915818         
   6118  5490    -8620.4927   768                  -6079.1371   973992         
   6845   740   -10108.4796   548                  -6266.7956  1035988         
   7247   792   -13675.9074   508                  -6266.7956  1061599         
   7980  1620   -27461.0104   420                  -6266.7956  1324246         
   9043  2312   -24714.3510   444                  -6266.7956  1438885         
  10402  2837   -71050.1767   394                  -6266.7956  1505553         
Elapsed time = 82.63 sec. (22579.41 ticks, tree = 38.13 MB, solutions = 0)
  11756  4285   -22354.2148   435                  -6266.7956  1592587         
  12918  4693   -34593.8218   356                  -6266.7956  1625122         
  13963  6317    -8187.7703   612                  -6266.7956  1772061         
  15004  7789   -48413.3487   329                  -6266.7956  1887124         
  16002  7940    infeasible                        -6266.7956  1890244         
  16694  8769    -9020.0044   714                  -6266.7956  1937238         
  17717  9799   -81447.8403   372                  -6266.7956  1997024         
  18804  9847   -20100.1509   623                  -6266.7956  1999155         
  19764 11016   -48051.2572   417                  -6266.7956  2055146         
  20535 11480    -9011.1476   609                  -6266.7956  2079947         
Elapsed time = 137.72 sec. (32126.86 ticks, tree = 159.25 MB, solutions = 0)
  20829 12300   -18706.4997   612                  -6266.7956  2118798         
  21087 12744    infeasible                        -6266.7956  2148363         
  21302 12954    -8959.1697   626                  -6266.7956  2167022         
  21454 13020   -43033.7508   529                  -6266.7956  2173872         
  21673 13109   -10903.6545   583                  -6266.7956  2181259         
  21755 13225   -11350.7082   667                  -6266.7956  2200249         
  21938 13355   -10070.9295   548                  -6266.7956  2223066         
  22226 13330    -8107.5549   665                  -6266.7956  2222777         
  22565 13527   -11909.2981   566                  -6266.7956  2242186         
  22873 13569  -191759.6487   615                  -6266.7956  2250812         
Elapsed time = 212.33 sec. (41710.44 ticks, tree = 187.22 MB, solutions = 0)
  23119 14263   -18570.6937   534                  -6266.7956  2321134         
  23322 14303   -10491.9065   546                  -6266.7956  2335349         
  23545 14100   -26407.9240   593                  -6266.7956  2302953         
  23813 14564   -12080.1059   648                  -6266.7956  2365321         
  24127 14852   -20867.6263   542                  -6266.7956  2406712         
  24413 14462   -17278.7624   562                  -6266.7956  2347236         
  24686 15102    -8293.2105   552                  -6266.7956  2440090         
  25000 15004   -38045.3976   397                  -6266.7956  2428288         
  25290 15237    infeasible                        -6266.7956  2451378         
  25675 16370   -10466.0425   554                  -6266.7956  2630826         
Elapsed time = 281.98 sec. (51283.05 ticks, tree = 225.91 MB, solutions = 0)
  26091 15108   -39102.0574   400                  -6266.7956  2446024         
  26546 16413   -24281.3684   456                  -6266.7956  2644122         
  27036 16452   -35371.4255   372                  -6266.7956  2653291         
  27498 15847    -8304.6162   667                  -6266.7956  2577272         
  28027 16832    -8205.3807   616                  -6266.7956  2740976         
  28692 16744   -37941.2199   376                  -6266.7956  2727385         
  29332 17265   -35413.1352   396                  -6266.7956  2792446         
  29979 19297    -9633.8435   644                  -6266.7956  3134907         
  30665 18960   -50906.1083   339                  -6266.7956  3097168         
  31365 18924   -35261.5695   389                  -6266.7956  3071060         
Elapsed time = 282.00 sec. (60841.00 ticks, tree = 261.19 MB, solutions = 0)
  31968 19756   -35425.3783   391                  -6266.7956  3155621         
  32599 21129    -9563.4837   631                  -6266.7956  3329438         
  33227 19185   -34395.7987   377                  -6266.7956  3121596         
  33832 21165   -38553.9645   385                  -6266.7956  3323026         
  34523 23347   -34710.3083   406                  -6266.7956  3539050         
  35331 21355   -11553.6664   596                  -6266.7956  3337628         
  36084 20922   -31532.7232   410                  -6266.7956  3313612         
  36800 21682   -39528.5487   368                  -6266.7956  3406844         
  37442 21742    -8412.8181   630                  -6266.7956  3407606         
  38029 23226   -31671.2829   451                  -6266.7956  3540187         
Elapsed time = 296.55 sec. (70391.18 ticks, tree = 320.17 MB, solutions = 0)
  38643 22859   -35525.1076   358                  -6266.7956  3502629         
  39235 23007    -9081.2931   602                  -6266.7956  3513966         
  39617 23744   -22007.4657   584                  -6266.7956  3590755         
  39821 22836   -10313.1492   595                  -6266.7956  3508627         
  39985 23744    -9655.2789   662                  -6266.7956  3602512         
  40040 23728   -38117.5361   360                  -6266.7956  3599368         
  40054 23739   -37857.5985   364                  -6266.7956  3616416         
  40067 23732   -26130.9909   625                  -6266.7956  3620931         
  40068 28640   -11020.2335  1199                  -6266.7956  4140314         
  40893   673   -13524.8022   850                  -6446.1391  4176508         
Elapsed time = 318.28 sec. (86788.90 ticks, tree = 19.52 MB, solutions = 0)
  41989   926   -20121.3560   776                  -6446.1391  4204269         
  43452  1952    -9997.4678  1039                  -6446.1391  4284808         
  44746  3641    infeasible                        -6446.1391  4330466         
  45913  4411   -13319.5461   971                  -6446.1391  4363479         
  46986  5004   -27559.9233   929                  -6446.1391  4391912         
  48011  5674   -35616.0909   623                  -6446.1391  4419699         
  49084  6773   -10757.3165   968                  -6446.1391  4460894         
  49942  7397   -32094.5304   852                  -6446.1391  4482649         
  50837  8011   -20404.4494  1004                  -6446.1391  4515133         
  51909  7977    infeasible                        -6446.1391  4512184         
Elapsed time = 381.41 sec. (96335.28 ticks, tree = 109.43 MB, solutions = 0)
  53187  8158   -13692.9165   971                  -6446.1391  4529709         
  54526  8318   -37808.0557   685                  -6446.1391  4548060         
  55773  9432   -26380.9565   916                  -6446.1391  4613263         
  56932 11269   -26179.3884   858                  -6446.1391  4709086         
  58083 11792   -23128.8141   896                  -6446.1391  4733393         
  59184 11716   -35991.6682   731                  -6446.1391  4730744         
  60155 13150    infeasible                        -6446.1391  4800189         
  61134 14749   -38968.3657   794                  -6446.1391  4865153         
  62077 14835   -11757.3850  1219                  -6446.1391  4880480         
