
Log started (V12.10.0.0) Tue Jul  7 22:01:39 2020

New value for parallel optimization mode: -1
New value for mixed integer optimality gap tolerance: 0.01
New value for deterministic time limit in ticks: 30000

Problem 'C:\Users\wenmi\Desktop\competitiveMPEC\logs\tmpq6nggyqg.pyomo.lp' read.
Read time = 0.16 sec. (13.63 ticks)
MIP start file 'C:\Users\wenmi\Desktop\competitiveMPEC\logs\tmpibhwtusf.cplex.mst' read.

Problem name         : C:\Users\wenmi\Desktop\competitiveMPEC\logs\tmpq6nggyqg.pyomo.lp
Objective sense      : Maximize
Variables            :   54523  [Nneg: 1,  Box: 22718,  Free: 4464,
                                 Binary: 27340]
Objective nonzeros   :    9690
Linear constraints   :  123277  [Less: 41370,  Greater: 59096,  Equal: 22811]
  Nonzeros           :  289392
  RHS nonzeros       :   67480

Variables            : Min LB: -5000.000        Max UB: 1000000.       
Objective nonzeros   : Min   : 0.1000000        Max   : 2500.000       
Linear constraints   :
  Nonzeros           : Min   : 0.1000000        Max   : 1000000.       
  RHS nonzeros       : Min   : 0.1000000        Max   : 1000000.       
Version identifier: 12.10.0.0 | 2019-11-26 | 843d4de2ae
CPXPARAM_Parallel                                -1
CPXPARAM_DetTimeLimit                            30000
CPXPARAM_MIP_Tolerances_MIPGap                   0.01
Warning:  No solution found from 1 MIP starts.
Retaining values of one MIP start for possible repair.
Tried aggregator 3 times.
MIP Presolve eliminated 88999 rows and 19943 columns.
MIP Presolve added 3355 rows and 0 columns.
MIP Presolve modified 24782 coefficients.
Aggregator did 12951 substitutions.
Reduced MIP has 24682 rows, 21047 columns, and 67982 nonzeros.
Reduced MIP has 8311 binaries, 0 generals, 0 SOSs, and 0 indicators.
Presolve time = 0.16 sec. (165.08 ticks)
Probing fixed 360 vars, tightened 4151 bounds.
Probing time = 0.03 sec. (17.60 ticks)
Tried aggregator 2 times.
Detecting symmetries...
MIP Presolve eliminated 813 rows and 722 columns.
MIP Presolve modified 3223 coefficients.
Aggregator did 36 substitutions.
Reduced MIP has 23833 rows, 20289 columns, and 65526 nonzeros.
Reduced MIP has 7950 binaries, 0 generals, 0 SOSs, and 0 indicators.
Presolve time = 0.08 sec. (89.11 ticks)
Probing fixed 0 vars, tightened 308 bounds.
Probing time = 0.06 sec. (20.94 ticks)
Clique table members: 43432.
MIP emphasis: balance optimality and feasibility.
MIP search method: dynamic search.
Parallel mode: opportunistic, using up to 16 threads.
Root relaxation solution time = 0.28 sec. (635.24 ticks)

        Nodes                                         Cuts/
   Node  Left     Objective  IInf  Best Integer    Best Bound    ItCnt     Gap

      0     0    79859.5345   171                  79859.5345     5857         
      0     0    79008.2832   171                    Cuts: 98     5926         
      0     0    78867.1531   171                    Cuts: 28     5969         
      0     0    78790.4090   171                    Cuts: 22     5981         
      0     0    78020.7683   171                    Cuts: 17     6009         
      0     0    78019.6008   171                     Cuts: 7     6019         
*     0+    0                        47485.6873    78019.6008            64.30%
      0     0    78019.6008   171    47485.6873       Cuts: 3     6021   64.12%
*     0+    0                        47835.7314    77935.4118            62.92%
Repair heuristic found nothing.
      0     7    74492.4916    46    47835.7314    77812.9197     6070   62.67%
Elapsed time = 3.69 sec. (3095.05 ticks, tree = 0.02 MB, solutions = 2)
    292   100    76234.0844    62    48461.4915    77467.4180     6628   59.85%
    541   266    56803.2348    48    48461.4915    77467.4180     7797   59.85%
    868   374    77210.5806    67    48461.4915    77454.7389     8480   59.83%
   1164   795    49989.3388     5    50022.9657    77454.7389    10714   54.84%
   1533   844    53503.9789    27    50325.4214    77454.7389    11131   53.91%
   1868  1021    51996.8205    15    50325.4214    77257.0833    12665   53.52%
*  1898  1003      integral     0    51447.5645    77257.0833    13113   50.17%
*  2126  1053      integral     0    51501.5406    77257.0833    13520   50.01%
   2402  1632    62312.9760    53    51501.5406    77257.0833    20130   50.01%
   3767  2000    51867.0671    25    51501.5406    77173.8460    23497   49.85%
Elapsed time = 17.23 sec. (5939.68 ticks, tree = 14.11 MB, solutions = 12)
   5027  2901    51517.1983     5    51501.5406    77173.8460    34919   49.85%

Performing restart 1

Repeating presolve.
Tried aggregator 4 times.
MIP Presolve eliminated 951 rows and 822 columns.
MIP Presolve modified 40036 coefficients.
Aggregator did 266 substitutions.
Reduced MIP has 22616 rows, 19201 columns, and 61682 nonzeros.
Reduced MIP has 7587 binaries, 0 generals, 0 SOSs, and 0 indicators.
Presolve time = 0.13 sec. (130.94 ticks)
Tried aggregator 3 times.
MIP Presolve eliminated 456 rows and 376 columns.
MIP Presolve modified 12206 coefficients.
Aggregator did 8 substitutions.
Reduced MIP has 22152 rows, 18817 columns, and 60390 nonzeros.
Reduced MIP has 7399 binaries, 0 generals, 0 SOSs, and 0 indicators.
Presolve time = 0.05 sec. (52.57 ticks)
Tried aggregator 3 times.
MIP Presolve modified 9441 coefficients.
Aggregator did 2 substitutions.
Reduced MIP has 22150 rows, 18815 columns, and 60396 nonzeros.
Reduced MIP has 7399 binaries, 0 generals, 0 SOSs, and 0 indicators.
Presolve time = 0.06 sec. (67.94 ticks)
Represolve time = 0.69 sec. (541.93 ticks)
   5328     0    77291.9886   162    51501.5406     Cuts: 533    52801   48.23%
   5328     0    76998.2868   162    51501.5406     Cuts: 184    52905   48.23%
   5328     0    76856.6093   162    51501.5406     Cuts: 121    52992   48.23%
   5328     0    76853.6214   162    51501.5406     Cuts: 139    53073   48.23%
   5328     0    76852.4335   162    51501.5406      Cuts: 85    53144   44.84%
   5328     0    76584.6888   162    51501.5406     Cuts: 127    53240   44.84%
   5328     0    76534.9332   162    51501.5406      Cuts: 82    53333   44.84%
   5328     0    76520.8910   162    51501.5406     Cuts: 147    53437   38.33%
   5328     0    76513.1405   162    51501.5406     Cuts: 200    53540   38.33%
   5328     8        cutoff          51501.5406    71241.3832    53634   38.33%
