
Log started (V12.9.0.0) Wed Sep  2 09:01:51 2020

New value for parallel optimization mode: -1
New value for mixed integer optimality gap tolerance: 0.05
New value for feasibility tolerance: 1e-09
New value for emphasis for MIP optimization: 1
New value for deterministic time limit in ticks: 100000

Problem 'C:\Users\llavin\Desktop\test826\logs\tmpdv2ku8et.pyomo.lp' read.
Read time = 0.53 sec. (28.58 ticks)
MIP start file 'C:\Users\llavin\Desktop\test826\logs\tmpd3ttyymu.cplex.mst' read.

Problem name         : C:\Users\llavin\Desktop\test826\logs\tmpdv2ku8et.pyomo.lp
Objective sense      : Maximize
Variables            :  109223  [Nneg: 1,  Box: 45498,  Free: 8928,
                                 Binary: 54796]
Objective nonzeros   :   19812
Linear constraints   :  246901  [Less: 82864,  Greater: 118424,  Equal: 45613]
  Nonzeros           :  619167
  RHS nonzeros       :  135874

Variables            : Min LB: -5000.000        Max UB: 5000.000       
Objective nonzeros   : Min   : 2.000000e-07     Max   : 208.3333       
Linear constraints   :
  Nonzeros           : Min   : 0.008333333      Max   : 499791.7       
  RHS nonzeros       : Min   : 2.000000e-07     Max   : 500000.0       
CPXPARAM_Parallel                                -1
CPXPARAM_Emphasis_MIP                            1
CPXPARAM_Simplex_Tolerances_Feasibility          1.0000000000000001e-09
CPXPARAM_DetTimeLimit                            100000
CPXPARAM_MIP_Tolerances_MIPGap                   0.050000000000000003
Warning:  No solution found from 1 MIP starts.
Retaining values of one MIP start for possible repair.
Tried aggregator 3 times.
MIP Presolve eliminated 177134 rows and 39071 columns.
MIP Presolve added 7065 rows and 0 columns.
MIP Presolve modified 52237 coefficients.
Aggregator did 26198 substitutions.
Reduced MIP has 50634 rows, 43080 columns, and 140811 nonzeros.
Reduced MIP has 17100 binaries, 0 generals, 0 SOSs, and 0 indicators.
Presolve time = 0.59 sec. (349.54 ticks)
Probing fixed 796 vars, tightened 6204 bounds.
Probing time = 0.41 sec. (16.25 ticks)
Tried aggregator 2 times.
MIP Presolve eliminated 1853 rows and 1616 columns.
MIP Presolve modified 3888 coefficients.
Aggregator did 2 substitutions.
Reduced MIP has 48779 rows, 41462 columns, and 135408 nonzeros.
Reduced MIP has 16299 binaries, 0 generals, 0 SOSs, and 0 indicators.
Presolve time = 0.28 sec. (250.99 ticks)
Probing fixed 6 vars, tightened 1207 bounds.
Probing time = 0.45 sec. (17.03 ticks)
Clique table members: 81422.
MIP emphasis: integer feasibility.
MIP search method: dynamic search.
Parallel mode: opportunistic, using up to 32 threads.
Root relaxation solution time = 0.78 sec. (482.93 ticks)

        Nodes                                         Cuts/
   Node  Left     Objective  IInf  Best Integer    Best Bound    ItCnt     Gap

      0     0    12681.0630   208                  12681.0630       18         
      0     0    11671.4102   233                   Cuts: 974      567         
      0     0    10598.7251   345                   Cuts: 504      982         
      0     0     9738.9896   426                   Cuts: 360     1273         
Repair heuristic found nothing.
      0    16     8512.6639   356                 Impl Bds: 2     1802         
Elapsed time = 7.94 sec. (4269.34 ticks, tree = 0.02 MB, solutions = 0)
    176    66    infeasible                         9276.2874     4936         
    353   160     4335.7530    97                   9276.2874    28413         
    541   131    infeasible                         9276.2874    17687         
    798   162      329.1929    64                   9276.2874    32036         
   1107   231     -500.7591    12                   9276.2874    38543         
   1467   359     -971.8154    11                   9276.2874    46110         
   1837   366     -424.2426    10                   9276.2874    46480         
   2212   559      692.7592    29                   9276.2874    53177         
   2567  1029      124.7462    11                   9276.2874    65423         
   3931  1548      278.5053    38                   9276.2874    82756         
Elapsed time = 29.97 sec. (7381.75 ticks, tree = 18.67 MB, solutions = 0)
   5098  2690     -499.6052    15                   9276.2874   118941         
   6449  3104    infeasible                         9276.2874   129135         
   7622  4534     -539.7269    12                   9276.2874   164182         
   8663  4802     -573.8854    10                   9276.2874   175469         
   9662  6509     -758.3187    18                   9276.2874   255642         
  10779  6717     -412.6291    12                   9276.2874   263774         
  11905  7082    -3285.6107    12                   9276.2874   276706         
  13219 10803    infeasible                         9276.2874   396779         
  14634  9712     -784.5446    12                   9276.2874   350911         
  15937 10093     -602.2831    11                   9276.2874   373651         
Elapsed time = 91.16 sec. (16923.39 ticks, tree = 153.49 MB, solutions = 0)
  17105 12543     -500.7005    12                   9276.2874   446539         
  18316 12791     -689.7872    14                   9276.2874   454047         
  19566 13670     -604.5842    20                   9276.2874   480518         
  20834 15195     -638.5910    15                   9276.2874   526617         
  22146 17042     -635.0168    26                   9276.2874   580654         
  23450 16168     -501.9028    14                   9276.2874   555222         
  24764 16882     -638.9083    22                   9276.2874   577457         
  25970 20481    infeasible                         9276.2874   686182         
  27165 19608     -899.9533    23                   9276.2874   660603         
