
Log started (V12.10.0.0) Tue Jul  7 22:00:03 2020

New value for parallel optimization mode: -1
New value for mixed integer optimality gap tolerance: 0.01
New value for deterministic time limit in ticks: 30000

Problem 'C:\Users\wenmi\Desktop\competitiveMPEC\logs\tmp7klt5ost.pyomo.lp' read.
Read time = 0.16 sec. (13.63 ticks)
MIP start file 'C:\Users\wenmi\Desktop\competitiveMPEC\logs\tmp_f47430t.cplex.mst' read.

Problem name         : C:\Users\wenmi\Desktop\competitiveMPEC\logs\tmp7klt5ost.pyomo.lp
Objective sense      : Maximize
Variables            :   54523  [Nneg: 1,  Box: 22718,  Free: 4464,
                                 Binary: 27340]
Objective nonzeros   :    9690
Linear constraints   :  123277  [Less: 41370,  Greater: 59096,  Equal: 22811]
  Nonzeros           :  289392
  RHS nonzeros       :   67480

Variables            : Min LB: -5000.000        Max UB: 1000000.       
Objective nonzeros   : Min   : 0.1000000        Max   : 2500.000       
Linear constraints   :
  Nonzeros           : Min   : 0.1000000        Max   : 1000000.       
  RHS nonzeros       : Min   : 0.1000000        Max   : 1000000.       
Version identifier: 12.10.0.0 | 2019-11-26 | 843d4de2ae
CPXPARAM_Parallel                                -1
CPXPARAM_DetTimeLimit                            30000
CPXPARAM_MIP_Tolerances_MIPGap                   0.01
Warning:  No solution found from 1 MIP starts.
Retaining values of one MIP start for possible repair.
Tried aggregator 3 times.
MIP Presolve eliminated 88999 rows and 19943 columns.
MIP Presolve added 3355 rows and 0 columns.
MIP Presolve modified 24782 coefficients.
Aggregator did 12951 substitutions.
Reduced MIP has 24682 rows, 21047 columns, and 67982 nonzeros.
Reduced MIP has 8311 binaries, 0 generals, 0 SOSs, and 0 indicators.
Presolve time = 0.16 sec. (165.08 ticks)
Probing fixed 360 vars, tightened 4151 bounds.
Probing time = 0.05 sec. (17.60 ticks)
Tried aggregator 2 times.
Detecting symmetries...
MIP Presolve eliminated 813 rows and 722 columns.
MIP Presolve modified 3223 coefficients.
Aggregator did 36 substitutions.
Reduced MIP has 23833 rows, 20289 columns, and 65526 nonzeros.
Reduced MIP has 7950 binaries, 0 generals, 0 SOSs, and 0 indicators.
Presolve time = 0.06 sec. (89.11 ticks)
Probing fixed 0 vars, tightened 308 bounds.
Probing time = 0.08 sec. (20.94 ticks)
Clique table members: 43432.
MIP emphasis: balance optimality and feasibility.
MIP search method: dynamic search.
Parallel mode: opportunistic, using up to 16 threads.
Root relaxation solution time = 0.33 sec. (635.24 ticks)

        Nodes                                         Cuts/
   Node  Left     Objective  IInf  Best Integer    Best Bound    ItCnt     Gap

      0     0    79859.5345   171                  79859.5345     5857         
      0     0    79008.2832   171                    Cuts: 98     5926         
      0     0    78867.1531   171                    Cuts: 28     5969         
      0     0    78790.4090   171                    Cuts: 22     5981         
      0     0    78020.7683   171                    Cuts: 17     6009         
      0     0    78019.6008   171                     Cuts: 7     6019         
*     0+    0                        47485.6873    78019.6008            64.30%
      0     0    78019.6008   171    47485.6873       Cuts: 3     6021   64.12%
*     0+    0                        47485.6873    77935.4118            64.12%
      0     0        cutoff          47485.6873    77935.4118     6021   64.12%
*     0+    0                        47835.7314    77935.4118            62.92%
Repair heuristic found nothing.
      0     7    74492.4916    46    47835.7314    77810.3211     6077   62.66%
Elapsed time = 4.03 sec. (2960.86 ticks, tree = 0.02 MB, solutions = 3)
    277   105    76793.9074    46    47835.7314    77467.4180     6609   61.94%
    571   281    73208.9492    37    47835.7314    77467.4180     7619   61.94%
    875   753    57326.2364    47    47835.7314    77454.7389    10351   61.92%
   1208   897    49710.0779     6    49420.7920    77454.7389    11075   56.73%
   1534  1123    70283.8178    61    51447.5645    77454.7389    12791   50.55%
   1838  1180    72058.7366    56    51447.5645    77257.0833    13182   50.17%
   2117  1600    69461.4835    44    51447.5645    77252.5536    18547   50.16%
   2420  1436    infeasible          51447.5645    77250.2482    16829   50.15%
   2753  1498    68422.6080    39    51447.5645    77250.2482    17273   50.15%
   4201  2627    51456.4400     5    51447.5645    76793.9074    28250   49.27%
Elapsed time = 17.88 sec. (6066.57 ticks, tree = 19.53 MB, solutions = 9)

Performing restart 1

Repeating presolve.
Tried aggregator 4 times.
MIP Presolve eliminated 969 rows and 836 columns.
MIP Presolve modified 39672 coefficients.
Aggregator did 266 substitutions.
Reduced MIP has 22598 rows, 19187 columns, and 61632 nonzeros.
Reduced MIP has 7580 binaries, 0 generals, 0 SOSs, and 0 indicators.
Presolve time = 0.13 sec. (130.34 ticks)
Tried aggregator 3 times.
MIP Presolve eliminated 452 rows and 374 columns.
MIP Presolve modified 12219 coefficients.
Aggregator did 8 substitutions.
Reduced MIP has 22138 rows, 18805 columns, and 60350 nonzeros.
Reduced MIP has 7393 binaries, 0 generals, 0 SOSs, and 0 indicators.
Presolve time = 0.05 sec. (52.77 ticks)
Tried aggregator 3 times.
MIP Presolve modified 9373 coefficients.
Aggregator did 2 substitutions.
Reduced MIP has 22136 rows, 18803 columns, and 60356 nonzeros.
Reduced MIP has 7393 binaries, 0 generals, 0 SOSs, and 0 indicators.
Presolve time = 0.06 sec. (69.39 ticks)
Represolve time = 0.67 sec. (553.42 ticks)
   5289     0    77309.7710   168    51447.5645     Cuts: 401    45137   44.83%
   5289     0    77218.3918   168    51447.5645     Cuts: 200    45244   44.83%
   5289     0    77000.1871   168    51447.5645     Cuts: 172    45353   44.83%
   5289     0    76881.3493   168    51447.5645     Cuts: 144    45462   44.83%
   5289     0    76828.2882   168    51447.5645     Cuts: 152    45559   44.83%
   5289     0    76745.4797   168    51447.5645      Cuts: 98    45666   44.83%
   5289     0    76559.1579   168    51447.5645     Cuts: 124    45745   44.83%
   5289    15    66856.2779    71    51447.5645    73751.0786    45882   43.35%
   5626    52    58606.5281    49    51447.5645    73141.7690    46283   42.17%
   6310   267    62151.0938    50    51447.5645    72813.3022    49878   41.53%
