
Log started (V12.9.0.0) Thu Aug 27 14:39:53 2020

New value for parallel optimization mode: -1
New value for mixed integer optimality gap tolerance: 0.01
New value for feasibility tolerance: 1e-09
New value for deterministic time limit in ticks: 300000

Problem 'C:\Users\llavin\Desktop\test826\logs\tmppxshxpku.pyomo.lp' read.
Read time = 0.23 sec. (14.74 ticks)
MIP start file 'C:\Users\llavin\Desktop\test826\logs\tmp7_08_zcq.cplex.mst' read.

Problem name         : C:\Users\llavin\Desktop\test826\logs\tmppxshxpku.pyomo.lp
Objective sense      : Maximize
Variables            :   54525  [Nneg: 1,  Box: 22720,  Free: 4464,
                                 Binary: 27340]
Objective nonzeros   :    9725
Linear constraints   :  123205  [Less: 41346,  Greater: 59096,  Equal: 22763]
  Nonzeros           :  291753
  RHS nonzeros       :   67495

Variables            : Min LB: -5000.000        Max UB: 1000000.       
Objective nonzeros   : Min   : 0.07500000       Max   : 3000.000       
Linear constraints   :
  Nonzeros           : Min   : 0.07500000       Max   : 1000000.       
  RHS nonzeros       : Min   : 0.07500000       Max   : 1000000.       
CPXPARAM_Parallel                                -1
CPXPARAM_Simplex_Tolerances_Feasibility          1.0000000000000001e-09
CPXPARAM_DetTimeLimit                            300000
CPXPARAM_MIP_Tolerances_MIPGap                   0.01
1 of 1 MIP starts provided solutions.
MIP start 'm1' defined initial solution with objective 62125.9472.
Tried aggregator 3 times.
MIP Presolve eliminated 88704 rows and 19746 columns.
MIP Presolve added 3372 rows and 0 columns.
MIP Presolve modified 24858 coefficients.
Aggregator did 12974 substitutions.
Reduced MIP has 24899 rows, 21249 columns, and 70908 nonzeros.
Reduced MIP has 8399 binaries, 0 generals, 0 SOSs, and 0 indicators.
Presolve time = 0.28 sec. (168.28 ticks)
Probing fixed 370 vars, tightened 4120 bounds.
Probing time = 0.08 sec. (18.90 ticks)
Tried aggregator 2 times.
MIP Presolve eliminated 834 rows and 742 columns.
MIP Presolve modified 3035 coefficients.
Aggregator did 36 substitutions.
Reduced MIP has 24029 rows, 20471 columns, and 68390 nonzeros.
Reduced MIP has 8028 binaries, 0 generals, 0 SOSs, and 0 indicators.
Presolve time = 0.11 sec. (87.51 ticks)
Probing fixed 0 vars, tightened 254 bounds.
Probing time = 0.14 sec. (22.73 ticks)
Clique table members: 44314.
MIP emphasis: balance optimality and feasibility.
MIP search method: dynamic search.
Parallel mode: opportunistic, using up to 32 threads.
Root relaxation solution time = 0.53 sec. (700.49 ticks)

        Nodes                                         Cuts/
   Node  Left     Objective  IInf  Best Integer    Best Bound    ItCnt     Gap

*     0+    0                        62125.9472   7.33499e+07              --- 
      0     0    99085.1749   226    62125.9472    99085.1749     6290   59.49%
      0     0    97918.7884   108    62125.9472     Cuts: 417     6451   57.61%
      0     0    97585.0039   104    62125.9472     Cuts: 205     6522   57.08%
      0     0    97585.0039    92    62125.9472     Cuts: 245     6578   57.08%
      0     0    97585.0039    93    62125.9472      Cuts: 39     6584   57.08%
      0     0    97585.0039    52    62125.9472      Cuts: 10     6586   57.08%
      0     0    97585.0039    53    62125.9472      Cuts: 27     6598   57.08%
      0     2    97585.0039    52    62125.9472      Cuts: 15     6598   57.08%
Elapsed time = 5.78 sec. (2953.68 ticks, tree = 0.02 MB, solutions = 1)
    467   101        cutoff          62125.9472    91977.2212     9733   48.05%
    958   489    63070.2576     4    62125.9472    91977.2212    16629   48.05%
*  1549   846      integral     0    62132.1611    91977.2212    19428   48.03%
   2388  1479    65484.1438    26    62132.1611    91977.2212    22659   48.03%
   3169  1514        cutoff          62132.1611    91785.4793    23054   47.73%
   4144  2293    63191.4416     9    62132.1611    91766.0172    30145   47.69%
   5134  3471    62937.2781     6    62132.1611    91765.2475    37149   47.69%
   6066  4201    62516.5968     8    62132.1611    91765.2475    41296   47.69%
   7161  4700    62942.0519     6    62132.1611    88151.2075    44005   41.88%
   8445  6350    infeasible          62132.1611    63922.1585    60139    2.88%
Elapsed time = 27.05 sec. (8995.60 ticks, tree = 75.85 MB, solutions = 2)
   9265    72    63444.8380    16    62132.1611    63902.2800    60758    2.85%
  10913   605    63567.2098    24    62132.1611    63902.2800    63613    2.85%
  12842  1416    62317.5537    15    62132.1611    63593.9241    67392    2.35%
  14269  1644        cutoff          62132.1611    63585.8308    68722    2.34%
  15932  3669    62284.0302    16    62132.1611    63585.8308    82252    2.34%
  19135  6217    63423.1879    22    62132.1611    63585.8308   101133    2.34%
  23030  4830    63511.2987    28    62132.1611    63585.8308    91903    2.34%
  26857  8311    62256.5979    14    62132.1611    63574.5632   114487    2.32%
  30395  9792    62331.1085    16    62132.1611    63572.4710   123795    2.32%
  33517 12661    62332.2805    11    62132.1611    63568.9611   143752    2.31%
Elapsed time = 79.97 sec. (18538.02 ticks, tree = 99.20 MB, solutions = 2)
  36016 13204    62283.9130    17    62132.1611    63568.8214   146665    2.31%
* 37288+16274                        62193.8219    63568.8214             2.21%
  38606 17058    62268.5584    15    62193.8219    63568.8214   172715    2.21%
  41333 20974    62274.4264    13    62193.8219    63568.1932   204270    2.21%
  44221 20261    62218.3253    15    62242.5423    63563.7797   198972    2.12%
  47655 22172    62277.0865    16    62242.5423    63553.2148   213013    2.11%
  51287 24373    62287.9746    27    62242.5423    63553.2148   248045    2.11%
  54051 25579    63330.3462    21    62242.5423    63548.1612   259166    2.10%
  55018 24567    63276.2522    24    62242.5423    63548.1612   249549    2.10%
  55171 26475    62440.1350    42    62242.5423    63548.1612   267274    2.10%

Clique cuts applied:  2
Cover cuts applied:  8
Implied bound cuts applied:  47
Flow cuts applied:  141
Mixed integer rounding cuts applied:  26
Gomory fractional cuts applied:  25

Root node processing (before b&c):
  Real time             =    4.03 sec. (2902.07 ticks)
Parallel b&c, 32 threads:
  Real time             =  104.63 sec. (24460.57 ticks)
  Sync time (average)   =    2.56 sec.
  Wait time (average)   =    0.19 sec.
                          ------------
Total (root+branch&cut) =  108.66 sec. (27362.64 ticks)

Solution pool: 15 solutions saved.

MIP - Aborted, integer feasible:  Objective =  6.2242542281e+04
Current MIP best bound =  6.3524318402e+04 (gap = 1281.78, 2.06%)
Solution time =  108.69 sec.  Iterations = 296337  Nodes = 55197 (30086)
Deterministic time = 27362.80 ticks  (251.76 ticks/sec)


Incumbent solution written to file 'C:\Users\llavin\Desktop\test826\logs\tmpgbnnmlqd.cplex.sol'.
