
Log started (V12.10.0.0) Fri Jul  3 10:39:32 2020

New value for parallel optimization mode: -1
New value for mixed integer optimality gap tolerance: 0.01
New value for deterministic time limit in ticks: 300000

Problem 'C:\Users\wenmi\Desktop\competitiveMPEC\logs\tmp3dfqatuw.pyomo.lp' read.
Read time = 0.14 sec. (13.74 ticks)
MIP start file 'C:\Users\wenmi\Desktop\competitiveMPEC\logs\tmphwylqcj7.cplex.mst' read.

Problem name         : C:\Users\wenmi\Desktop\competitiveMPEC\logs\tmp3dfqatuw.pyomo.lp
Objective sense      : Maximize
Variables            :   54016  [Nneg: 1,  Box: 22525,  Free: 4392,
                                 Binary: 27098]
Objective nonzeros   :    9641
Linear constraints   :  122092  [Less: 40911,  Greater: 58612,  Equal: 22569]
  Nonzeros           :  287127
  RHS nonzeros       :   66899

Variables            : Min LB: -5000.000        Max UB: 1000000.       
Objective nonzeros   : Min   : 0.1000000        Max   : 795.1000       
Linear constraints   :
  Nonzeros           : Min   : 0.1000000        Max   : 1000000.       
  RHS nonzeros       : Min   : 0.1000000        Max   : 1000000.       
Version identifier: 12.10.0.0 | 2019-11-26 | 843d4de2ae
CPXPARAM_Parallel                                -1
CPXPARAM_DetTimeLimit                            300000
CPXPARAM_MIP_Tolerances_MIPGap                   0.01
1 of 1 MIP starts provided solutions.
MIP start 'm1' defined initial solution with objective 46702.9141.
Tried aggregator 3 times.
MIP Presolve eliminated 88348 rows and 19945 columns.
MIP Presolve added 3337 rows and 0 columns.
MIP Presolve modified 24472 coefficients.
Aggregator did 12817 substitutions.
Reduced MIP has 24264 rows, 20672 columns, and 66740 nonzeros.
Reduced MIP has 8174 binaries, 0 generals, 0 SOSs, and 0 indicators.
Presolve time = 0.14 sec. (163.30 ticks)
Probing fixed 416 vars, tightened 6205 bounds.
Probing time = 0.03 sec. (18.38 ticks)
Tried aggregator 2 times.
Detecting symmetries...
MIP Presolve eliminated 929 rows and 835 columns.
MIP Presolve modified 3002 coefficients.
Aggregator did 46 substitutions.
Reduced MIP has 23289 rows, 19791 columns, and 63904 nonzeros.
Reduced MIP has 7757 binaries, 0 generals, 0 SOSs, and 0 indicators.
Presolve time = 0.06 sec. (88.78 ticks)
Probing fixed 0 vars, tightened 264 bounds.
Probing time = 0.06 sec. (23.21 ticks)
Clique table members: 41868.
MIP emphasis: balance optimality and feasibility.
MIP search method: dynamic search.
Parallel mode: opportunistic, using up to 16 threads.
Root relaxation solution time = 0.22 sec. (589.94 ticks)

        Nodes                                         Cuts/
   Node  Left     Objective  IInf  Best Integer    Best Bound    ItCnt     Gap

*     0+    0                        46702.9141   7.33499e+07              --- 
      0     0    75986.2685   182    46702.9141    75986.2685     5664   62.70%
      0     0    75120.6582   182    46702.9141     Cuts: 352     5806   60.85%
      0     0    75072.9776   182    46702.9141     Cuts: 174     5867   60.75%
      0     0    75024.4679   182    46702.9141      Cuts: 79     5910   60.64%
      0     0    75024.4679   182    46702.9141       Cuts: 4     5913   60.64%
      0     0    75024.1191   182    46702.9141   Flowcuts: 1     5914   60.64%
      0     0    75024.1191   182    46702.9141       Cuts: 5     5925   60.64%
      0     2    75024.1191    48    46702.9141    75024.1191     5925   60.64%
Elapsed time = 3.05 sec. (2456.28 ticks, tree = 0.02 MB, solutions = 1)
    218    34    64620.8211    26    46702.9141    74482.4210     6188   59.48%
    547   413    65329.4200    23    46702.9141    74482.4210    10409   59.48%
    830   364    72004.6619    31    46702.9141    74482.4210     9863   59.48%
   1191   643    71541.8628    30    46702.9141    74475.6973    13052   59.47%
   1584   615        cutoff          46702.9141    74475.6973    12640   59.47%
   1969   869    64682.2004    26    46702.9141    74337.1086    15786   59.17%
   2355  1261    49744.3956    17    46702.9141    74330.3850    18540   59.16%
   2684  1366    59366.6690    37    46702.9141    73836.9231    19458   58.10%
   2994  1681    64187.2563    27    46702.9141    72109.4373    22058   54.40%
   4195  2483    51542.2707    10    46702.9141    71201.5918    29250   52.46%
Elapsed time = 15.11 sec. (5560.61 ticks, tree = 17.85 MB, solutions = 1)

Performing restart 1

Repeating presolve.
Tried aggregator 3 times.
MIP Presolve eliminated 796 rows and 718 columns.
MIP Presolve modified 36596 coefficients.
Aggregator did 235 substitutions.
Reduced MIP has 22258 rows, 18838 columns, and 60475 nonzeros.
Reduced MIP has 7446 binaries, 0 generals, 0 SOSs, and 0 indicators.
Presolve time = 0.09 sec. (94.56 ticks)
Tried aggregator 2 times.
MIP Presolve eliminated 441 rows and 364 columns.
MIP Presolve modified 12176 coefficients.
Aggregator did 5 substitutions.
Reduced MIP has 21812 rows, 18469 columns, and 59231 nonzeros.
Reduced MIP has 7264 binaries, 0 generals, 0 SOSs, and 0 indicators.
Presolve time = 0.03 sec. (40.54 ticks)
Tried aggregator 2 times.
MIP Presolve modified 10120 coefficients.
Aggregator did 1 substitutions.
Reduced MIP has 21811 rows, 18468 columns, and 59235 nonzeros.
Reduced MIP has 7264 binaries, 0 generals, 0 SOSs, and 0 indicators.
Presolve time = 0.05 sec. (52.15 ticks)
Represolve time = 0.61 sec. (496.25 ticks)
   4931     0    75019.9571   125    46702.9141     Cuts: 254    44323   51.72%
   4931     0    75019.9571   125    46702.9141      Cuts: 70    44377   51.72%
   4931     0    75019.9571   125    46702.9141      Cuts: 39    44442   51.72%
   4931     0    74936.6949   125    46702.9141      Cuts: 65    44520   51.72%
   4931     0    74897.5708   125    46702.9141      Cuts: 86    44607   51.72%
   4931     0    74897.5708   125    46702.9141      Cuts: 66    44660   51.72%
   4931     0    74897.5708   125    46702.9141      Cuts: 57    44725   51.72%
   4931     5        cutoff          46702.9141    70857.7013    44799   51.72%
   5243   150    50474.7231    25    46702.9141    67731.1133    46889   45.03%
   6011   334    54671.7453    34    46702.9141    65401.1798    49136   40.04%
   7352  1408    51884.6773    28    46702.9141    65401.1798    58962   40.04%
   8680  2013    infeasible          46702.9141    63296.4615    63714   35.53%
  10501  3915    53422.9761    33    46702.9141    62218.1800    79494   33.22%
  12292  3004    47246.7755     5    46702.9141    61493.6040    70741   31.67%
  13832  4093        cutoff          46702.9141    61493.6040    81344   31.67%
  15256  6223        cutoff          46702.9141    60273.4513   101582   29.06%
  17019  6521    56449.9868    25    46702.9141    59881.4799   105440   28.22%
Elapsed time = 56.56 sec. (18567.80 ticks, tree = 48.77 MB, solutions = 1)
  18652  6698    50264.2169    13    46702.9141    59881.4799   106321   28.22%
  20489  7560    48160.6818    18    46702.9141    58964.4190   111822   26.25%
  22396  9416    48533.1088    29    46702.9141    58490.7581   131591   25.24%
  24312  9683    57534.4649    20    46702.9141    58076.1808   133273   24.35%
  26001 11059    49098.6896    21    46702.9141    57908.6458   146029   23.99%
  27268 14047    51021.6144    23    46702.9141    57881.7788   175723   23.94%
  28867 15683    53184.5998    29    46702.9141    57705.7734   196593   23.56%
  30788 13779    56308.4358    19    46702.9141    57633.0828   172224   23.40%
  32819 15089    50846.8851    22    46702.9141    57527.4263   187550   23.18%
  34875 16067    48894.8578    30    46702.9141    57493.4140   203024   23.10%
Elapsed time = 91.19 sec. (28109.81 ticks, tree = 123.56 MB, solutions = 1)
  36957 16827    48876.2488    17    46702.9141    57493.4140   211684   23.10%
  38871 19015    50651.2317    19    46702.9141    57406.2780   239408   22.92%
  40759 24169    48178.2454    14    46702.9141    57155.8895   275248   22.38%
  42360 23604    52670.5108    46    46702.9141    56817.0182   270212   21.66%
  44155 20866    49672.3131    16    46702.9141    56817.0182   254754   21.66%
  45918 25967        cutoff          46702.9141    56520.2802   287462   21.02%
  47428 23826    48160.6818    18    46702.9141    56314.3374   272386   20.58%
  49435 25056    49189.2865    13    46702.9141    56314.3374   279550   20.58%
