
Log started (V12.9.0.0) Thu Sep 10 16:14:36 2020

New value for parallel optimization mode: -1
New value for mixed integer optimality gap tolerance: 0.02
New value for integrality tolerance: 1e-12
New value for deterministic time limit in ticks: 65000

Problem 'C:\Users\llavin\Desktop\test826\logs\tmppdu_umdm.pyomo.lp' read.
Read time = 0.19 sec. (13.66 ticks)
MIP start file 'C:\Users\llavin\Desktop\test826\logs\tmp709qqs60.cplex.mst' read.

Problem name         : C:\Users\llavin\Desktop\test826\logs\tmppdu_umdm.pyomo.lp
Objective sense      : Maximize
Variables            :   54535  [Nneg: 1,  Box: 22722,  Free: 4464,
                                 Binary: 27348]
Objective nonzeros   :    9676
Linear constraints   :  123235  [Less: 41356,  Greater: 59114,  Equal: 22765]
  Nonzeros           :  292605
  RHS nonzeros       :   67515

Variables            : Min LB: -5000.000        Max UB: 1000000.       
Objective nonzeros   : Min   : 0.08333333       Max   : 786.4000       
Linear constraints   :
  Nonzeros           : Min   : 0.08333333       Max   : 1000000.       
  RHS nonzeros       : Min   : 0.001000000      Max   : 1000000.       
CPXPARAM_Parallel                                -1
CPXPARAM_DetTimeLimit                            65000
CPXPARAM_MIP_Tolerances_MIPGap                   0.02
CPXPARAM_MIP_Tolerances_Integrality              9.9999999999999998e-13
Warning:  No solution found from 1 MIP starts.
Retaining values of one MIP start for possible repair.
Tried aggregator 3 times.
MIP Presolve eliminated 88658 rows and 19658 columns.
MIP Presolve added 3400 rows and 0 columns.
MIP Presolve modified 24928 coefficients.
Aggregator did 13012 substitutions.
Reduced MIP has 24965 rows, 21309 columns, and 71428 nonzeros.
Reduced MIP has 8416 binaries, 0 generals, 0 SOSs, and 0 indicators.
Presolve time = 0.25 sec. (173.06 ticks)
Probing fixed 376 vars, tightened 4134 bounds.
Probing time = 0.06 sec. (19.06 ticks)
Tried aggregator 2 times.
MIP Presolve eliminated 856 rows and 756 columns.
MIP Presolve modified 3037 coefficients.
Aggregator did 36 substitutions.
Reduced MIP has 24073 rows, 20517 columns, and 68852 nonzeros.
Reduced MIP has 8038 binaries, 0 generals, 0 SOSs, and 0 indicators.
Presolve time = 0.09 sec. (87.91 ticks)
Probing fixed 1 vars, tightened 445 bounds.
Probing time = 0.13 sec. (24.86 ticks)
Clique table members: 45063.
MIP emphasis: balance optimality and feasibility.
MIP search method: dynamic search.
Parallel mode: opportunistic, using up to 32 threads.
Root relaxation solution time = 0.41 sec. (655.75 ticks)

        Nodes                                         Cuts/
   Node  Left     Objective  IInf  Best Integer    Best Bound    ItCnt     Gap

      0     0   144918.5388   301                 144918.5388     5853         
      0     0   140721.2578   210                   Cuts: 202     6105         
      0     0   139453.2265   201                    Cuts: 59     6189         
      0     0   139350.4093   210                    Cuts: 20     6215         
      0     0   139346.7050   210                 Flowcuts: 7     6221         
      0     0   139332.8446   196                 Flowcuts: 4     6243         
      0     0   139332.8446   196                 Flowcuts: 2     6245         
Repair heuristic found nothing.
      0     2   139332.8446   196                     Cuts: 8     6245         
Elapsed time = 7.06 sec. (3990.87 ticks, tree = 0.02 MB, solutions = 0)
    342    42    infeasible                       133635.7442     6603         
    958   146   120345.1573   131                 133635.7442    10311         
   1609   361   111739.8745   113                 133635.7442    12240         
   2219  1257     9148.7967    60                 133635.7442    39490         
   2834   955    85771.6364   117                 133635.7442    27483         
   3458  1599     9742.2931    40                 133635.7442    49133         
   4091  1740    31527.7638    74                 133635.7442    52922         
   4661  2712    17942.7867    31                 133635.7442    78867         
   5200  2650    infeasible                       130962.0351    77436         
   7540  4371     -803.9366    40                 120973.8334   129964         
Elapsed time = 24.11 sec. (7093.34 ticks, tree = 98.43 MB, solutions = 0)
   9780  5271    16945.1829    64                 120414.4001   159200         
  11702  7507     3061.3301    43                 118658.9633   237659         
  13687  8714 -7542731.5013    63                 117795.8468   293222         
  15706  9941  -170960.6347    75                 117396.6146   363041         
  17742 11037  -161576.8250    68                 116699.3772   414018         
  19835 12545  -108367.3946    46                 115627.2909   488911         
  22034 13956     9657.6192    60                 115534.6159   587675         
  24257 15388    19840.9440    45                 114682.3796   707417         
  26600 16300    28445.4066    39                 113559.7445   771377         
  29027 16942   -33248.5153    49                 110061.9067   819509         
Elapsed time = 71.39 sec. (16633.78 ticks, tree = 338.06 MB, solutions = 0)
  31283 19005  -198414.9172    73                 108490.0434   943947         
  33298 20493    infeasible                        69866.6312  1032778         
  35303 21604    infeasible                        53965.8502  1096522         
  37370 22143    41778.1440    84                  49473.2792  1124447         
