
Log started (V12.10.0.0) Thu Jul  9 21:30:47 2020

New value for parallel optimization mode: -1
New value for mixed integer optimality gap tolerance: 0.01
New value for deterministic time limit in ticks: 100000

Problem 'C:\Users\wenmi\Desktop\competitiveMPEC\logs\tmpjx0jjx4j.pyomo.lp' read.
Read time = 0.33 sec. (27.13 ticks)

Problem name         : C:\Users\wenmi\Desktop\competitiveMPEC\logs\tmpjx0jjx4j.pyomo.lp
Objective sense      : Maximize
Variables            :  106816  [Nneg: 1,  Box: 43669,  Free: 8832,
                                 Binary: 54314]
Objective nonzeros   :   18961
Linear constraints   :  244875  [Less: 82047,  Greater: 117460,  Equal: 45368]
  Nonzeros           :  578373
  RHS nonzeros       :  135259

Variables            : Min LB: -5000.000        Max UB: 1000000.       
Objective nonzeros   : Min   : 0.3000000        Max   : 722.0000       
Linear constraints   :
  Nonzeros           : Min   : 0.3000000        Max   : 1000000.       
  RHS nonzeros       : Min   : 0.3000000        Max   : 1000000.       
Version identifier: 12.10.0.0 | 2019-11-26 | 843d4de2ae
CPXPARAM_Parallel                                -1
CPXPARAM_DetTimeLimit                            100000
CPXPARAM_MIP_Tolerances_MIPGap                   0.01
Tried aggregator 3 times.
MIP Presolve eliminated 170014 rows and 34112 columns.
MIP Presolve added 7663 rows and 0 columns.
MIP Presolve modified 51352 coefficients.
Aggregator did 25754 substitutions.
Reduced MIP has 56770 rows, 46566 columns, and 165372 nonzeros.
Reduced MIP has 18494 binaries, 0 generals, 0 SOSs, and 0 indicators.
Presolve time = 0.38 sec. (341.48 ticks)
Probing fixed 872 vars, tightened 18239 bounds.
Probing time = 0.13 sec. (22.56 ticks)
Tried aggregator 2 times.
Detecting symmetries...
MIP Presolve eliminated 2010 rows and 1803 columns.
MIP Presolve modified 7146 coefficients.
Aggregator did 140 substitutions.
Reduced MIP has 54620 rows, 44623 columns, and 158985 nonzeros.
Reduced MIP has 17595 binaries, 0 generals, 0 SOSs, and 0 indicators.
Presolve time = 0.17 sec. (177.34 ticks)
Probing fixed 32 vars, tightened 534 bounds.
Probing time = 0.30 sec. (44.18 ticks)
Clique table members: 118038.
MIP emphasis: balance optimality and feasibility.
MIP search method: dynamic search.
Parallel mode: opportunistic, using up to 16 threads.
Root relaxation solution time = 1.11 sec. (2654.25 ticks)

        Nodes                                         Cuts/
   Node  Left     Objective  IInf  Best Integer    Best Bound    ItCnt     Gap

      0     0    -8820.0974   406                  -8820.0974     8312         
      0     0    -8820.1177   406                   Cuts: 639     8643         
      0     0    -8824.4944   406                   Cuts: 227     8736         
      0     0    -8828.3990   406                    Cuts: 43     8758         
      0     0    -8841.0635   406                    Cuts: 30     8771         
      0     0    -8844.3992   406                Flowcuts: 21     8781         
      0     0    -8849.6407   406                    Cuts: 24     8790         
      0     0    -8849.7991   406                     Cuts: 6     8795         
      0     0    -8849.7991   406                     Cuts: 4     8800         
      0    10   -11536.4451   170                  -8850.1139     8864         
Elapsed time = 8.02 sec. (8271.09 ticks, tree = 0.02 MB, solutions = 0)
    130    60    infeasible                        -8858.9095     9500         
    213    69    -8859.2170   178                  -8858.9095     9720         
    312   120    -9080.7614   176                  -8858.9095    15649         
    420   281   -13676.2291   164                  -8858.9095    55143         
    527   268    -8887.0127   162                  -8858.9095    53203         
    628   217    -9154.0363   175                  -8858.9095    42519         
    744   269    infeasible                        -8858.9095    56226         
    836   453    infeasible                        -8858.9095   110902         
    960   396    -9444.4327   162                  -8858.9095    94834         
   1417   524   -13060.2231   153                  -8858.9095   114894         
Elapsed time = 23.02 sec. (11400.94 ticks, tree = 16.51 MB, solutions = 0)
   1866   823   -25055.5557   132                  -8858.9095   130490         
   2377  1601   -25787.1066   103                  -8858.9095   144562         
   2849  1895   -34488.8238    96                  -8858.9095   152091         
   3266  2487    infeasible                        -8858.9095   163941         
   3654  2210  -153422.4656   245                  -8858.9095   160030         
   4046  2396   -10200.0850    95                  -8859.2170   163462         
   4458  2653    infeasible                        -8859.2170   201265         
   4835  3096   -26151.1641   125                  -8859.2170   235952         

Performing restart 1

Repeating presolve.
Tried aggregator 4 times.
MIP Presolve eliminated 1635 rows and 1406 columns.
MIP Presolve modified 3715 coefficients.
Aggregator did 260 substitutions.
Reduced MIP has 52725 rows, 42957 columns, and 152559 nonzeros.
Reduced MIP has 16892 binaries, 0 generals, 0 SOSs, and 0 indicators.
Presolve time = 0.39 sec. (392.39 ticks)
Tried aggregator 3 times.
MIP Presolve eliminated 653 rows and 548 columns.
MIP Presolve modified 296 coefficients.
Aggregator did 25 substitutions.
Reduced MIP has 52047 rows, 42384 columns, and 150683 nonzeros.
Reduced MIP has 16618 binaries, 0 generals, 0 SOSs, and 0 indicators.
Presolve time = 0.13 sec. (124.15 ticks)
Tried aggregator 3 times.
MIP Presolve eliminated 667 rows and 424 columns.
MIP Presolve modified 390 coefficients.
Aggregator did 2 substitutions.
Reduced MIP has 51378 rows, 41901 columns, and 148543 nonzeros.
Reduced MIP has 16410 binaries, 0 generals, 0 SOSs, and 0 indicators.
Presolve time = 0.19 sec. (195.01 ticks)
Represolve time = 1.84 sec. (911.00 ticks)
   4972     0    -8891.8861   445                  Cuts: 1477   300934         
   4972     0    -8906.6298   445                   Cuts: 661   301307         
   4972     0    -8910.1823   445                   Cuts: 320   301527         
   4972     0    -8972.3681   445                   Cuts: 129   301651         
   4972     0    -9114.4721   445                    Cuts: 71   301729         
   4972     0    -9123.7374   445                    Cuts: 43   301769         
   4972     0    -9136.1960   445                    Cuts: 36   301805         
   4972     0    -9137.4276   445                    Cuts: 32   301835         
   4972     0    -9142.7607   445                    Cuts: 30   301862         
   4972     0    -9159.1199   445                    Cuts: 27   301882         
   4972     0    -9179.8850   445                    Cuts: 53   301931         
   4972     0    -9191.8411   445                    Cuts: 37   301982         
   4972     0    -9196.8925   445                    Cuts: 29   302021         
   4972     0    -9198.8173   445                    Cuts: 29   302060         
   4972     0    -9200.9752   445                    Cuts: 24   302081         
   4972     0    -9201.7469   445                    Cuts: 13   302096         
   4972     0    -9201.8435   445                     Cuts: 6   302103         
   4972     0    -9203.0983   445                    Cuts: 12   302120         
   4972     0    -9207.4167   445                    Cuts: 12   302134         
   4972     0    -9214.5852   445                    Cuts: 21   302153         
   4972     0    -9215.8639   445                    Cuts: 11   302165         
   4972     0    -9217.5542   445                     Cuts: 8   302172         
   4972     0    -9217.5542   445                     Cuts: 2   302175         
   4972     0    -9217.5542   445                     Cuts: 2   302177         
   4972     0    -9217.5542   445                   Covers: 1   302178         
   4972    17   -10312.2716   143                 -10022.3068   305869         
   4996    31   -18361.4482   218                 -10179.9953   306436         
Elapsed time = 97.44 sec. (52466.57 ticks, tree = 0.85 MB, solutions = 0)
   5022    31   -10434.2902   228                 -10179.9953   306499         
   5042    32   -10556.4862   217                 -10179.9953   306540         
   5066    30  -140144.2268   563                 -10179.9953   306552         
   5095    44   -11313.8310   250                 -10179.9953   306913         
   5128    34  -142696.1321   371                 -10179.9953   306612         
   5185   115   -18968.8252   214                 -10179.9953   311825         
   5267    49   -11779.5614   232                 -10179.9953   307416         
   5350   186   -20597.1995   248                 -10179.9953   313562         
   5455   137   -27602.2310   209                 -10179.9953   312010         
   5584    68   -33960.0817   243                 -10179.9953   308334         
Elapsed time = 144.42 sec. (62233.29 ticks, tree = 1.41 MB, solutions = 0)
   5693   156   -27788.5540   209                 -10179.9953   312066         
   5794   158    infeasible                       -10179.9953   312450         
   5892   136   -21933.0452   227                 -10179.9953   311752         
   5987   164   -21114.7411   257                 -10179.9953   313914         
   6102   306    infeasible                       -10179.9953   328370         
   6210   178  -148299.3953   389                 -10179.9953   313608         
