
Log started (V12.9.0.0) Fri Sep 11 14:44:45 2020

New value for parallel optimization mode: -1
New value for emphasis for MIP optimization: 1
New value for mixed integer optimality gap tolerance: 0.01
New value for integrality tolerance: 1e-12
New value for deterministic time limit in ticks: 125000

Problem 'C:\Users\llavin\Desktop\test826\logs\tmph41lne00.pyomo.lp' read.
Read time = 0.19 sec. (13.92 ticks)

Problem name         : C:\Users\llavin\Desktop\test826\logs\tmph41lne00.pyomo.lp
Objective sense      : Maximize
Variables            :   53809  [Nneg: 1,  Box: 22004,  Free: 4464,
                                 Binary: 27340]
Objective nonzeros   :    8980
Linear constraints   :  123253  [Less: 41346,  Greater: 59096,  Equal: 22811]
  Nonzeros           :  293289
  RHS nonzeros       :   67491

Variables            : Min LB: -5000.000        Max UB: 1000000.       
Objective nonzeros   : Min   : 0.1750000        Max   : 772.4167       
Linear constraints   :
  Nonzeros           : Min   : 0.1750000        Max   : 1000000.       
  RHS nonzeros       : Min   : 0.1750000        Max   : 1000000.       
CPXPARAM_Parallel                                -1
CPXPARAM_Emphasis_MIP                            1
CPXPARAM_DetTimeLimit                            125000
CPXPARAM_MIP_Tolerances_MIPGap                   0.01
CPXPARAM_MIP_Tolerances_Integrality              9.9999999999999998e-13
Tried aggregator 4 times.
MIP Presolve eliminated 88689 rows and 18945 columns.
MIP Presolve added 3402 rows and 0 columns.
MIP Presolve modified 24886 coefficients.
Aggregator did 12997 substitutions.
Reduced MIP has 24969 rows, 21311 columns, and 71251 nonzeros.
Reduced MIP has 8411 binaries, 0 generals, 0 SOSs, and 0 indicators.
Presolve time = 0.31 sec. (196.27 ticks)
Probing fixed 381 vars, tightened 4222 bounds.
Probing time = 0.05 sec. (18.60 ticks)
Tried aggregator 2 times.
MIP Presolve eliminated 860 rows and 763 columns.
MIP Presolve modified 3037 coefficients.
Aggregator did 37 substitutions.
Reduced MIP has 24072 rows, 20511 columns, and 68652 nonzeros.
Reduced MIP has 8030 binaries, 0 generals, 0 SOSs, and 0 indicators.
Presolve time = 0.11 sec. (89.52 ticks)
Probing fixed 0 vars, tightened 318 bounds.
Probing time = 0.14 sec. (23.13 ticks)
Clique table members: 44745.
MIP emphasis: integer feasibility.
MIP search method: dynamic search.
Parallel mode: opportunistic, using up to 32 threads.
Root relaxation solution time = 0.39 sec. (631.81 ticks)

        Nodes                                         Cuts/
   Node  Left     Objective  IInf  Best Integer    Best Bound    ItCnt     Gap

      0     0     4420.6613   150                   4420.6613     5491         
      0     0     4420.6613    11                    Cuts: 23     5501         
      0     0     4419.3844    11                     Cuts: 4     5508         
      0     0     4419.3844    12                     Cuts: 4     5511         
      0     6     3523.8011    11                     Cuts: 3     5537         
Elapsed time = 3.70 sec. (1687.12 ticks, tree = 0.02 MB, solutions = 0)
    664   227   -10146.9108    13                   4356.7091    12148         
   1147   548  -112914.9547    21                   4351.5183    21780         
   1729   771   -43746.9607    18                   4351.5183    28411         
   2226   990     2039.0888     9                   4351.5183    36487         
   2687   991    infeasible                         4349.5976    36437         
   3178  1359     2034.1416    10                   4349.5976    50404         
   3641  1501     2039.0888     9                   4349.5976    54295         
   4050  1595 -1177894.7223    56                   4349.5976    59706         
   4434  1719  -283370.0463    42                   4349.5976    67055         
   5900  2183    -4610.9650    12                   4349.5976    84675         
Elapsed time = 17.17 sec. (4795.98 ticks, tree = 55.25 MB, solutions = 0)
   7336  2551   -63165.4047    10                   4349.5976   119453         
   8855  3342    infeasible                         4349.5976   196806         
   9841  3389   -13204.9462     9                   4349.5976   199345         
  10650  3398  -882218.5404    32                   4349.5976   195180         
  11057  3171     3520.7361     6                   4349.5976   177002         
  11062  4828    infeasible                         4349.5976   327220         
  12971   683   -11444.4920    23                   4349.5976   361813         
  15686  2074    infeasible                         4349.5976   396085         
  18282  2365    infeasible                         4349.5976   402232         
* 20139+ 2303                         3023.8215     4349.5976            43.84%
Elapsed time = 50.44 sec. (15300.59 ticks, tree = 34.24 MB, solutions = 2)
  23082  2018     3839.7467     2     3520.7361     4349.5976   437070   23.54%
  26055  2456     3533.6404     2     3520.7361     4349.5976   446295   23.54%
  29483  2529     3542.1978     2     3520.7361     4349.5976   446681   23.54%
  33114  3866    infeasible           3520.7361     4349.5976   477794   23.54%
  36259  6885     3533.6404     2     3520.7361     4349.5976   492381   23.54%
  39049  5530     3822.5734     2     3520.7361     4349.5976   485749   23.54%
  41687  6008    infeasible           3520.7361     4349.5976   488729   23.54%
  44934  6071     3905.4743     1     3520.7361     4349.5976   489154   23.54%
  48225 11733     3558.6668     3     3520.7361     4349.5976   515866   23.54%
  51717 12834        cutoff           3520.7361     4349.5976   521517   23.54%
Elapsed time = 114.05 sec. (24838.95 ticks, tree = 117.17 MB, solutions = 2)
  55132 13187     4051.4987     2     3520.7361     4349.5976   523001   23.54%
  58668 10157     3535.0183     2     3520.7361     4349.5976   508176   23.54%
  62391 14424        cutoff           3520.7361     4349.5976   528700   23.54%
  66036 11834     3535.0183     3     3520.7361     4349.5976   516281   23.54%
  69813 12022     3995.2421     2     3520.7361     4349.5976   517869   23.54%
  73642 23406     3750.0183     4     3520.7361     4349.5976   578649   23.54%
  77594 24915     3867.6281     3     3520.7361     4349.5976   587301   23.54%
  81534 16925     4241.0325     1     3520.7361     4349.5976   542543   23.54%
  85541 25802    infeasible           3520.7361     4349.5976   591657   23.54%
  89527 16601     4227.3241     2     3520.7361     4349.5976   540850   23.54%
Elapsed time = 173.69 sec. (34377.50 ticks, tree = 146.60 MB, solutions = 2)
  93388 21244    infeasible           3520.7361     4349.5976   567291   23.54%
  97345 34946     4053.6509     1     3520.7361     4349.5976   639049   23.54%
 101282 21447     4199.1405     2     3520.7361     4349.5976   568128   23.54%
 105201 20803     3846.6363     3     3520.7361     4349.5976   565504   23.54%
 109264 35700     3691.7734     2     3520.7361     4349.5976   643085   23.54%
 112933 21702     3690.0396     2     3520.7361     4349.5976   569366   23.54%
 116176 35214     3870.0664     2     3520.7361     4349.5976   640351   23.54%
 119066 30077     4194.8984     2     3520.7361     4349.5976   613667   23.54%
 121745 35364     3750.0895     3     3520.7361     4349.5976   641317   23.54%
 124390 25711     3851.4031     3     3520.7361     4349.5976   592991   23.54%
Elapsed time = 197.97 sec. (43917.61 ticks, tree = 221.63 MB, solutions = 2)
 126863 27289     3706.7467     2     3520.7361     4349.5976   600399   23.54%
 129119 24408     3846.6363     3     3520.7361     4349.5976   586218   23.54%
 131096 36414     3691.7734     3     3520.7361     4349.5976   646520   23.54%
 132996 32268    infeasible           3520.7361     4349.5976   625729   23.54%
 134627 26146     3850.7333     3     3520.7361     4349.5976   595055   23.54%
 136226 25656    infeasible           3520.7361     4349.5976   591661   23.54%
 137685 36023     4192.0263     1     3520.7361     4349.5976   646386   23.54%
 139138 32595     4224.9608     2     3520.7361     4349.5976   627460   23.54%
 140442 34197     3529.4266     3     3520.7361     4349.5976   635470   23.54%
 141631 37025     3719.7569     1     3520.7361     4349.5976   649759   23.54%
Elapsed time = 210.27 sec. (53461.64 ticks, tree = 312.70 MB, solutions = 2)
 142609 36322     4236.9355     1     3520.7361     4349.5976   648224   23.54%
 143647 30830     4223.2271     2     3520.7361     4349.5976   618463   23.54%
 144666 28114     3685.9426     3     3520.7361     4349.5976   606060   23.54%
 145591 34434     4192.3983     2     3520.7361     4349.5976   637950   23.54%
 146462 36646     4216.1670     1     3520.7361     4349.5976   649998   23.54%
 147092 34599     4199.1405     2     3520.7361     4349.5976   638670   23.54%
 147610 33249     3652.7723     2     3520.7361     4349.5976   631578   23.54%
 148036 34812     3660.4343     3     3520.7361     4349.5976   639414   23.54%
 148428 37779     3759.2165     4     3520.7361     4349.5976   653716   23.54%
 148700 37843     3687.5243     2     3520.7361     4349.5976   654199   23.54%
Elapsed time = 217.92 sec. (63017.85 ticks, tree = 319.40 MB, solutions = 2)
 148888 79364    infeasible           3520.7361     4349.5976   903867   23.54%
 152344  1568     3620.3570     3     3520.7361     4335.7260   920504   23.15%
 154937  3017        cutoff           3520.7361     4335.7260   940257   23.15%
 159975  6604     4025.9377     2     3520.7361     4335.7260   986310   23.15%
 162586  9385     3999.2643    11     3520.7361     4335.7260  1024620   23.15%
 166286 10192     3772.6918     6     3520.7361     4335.7260  1035347   23.15%
 171227 12963     3587.6153     3     3520.7361     4335.7260  1076349   23.15%
 175303 14787     3596.4754    11     3520.7361     4335.7260  1103104   23.15%
 176669 19084        cutoff           3520.7361     4335.7260  1162780   23.15%
 180671 20275     3791.0596    13     3520.7361     4335.7260  1177755   23.15%
Elapsed time = 255.50 sec. (73726.51 ticks, tree = 97.38 MB, solutions = 2)
 185647 21333     3787.6025    11     3520.7361     4335.7260  1191619   23.15%
 190248 28404     3585.8815     5     3520.7361     4335.7260  1284525   23.15%
 195237 27904     3791.0596    11     3520.7361     4335.7260  1277598   23.15%
 199638 31400     3792.7933    12     3520.7361     4335.7260  1325867   23.15%
 201478 34726     3535.6086    12     3520.7361     4335.7260  1371478   23.15%
 204363 36679     3791.0596    13     3520.7361     4335.7260  1397374   23.15%
 209474 39115     4025.9377     4     3520.7361     4335.7260  1430985   23.15%
 214671 38202     3598.1504     4     3520.7361     4335.7260  1418091   23.15%
 219617 40810     3958.8280     8     3520.7361     4335.7260  1453870   23.15%
 224348 47750     3533.8748    12     3520.7361     4335.7260  1550532   23.15%
Elapsed time = 296.13 sec. (83268.90 ticks, tree = 234.26 MB, solutions = 2)
 228545 50665     3710.0912     7     3520.7361     4335.7260  1591238   23.15%
 232366 52046     3777.4645    10     3520.7361     4335.7260  1608970   23.15%
 234687 59458     3656.6128     7     3520.7361     4335.7260  1709126   23.15%
 236140 61099     3528.9276    11     3520.7361     4335.7260  1732090   23.15%
 239379 61750     3589.7461     4     3520.7361     4335.7260  1740771   23.15%
 244392 61419        cutoff           3520.7361     4335.7260  1736441   23.15%
 249613 61846     4001.6581     7     3520.7361     4335.7260  1742957   23.15%
 254872 66231     3743.8072    12     3520.7361     4335.7260  1806173   23.15%
 260116 74740     3773.1901    12     3520.7361     4335.7260  1932547   23.15%
 280295 78761     3525.1729     7     3520.7361     4335.7260  1991829   23.15%
Elapsed time = 347.30 sec. (95668.60 ticks, tree = 389.61 MB, solutions = 2)
 291351 97471     3877.4915     4     3520.7361     4320.4648  2255741   22.71%
 301775 99419     3874.9507     4     3520.7361     4320.4648  2280658   22.71%
 324083 99828     3958.7752     3     3520.7361     4320.4648  2286660   22.71%
 344554 120169     4019.0132     8     3520.7361     4320.4648  2542763   22.71%
 348574 123136     3606.1149     8     3520.7361     4320.4648  2579237   22.71%
