
Log started (V12.9.0.0) Wed Sep  9 16:44:09 2020

New value for parallel optimization mode: -1
New value for mixed integer optimality gap tolerance: 0.02
New value for emphasis for MIP optimization: 1
New value for integrality tolerance: 1e-12
New value for deterministic time limit in ticks: 50000

Problem 'C:\Users\llavin\Desktop\test826\logs\tmpbo4_ai0t.pyomo.lp' read.
Read time = 0.50 sec. (28.97 ticks)
MIP start file 'C:\Users\llavin\Desktop\test826\logs\tmp3hbh4kq1.cplex.mst' read.

Problem name         : C:\Users\llavin\Desktop\test826\logs\tmpbo4_ai0t.pyomo.lp
Objective sense      : Maximize
Variables            :  109243  [Nneg: 1,  Box: 45502,  Free: 8928,
                                 Binary: 54812]
Objective nonzeros   :   19733
Linear constraints   :  246963  [Less: 82886,  Greater: 118460,  Equal: 45617]
  Nonzeros           :  621605
  RHS nonzeros       :  135883

Variables            : Min LB: -5000.000        Max UB: 1000000.       
Objective nonzeros   : Min   : 0.001000000      Max   : 208.3333       
Linear constraints   :
  Nonzeros           : Min   : 0.001000000      Max   : 1000000.       
  RHS nonzeros       : Min   : 0.001000000      Max   : 1000000.       
CPXPARAM_Parallel                                -1
CPXPARAM_Emphasis_MIP                            1
CPXPARAM_DetTimeLimit                            50000
CPXPARAM_MIP_Tolerances_MIPGap                   0.02
CPXPARAM_MIP_Tolerances_Integrality              9.9999999999999998e-13
Warning:  No solution found from 1 MIP starts.
Retaining values of one MIP start for possible repair.
Tried aggregator 3 times.
MIP Presolve eliminated 176792 rows and 38864 columns.
MIP Presolve added 7020 rows and 0 columns.
MIP Presolve modified 51526 coefficients.
Aggregator did 25848 substitutions.
Reduced MIP has 51343 rows, 43635 columns, and 159644 nonzeros.
Reduced MIP has 17231 binaries, 0 generals, 0 SOSs, and 0 indicators.
Presolve time = 0.59 sec. (393.57 ticks)
Probing fixed 865 vars, tightened 16484 bounds.
Probing time = 0.39 sec. (17.97 ticks)
Tried aggregator 2 times.
MIP Presolve eliminated 1922 rows and 1734 columns.
MIP Presolve modified 6348 coefficients.
Aggregator did 124 substitutions.
Reduced MIP has 49297 rows, 41777 columns, and 153674 nonzeros.
Reduced MIP has 16366 binaries, 0 generals, 0 SOSs, and 0 indicators.
Presolve time = 0.28 sec. (250.87 ticks)
Probing fixed 2 vars, tightened 434 bounds.
Probing time = 0.53 sec. (19.73 ticks)
Clique table members: 81706.
MIP emphasis: integer feasibility.
MIP search method: dynamic search.
Parallel mode: opportunistic, using up to 32 threads.
Root relaxation solution time = 1.38 sec. (2724.44 ticks)

        Nodes                                         Cuts/
   Node  Left     Objective  IInf  Best Integer    Best Bound    ItCnt     Gap

      0     0    17143.6009  1439                  17143.6009    13085         
      0     0    17117.5853   211                   Cuts: 207    13317         
      0     0    17109.9588   220                   Cuts: 116    13426         
      0     0    17104.5348   209                    Cuts: 52    13518         
Repair heuristic found nothing.
      0    32    16135.5967   200                    Cuts: 13    13930         
Elapsed time = 8.86 sec. (5557.74 ticks, tree = 0.06 MB, solutions = 0)
    269    76    17028.2030   162                  17096.0355    14625         
    694   301    16817.9843   153                  17096.0355    16560         
   1186  1091    17035.6025   162                  17096.0355    24164         
   1618  1219    17035.0240   133                  17096.0355    24773         
   1977  1556    16499.7704   108                  17096.0355    26594         
   2332  2010    14137.6143   147                  17096.0355    29105         
   2744  2289    14084.0309   124                  17096.0355    30975         
   3101  2619    15876.3186    50                  17096.0355    34799         
   3429  2890    16403.4090    40                  17096.0355    40547         
   4674  3817    14050.0282    98                  17096.0355    62805         
Elapsed time = 29.58 sec. (8661.84 ticks, tree = 51.76 MB, solutions = 0)
   5699  4503     5541.4047    68                  17096.0355    81425         
   6795  5495    17041.2653   207                  17095.6747   126481         
   7798  6606    17082.8446   192                  17094.3053   169575         
   8719  7397    17045.8565   155                  17094.3053   209478         
   9627  8185    16114.7867   192                  17094.3053   274487         
  10539  8772    infeasible                        17094.3053   327788         
  10718  9372    -6865.3562   215                  17094.3053   381193         
  11889   300     9490.9778   229                  17092.5868   386761         
  12998   752    15951.7236   195                  17092.5868   405642         
  14219  1507     7680.6383   198                  17092.5868   438674         
Elapsed time = 91.19 sec. (24888.57 ticks, tree = 103.92 MB, solutions = 0)
  14608  2174    17089.1810   213                  17092.5868   468116         
