
Log started (V12.9.0.0) Fri Aug 28 13:13:28 2020

New value for parallel optimization mode: -1
New value for mixed integer optimality gap tolerance: 0.1
New value for feasibility tolerance: 1e-09
New value for deterministic time limit in ticks: 50000

Problem 'C:\Users\llavin\Desktop\test826\logs\tmpf_4059s4.pyomo.lp' read.
Read time = 0.24 sec. (14.74 ticks)
MIP start file 'C:\Users\llavin\Desktop\test826\logs\tmp8blm9_u4.cplex.mst' read.

Problem name         : C:\Users\llavin\Desktop\test826\logs\tmpf_4059s4.pyomo.lp
Objective sense      : Maximize
Variables            :   54525  [Nneg: 1,  Box: 22720,  Free: 4464,
                                 Binary: 27340]
Objective nonzeros   :    9690
Linear constraints   :  123205  [Less: 41346,  Greater: 59096,  Equal: 22763]
  Nonzeros           :  291718
  RHS nonzeros       :   67460

Variables            : Min LB: -5000.000        Max UB: 1000000.       
Objective nonzeros   : Min   : 0.1000000        Max   : 3000.000       
Linear constraints   :
  Nonzeros           : Min   : 0.1000000        Max   : 1000000.       
  RHS nonzeros       : Min   : 0.1000000        Max   : 1000000.       
CPXPARAM_Parallel                                -1
CPXPARAM_Simplex_Tolerances_Feasibility          1.0000000000000001e-09
CPXPARAM_DetTimeLimit                            50000
CPXPARAM_MIP_Tolerances_MIPGap                   0.10000000000000001
1 of 1 MIP starts provided solutions.
MIP start 'm1' defined initial solution with objective 45515.3593.
Tried aggregator 3 times.
MIP Presolve eliminated 88901 rows and 19917 columns.
MIP Presolve added 3338 rows and 0 columns.
MIP Presolve modified 24776 coefficients.
Aggregator did 12966 substitutions.
Reduced MIP has 24676 rows, 21060 columns, and 70324 nonzeros.
Reduced MIP has 8321 binaries, 0 generals, 0 SOSs, and 0 indicators.
Presolve time = 0.28 sec. (168.18 ticks)
Probing fixed 376 vars, tightened 4057 bounds.
Probing time = 0.06 sec. (18.07 ticks)
Tried aggregator 2 times.
MIP Presolve eliminated 849 rows and 755 columns.
MIP Presolve modified 2999 coefficients.
Aggregator did 36 substitutions.
Reduced MIP has 23791 rows, 20269 columns, and 67758 nonzeros.
Reduced MIP has 7944 binaries, 0 generals, 0 SOSs, and 0 indicators.
Presolve time = 0.11 sec. (91.51 ticks)
Probing fixed 0 vars, tightened 250 bounds.
Probing time = 0.13 sec. (22.49 ticks)
Clique table members: 44167.
MIP emphasis: balance optimality and feasibility.
MIP search method: dynamic search.
Parallel mode: opportunistic, using up to 32 threads.
Root relaxation solution time = 0.48 sec. (684.86 ticks)

        Nodes                                         Cuts/
   Node  Left     Objective  IInf  Best Integer    Best Bound    ItCnt     Gap

*     0+    0                        45515.3593   7.33499e+07              --- 
      0     0    77361.9761   169    45515.3593    77361.9761     6251   69.97%
      0     0    76665.4734    67    45515.3593     Cuts: 276     6379   68.44%
      0     0    76619.1802    71    45515.3593     Cuts: 179     6445   68.34%
      0     0    76570.4587    73    45515.3593     Cuts: 125     6483   68.23%
      0     0    76570.4587    72    45515.3593      Cuts: 17     6494   68.23%
      0     0    76570.4587    49    45515.3593   Flowcuts: 1     6496   68.23%
      0     0    76570.4587    51    45515.3593       Cuts: 7     6506   68.23%
      0    12        cutoff          45515.3593  Impl Bds: 13     6619   65.06%
Elapsed time = 5.25 sec. (2752.46 ticks, tree = 0.02 MB, solutions = 1)
    340   172    67036.9894    19    45515.3593    75085.3014     8744   64.97%
    945   597        cutoff          45515.3593    75085.3014    13262   64.97%
*  1279   781      integral     0    47390.0682    73200.5922    15459   54.46%
   1502   977    67458.5270    56    47390.0682    73200.5922    18377   54.46%
   2223  1528        cutoff          47390.0682    73200.5922    25711   54.46%
   3008  1859    47894.1218     3    47390.0682    73200.5922    30067   54.46%
   3885  2124    51474.8490     7    47641.1226    72572.0445    33911   52.33%
   4725  2789    63087.7123    33    48065.9011    72572.0445    42407   50.98%
   5469  3297    53511.5976    18    48065.9011    71126.3254    47097   47.98%
   6189  3717    49425.8455    26    48065.9011    70560.5080    51574   46.80%
   8486  5573    64561.4303    44    48494.5627    64842.9941    78137   33.71%
Elapsed time = 29.56 sec. (9837.73 ticks, tree = 48.93 MB, solutions = 6)
   9432    67    55438.8554    34    48494.5627    64842.9941    79752   33.71%
  11282  1669    54834.7685    24    48494.5627    64561.4155   101369   33.13%
  13668  1359        cutoff          48494.5627    62615.0265    97200   29.12%
  16853  3754    50279.7911    25    48494.5627    61360.8560   123288   26.53%
  20219  3939    48570.5951    27    48494.5627    59272.0659   125325   22.22%
  22928  6899    56147.1552    33    48494.5627    58685.1290   156179   21.01%
  25326 10872    48785.1594    32    48494.5627    58205.0331   198006   20.02%
  28557 10779    49243.3340    17    48494.5627    58157.6977   197224   19.93%
  32363 11516        cutoff          48494.5627    57787.1687   204033   19.16%
  36217 15837    49544.3691    52    48494.5627    57661.6844   244743   18.90%
Elapsed time = 84.50 sec. (19379.00 ticks, tree = 122.30 MB, solutions = 6)
  39939 17427    49386.1411    34    48494.5627    57337.6032   258942   18.24%
  42764 18572    48970.3472    21    48494.5627    57288.8406   265745   18.13%
  43724 22373    51756.4316    44    48494.5627    57288.8406   295953   18.13%
  44150 22790    48717.3479    22    48494.5627    57288.8406   298600   18.13%

Cover cuts applied:  13
Implied bound cuts applied:  13
Flow cuts applied:  48
Mixed integer rounding cuts applied:  5
Zero-half cuts applied:  2
Gomory fractional cuts applied:  9

Root node processing (before b&c):
  Real time             =    3.78 sec. (2736.42 ticks)
Parallel b&c, 32 threads:
  Real time             =   84.33 sec. (20846.06 ticks)
  Sync time (average)   =    2.40 sec.
  Wait time (average)   =    0.19 sec.
                          ------------
Total (root+branch&cut) =   88.11 sec. (23582.48 ticks)

Solution pool: 6 solutions saved.

MIP - Aborted, integer feasible:  Objective =  4.8494562747e+04
Current MIP best bound =  5.7163641138e+04 (gap = 8669.08, 17.88%)
Solution time =   88.13 sec.  Iterations = 321548  Nodes = 44196 (25661)
Deterministic time = 23582.64 ticks  (267.60 ticks/sec)


