
Log started (V12.9.0.0) Thu Sep 10 16:46:44 2020

New value for parallel optimization mode: -1
New value for mixed integer optimality gap tolerance: 0.02
New value for integrality tolerance: 1e-12
New value for deterministic time limit in ticks: 45000

Problem 'C:\Users\llavin\Desktop\test826\logs\tmpvwq4snat.pyomo.lp' read.
Read time = 0.48 sec. (28.97 ticks)
MIP start file 'C:\Users\llavin\Desktop\test826\logs\tmpr6_gjfcr.cplex.mst' read.

Problem name         : C:\Users\llavin\Desktop\test826\logs\tmpvwq4snat.pyomo.lp
Objective sense      : Maximize
Variables            :  109243  [Nneg: 1,  Box: 45502,  Free: 8928,
                                 Binary: 54812]
Objective nonzeros   :   19733
Linear constraints   :  246963  [Less: 82886,  Greater: 118460,  Equal: 45617]
  Nonzeros           :  621605
  RHS nonzeros       :  135881

Variables            : Min LB: -5000.000        Max UB: 1000000.       
Objective nonzeros   : Min   : 0.001000000      Max   : 208.3333       
Linear constraints   :
  Nonzeros           : Min   : 0.001000000      Max   : 1000000.       
  RHS nonzeros       : Min   : 0.001000000      Max   : 1000000.       
CPXPARAM_Parallel                                -1
CPXPARAM_DetTimeLimit                            45000
CPXPARAM_MIP_Tolerances_MIPGap                   0.02
CPXPARAM_MIP_Tolerances_Integrality              9.9999999999999998e-13
Warning:  No solution found from 1 MIP starts.
Retaining values of one MIP start for possible repair.
Tried aggregator 3 times.
MIP Presolve eliminated 176489 rows and 38649 columns.
MIP Presolve added 7020 rows and 0 columns.
MIP Presolve modified 51732 coefficients.
Aggregator did 25907 substitutions.
Reduced MIP has 51587 rows, 43791 columns, and 164393 nonzeros.
Reduced MIP has 17302 binaries, 0 generals, 0 SOSs, and 0 indicators.
Presolve time = 0.56 sec. (396.85 ticks)
Probing fixed 885 vars, tightened 17028 bounds.
Probing time = 0.41 sec. (20.22 ticks)
Tried aggregator 2 times.
MIP Presolve eliminated 2054 rows and 1774 columns.
MIP Presolve modified 6426 coefficients.
Aggregator did 96 substitutions.
Reduced MIP has 49437 rows, 41921 columns, and 144807 nonzeros.
Reduced MIP has 16417 binaries, 0 generals, 0 SOSs, and 0 indicators.
Presolve time = 0.25 sec. (257.76 ticks)
Probing fixed 0 vars, tightened 531 bounds.
Probing time = 0.56 sec. (17.90 ticks)
Clique table members: 83780.
MIP emphasis: balance optimality and feasibility.
MIP search method: dynamic search.
Parallel mode: opportunistic, using up to 32 threads.
Root relaxation solution time = 1.39 sec. (2768.80 ticks)

        Nodes                                         Cuts/
   Node  Left     Objective  IInf  Best Integer    Best Bound    ItCnt     Gap

      0     0    13495.5561  1383                  13495.5561    12714         
      0     0    13475.6394  1213                   Cuts: 989    13275         
      0     0    13469.2915  1176                   Cuts: 321    13435         
      0     0    13437.9162  1172                   Cuts: 163    13651         
      0     0    13376.2972  1092                   Cuts: 154    13756         
      0     0    13338.8627  1108                   Cuts: 123    13837         
      0     0    13216.7637  1160                   Cuts: 178    13992         
      0     0    13120.4517  1091                   Cuts: 163    14145         
      0     0    13102.6794  1063                   Cuts: 126    14231         
      0     0    13079.6775  1052                   Cuts: 105    14284         
      0     0    13079.3864  1058                    Cuts: 18    14310         
      0     0    13077.3122   168                    Cuts: 11    14381         
      0     0    13075.6969   177                    Cuts: 51    14450         
      0     0    13075.5052   167                    Cuts: 15    14475         
      0     0    13075.5052   159                    Cuts: 14    14488         
Repair heuristic found nothing.
