
Log started (V12.9.0.0) Mon Sep 14 14:55:03 2020

New value for parallel optimization mode: -1
New value for emphasis for MIP optimization: 1
New value for mixed integer optimality gap tolerance: 0.01
New value for integrality tolerance: 1e-12
New value for deterministic time limit in ticks: 75000

Problem 'C:\Users\llavin\Desktop\test826\logs\tmpqar1e69p.pyomo.lp' read.
Read time = 0.24 sec. (13.94 ticks)
MIP start file 'C:\Users\llavin\Desktop\test826\logs\tmpw3pfy1n8.cplex.mst' read.

Problem name         : C:\Users\llavin\Desktop\test826\logs\tmpqar1e69p.pyomo.lp
Objective sense      : Maximize
Variables            :   54529  [Nneg: 1,  Box: 22724,  Free: 4464,
                                 Binary: 27340]
Objective nonzeros   :    9809
Linear constraints   :  123253  [Less: 41346,  Greater: 59096,  Equal: 22811]
  Nonzeros           :  293156
  RHS nonzeros       :   67502

Variables            : Min LB: -5000.000        Max UB: 1000000.       
Objective nonzeros   : Min   : 0.008333333      Max   : 2500.000       
Linear constraints   :
  Nonzeros           : Min   : 0.008333333      Max   : 1000000.       
  RHS nonzeros       : Min   : 0.008333333      Max   : 1000000.       
CPXPARAM_Parallel                                -1
CPXPARAM_Emphasis_MIP                            1
CPXPARAM_DetTimeLimit                            75000
CPXPARAM_MIP_Tolerances_MIPGap                   0.01
CPXPARAM_MIP_Tolerances_Integrality              9.9999999999999998e-13
Warning:  No solution found from 1 MIP starts.
Retaining values of one MIP start for possible repair.
Tried aggregator 3 times.
MIP Presolve eliminated 88643 rows and 19721 columns.
MIP Presolve added 3359 rows and 0 columns.
MIP Presolve modified 24899 coefficients.
Aggregator did 12956 substitutions.
Reduced MIP has 25013 rows, 21304 columns, and 72546 nonzeros.
Reduced MIP has 8430 binaries, 0 generals, 0 SOSs, and 0 indicators.
Presolve time = 0.28 sec. (170.27 ticks)
Probing fixed 377 vars, tightened 4427 bounds.
Probing time = 0.08 sec. (19.75 ticks)
Tried aggregator 2 times.
MIP Presolve eliminated 848 rows and 754 columns.
MIP Presolve modified 3075 coefficients.
Aggregator did 28 substitutions.
Reduced MIP has 24137 rows, 20522 columns, and 70012 nonzeros.
Reduced MIP has 8053 binaries, 0 generals, 0 SOSs, and 0 indicators.
Presolve time = 0.13 sec. (87.93 ticks)
Probing fixed 0 vars, tightened 277 bounds.
Probing time = 0.14 sec. (22.88 ticks)
Clique table members: 43803.
MIP emphasis: integer feasibility.
MIP search method: dynamic search.
Parallel mode: opportunistic, using up to 32 threads.
Root relaxation solution time = 0.42 sec. (543.47 ticks)

        Nodes                                         Cuts/
   Node  Left     Objective  IInf  Best Integer    Best Bound    ItCnt     Gap

      0     0      -23.4052    49                    -23.4052     3956         
      0     0      -23.4052     5                     Cuts: 7     3959         
      0     0      -23.4052     4                   Covers: 1     3960         
      0     0      -23.4052     3                   Covers: 1     3961         
Repair heuristic found nothing.
      0     4    infeasible                          -55.5266     3971         
Elapsed time = 3.30 sec. (1646.49 ticks, tree = 0.02 MB, solutions = 0)
    561   204  -253559.4992    52                   -122.2417     8297         
   1010   479    infeasible                         -122.2417    24438         
   1425   504    infeasible                         -122.2417    30106         
   1945   604    infeasible                         -122.2417    43559         
   2492   717  -155736.2506    24                   -122.2417    54895         
   3110  1103   -21792.1986     6                   -122.2417    77892         
   3677  1059    -1017.3766     7                   -122.2417    73668         
   4290  1303     -936.4417     5                   -122.2417    92059         
   4840  1642   -31997.2122    19                   -122.2417   101216         
   7325  2320    infeasible                         -122.2417   144976         
Elapsed time = 19.78 sec. (4748.53 ticks, tree = 26.02 MB, solutions = 0)
   9851  1941     -122.2417     3                   -122.2417   118795         
  11846  2708     -495.4786     6                   -122.2417   174900         
  12747  2900     -981.7351     9                   -122.2417   201549         
  13011  2952     -122.2417     3                   -122.2417   204631         
  13013  4475    infeasible                         -122.2417   345519         
  14952   630     -222.7681     1                   -122.3015   377526         
  18163  1735    infeasible                         -122.5410   428692         
