
Log started (V12.10.0.0) Tue Jun 23 12:58:02 2020

New value for parallel optimization mode: -1
New value for mixed integer optimality gap tolerance: 0.01
New value for deterministic time limit in ticks: 300000

Problem 'C:\Users\wenmi\Desktop\competitiveMPEC\logs\tmps1xu52nr.pyomo.lp' read.
Read time = 0.25 sec. (22.66 ticks)

Problem name         : C:\Users\wenmi\Desktop\competitiveMPEC\logs\tmps1xu52nr.pyomo.lp
Objective sense      : Maximize
Variables            :   88620  [Nneg: 1,  Box: 36853,  Free: 7056,
                                 Binary: 44710]
Objective nonzeros   :    9618
Linear constraints   :  204047  [Less: 70881,  Greater: 97388,  Equal: 35778]
  Nonzeros           :  512375
  RHS nonzeros       :  101274

Variables            : Min LB: -5000.000        Max UB: 500000.0       
Objective nonzeros   : Min   : 0.1000000        Max   : 28046.68       
Linear constraints   :
  Nonzeros           : Min   : 0.1000000        Max   : 500000.0       
  RHS nonzeros       : Min   : 0.1000000        Max   : 500000.0       
Version identifier: 12.10.0.0 | 2019-11-26 | 843d4de2ae
CPXPARAM_Parallel                                -1
CPXPARAM_DetTimeLimit                            300000
CPXPARAM_MIP_Tolerances_MIPGap                   0.01
Tried aggregator 3 times.
MIP Presolve eliminated 154674 rows and 37594 columns.
MIP Presolve added 3337 rows and 0 columns.
MIP Presolve modified 44590 coefficients.
Aggregator did 20747 substitutions.
Reduced MIP has 31963 rows, 27410 columns, and 110083 nonzeros.
Reduced MIP has 10365 binaries, 0 generals, 0 SOSs, and 0 indicators.
Presolve time = 0.31 sec. (297.20 ticks)
Probing fixed 416 vars, tightened 3449 bounds.
Probing time = 0.05 sec. (8.74 ticks)
Tried aggregator 2 times.
Detecting symmetries...
MIP Presolve eliminated 930 rows and 836 columns.
MIP Presolve modified 3002 coefficients.
Aggregator did 47 substitutions.
Reduced MIP has 30986 rows, 26527 columns, and 107240 nonzeros.
Reduced MIP has 9948 binaries, 0 generals, 0 SOSs, and 0 indicators.
Presolve time = 0.09 sec. (102.45 ticks)
Probing fixed 2 vars, tightened 30 bounds.
Probing time = 0.08 sec. (11.86 ticks)
Clique table members: 15290.
MIP emphasis: balance optimality and feasibility.
MIP search method: dynamic search.
Parallel mode: opportunistic, using up to 16 threads.
Root relaxation solution time = 0.48 sec. (387.58 ticks)

        Nodes                                         Cuts/
   Node  Left     Objective  IInf  Best Integer    Best Bound    ItCnt     Gap

      0     0   874381.2558  1244                 874381.2558      209         
      0     0   861147.6628  1244                  Cuts: 1151     1815         
      0     0   847831.6908  1244                  Cuts: 1367     3071         
      0     0   841751.3596  1244                  Cuts: 1169     4185         
      0     0   834772.1492  1244                   Cuts: 937     5435         
      0     0   829331.8285  1244                  Cuts: 1116     6611         
      0     0   825848.0940  1244                   Cuts: 963     7952         
      0     0   823773.8833  1244                   Cuts: 823     8806         
      0     0   821531.7212  1244                   Cuts: 773     9898         
      0     0   820305.7776  1244                   Cuts: 762    10656         
      0     0   819039.4589  1244                   Cuts: 639    11252         
      0     0   818106.4939  1244                   Cuts: 491    11739         
      0     0   817184.9300  1244                   Cuts: 519    12296         
      0     0   816512.3464  1244                   Cuts: 587    12912         
      0     0   815626.5952  1244                   Cuts: 358    13438         
      0     0   815261.3101  1244                   Cuts: 437    13912         
      0     0   815043.5949  1244                   Cuts: 444    14288         
      0     0   814265.8520  1244                   Cuts: 348    14789         
      0     0   812371.7750  1244                   Cuts: 390    15399         
      0     0   812002.2450  1244                   Cuts: 544    15850         
      0     0   811708.6649  1244                   Cuts: 339    16231         
      0     0   811148.9383  1244                   Cuts: 274    16645         
      0     0   810899.1254  1244                   Cuts: 306    16969         
      0     0   810129.3874  1244                   Cuts: 296    17348         
      0     0   808904.8846  1244                   Cuts: 330    17859         
      0     0   808523.6051  1244                   Cuts: 349    18111         
      0     0   808444.0114  1244                   Cuts: 225    18298         
      0     0   808122.3026  1244                   Cuts: 184    18599         
      0     0   808067.9152  1244                   Cuts: 196    18763         
      0     2   808067.9152  2046                 808067.9152    18763         
Elapsed time = 32.84 sec. (23081.45 ticks, tree = 0.02 MB, solutions = 0)
      1     3   806191.8532  2071                 808054.1165    20009         
      3     3   804121.4479  1961                 805721.8781    20446         
      5     7   794975.1233  1926                 805721.8781    24229         
      9    16   779395.2514  2007                 805721.8781    39912         
     14     6   795763.5538  2004                 805721.8781    24210         
     19     9   787968.2973  1978                 805721.8781    28763         
     22    12   787017.7932  1923                 798288.9037    30435         
     25    21   779353.1302  1922                 798288.9037    50299         
     29    25   775656.5412  1951                 798288.9037    60670         
     39    18   778390.2895  2011                 790886.7521    42424         
Elapsed time = 56.59 sec. (27534.18 ticks, tree = 0.03 MB, solutions = 0)
     53    43   765443.2569  1983                 790886.7521   117470         
     63    42   764318.1220  1934                 790886.7521   111293         
     84    38   767763.1604  2045                 790886.7521    98203         
    115    52   766976.9500  2041                 790886.7521   140197         
    141    98   749189.6323  1952                 790886.7521   193192         
    182    60   748231.7298  1899                 790886.7521   149834         
    227   152   729242.7816  1967                 790886.7521   238892         
    263   134   706008.2903  1860                 790886.7521   220763         
    310   165   687419.0904  1778                 790886.7521   251545         
    373   318   681767.0335  1799                 790886.7521   361162         
Elapsed time = 102.98 sec. (37327.93 ticks, tree = 7.23 MB, solutions = 0)
    440   396   657076.7428  1677                 790886.7521   406570         
    524   253   626641.8125  1513                 790886.7521   302994         
    637   357   646176.7208  1548                 790886.7521   373982         
    764   444   651771.2736  1533                 790886.7521   433509         
    917   716   588417.9893  1077                 790886.7521   511764         
   1108   775   603679.2795  1366                 790886.7521   544550         
   1360   805   592804.8557  1088                 790886.7521   547089         
   1627   857   603776.6633   911                 790886.7521   552679         
   1924  2033   480819.1742   916                 790886.7521   708646         
   2239  1006   568354.6174   794                 790886.7521   580291         
Elapsed time = 156.66 sec. (46925.69 ticks, tree = 12.65 MB, solutions = 0)
   2656  1916   511589.8496   686                 790886.7521   688649         
   3099  2135   429592.7865   607                 790886.7521   716701         
   3596  1609   592887.9372   928                 790886.7521   667940         
   4100  2137   531698.9696   539                 790886.7521   716817         
   4640  1688   574346.1716   753                 790886.7521   670008         
   5199  4768   543162.0465   470                 790886.7521   949818         
   5660  2852   485709.8616   493                 790886.7521   819961         
   6073  7471   549933.5944   973                 790886.7521  1213053         
   6517  7501   544396.9279   791                 789395.5413  1214258         
   6945  7537   537768.3719   686                 789395.5413  1215569         
Elapsed time = 205.17 sec. (56478.32 ticks, tree = 85.44 MB, solutions = 0)
   7356  6189   512047.8897   305                 789395.5413  1035073         
   7761  3886   500651.1911   621                 789395.5413   896032         
   8132  5099   682938.5198  1217                 789395.5413   982866         
   8451  5125   667000.1515  1063                 789395.5413   984934         
   8640  5810   516560.1783   370                 789395.5413  1009421         
   8856  8635    infeasible                       789395.5413  1337927         
   9034  6873   664946.2316  1252                 789395.5413  1119236         
   9246  6530   388525.1665   425                 789395.5413  1072308         
   9486  8324   734812.6723  1325                 789395.5413  1280165         
   9699  7975   715050.4338  1369                 789395.5413  1262112         
Elapsed time = 257.83 sec. (66045.57 ticks, tree = 89.84 MB, solutions = 0)
   9971  7245   710088.2912  1563                 789395.5413  1167941         
  10178  9449   692977.6497  1397                 787899.3861  1497872         
  10428  8019   705641.6112  1107                 781923.7255  1269999         
  10724  8868   667407.0787  1103                 781923.7255  1386921         
  11073  8466   687851.9744  1083                 781923.7255  1305440         
  11425  8951   532677.7704   379                 781923.7255  1357491         
  11824  8993   515146.6458   386                 781923.7255  1359442         
  12261 10328   602821.6142   883                 781923.7255  1596334         
  12691 12244   610323.4734   995                 781923.7255  1817774         
  13103  9392   618731.3781   731                 781923.7255  1465626         
Elapsed time = 303.80 sec. (75607.82 ticks, tree = 105.39 MB, solutions = 0)
  13529 10446   573789.9281   644                 781923.7255  1603938         
  13859  9549   576760.0193  1128                 781923.7255  1504588         
  14162 12092   566024.7664   661                 781923.7255  1792395         
  14472 10933   578015.2068   471                 781923.7255  1653510         
  14775 10369   683089.1780   833                 780747.7130  1597355         
  15087 10556   683221.6876  1040                 780747.7130  1617729         
  15429 10873   648547.2200   688                 780747.7130  1643247         
  15777 11702   461149.5376   823                 780747.7130  1740480         
  16017 11179   776768.5648  1897                 780747.7130  1698709         
  16164 13631   762580.1776  1703                 780747.7130  2035792         
Elapsed time = 342.75 sec. (85162.51 ticks, tree = 153.30 MB, solutions = 0)
  16311 11736   584932.0979   508                 780747.7130  1731553         
  16410 12186   574167.1658   460                 780747.7130  1806051         
  16568 11861   768217.1021  1810                 780747.7130  1753847         
  16688 13241   751914.0486  1519                 780747.7130  1951027         
  16799 14835   737066.9081  1585                 779454.2766  2287887         
  16934 13307    infeasible                       779454.2766  1974629         
  17076 13693   690370.9000  1372                 779454.2766  2054989         
  17267 13312   744620.6533  1592                 779454.2766  1972980         
  17390 13839   744804.5557  1435                 779454.2766  2072580         
  17522 13395   685833.9326  1492                 779454.2766  1994578         
Elapsed time = 388.98 sec. (94770.11 ticks, tree = 150.70 MB, solutions = 0)
  17647 13403   685688.8503  1485                 779454.2766  1996470         
  17799 12844   731202.6167  1746                 779454.2766  1907117         
  17992 13891   706138.6447  1257                 779454.2766  2081966         
  18149 13437   585223.4855  1324                 779454.2766  2002114         
  18345 13302   740962.2077  1650                 779454.2766  1963746         
  18524 13482   483506.6585  1193                 779454.2766  2006621         
  18696 14910   728181.4940  1417                 779454.2766  2317822         
  18809 13498   770773.1437  1848                 779454.2766  2012299         
  19012 15315   692852.9925  1423                 779454.2766  2374485         
  19197 14049   639466.1372   692                 779454.2766  2101858         
Elapsed time = 438.08 sec. (104340.11 ticks, tree = 157.53 MB, solutions = 0)
  19376 13846   714614.3933  1590                 779454.2766  2094155         
  19581 13534    infeasible                       779454.2766  2022194         
  19804 15017   408209.4974  1031                 779454.2766  2336037         
  19989 13243  -819779.5389   585                 779454.2766  1943028         
  20149 14045   774907.2967  1805                 779454.2766  2106688         
  20375 14210   669847.2391  1122                 778356.7418  2150860         
  20587 14398   671534.4001  1312                 778356.7418  2219625         
  20771 15724   612251.7509  1319                 778356.7418  2460350         
  20982 15744   390921.1523  1185                 778356.7418  2463222         
