
Log started (V12.9.0.0) Wed Sep  9 23:33:24 2020

New value for parallel optimization mode: -1
New value for mixed integer optimality gap tolerance: 0.02
New value for emphasis for MIP optimization: 1
New value for integrality tolerance: 1e-12
New value for deterministic time limit in ticks: 150000

Problem 'C:\Users\llavin\Desktop\test826\logs\tmp4bed_0ev.pyomo.lp' read.
Read time = 0.47 sec. (28.93 ticks)

Problem name         : C:\Users\llavin\Desktop\test826\logs\tmp4bed_0ev.pyomo.lp
Objective sense      : Maximize
Variables            :  107803  [Nneg: 1,  Box: 44062,  Free: 8928,
                                 Binary: 54812]
Objective nonzeros   :   18338
Linear constraints   :  246963  [Less: 82886,  Greater: 118460,  Equal: 45617]
  Nonzeros           :  621605
  RHS nonzeros       :  135881

Variables            : Min LB: -5000.000        Max UB: 1000000.       
Objective nonzeros   : Min   : 0.008333333      Max   : 208.3333       
Linear constraints   :
  Nonzeros           : Min   : 0.001000000      Max   : 1000000.       
  RHS nonzeros       : Min   : 0.001000000      Max   : 1000000.       
CPXPARAM_Parallel                                -1
CPXPARAM_Emphasis_MIP                            1
CPXPARAM_DetTimeLimit                            150000
CPXPARAM_MIP_Tolerances_MIPGap                   0.02
CPXPARAM_MIP_Tolerances_Integrality              9.9999999999999998e-13
Tried aggregator 3 times.
MIP Presolve eliminated 176489 rows and 37209 columns.
MIP Presolve added 7020 rows and 0 columns.
MIP Presolve modified 51748 coefficients.
Aggregator did 25907 substitutions.
Reduced MIP has 51587 rows, 43791 columns, and 164393 nonzeros.
Reduced MIP has 17302 binaries, 0 generals, 0 SOSs, and 0 indicators.
Presolve time = 0.58 sec. (396.10 ticks)
Probing fixed 885 vars, tightened 16918 bounds.
Probing time = 0.42 sec. (19.82 ticks)
Tried aggregator 2 times.
MIP Presolve eliminated 2054 rows and 1774 columns.
MIP Presolve modified 6406 coefficients.
Aggregator did 96 substitutions.
Reduced MIP has 49437 rows, 41921 columns, and 144807 nonzeros.
Reduced MIP has 16417 binaries, 0 generals, 0 SOSs, and 0 indicators.
Presolve time = 0.25 sec. (257.76 ticks)
Probing fixed 0 vars, tightened 514 bounds.
Probing time = 0.55 sec. (17.79 ticks)
Clique table members: 83988.
MIP emphasis: integer feasibility.
MIP search method: dynamic search.
Parallel mode: opportunistic, using up to 32 threads.
Root relaxation solution time = 1.25 sec. (2698.61 ticks)

        Nodes                                         Cuts/
   Node  Left     Objective  IInf  Best Integer    Best Bound    ItCnt     Gap

      0     0    -4784.6522  1174                  -4784.6522    12018         
      0     0    -4790.3884   977                   Cuts: 641    12395         
      0     0    -4792.1096   915                   Cuts: 256    12481         
      0     0    -4795.3915   950                    Cuts: 95    12566         
      0    25    -6674.3900   913                Impl Bds: 34    14887         
Elapsed time = 9.23 sec. (5601.87 ticks, tree = 0.02 MB, solutions = 0)
    196    59   -65761.9303  1069                  -4798.4736    15553         
    511    87   -65465.2536  1079                  -4798.4736    15989         
    778   450   -66893.7671  1046                  -4798.4736    19251         
   1049   661   -68487.6451  1046                  -4798.4736    24336         
   1243   744   -65820.0242  1042                  -4798.4736    29935         
   1380  1391    -7405.4450   916                  -4798.4736    68163         
   1552  1130    infeasible                        -4798.4736    52255         
   1781  1412    -8458.4455   882                  -4798.4736    68408         
   2050  1418    -7486.8732   901                  -4798.4736    68574         
   2993  1943   -18404.3966   901                  -4798.4736    96933         
Elapsed time = 30.28 sec. (8709.01 ticks, tree = 88.99 MB, solutions = 0)
   3632  2513   -12152.4894   858                  -4798.4736   159211         
   4138  2839   -73918.2017  1066                  -4798.4736   216655         
   4648  3089    -6614.5967   932                  -4798.4736   254147         
   5261  3108   -12100.1609   933                  -4798.4780   259065         
   5859  3059    infeasible                        -4798.4780   250585         
   6428  3602    infeasible                        -4798.4780   328397         
   6984  3761   -12983.5835   901                  -4798.4780   345114         
   7477  3595    -8715.1846   926                  -4798.4780   324172         
   7955  4233    -9267.7810   921                  -4798.4780   404409         
   8426  4551   -16579.3935   914                  -4798.4780   457419         
Elapsed time = 78.27 sec. (18266.58 ticks, tree = 260.14 MB, solutions = 0)
   8945  5027    -7262.4145   852                  -4798.4780   501497         
   9540  5285    -4805.7857   828                  -4798.4780   511845         
  10108  5442    -4808.1950   835                  -4798.4780   527891         
  10554  5108    -7731.2709   804                  -4798.4780   505118         
  10712  3119   -29086.5303  1200                  -4798.4780   265393         
  10713  2582   -35954.9752  1257                  -4798.4780   171925         
  10715  2612    infeasible                        -4798.4780   192383         
  10716  2028   -23786.9341  1039                  -4798.4780   117122         
  10717  3293    infeasible                        -4798.4780   305208         
