
Log started (V12.9.0.0) Tue Sep  1 09:12:49 2020

New value for parallel optimization mode: -1
New value for mixed integer optimality gap tolerance: 0.5
New value for feasibility tolerance: 1e-09
New value for deterministic time limit in ticks: 50000

Problem 'C:\Users\llavin\Desktop\test826\logs\tmpmaeunli9.pyomo.lp' read.
Read time = 0.55 sec. (28.90 ticks)
MIP start file 'C:\Users\llavin\Desktop\test826\logs\tmpfacoodia.cplex.mst' read.

Problem name         : C:\Users\llavin\Desktop\test826\logs\tmpmaeunli9.pyomo.lp
Objective sense      : Maximize
Variables            :  109223  [Nneg: 1,  Box: 45498,  Free: 8928,
                                 Binary: 54796]
Objective nonzeros   :   20401
Linear constraints   :  246903  [Less: 82866,  Greater: 118424,  Equal: 45613]
  Nonzeros           :  619901
  RHS nonzeros       :  136513

Variables            : Min LB: -5000.000        Max UB: 1000000.       
Objective nonzeros   : Min   : 0.02500000       Max   : 208.3333       
Linear constraints   :
  Nonzeros           : Min   : 0.02500000       Max   : 1000000.       
  RHS nonzeros       : Min   : 0.02500000       Max   : 1000000.       
CPXPARAM_Parallel                                -1
CPXPARAM_Simplex_Tolerances_Feasibility          1.0000000000000001e-09
CPXPARAM_DetTimeLimit                            50000
CPXPARAM_MIP_Tolerances_MIPGap                   0.5
Warning:  No solution found from 1 MIP starts.
Retaining values of one MIP start for possible repair.
Tried aggregator 3 times.
MIP Presolve eliminated 174241 rows and 36598 columns.
MIP Presolve added 7663 rows and 0 columns.
MIP Presolve modified 52600 coefficients.
Aggregator did 25912 substitutions.
Reduced MIP has 54413 rows, 46329 columns, and 153053 nonzeros.
Reduced MIP has 18308 binaries, 0 generals, 0 SOSs, and 0 indicators.
Presolve time = 0.63 sec. (346.27 ticks)
Probing fixed 853 vars, tightened 17429 bounds.
Probing time = 0.44 sec. (19.04 ticks)
Tried aggregator 2 times.
MIP Presolve eliminated 1901 rows and 1713 columns.
MIP Presolve modified 7094 coefficients.
Aggregator did 102 substitutions.
Reduced MIP has 52410 rows, 44514 columns, and 147217 nonzeros.
Reduced MIP has 17453 binaries, 0 generals, 0 SOSs, and 0 indicators.
Presolve time = 0.30 sec. (258.71 ticks)
Probing fixed 0 vars, tightened 371 bounds.
Probing time = 0.59 sec. (19.05 ticks)
Clique table members: 86350.
MIP emphasis: balance optimality and feasibility.
MIP search method: dynamic search.
Parallel mode: opportunistic, using up to 32 threads.
Root relaxation solution time = 1.55 sec. (2859.22 ticks)

        Nodes                                         Cuts/
   Node  Left     Objective  IInf  Best Integer    Best Bound    ItCnt     Gap

      0     0     8962.3546   422                   8962.3546    11618         
      0     0     8954.6548   133                   Cuts: 169    11772         
      0     0     8949.0855   127                   Cuts: 146    11856         
      0     0     8939.4935   120                    Cuts: 63    11911         
      0     0     8935.0086   128                    Cuts: 43    11939         
      0     0     8933.3259   133                    Cuts: 18    11961         
      0     0     8929.0822   140                    Cuts: 24    11982         
      0     0     8928.2909   147                    Cuts: 13    12004         
      0     0     8927.7028   150                    Cuts: 20    12013         
      0     0     8927.7028   147                     Cuts: 4    12017         
Repair heuristic found nothing.
      0    36     8874.8793   128                    Cuts: 13    12416         
Elapsed time = 16.95 sec. (9865.02 ticks, tree = 0.03 MB, solutions = 0)
    150   103     8826.7756   118                   8925.2302    13229         
    534   102     7711.1504   109                   8921.8269    13279         
    926   832     7622.1266   100                   8917.0238    24745         
   1286   896     7045.4794   112                   8917.0238    25838         
   1584   907     5784.7792   115                   8917.0238    26031         
   1789  1173     4779.4391   109                   8917.0238    31056         
   1974  1516     8642.3313    98                   8917.0238    37108         
   2227  1712     8747.7269    91                   8917.0238    44225         
   2501  1753     7430.4311    82                   8917.0238    45317         
   3693  2809     8380.3680    48                   8917.0238    71637         
Elapsed time = 35.92 sec. (12979.49 ticks, tree = 37.75 MB, solutions = 0)
   4524  3400      863.1106    62                   8917.0238    92879         
   5414  4286     8818.2236   129                   8917.0238   131762         
