
Log started (V12.9.0.0) Sun Dec  6 16:46:10 2020

New value for parallel optimization mode: -1
New value for mixed integer optimality gap tolerance: 0.01
New value for integrality tolerance: 1e-09
New value for feasibility tolerance: 0.01
New value for deterministic time limit in ticks: 275000

Problem 'C:\Users\Luke\Desktop\competitiveMPEC_12.6\logs\tmpz2qv_rvj.pyomo.lp' read.
Read time = 0.20 sec. (14.72 ticks)

Problem name         : C:\Users\Luke\Desktop\competitiveMPEC_12.6\logs\tmpz2qv_rvj.pyomo.lp
Objective sense      : Maximize
Variables            :   53805  [Nneg: 1,  Box: 22000,  Free: 4464,
                                 Binary: 27340]
Objective nonzeros   :    9042
Linear constraints   :  123205  [Less: 41346,  Greater: 59096,  Equal: 22763]
  Nonzeros           :  291669
  RHS nonzeros       :   67455

Variables            : Min LB: -5000.000        Max UB: 1000000.       
Objective nonzeros   : Min   : 0.1000000        Max   : 2500.000       
Linear constraints   :
  Nonzeros           : Min   : 0.1000000        Max   : 1000000.       
  RHS nonzeros       : Min   : 0.1000000        Max   : 1000000.       
CPXPARAM_Parallel                                -1
CPXPARAM_Simplex_Tolerances_Feasibility          0.01
CPXPARAM_DetTimeLimit                            275000
CPXPARAM_MIP_Tolerances_MIPGap                   0.01
CPXPARAM_MIP_Tolerances_Integrality              1.0000000000000001e-09
Tried aggregator 3 times.
MIP Presolve eliminated 88862 rows and 19185 columns.
MIP Presolve added 3316 rows and 0 columns.
MIP Presolve modified 24783 coefficients.
Aggregator did 12954 substitutions.
Reduced MIP has 24705 rows, 21085 columns, and 70531 nonzeros.
Reduced MIP has 8341 binaries, 0 generals, 0 SOSs, and 0 indicators.
Presolve time = 0.22 sec. (173.22 ticks)
Probing fixed 423 vars, tightened 2916 bounds.
Probing time = 1.47 sec. (904.10 ticks)
Tried aggregator 2 times.
MIP Presolve eliminated 944 rows and 847 columns.
MIP Presolve modified 2198 coefficients.
Aggregator did 59 substitutions.
Reduced MIP has 23702 rows, 20179 columns, and 67614 nonzeros.
Reduced MIP has 7918 binaries, 0 generals, 0 SOSs, and 0 indicators.
Presolve time = 0.11 sec. (71.34 ticks)
Probing time = 0.01 sec. (16.20 ticks)
Clique table members: 6364.
MIP emphasis: balance optimality and feasibility.
MIP search method: dynamic search.
Parallel mode: opportunistic, using up to 24 threads.
Root relaxation solution time = 0.34 sec. (465.12 ticks)

        Nodes                                         Cuts/
   Node  Left     Objective  IInf  Best Integer    Best Bound    ItCnt     Gap

      0     0      -27.7357   708                    -27.7357     3557         
*     0+    9                        -1062.8889      -38.1469            96.41%
Elapsed time = 7.09 sec. (4082.78 ticks, tree = 0.02 MB, solutions = 1)
    254    67      -64.7638     3    -1062.8889      -38.1469     4154   96.41%
    533   151        cutoff          -1062.8889      -38.1469     4525   96.41%
    794   306     -743.1178     5    -1062.8889      -38.1469     5035   96.41%
   1077   316        cutoff          -1062.8889      -38.1469     5063   96.41%
   1340   524     -947.6221     1    -1062.8889      -38.1469     5889   96.41%
   1604   581     -370.2682     2    -1062.8889      -42.0128     6123   96.05%
   1795   581        cutoff          -1062.8889      -42.0128     6129   96.05%
   1939   725     -974.2741     2    -1062.8889      -42.0128     6715   96.05%
   2074   857     -540.3975     3    -1062.8889      -42.0128     7230   96.05%
   2447  1082     -480.3854     1    -1062.8889      -42.0128     8338   96.05%
Elapsed time = 12.51 sec. (7193.03 ticks, tree = 5.16 MB, solutions = 1)
   2712  1076     -176.9515     1    -1062.8889      -42.0128     8381   96.05%
   2987  1077     -115.3053     1    -1062.8889      -42.0128     8569   96.05%
   3259  1100        cutoff          -1062.8889      -42.0128     8751   96.05%
   3543  1106     -480.3854     1    -1062.8889      -42.0128     8819   96.05%
   3738  1124        cutoff          -1062.8889      -42.0128     9105   96.05%
   3949  1161     -176.9515     1    -1062.8889      -42.0128     9385   96.05%
   4129  1169     -115.3053     1    -1062.8889      -42.0128     9468   96.05%
   4302  1218        cutoff          -1062.8889      -42.0128     9991   96.05%
   4465  1231        cutoff          -1062.8889      -42.0128    10122   96.05%
   4598  1260        cutoff          -1062.8889      -42.0128    10477   96.05%
Elapsed time = 23.14 sec. (16762.20 ticks, tree = 6.04 MB, solutions = 1)
   4722  1239        cutoff          -1062.8889      -42.0128    10265   96.05%
   4837  1240        cutoff          -1062.8889      -42.0128    10289   96.05%
   4972  1250     -151.0644     1    -1062.8889      -42.0128    10377   96.05%
   5089  1273     -176.9515     1    -1062.8889      -42.0128    10662   96.05%
   5185  1265      -54.6696     1    -1062.8889      -42.0128    10555   96.05%
   5289  1272        cutoff          -1062.8889      -42.0128    10706   96.05%
   5387  1274        cutoff          -1062.8889      -42.0128    10800   96.05%
   5486  1274        cutoff          -1062.8889      -42.0128    10833   96.05%
   5599  1280        cutoff          -1062.8889      -42.0128    10957   96.05%
   5699  1277      -54.6696     1    -1062.8889      -42.0128    10890   96.05%
Elapsed time = 32.61 sec. (26438.78 ticks, tree = 6.01 MB, solutions = 1)
   5786  1278      -54.6696     1    -1062.8889      -42.0128    11021   96.05%
   5867  1280     -391.3020     1    -1062.8889      -42.0128    11065   96.05%
   5959  1284     -523.9572     1    -1062.8889      -42.0128    11157   96.05%
   6045  1284        cutoff          -1062.8889      -42.0128    11209   96.05%
   6134  1285     -111.4395     1    -1062.8889      -42.0128    11281   96.05%
   6211  1291        cutoff          -1062.8889      -42.0128    11346   96.05%
   6291  1284        cutoff          -1062.8889      -42.0128    11238   96.05%
   6380  1296     -115.3053     1    -1062.8889      -42.0128    11381   96.05%
   6455  1296     -176.9515     1    -1062.8889      -42.0128    11398   96.05%
   6520  1305        cutoff          -1062.8889      -42.0128    11540   96.05%
Elapsed time = 41.50 sec. (36052.50 ticks, tree = 6.03 MB, solutions = 1)
   6588  1307      -54.6696     1    -1062.8889      -42.0128    11546   96.05%
   6662  1310      -54.6696     1    -1062.8889      -42.0128    11608   96.05%
   6731  1339      -54.6696     1    -1062.8889      -42.0128    11867   96.05%
   6799  1315     -339.5928     1    -1062.8889      -42.0128    11686   96.05%
   6849  1333     -111.4395     1    -1062.8889      -42.0128    11794   96.05%
   6920  1339     -391.3020     1    -1062.8889      -42.0128    11895   96.05%
   6981  1353      -54.6696     1    -1062.8889      -42.0128    11979   96.05%
   7049  1344        cutoff          -1062.8889      -42.0128    11926   96.05%
   7110  1390      -54.6696     1    -1062.8889      -42.0128    12323   96.05%
   7150  1396        cutoff          -1062.8889      -42.0128    12410   96.05%
Elapsed time = 50.16 sec. (45903.76 ticks, tree = 6.85 MB, solutions = 1)
   7214  1355      -54.6696     1    -1062.8889      -42.0128    11994   96.05%
   7295  1376     -523.9572     1    -1062.8889      -42.0128    12177   96.05%
   7353  1408      -54.6696     1    -1062.8889      -42.0128    12735   96.05%
   7401  1382     -397.6304     1    -1062.8889      -42.0128    12230   96.05%
   7451  1414     -176.9515     1    -1062.8889      -42.0128    12881   96.05%
   7528  1431        cutoff          -1062.8889      -42.0128    13324   96.05%
   7588  1420        cutoff          -1062.8889      -42.0128    13094   96.05%
   7639  1415     -176.9515     1    -1062.8889      -42.0128    12886   96.05%
   7702  1453      -54.6696     1    -1062.8889      -42.0128    13687   96.05%
   7757  1429     -134.9219     3    -1062.8889      -42.0128    13300   96.05%
Elapsed time = 57.58 sec. (55588.06 ticks, tree = 7.00 MB, solutions = 1)
   7781  1452     -176.9515     1    -1062.8889      -42.0128    13667   96.05%
   7798  1434      -74.2861     1    -1062.8889      -42.0128    13456   96.05%
   7814  1452     -151.0644     1    -1062.8889      -42.0128    13662   96.05%
   7821  1454     -151.0644     1    -1062.8889      -42.0128    13670   96.05%

Cover cuts applied:  2
Implied bound cuts applied:  2

Root node processing (before b&c):
  Real time             =    6.42 sec. (4065.67 ticks)
Parallel b&c, 24 threads:
  Real time             =   51.59 sec. (56311.14 ticks)
  Sync time (average)   =    0.38 sec.
  Wait time (average)   =    0.00 sec.
                          ------------
Total (root+branch&cut) =   58.01 sec. (60376.81 ticks)

Solution pool: 1 solution saved.

MIP - Aborted, integer feasible:  Objective = -1.0628888542e+03
Current MIP best bound = -4.2012768128e+01 (gap = 1020.88, 96.05%)
Solution time =   58.03 sec.  Iterations = 14285  Nodes = 7822 (1515)
Deterministic time = 60376.96 ticks  (1040.43 ticks/sec)


Incumbent solution written to file 'C:\Users\Luke\Desktop\competitiveMPEC_12.6\logs\tmpbwkqgbil.cplex.sol'.
