
Log started (V12.10.0.0) Tue Aug 11 13:31:51 2020

New value for parallel optimization mode: -1
New value for mixed integer optimality gap tolerance: 0.05
New value for deterministic time limit in ticks: 100000

Problem 'C:\Users\wenmi\Desktop\competitiveMPEC\logs\tmpg8lon67b.pyomo.lp' read.
Read time = 0.31 sec. (27.44 ticks)

Problem name         : C:\Users\wenmi\Desktop\competitiveMPEC\logs\tmpg8lon67b.pyomo.lp
Objective sense      : Maximize
Variables            :  107779  [Nneg: 1,  Box: 44054,  Free: 8928,
                                 Binary: 54796]
Objective nonzeros   :   19154
Linear constraints   :  246995  [Less: 82866,  Greater: 118424,  Equal: 45705]
  Nonzeros           :  582461
  RHS nonzeros       :  136319

Variables            : Min LB: -5000.000        Max UB: 1000000.       
Objective nonzeros   : Min   : 0.02500000       Max   : 2500.000       
Linear constraints   :
  Nonzeros           : Min   : 0.02500000       Max   : 1000000.       
  RHS nonzeros       : Min   : 0.02500000       Max   : 1000000.       
Version identifier: 12.10.0.0 | 2019-11-26 | 843d4de2ae
CPXPARAM_Parallel                                -1
CPXPARAM_DetTimeLimit                            100000
CPXPARAM_MIP_Tolerances_MIPGap                   0.050000000000000003
Tried aggregator 3 times.
MIP Presolve eliminated 173204 rows and 34174 columns.
MIP Presolve added 7723 rows and 0 columns.
MIP Presolve modified 52050 coefficients.
Aggregator did 26021 substitutions.
Reduced MIP has 55493 rows, 47200 columns, and 151665 nonzeros.
Reduced MIP has 18715 binaries, 0 generals, 0 SOSs, and 0 indicators.
Presolve time = 0.34 sec. (334.05 ticks)
Probing fixed 696 vars, tightened 8632 bounds.
Probing time = 0.11 sec. (17.72 ticks)
Tried aggregator 2 times.
Detecting symmetries...
MIP Presolve eliminated 1576 rows and 1403 columns.
MIP Presolve modified 7063 coefficients.
Aggregator did 96 substitutions.
Reduced MIP has 53821 rows, 45701 columns, and 146787 nonzeros.
Reduced MIP has 18017 binaries, 0 generals, 0 SOSs, and 0 indicators.
Presolve time = 0.16 sec. (267.36 ticks)
Probing fixed 0 vars, tightened 19 bounds.
Probing time = 0.20 sec. (19.54 ticks)
Clique table members: 93344.
MIP emphasis: balance optimality and feasibility.
MIP search method: dynamic search.
Parallel mode: opportunistic, using up to 16 threads.
Root relaxation solution time = 1.01 sec. (2570.97 ticks)

        Nodes                                         Cuts/
   Node  Left     Objective  IInf  Best Integer    Best Bound    ItCnt     Gap

      0     0    -4789.3609   180                  -4789.3609    11859         
      0     0    -4789.3728   180                   Cuts: 475    12078         
      0     0    -5387.4308   180                   Cuts: 186    12311         
      0     0    -5404.1923   180                   Cuts: 157    12427         
      0     0    -5440.7059   180                    Cuts: 99    12533         
      0     0    -5526.1320   180                    Cuts: 89    12648         
      0     0    -5553.6723   180                    Cuts: 85    12729         
      0     0    -5565.9186   180                    Cuts: 98    12806         
      0     0    -5630.1744   180                    Cuts: 76    12885         
      0     0    -5661.8796   180                    Cuts: 82    12943         
      0     0    -5682.0176   180                    Cuts: 71    12983         
      0     0    -5698.4588   180                    Cuts: 43    13018         
      0     0    -5731.2023   180                    Cuts: 79    13054         
      0     0    -5732.9073   180                    Cuts: 33    13075         
      0     0    -5747.8007   180                    Cuts: 23    13094         
      0     0    -5747.8927   180                    Cuts: 11    13109         
      0     0    -5748.1091   180                    Cuts: 23    13126         
      0    15    -6682.8786   256                  -5807.3944    13733         
Elapsed time = 10.41 sec. (10925.80 ticks, tree = 0.02 MB, solutions = 0)
     90    28    -6597.2394   251                  -5838.9497    14123         
    197    46    -6982.5206   248                  -5838.9497    14398         
    293   127    -7001.7829   236                  -5838.9497    15554         
    354   197    -7120.9437   217                  -5838.9497    16578         
    485   200    -6819.3403   181                  -5838.9497    16829         
    630   315    -6807.7413   192                  -5838.9497    18659         
    763   344    -6855.7864   154                  -5838.9497    18915         
    876   542    -6918.4411   155                  -5838.9497    21379         
    973   903    -7108.5691   141                  -5838.9497    25376         
   1406   924    -7145.5085   142                  -5838.9497    25701         
Elapsed time = 26.31 sec. (14035.83 ticks, tree = 33.55 MB, solutions = 0)
   1781  1225    -7711.5011   152                  -5838.9497    28369         
   2184  1971    -8358.9944   114                  -5838.9497    45927         
   2580  2216   -10025.8931   106                  -5838.9497    52339         
   3073  2932    infeasible                        -5838.9497    66920         
   3601  2892    -8354.4089    97                  -5838.9497    65767         
   4145  3536   -10407.7138   112                  -5838.9497    82571         
   4635  3223   -10711.1041   103                  -5838.9497    74693         
   5060  3893    -9472.5820   114                  -5838.9497    95727         
   5505  3706    -8162.0933   151                  -5838.9497    88671         
   5961  4211    -7349.0677   151                  -6107.7710   101275         
Elapsed time = 77.52 sec. (23581.23 ticks, tree = 91.83 MB, solutions = 0)
   6389  4505    -7994.3683   152                  -6119.0275   107220         
   6852  4624   -10426.8043   108                  -6119.0275   110215         
   7317  5052   -10427.3266   119                  -6119.0323   124475         
   7820  5057   -10503.3395   120                  -6119.0323   124901         
   8332  6022    -8960.0098   137                  -6119.0323   148353         
   8847  5702   -11242.4391    85                  -6119.0323   141678         
   9340  6936    infeasible                        -6119.0323   175613         
   9826  6372    -6149.5849   231                  -6119.0323   161956         
  10328  6602    infeasible                        -6119.0323   167249         
  10845  7296   -11773.2102    87                  -6119.0323   185962         
Elapsed time = 130.45 sec. (33136.28 ticks, tree = 148.87 MB, solutions = 0)
  11312  8934    -7792.0455   167                  -6119.0323   222134         
  11765  8137   -10714.1320    95                  -6132.9611   208149         
  12212  7805   -10750.7653   112                  -6132.9611   198999         
  12697  8080    -7919.5662   190                  -6132.9611   208264         
  13145  9223    -6905.8673   208                  -6132.9611   230921         
  13588  9144    -8619.1152   152                  -6143.7984   230602         
  14035  9331   -11807.2747    83                  -6143.7984   233232         
  14453 10458    -6501.6155   215                  -6143.7984   260727         
