
Log started (V12.10.0.0) Fri Jul  3 10:30:20 2020

New value for parallel optimization mode: -1
New value for mixed integer optimality gap tolerance: 0.01
New value for deterministic time limit in ticks: 300000

Problem 'C:\Users\wenmi\Desktop\competitiveMPEC\logs\tmp4adqngau.pyomo.lp' read.
Read time = 0.14 sec. (13.74 ticks)
MIP start file 'C:\Users\wenmi\Desktop\competitiveMPEC\logs\tmpbj0be6cn.cplex.mst' read.

Problem name         : C:\Users\wenmi\Desktop\competitiveMPEC\logs\tmp4adqngau.pyomo.lp
Objective sense      : Maximize
Variables            :   54016  [Nneg: 1,  Box: 22525,  Free: 4392,
                                 Binary: 27098]
Objective nonzeros   :    9641
Linear constraints   :  122092  [Less: 40911,  Greater: 58612,  Equal: 22569]
  Nonzeros           :  287151
  RHS nonzeros       :   66899

Variables            : Min LB: -5000.000        Max UB: 1000000.       
Objective nonzeros   : Min   : 0.1000000        Max   : 795.1000       
Linear constraints   :
  Nonzeros           : Min   : 0.1000000        Max   : 1000000.       
  RHS nonzeros       : Min   : 0.1000000        Max   : 1000000.       
Version identifier: 12.10.0.0 | 2019-11-26 | 843d4de2ae
CPXPARAM_Parallel                                -1
CPXPARAM_DetTimeLimit                            300000
CPXPARAM_MIP_Tolerances_MIPGap                   0.01
1 of 1 MIP starts provided solutions.
MIP start 'm1' defined initial solution with objective 46702.9141.
Tried aggregator 3 times.
MIP Presolve eliminated 88348 rows and 19945 columns.
MIP Presolve added 3337 rows and 0 columns.
MIP Presolve modified 24472 coefficients.
Aggregator did 12817 substitutions.
Reduced MIP has 24264 rows, 20672 columns, and 66740 nonzeros.
Reduced MIP has 8174 binaries, 0 generals, 0 SOSs, and 0 indicators.
Presolve time = 0.14 sec. (163.30 ticks)
Probing fixed 416 vars, tightened 6205 bounds.
Probing time = 0.03 sec. (18.38 ticks)
Tried aggregator 2 times.
Detecting symmetries...
MIP Presolve eliminated 929 rows and 835 columns.
MIP Presolve modified 3002 coefficients.
Aggregator did 46 substitutions.
Reduced MIP has 23289 rows, 19791 columns, and 63904 nonzeros.
Reduced MIP has 7757 binaries, 0 generals, 0 SOSs, and 0 indicators.
Presolve time = 0.08 sec. (88.78 ticks)
Probing fixed 0 vars, tightened 264 bounds.
Probing time = 0.06 sec. (23.21 ticks)
Clique table members: 41868.
MIP emphasis: balance optimality and feasibility.
MIP search method: dynamic search.
Parallel mode: opportunistic, using up to 16 threads.
Root relaxation solution time = 0.23 sec. (589.94 ticks)

        Nodes                                         Cuts/
   Node  Left     Objective  IInf  Best Integer    Best Bound    ItCnt     Gap

*     0+    0                        46702.9141   7.33499e+07              --- 
      0     0    75986.2685   182    46702.9141    75986.2685     5664   62.70%
      0     0    75120.6582   182    46702.9141     Cuts: 352     5806   60.85%
      0     0    75072.9776   182    46702.9141     Cuts: 174     5867   60.75%
      0     0    75024.4679   182    46702.9141      Cuts: 79     5910   60.64%
      0     0    75024.4679   182    46702.9141       Cuts: 4     5913   60.64%
      0     0    75024.1191   182    46702.9141   Flowcuts: 1     5914   60.64%
      0     0    75024.1191   182    46702.9141       Cuts: 4     5921   60.64%
      0     2    75024.1191    47    46702.9141    75024.1191     5921   60.64%
Elapsed time = 3.02 sec. (2435.45 ticks, tree = 0.02 MB, solutions = 1)
    227    70    67410.0726    27    46702.9141    74482.4210     6531   59.48%
    591   201    61022.6870    20    46702.9141    74482.4210     7965   59.48%
    859   521    67911.9298    32    46702.9141    74482.4210    11646   59.48%
   1118   609    62760.0396    27    46702.9141    74482.4210    12932   59.48%
   1483   987    50562.9175    14    46702.9141    74337.1086    15642   59.17%
   1880   893    47053.9651     3    46702.9141    74292.1338    15088   59.07%
   2259  1154    63625.3572    27    46702.9141    74292.1338    17115   59.07%
   2640  1319    49870.0648     8    46702.9141    74292.1338    18556   59.07%
   2984  1730    61486.0281    25    46702.9141    74254.4845    22941   58.99%
   4407  2641    60673.6958    28    46702.9141    71480.4835    31316   53.05%
Elapsed time = 15.80 sec. (5540.59 ticks, tree = 19.28 MB, solutions = 1)

Performing restart 1

Repeating presolve.
Tried aggregator 3 times.
MIP Presolve eliminated 782 rows and 706 columns.
MIP Presolve modified 36810 coefficients.
Aggregator did 236 substitutions.
Reduced MIP has 22271 rows, 18849 columns, and 60519 nonzeros.
Reduced MIP has 7452 binaries, 0 generals, 0 SOSs, and 0 indicators.
Presolve time = 0.08 sec. (94.73 ticks)
Tried aggregator 2 times.
MIP Presolve eliminated 444 rows and 366 columns.
MIP Presolve modified 12174 coefficients.
Aggregator did 4 substitutions.
Reduced MIP has 21823 rows, 18479 columns, and 59263 nonzeros.
Reduced MIP has 7269 binaries, 0 generals, 0 SOSs, and 0 indicators.
Presolve time = 0.03 sec. (39.91 ticks)
Tried aggregator 2 times.
MIP Presolve modified 10071 coefficients.
Aggregator did 1 substitutions.
Reduced MIP has 21822 rows, 18478 columns, and 59267 nonzeros.
Reduced MIP has 7269 binaries, 0 generals, 0 SOSs, and 0 indicators.
Presolve time = 0.06 sec. (52.74 ticks)
Represolve time = 0.61 sec. (492.89 ticks)
   5202     0    75021.6965   122    46702.9141     Cuts: 232    48308   52.32%
   5202     0    75021.6965   122    46702.9141      Cuts: 37    48361   52.32%
   5202     0    75021.6965   122    46702.9141      Cuts: 75    48433   52.32%
   5202     0    75021.6965   122    46702.9141      Cuts: 83    48489   52.32%
   5202     0    75021.6965   122    46702.9141      Cuts: 65    48542   52.32%
   5202     0    75021.6965   122    46702.9141      Cuts: 69    48637   52.32%
   5202     0    75021.6965   122    46702.9141      Cuts: 59    48702   52.32%
   5202    14    59229.1071    38    46702.9141    67412.9063    48806   44.34%
   5695   153    50536.7093    32    46702.9141    67412.9063    50048   44.34%
   6659   721    47321.1874    14    46702.9141    65366.7883    55120   39.96%
   7567  1747    54933.9783    22    46702.9141    62237.9951    63774   33.26%
   8992  2499    49602.3447     4    46702.9141    62237.9951    68583   33.26%
  10411  2891    48687.4431     4    46702.9141    62143.5278    71513   33.06%
  12106  3819    47788.2793     2    46702.9141    61432.3770    78856   31.54%
  13736  4989    46785.2019     5    46702.9141    59804.8928    89238   28.05%
  15439  5872    50075.9161    15    46702.9141    59494.6232    99593   27.39%
  17460  8765    52898.0681    22    46702.9141    58442.1206   126347   25.14%
Elapsed time = 56.53 sec. (18610.17 ticks, tree = 66.38 MB, solutions = 1)
  19492  8961    47089.8464    12    46702.9141    58442.1206   128145   25.14%
  21138 10086        cutoff          46702.9141    57636.2436   141876   23.41%
  22335  9608    53017.7995    26    46702.9141    57636.2436   136024   23.41%
  23959 10855    47051.1380    46    46702.9141    56768.0054   148182   21.55%
  25343 13539    50800.7299    16    46702.9141    56203.1954   176054   20.34%
  26970 12609    47886.5795    22    46702.9141    56203.1954   166862   20.34%
  28933 13959    53042.3107    29    46702.9141    56100.3139   179722   20.12%
  30380 14240        cutoff          46702.9141    55918.9916   181763   19.73%
  31945 15034    47537.8594    29    46702.9141    55918.9916   189613   19.73%
  33223 19682    51631.2723    29    46702.9141    55884.9408   233410   19.66%
Elapsed time = 90.89 sec. (28153.68 ticks, tree = 152.59 MB, solutions = 1)
  34287 17772    48623.6713    25    46702.9141    55849.0553   216848   19.58%
  36119 18484    50693.1777    24    46702.9141    55780.9398   222338   19.44%
  38055 19232    48909.9893    17    46702.9141    55780.9398   228240   19.44%
  40086 24936    51671.5381    36    46702.9141    55778.0272   281282   19.43%
  42258 24550    49876.2139    23    46702.9141    55774.7501   277201   19.42%
  44498 21604    54913.3167    31    46702.9141    55566.6123   254464   18.98%
  46703 23235    47655.3764    22    46702.9141    55460.8675   267882   18.75%
  48801 24256    49979.3871    20    46702.9141    55437.9130   273982   18.70%
  50761 28084    49894.9031    23    46702.9141    55337.9573   303843   18.49%
  52072 28246    49979.3871    21    46702.9141    55337.9573   304286   18.49%
Elapsed time = 125.77 sec. (37698.55 ticks, tree = 219.81 MB, solutions = 1)
  54172 27187    49945.8580    19    46702.9141    55337.9573   297544   18.49%
  56170 31961    50079.3363    17    46702.9141    55285.7329   325382   18.38%
  58264 31223    53241.2973    31    46702.9141    55285.7329   320189   18.38%
  60124 37694    49945.8580    20    46702.9141    55105.0757   356831   17.99%
  62088 38104    49849.7184    21    46702.9141    55105.0757   358909   17.99%
  64186 38551        cutoff          46702.9141    55105.0757   361973   17.99%
  66090 38688    50494.6091    20    46702.9141    55105.0757   362693   17.99%
  67826 37596    49909.7566    18    46702.9141    55075.6182   356322   17.93%
  69340 44927    49909.7566    18    46702.9141    55075.6182   400187   17.93%
  71445 41843    49487.8177    22    46702.9141    55048.4434   382220   17.87%
Elapsed time = 158.08 sec. (47238.37 ticks, tree = 327.56 MB, solutions = 1)
  73776 50866    50079.3363    17    46702.9141    54995.0828   434651   17.76%
  76341 42718    49945.8580    22    46702.9141    54995.0828   388685   17.76%
  78889 48142    46997.1271    18    46702.9141    54995.0828   418142   17.76%
  81414 45742    53354.7535    22    46702.9141    54980.3279   404637   17.72%
  83742 50577    47834.1244    16    46702.9141    54966.9164   433234   17.69%
  86027 50884    46863.6487    18    46702.9141    54935.1894   434816   17.63%
  88065 58186    49907.1471    22    46702.9141    54935.1894   470771   17.63%
  89993 56007    48869.9931    17    46702.9141    54935.1894   461452   17.63%
  91996 54191    48869.9931    17    46702.9141    54935.1894   453719   17.63%
  93890 61885    50067.8129    60    46702.9141    54935.1894   487495   17.63%
Elapsed time = 181.59 sec. (56779.00 ticks, tree = 485.40 MB, solutions = 1)
  95531 58685    49003.4715    16    46702.9141    54935.1894   473402   17.63%
  96693 61613    49945.8580    20    46702.9141    54935.1894   486550   17.63%

Performing restart 2

Repeating presolve.
Tried aggregator 2 times.
MIP Presolve eliminated 94 rows and 68 columns.
MIP Presolve modified 3001 coefficients.
Aggregator did 2 substitutions.
Reduced MIP has 21726 rows, 18408 columns, and 60733 nonzeros.
Reduced MIP has 7235 binaries, 0 generals, 0 SOSs, and 0 indicators.
Presolve time = 0.05 sec. (40.83 ticks)
Tried aggregator 1 time.
MIP Presolve modified 11007 coefficients.
Reduced MIP has 21726 rows, 18408 columns, and 60733 nonzeros.
Reduced MIP has 7235 binaries, 0 generals, 0 SOSs, and 0 indicators.
Presolve time = 0.05 sec. (42.35 ticks)
Represolve time = 0.41 sec. (188.15 ticks)
  96997     0    75017.0510   156    46702.9141     Cuts: 314   527899   17.41%
  96997     0    75016.6240   156    46702.9141      Cuts: 85   527959   17.41%
  96997     0    75016.2682   156    46702.9141     Cuts: 122   528024   17.41%
  96997     0    75015.3338   156    46702.9141      Cuts: 86   528071   17.41%
  96997     0    75015.3338   156    46702.9141     Cuts: 159   528154   17.41%
  96997     0    75015.3338   156    46702.9141      Cuts: 55   528212   17.41%
  96997     0    75004.0552   156    46702.9141     Cuts: 136   528302   17.41%
  96997     0    75004.0552   156    46702.9141     Cuts: 109   528369   17.41%
  96997     0    75004.0552   156    46702.9141      Cuts: 54   528429   17.41%
  96997    16    68333.4314    50    46702.9141    54835.7392   528554   17.41%
  97241    42    62745.6672    43    46702.9141    54835.7392   529188   17.41%
  97613   226    49945.8485    21    46702.9141    54835.7392   533176   17.41%
  98211   363    50800.7299    14    46702.9141    54835.7392   535570   17.41%
  98892   777    47858.9425    19    46702.9141    54835.7392   538896   17.41%
  99721  1223        cutoff          46702.9141    54835.7392   541350   17.41%
 100856  1703    49365.7703    40    46702.9141    54835.7392   544839   17.41%
 102216  3981    46782.9167    19    46702.9141    54835.7392   558590   17.41%
Elapsed time = 215.05 sec. (70251.06 ticks, tree = 28.67 MB, solutions = 1)
 103748  3770    48302.5804    37    46702.9141    54835.7392   557526   17.41%
 104808  5035    54291.8155    47    46702.9141    54835.7392   566052   17.41%
 106076  5973    63326.2790    46    46702.9141    54835.7392   572346   17.41%
 107402  6930    59847.8949    49    46702.9141    54835.7392   578445   17.41%
 108776  9091    50048.4032    25    46702.9141    54835.7392   590958   17.41%
 110207  9151    49979.7766    20    46702.9141    54835.7392   591109   17.41%
 111705  9516    47512.4375    26    46702.9141    54835.7392   594083   17.41%
 113248 10165    48064.6704    21    46702.9141    54835.7392   599256   17.41%
 114657 11714    48178.2454    26    46702.9141    54835.7392   607965   17.41%
 116161 13099    49724.7041    15    46702.9141    54835.7392   615966   17.41%
Elapsed time = 246.17 sec. (79792.70 ticks, tree = 100.50 MB, solutions = 1)
 117556 14237    46916.4045    18    46702.9141    54835.7392   621460   17.41%
 119137 15475    47989.0102    23    46702.9141    54835.7392   628359   17.41%
 120794 16966    46782.9167    22    46702.9141    54835.7392   635296   17.41%
 122476 17385    49724.7041    15    46702.9141    54835.7392   637002   17.41%
 124165 20041    48869.8227    21    46702.9141    54835.7392   650096   17.41%
 125838 20741    58051.8186    65    46702.9141    54835.7392   653882   17.41%
 127380 24699    47512.4375    24    46702.9141    54835.7392   673708   17.41%
 128946 22959    48773.6832    21    46702.9141    54835.7392   665100   17.41%
 130430 24038    46916.4045    18    46702.9141    54835.7392   670732   17.41%
 132060 26319    58231.6661    48    46702.9141    54835.7392   682398   17.41%
Elapsed time = 277.41 sec. (89334.57 ticks, tree = 204.66 MB, solutions = 1)
 133660 26647        cutoff          46702.9141    54835.7392   684095   17.41%
 135188 28043    51991.6832    30    46702.9141    54835.7392   692228   17.41%
 136664 28768    50800.7299    21    46702.9141    54835.7392   697637   17.41%
 138195 29415    48903.9118    17    46702.9141    54835.7392   701472   17.41%
 139821 30884    54925.0034    56    46702.9141    54835.7392   712745   17.41%
 141322 31976    49000.0513    16    46702.9141    54835.7392   719711   17.41%
 142715 33858    47198.5250    18    46702.9141    54835.7392   730857   17.41%
 144302 34144    46827.7903    27    46702.9141    54835.7392   734193   17.41%
 145901 34610    48317.9223    19    46702.9141    54835.7392   737086   17.41%
 152043 39902    46916.4045    19    46702.9141    54835.7392   772642   17.41%
Elapsed time = 317.28 sec. (101738.61 ticks, tree = 312.23 MB, solutions = 1)
 158280 43804    46979.0820    21    46702.9141    54835.7392   797922   17.41%
 164050 52979    48866.3311    22    46702.9141    54835.7392   849858   17.41%
 169559 52967    47075.7993    20    46702.9141    54835.7392   849900   17.41%
 174967 57145        cutoff          46702.9141    54835.7392   877710   17.41%
 179781 60814    48105.8101    26    46702.9141    54835.7392   901620   17.41%
 184965 64457    46707.2852    22    46702.9141    54835.7392   928410   17.41%
 190562 71736    48771.4370    24    46702.9141    54835.7392   990169   17.41%
 196793 70567    48771.5980    23    46702.9141    54835.7392   980393   17.41%
 202903 76759        cutoff          46702.9141    54835.7392  1029546   17.41%
 208990 81924        cutoff          46702.9141    54835.7392  1063633   17.41%
Elapsed time = 433.05 sec. (139890.09 ticks, tree = 645.81 MB, solutions = 1)
 215214 87130    47990.3554    26    46702.9141    54835.7392  1100775   17.41%
 221738 91245    49192.8468    29    46702.9141    54835.7392  1134403   17.41%
 228432 106383    47926.8399    37    46702.9141    54835.7392  1236481   17.41%
