
Log started (V12.10.0.0) Sat Sep 19 12:35:47 2020

New value for parallel optimization mode: -1
New value for mixed integer optimality gap tolerance: 0.01
New value for integrality tolerance: 1e-09
New value for feasibility tolerance: 0.01
New value for deterministic time limit in ticks: 75000

Problem 'C:\Users\wenmi\Desktop\competitiveMPEC\logs\tmpl81epfvs.pyomo.lp' read.
Read time = 0.16 sec. (14.73 ticks)
MIP start file 'C:\Users\wenmi\Desktop\competitiveMPEC\logs\tmpsd3bu5kj.cplex.mst' read.

Problem name         : C:\Users\wenmi\Desktop\competitiveMPEC\logs\tmpl81epfvs.pyomo.lp
Objective sense      : Maximize
Variables            :   54525  [Nneg: 1,  Box: 22720,  Free: 4464,
                                 Binary: 27340]
Objective nonzeros   :    9690
Linear constraints   :  123205  [Less: 41250,  Greater: 59096,  Equal: 22859]
  Nonzeros           :  291718
  RHS nonzeros       :   67360

Variables            : Min LB: -5000.000        Max UB: 1000000.       
Objective nonzeros   : Min   : 0.1000000        Max   : 2500.000       
Linear constraints   :
  Nonzeros           : Min   : 0.1000000        Max   : 1000000.       
  RHS nonzeros       : Min   : 0.1000000        Max   : 1000000.       
Version identifier: 12.10.0.0 | 2019-11-26 | 843d4de2ae
CPXPARAM_Parallel                                -1
CPXPARAM_Simplex_Tolerances_Feasibility          0.01
CPXPARAM_DetTimeLimit                            75000
CPXPARAM_MIP_Tolerances_MIPGap                   0.01
CPXPARAM_MIP_Tolerances_Integrality              1.0000000000000001e-09
Warning:  No solution found from 1 MIP starts.
Retaining values of one MIP start for possible repair.
Tried aggregator 3 times.
MIP Presolve eliminated 88923 rows and 19965 columns.
MIP Presolve added 3313 rows and 0 columns.
MIP Presolve modified 24813 coefficients.
Aggregator did 12940 substitutions.
Reduced MIP has 24655 rows, 21038 columns, and 70356 nonzeros.
Reduced MIP has 8321 binaries, 0 generals, 0 SOSs, and 0 indicators.
Presolve time = 0.19 sec. (171.24 ticks)
Probing fixed 376 vars, tightened 2807 bounds.
Probing time = 0.86 sec. (885.22 ticks)
Tried aggregator 2 times.
Detecting symmetries...
MIP Presolve eliminated 849 rows and 755 columns.
MIP Presolve modified 2199 coefficients.
Aggregator did 44 substitutions.
Reduced MIP has 23762 rows, 20239 columns, and 67766 nonzeros.
Reduced MIP has 7944 binaries, 0 generals, 0 SOSs, and 0 indicators.
Presolve time = 0.06 sec. (71.41 ticks)
Probing time = 0.03 sec. (15.64 ticks)
Clique table members: 6439.
MIP emphasis: balance optimality and feasibility.
MIP search method: dynamic search.
Parallel mode: opportunistic, using up to 16 threads.
Root relaxation solution time = 0.27 sec. (239.05 ticks)

        Nodes                                         Cuts/
   Node  Left     Objective  IInf  Best Integer    Best Bound    ItCnt     Gap

      0     0    76142.2452   841                  76142.2452     3358         
      0     0    75350.7905   144                   Cuts: 129     3421         
      0     0    75337.9289   140                    Cuts: 66     3444         
      0     0    75284.1702   136                    Cuts: 39     3450         
      0     0    75283.2125   135                    Cuts: 28     3458         
      0     0    75282.0267   135                    Cuts: 22     3459         
