
Log started (V12.9.0.0) Mon Aug 31 21:13:21 2020

New value for parallel optimization mode: -1
New value for mixed integer optimality gap tolerance: 0.01
New value for feasibility tolerance: 1e-09
New value for deterministic time limit in ticks: 150000

Problem 'C:\Users\llavin\Desktop\test826\logs\tmpdya5zzf5.pyomo.lp' read.
Read time = 0.53 sec. (28.90 ticks)
MIP start file 'C:\Users\llavin\Desktop\test826\logs\tmpfhny03lh.cplex.mst' read.

Problem name         : C:\Users\llavin\Desktop\test826\logs\tmpdya5zzf5.pyomo.lp
Objective sense      : Maximize
Variables            :  109223  [Nneg: 1,  Box: 45498,  Free: 8928,
                                 Binary: 54796]
Objective nonzeros   :   20401
Linear constraints   :  246903  [Less: 82866,  Greater: 118424,  Equal: 45613]
  Nonzeros           :  619901
  RHS nonzeros       :  136514

Variables            : Min LB: -100000.0        Max UB: 1000000.       
Objective nonzeros   : Min   : 0.1666667        Max   : 208.3333       
Linear constraints   :
  Nonzeros           : Min   : 0.1666667        Max   : 1000000.       
  RHS nonzeros       : Min   : 0.1666667        Max   : 1000000.       
CPXPARAM_Parallel                                -1
CPXPARAM_Simplex_Tolerances_Feasibility          1.0000000000000001e-09
CPXPARAM_DetTimeLimit                            150000
CPXPARAM_MIP_Tolerances_MIPGap                   0.01
Warning:  No solution found from 1 MIP starts.
Retaining values of one MIP start for possible repair.
Tried aggregator 3 times.
MIP Presolve eliminated 173633 rows and 36112 columns.
MIP Presolve added 7679 rows and 0 columns.
MIP Presolve modified 53010 coefficients.
Aggregator did 26046 substitutions.
Reduced MIP has 54903 rows, 46681 columns, and 157474 nonzeros.
Reduced MIP has 18495 binaries, 0 generals, 0 SOSs, and 0 indicators.
Presolve time = 0.59 sec. (350.66 ticks)
Probing fixed 810 vars, tightened 15592 bounds.
Probing time = 0.42 sec. (18.87 ticks)
Tried aggregator 2 times.
MIP Presolve eliminated 1828 rows and 1645 columns.
MIP Presolve modified 7067 coefficients.
Aggregator did 80 substitutions.
Reduced MIP has 52995 rows, 44956 columns, and 151853 nonzeros.
Reduced MIP has 17680 binaries, 0 generals, 0 SOSs, and 0 indicators.
Presolve time = 0.31 sec. (277.03 ticks)
Probing fixed 5 vars, tightened 476 bounds.
Probing time = 0.56 sec. (21.61 ticks)
Clique table members: 86906.
MIP emphasis: balance optimality and feasibility.
MIP search method: dynamic search.
Parallel mode: opportunistic, using up to 32 threads.
Root relaxation solution time = 1.41 sec. (2104.81 ticks)

        Nodes                                         Cuts/
   Node  Left     Objective  IInf  Best Integer    Best Bound    ItCnt     Gap

      0     0     1291.3203    58                   1291.3203     9893         
      0     0     1291.3203     4                    Cuts: 12     9898         
      0     0     1291.3203     7                    Cuts: 19     9908         
      0     0     1291.3203     8                   Covers: 1     9909         
Repair heuristic found nothing.
      0     2     1291.3203     8                   Covers: 2     9909         
Elapsed time = 13.17 sec. (7896.17 ticks, tree = 0.02 MB, solutions = 11)
*     2+    7                          786.4479     1291.3203            64.20%
    223    12      975.8019     4      786.4479     1291.3203     9950   64.20%
    718    89      941.1015     2      786.4479     1291.3203    10229   64.20%
   1315   157      975.8019     4      786.4479     1291.3203    10356   64.20%
   2103   868     1256.6199     8      786.4479     1291.3203    11231   64.20%
   2820  1291      821.1482     4      786.4479     1291.3203    11890   64.20%
   3413  1783     1134.0895     5      786.4479     1291.3203    12781   64.20%
   3854  3188     1134.0895     4      786.4479     1291.3203    16005   64.20%
   4295  3017     1256.6199     6      786.4479     1291.3203    15440   64.20%
   4824  3391      979.4358     2      786.4479     1291.3203    16691   64.20%
   7036  4424     1168.7898     7      786.4479     1291.3203    18919   64.20%
Elapsed time = 32.84 sec. (11000.53 ticks, tree = 68.96 MB, solutions = 11)
   8520  5900      908.9783     4      786.4479     1291.3203    21964   64.20%
   8528  8049     1014.1362     6      786.4479     1291.3203    31653   64.20%
   9064   125     1014.1362     6      786.4479     1291.3203    31896   64.20%
   9753   610     1014.1362     6      786.4479     1291.3203    32591   64.20%
  10577  1242     1077.0994    11      786.4479     1291.3203    33654   64.20%
  12306  1555     1014.1362     6      786.4479     1291.3203    34557   64.20%
  14655  3278     1101.9662     6      786.4479     1291.3203    38850   64.20%
  17440  3794     1101.9662     7      786.4479     1291.3203    40079   64.20%
  20128  4133      979.4358     2      786.4479     1291.3203    40772   64.20%
  22220  5280      821.1482     4      786.4479     1256.6199    43100   59.78%
Elapsed time = 109.63 sec. (27933.42 ticks, tree = 71.83 MB, solutions = 11)
  23369  5797     1014.1362     5      786.4479     1256.6199    44173   59.78%
  23939 12837      821.1482     5      786.4479     1136.6666    58321   44.53%
  24426 12676     1014.1362     5      786.4479     1136.6666    57954   44.53%
  25269 14508      821.1482     6      786.4479     1136.6666    61884   44.53%
  26826 13360     1014.1362     5      786.4479     1136.6666    59423   44.53%
  28638 14599      821.1482     6      786.4479     1136.6666    62017   44.53%
  30264 12978      821.1482     3      786.4479     1136.6666    58624   44.53%
  31770 13793      821.1482     3      786.4479     1136.6666    60432   44.53%
  33365 13482     1014.1362     5      786.4479     1136.6666    59761   44.53%
  34572 19839     1014.1362     5      786.4479     1136.6666    72882   44.53%
Elapsed time = 158.50 sec. (37483.55 ticks, tree = 298.23 MB, solutions = 11)
  36186 17087     1014.1362     5      786.4479     1136.6666    67208   44.53%
  37930 15632      821.1482     6      786.4479     1136.6666    64247   44.53%
  40058 18721     1014.1362     5      786.4479     1136.6666    70542   44.53%
  42856 22041     1014.1362     5      786.4479     1136.6666    77362   44.53%
  45987 24947      821.1482     5      786.4479     1136.6666    83376   44.53%
  49178 24562     1014.1362     5      786.4479     1136.6666    82602   44.53%
  52350 22673     1014.1362     5      786.4479     1136.6666    78757   44.53%
  55548 38846     1014.1362     5      786.4479     1136.6666   113482   44.53%
  58743 26886     1014.1362     5      786.4479     1136.6666    87458   44.53%
  61964 27581      821.1482     7      786.4479     1136.6666    88843   44.53%
Elapsed time = 219.63 sec. (47022.74 ticks, tree = 418.93 MB, solutions = 11)
  65015 43973      821.1482     6      786.4479     1136.6666   124908   44.53%
  67881 32684      821.1482     4      786.4479     1136.6666    99950   44.53%
  70648 39336      821.1482     6      786.4479     1136.6666   114557   44.53%
  73162 34376     1014.1362     5      786.4479     1136.6666   103724   44.53%
  75216 39512     1014.1362     5      786.4479     1136.6666   114939   44.53%
  76896 40505     1014.1362     5      786.4479     1136.6666   117139   44.53%
  77924 43858     1014.1362     5      786.4479     1136.6666   124593   44.53%
  78573 43947      821.1482     6      786.4479     1136.6666   124805   44.53%
  78982 43374      821.1482     6      786.4479     1136.6666   123508   44.53%
  79188 61448     1291.3203     9      786.4479     1136.6666   170147   44.53%
Elapsed time = 249.52 sec. (64020.82 ticks, tree = 975.11 MB, solutions = 11)
  79315   135     1168.0029     7      786.4479     1136.6666   170417   44.53%
  79538    20     1136.6666     8      786.4479     1136.6666   170176   44.53%
  80173   207     1136.6666     8      786.4479     1136.6666   170627   44.53%
  80913   494     1014.1362     4      786.4479     1136.6666   171474   44.53%
  81744  1168     1014.1362     4      786.4479     1136.6666   172971   44.53%
  82848  2069      821.1482    10      786.4479     1136.6666   175392   44.53%
  84424  1023     1014.1362     4      786.4479     1136.6666   172776   44.53%
  86505  3670      814.3205    10      786.4479     1136.6666   180367   44.53%
  89130  4398     1014.1362     8      786.4479     1136.6666   182643   44.53%
  91925  4821     1014.1362     9      786.4479     1136.6666   184004   44.53%
Elapsed time = 328.86 sec. (73568.20 ticks, tree = 55.29 MB, solutions = 11)
  94767  5691     1168.7898    10      786.4479     1136.6666   186519   44.53%
  97618  4317     1014.1362     5      786.4479     1136.6666   182306   44.53%
 100463 12369     1014.1362    12      786.4479     1136.6666   201665   44.53%
 103276 10709     1014.1362     4      786.4479     1136.6666   197813   44.53%
 106103 10311      793.8506     4      786.4479     1136.6666   197028   44.53%
 108898 11381     1014.1362     4      786.4479     1136.6666   199366   44.53%
 111657 11460     1014.1362     4      786.4479     1136.6666   199566   44.53%
 114320 16202     1014.1362     9      786.4479     1136.6666   210333   44.53%
 116852 18517     1014.1362     4      786.4479     1136.6666   215344   44.53%
 119316 25536      991.7150    11      786.4479     1136.6666   233260   44.53%
Elapsed time = 385.27 sec. (83106.71 ticks, tree = 329.47 MB, solutions = 11)
 121914 30637      821.1482     5      786.4479     1136.6666   247201   44.53%
 124110 25662      974.2793    10      786.4479     1136.6666   233602   44.53%
 125493 30783      821.1482     4      786.4479     1136.6666   247618   44.53%
 126221 29834     1014.1362     6      786.4479     1136.6666   244700   44.53%
 126625 31541      821.1482     5      786.4479     1136.6666   249765   44.53%
 126817 32723      975.8019     9      786.4479     1136.6666   253175   44.53%
 126961 34814      980.9402    11      786.4479     1136.6666   259004   44.53%

Cover cuts applied:  1
Flow cuts applied:  4
Gomory fractional cuts applied:  4

Root node processing (before b&c):
  Real time             =    9.64 sec. (7768.64 ticks)
Parallel b&c, 32 threads:
  Real time             =  382.59 sec. (82310.20 ticks)
  Sync time (average)   =    3.96 sec.
  Wait time (average)   =    0.56 sec.
                          ------------
Total (root+branch&cut) =  392.24 sec. (90078.84 ticks)

Solution pool: 11 solutions saved.

MIP - Aborted, integer feasible:  Objective =  7.8644787051e+02
Current MIP best bound =  1.1366666089e+03 (gap = 350.219, 44.53%)
Solution time =  392.31 sec.  Iterations = 274771  Nodes = 126985 (40246)
Deterministic time = 90079.15 ticks  (229.61 ticks/sec)


