
Log started (V12.9.0.0) Wed Sep  9 23:39:05 2020

New value for parallel optimization mode: -1
New value for mixed integer optimality gap tolerance: 0.02
New value for emphasis for MIP optimization: 1
New value for integrality tolerance: 1e-12
New value for deterministic time limit in ticks: 150000

Problem 'C:\Users\llavin\Desktop\test826\logs\tmpjs9ncynw.pyomo.lp' read.
Read time = 0.48 sec. (28.93 ticks)

Problem name         : C:\Users\llavin\Desktop\test826\logs\tmpjs9ncynw.pyomo.lp
Objective sense      : Maximize
Variables            :  107803  [Nneg: 1,  Box: 44062,  Free: 8928,
                                 Binary: 54812]
Objective nonzeros   :   18288
Linear constraints   :  246963  [Less: 82886,  Greater: 118460,  Equal: 45617]
  Nonzeros           :  621605
  RHS nonzeros       :  135881

Variables            : Min LB: -5000.000        Max UB: 1000000.       
Objective nonzeros   : Min   : 0.008333333      Max   : 180.0000       
Linear constraints   :
  Nonzeros           : Min   : 0.001000000      Max   : 1000000.       
  RHS nonzeros       : Min   : 0.001000000      Max   : 1000000.       
CPXPARAM_Parallel                                -1
CPXPARAM_Emphasis_MIP                            1
CPXPARAM_DetTimeLimit                            150000
CPXPARAM_MIP_Tolerances_MIPGap                   0.02
CPXPARAM_MIP_Tolerances_Integrality              9.9999999999999998e-13
Tried aggregator 3 times.
MIP Presolve eliminated 176489 rows and 37209 columns.
MIP Presolve added 7020 rows and 0 columns.
MIP Presolve modified 51748 coefficients.
Aggregator did 25907 substitutions.
Reduced MIP has 51587 rows, 43791 columns, and 164393 nonzeros.
Reduced MIP has 17302 binaries, 0 generals, 0 SOSs, and 0 indicators.
Presolve time = 0.61 sec. (396.10 ticks)
Probing fixed 885 vars, tightened 16918 bounds.
Probing time = 0.44 sec. (19.82 ticks)
Tried aggregator 2 times.
MIP Presolve eliminated 2054 rows and 1774 columns.
MIP Presolve modified 6406 coefficients.
Aggregator did 96 substitutions.
Reduced MIP has 49437 rows, 41921 columns, and 144807 nonzeros.
Reduced MIP has 16417 binaries, 0 generals, 0 SOSs, and 0 indicators.
Presolve time = 0.23 sec. (257.76 ticks)
Probing fixed 0 vars, tightened 514 bounds.
Probing time = 0.58 sec. (17.79 ticks)
Clique table members: 83988.
MIP emphasis: integer feasibility.
MIP search method: dynamic search.
Parallel mode: opportunistic, using up to 32 threads.
Root relaxation solution time = 1.45 sec. (2811.15 ticks)

        Nodes                                         Cuts/
   Node  Left     Objective  IInf  Best Integer    Best Bound    ItCnt     Gap

      0     0    -4784.6522  1149                  -4784.6522    12223         
      0     0    -4790.3939   940                   Cuts: 662    12536         
      0     0    -4792.0883   911                   Cuts: 250    12647         
      0     0    -4794.4288   937                   Cuts: 101    12801         
      0    26    -7038.9214   921                Impl Bds: 59    16742         
Elapsed time = 9.92 sec. (5629.61 ticks, tree = 0.02 MB, solutions = 0)
    157    91   -64655.2637  1043                  -4796.5988    17308         
    349   197   -65967.8591  1024                  -4796.5988    26947         
    515   231   -67744.6035  1214                  -4796.5988    31791         
    654   420   -18984.8766   913                  -4796.5988    51609         
    769   594   -66222.8681  1030                  -4796.5988    76703         
    838   708    infeasible                        -4796.5988   110031         
    934   701    infeasible                        -4796.5988   105839         
   1046   788   -66620.4819  1034                  -4796.5988   133215         
   1156   890   -66015.1212   996                  -4796.5988   169418         
   1897  1243   -47456.1192   988                  -4796.5988   249648         
Elapsed time = 29.25 sec. (8750.13 ticks, tree = 75.20 MB, solutions = 0)
   2690  1754   -68952.5783   929                  -4796.5988   310039         
   3477  2332    -5857.3368   869                  -4796.5988   370679         
   4263  2500    -4829.0256   892                  -4797.6836   381972         
   4946  3386   -15983.6715   865                  -4797.6836   430126         
   5556  3129    -8615.1646   880                  -4797.6836   423151         
   6090  3632   -19705.6748   900                  -4797.6836   448206         
   6610  4486   -41509.1171   990                  -4797.6836   515500         
   7041  4423    -9703.8163   873                  -4797.6836   501387         
   7407  4683   -21404.0767   903                  -4797.6836   538898         
   7788  5207   -21767.6554   904                  -4797.6836   589579         
Elapsed time = 84.42 sec. (18299.60 ticks, tree = 182.47 MB, solutions = 0)
   8174  5175   -12211.6305   874                  -4797.6836   587191         
   8728  5228    -5876.7006   798                  -4797.6836   588639         
   8908  5687    -5088.9618   870                  -4797.6836   636566         
   9096  5694   -12104.8756   857                  -4797.6836   639685         
   9311  5737   -35743.3903  1011                  -4797.6836   639835         
   9386  4984   -17940.0674  1043                  -4797.6836   557198         
   9387  5541   -37172.7660   922                  -4797.6836   624951         
   9390  5521   -20883.2690  1049                  -4797.6836   623402         
   9391  5743   -36826.4432  1058                  -4797.6836   641319         
   9392  6847    -7554.0563   942                  -4806.2194   756629         
Elapsed time = 106.64 sec. (34986.07 ticks, tree = 231.51 MB, solutions = 0)
  10374   265   -65517.9362  1084                  -4809.3266   763743         
  11253   629   -77674.0423  1139                  -4809.3266   771890         
  12246  1673    -5384.9988   872                  -4809.3266   799785         
  13037  2018    -5092.8169   920                  -4809.3266   816782         
  13788  3448   -12060.8389   915                  -4809.3266   898371         
  14570  4578   -11259.9565   882                  -4809.3266   954719         
  15292  3815    -5775.4365   893                  -4809.3266   919756         
  15955  4219    -8240.1889   907                  -4809.3266   938524         
  16408  5138    -6181.1000   914                  -4809.3266   994819         
  16998  5002    -6836.7040   894                  -4809.3266   985385         
Elapsed time = 164.11 sec. (44542.02 ticks, tree = 157.01 MB, solutions = 0)
  17537  5999    -6585.5153   865                  -4809.3266  1061007         
  18089  5503    infeasible                        -4809.3266  1013330         
  18596  5583    -6683.9021   897                  -4809.3266  1024080         
  19093  6844    -9117.8087   875                  -4809.3266  1147529         
  19570  6773   -17533.8394   890                  -4809.3266  1139804         
  20069  7042   -13291.3930   870                  -4809.3266  1161072         
  20547  7258   -22160.2185   915                  -4809.3266  1180363         
  21125  7276    -7091.5680   922                  -4809.3266  1192064         
  21662  8408    -8523.0627   900                  -4809.3266  1290033         
  22274  7569    -5963.4356   960                  -4809.3266  1216963         
Elapsed time = 224.36 sec. (54090.21 ticks, tree = 396.11 MB, solutions = 0)
  22831  7695    -6098.1447   865                  -4809.3266  1229924         
  23420  7996    -7877.1136   870                  -4809.3266  1262811         
  24004  8093   -10367.7834   879                  -4809.3266  1269685         
  24586  8112    -9334.0836   884                  -4809.3266  1270533         
  25039 11747    -7311.7070   942                  -4809.3266  1514366         
  25506 11302    infeasible                        -4809.3266  1494693         
  25965 11608    -5101.3080   872                  -4809.3266  1518731         
  26420  9663    -7398.7070   874                  -4809.3266  1348449         
  26899 10031    -8648.2778   894                  -4809.3266  1396574         
  27384 10867    infeasible                        -4809.3266  1448329         
Elapsed time = 327.31 sec. (63640.59 ticks, tree = 786.93 MB, solutions = 0)
  27951 11842    -5549.2093   885                  -4809.3266  1523969         
  28480 10445    infeasible                        -4809.3266  1428425         
  28955 10768    infeasible                        -4809.3266  1444350         
  29494 10784    -5024.4867   877                  -4809.3266  1446577         
  29995 12394   -11493.1695   889                  -4809.3266  1559166         
  30413 15965    infeasible                        -4809.3266  1922606         
  30904 12769    -8830.3766   894                  -4809.3266  1601560         
  31479 14094    -6794.2336   900                  -4809.3266  1714325         
  32092 15317   -17734.7653   877                  -4809.3266  1843371         
  32720 14141    -7748.7907   877                  -4809.3266  1715191         
Elapsed time = 414.75 sec. (73196.93 ticks, tree = 856.66 MB, solutions = 0)
  33331 14765   -11603.9674   931                  -4809.3266  1795872         
  33949 14181    -9335.7858   888                  -4809.3266  1717668         
  34508 14032    -8045.1848   913                  -4809.3266  1704345         
  35083 17120   -18232.9830   944                  -4809.3266  2026556         
  35535 14831    -4958.9155   872                  -4809.3266  1801174         
  36097 15449   -13141.5267   923                  -4809.3266  1853876         
  36536 17191   -12031.1286   912                  -4809.3266  2029237         
  36997 19123   -20852.9064   976                  -4809.3266  2205300         
  37410 17226   -24663.4420   953                  -4809.3266  2032492         
  37758 19164   -44656.1450  1040                  -4809.3266  2208295         
Elapsed time = 414.75 sec. (82752.49 ticks, tree = 946.95 MB, solutions = 0)
  38069 18675   -62411.8648  1162                  -4809.3266  2161958         
  38414 16606    -7603.0704   889                  -4809.3266  1996914         
  38788 18718    -5546.1270   913                  -4809.3266  2164327         
  39136 17771   -22066.2241   955                  -4809.3266  2109320         
  39437 18902    -6234.4622   898                  -4809.3266  2186435         
  39753 19251   -40502.8621   973                  -4809.3266  2217408         
  40023 18925   -19406.1939   936                  -4809.3266  2191693         
  40349 20051   -28841.1073   981                  -4809.3266  2290949         
  40613 22170  -177052.5100   943                  -4809.3266  2561850         
  40891 21308    -6012.6578   957                  -4809.3266  2429564         
Elapsed time = 414.75 sec. (92319.11 ticks, tree = 977.46 MB, solutions = 0)
  41221 19728   -21171.9524   957                  -4809.3266  2258007         
  41622 21506   -23757.5815   918                  -4809.3266  2450685         
  42056 21151   -22080.7101   945                  -4809.3266  2418094         
  42497 21377   -37621.1832   969                  -4809.3266  2436433         
  42922 21953   -25342.4205   946                  -4809.3266  2535810         
  43313 21989    -8084.0186   939                  -4809.3266  2530253         
  43649 21205   -21226.7999   940                  -4809.3266  2426156         
  43988 22550   -10195.5570   914                  -4809.3266  2644689         
  44247 23263   -25255.4399   976                  -4809.3266  2731747         
  44934 22413   -29955.3730   993                  -4809.3266  2604629         
Elapsed time = 414.75 sec. (104741.63 ticks, tree = 992.03 MB, solutions = 0)
  45448 23433    -8063.3497   898                  -4809.3266  2759479         
  45658 23457   -23437.8276   999                  -4809.3266  2761640         
