
Log started (V12.9.0.0) Thu Jul  9 09:26:40 2020

New value for parallel optimization mode: -1
New value for mixed integer optimality gap tolerance: 0.01
New value for deterministic time limit in ticks: 30000

Problem 'C:\Users\llavin\Desktop\test78\logs\tmpvrw8dx1t.pyomo.lp' read.
Read time = 0.81 sec. (41.92 ticks)
MIP start file 'C:\Users\llavin\Desktop\test78\logs\tmptw5ueo2t.cplex.mst' read.

Problem name         : C:\Users\llavin\Desktop\test78\logs\tmpvrw8dx1t.pyomo.lp
Objective sense      : Maximize
Variables            :  163915  [Nneg: 1,  Box: 68270,  Free: 13392,
                                 Binary: 82252]
Objective nonzeros   :   28226
Linear constraints   :  370597  [Less: 124386,  Greater: 177752,  Equal: 68459]
  Nonzeros           :  872647
  RHS nonzeros       :  202031

Variables            : Min LB: -5000.000        Max UB: 1000000.       
Objective nonzeros   : Min   : 2.333333         Max   : 834.3000       
Linear constraints   :
  Nonzeros           : Min   : 0.9219544        Max   : 1000000.       
  RHS nonzeros       : Min   : 1.000000         Max   : 1000000.       
CPXPARAM_Parallel                                -1
CPXPARAM_DetTimeLimit                            30000
CPXPARAM_MIP_Tolerances_MIPGap                   0.01
1 of 1 MIP starts provided solutions.
MIP start 'm1' defined initial solution with objective 0.0000.
Tried aggregator 3 times.
MIP Presolve eliminated 269694 rows and 64331 columns.
MIP Presolve added 9143 rows and 0 columns.
MIP Presolve modified 73560 coefficients.
Aggregator did 38892 substitutions.
Reduced MIP has 71154 rows, 58244 columns, and 212909 nonzeros.
Reduced MIP has 22893 binaries, 0 generals, 0 SOSs, and 0 indicators.
Presolve time = 0.95 sec. (508.29 ticks)
Probing fixed 1306 vars, tightened 14385 bounds.
Probing time = 0.64 sec. (23.30 ticks)
Tried aggregator 2 times.
MIP Presolve eliminated 2900 rows and 2612 columns.
MIP Presolve modified 8135 coefficients.
Aggregator did 72 substitutions.
Reduced MIP has 68182 rows, 55560 columns, and 204281 nonzeros.
Reduced MIP has 21587 binaries, 0 generals, 0 SOSs, and 0 indicators.
Presolve time = 0.34 sec. (222.97 ticks)
Probing fixed 0 vars, tightened 828 bounds.
Probing time = 1.13 sec. (36.91 ticks)
Clique table members: 157751.
MIP emphasis: balance optimality and feasibility.
MIP search method: dynamic search.
Parallel mode: opportunistic, using up to 32 threads.
Root relaxation solution time = 1.05 sec. (1193.53 ticks)

        Nodes                                         Cuts/
   Node  Left     Objective  IInf  Best Integer    Best Bound    ItCnt     Gap

*     0+    0                            0.0000   1.70497e+08              --- 
      0     0   1.00000e+37     0        0.0000   1.70497e+08    13773     --- 

Root node processing (before b&c):
  Real time             =    5.34 sec. (3107.96 ticks)
Parallel b&c, 32 threads:
  Real time             =    0.00 sec. (0.00 ticks)
  Sync time (average)   =    0.00 sec.
  Wait time (average)   =    0.00 sec.
                          ------------
Total (root+branch&cut) =    5.34 sec. (3107.96 ticks)

Solution pool: 1 solution saved.

MIP - Aborted, integer feasible:  Objective =  0.0000000000e+00
Current MIP best bound =  1.7049686065e+08 (gap = 1.70497e+08, 1.7e+20%)
Solution time =    5.39 sec.  Iterations = 13773  Nodes = 0
Deterministic time = 3108.43 ticks  (576.70 ticks/sec)


Incumbent solution written to file 'C:\Users\llavin\Desktop\test78\logs\tmp0lg1pkwd.cplex.sol'.
