
Log started (V12.10.0.0) Thu Jul  2 13:03:01 2020

New value for parallel optimization mode: -1
New value for mixed integer optimality gap tolerance: 0.01
New value for deterministic time limit in ticks: 300000

Problem 'C:\Users\wenmi\Desktop\competitiveMPEC\logs\tmpgmdm8xn9.pyomo.lp' read.
Read time = 0.16 sec. (13.75 ticks)
MIP start file 'C:\Users\wenmi\Desktop\competitiveMPEC\logs\tmp3z4tx2t5.cplex.mst' read.

Problem name         : C:\Users\wenmi\Desktop\competitiveMPEC\logs\tmpgmdm8xn9.pyomo.lp
Objective sense      : Maximize
Variables            :   56815  [Nneg: 1,  Box: 23722,  Free: 4608,
                                 Binary: 28484]
Objective nonzeros   :    9713
Linear constraints   :  128331  [Less: 43086,  Greater: 61576,  Equal: 23669]
  Nonzeros           :  302884
  RHS nonzeros       :   69620

Variables            : Min LB: -5000.000        Max UB: 1000000.       
Objective nonzeros   : Min   : 0.1000000        Max   : 722.0000       
Linear constraints   :
  Nonzeros           : Min   : 0.1000000        Max   : 1000000.       
  RHS nonzeros       : Min   : 0.1000000        Max   : 1000000.       
Version identifier: 12.10.0.0 | 2019-11-26 | 843d4de2ae
CPXPARAM_Parallel                                -1
CPXPARAM_DetTimeLimit                            300000
CPXPARAM_MIP_Tolerances_MIPGap                   0.01
Warning:  No solution found from 1 MIP starts.
Retaining values of one MIP start for possible repair.
Tried aggregator 3 times.
MIP Presolve eliminated 93265 rows and 21327 columns.
MIP Presolve added 3409 rows and 0 columns.
MIP Presolve modified 25766 coefficients.
Aggregator did 13499 substitutions.
Reduced MIP has 24976 rows, 21311 columns, and 68582 nonzeros.
Reduced MIP has 8407 binaries, 0 generals, 0 SOSs, and 0 indicators.
Presolve time = 0.16 sec. (171.13 ticks)
Probing fixed 357 vars, tightened 4094 bounds.
Probing time = 0.03 sec. (18.13 ticks)
Tried aggregator 2 times.
Detecting symmetries...
MIP Presolve eliminated 807 rows and 716 columns.
MIP Presolve modified 3122 coefficients.
Aggregator did 36 substitutions.
Reduced MIP has 24133 rows, 20559 columns, and 66144 nonzeros.
Reduced MIP has 8049 binaries, 0 generals, 0 SOSs, and 0 indicators.
Presolve time = 0.06 sec. (90.25 ticks)
Probing fixed 0 vars, tightened 298 bounds.
Probing time = 0.06 sec. (23.06 ticks)
Clique table members: 46328.
MIP emphasis: balance optimality and feasibility.
MIP search method: dynamic search.
Parallel mode: opportunistic, using up to 16 threads.
Root relaxation solution time = 0.27 sec. (331.66 ticks)

        Nodes                                         Cuts/
   Node  Left     Objective  IInf  Best Integer    Best Bound    ItCnt     Gap

      0     0   335604.4644   430                 335604.4644     6530         
*     0+    0                       149343.5855   335604.4644           124.72%
      0     0   321984.6974   430   149343.5855     Cuts: 402     7147  115.60%
      0     0   320146.0673   430   149343.5855     Cuts: 226     7433  114.37%
      0     0   319229.0451   430   149343.5855     Cuts: 116     7560  113.75%
      0     0   319190.4830   430   149343.5855      Cuts: 52     7609  113.73%
      0     0   319179.5350   430   149343.5855      Cuts: 68     7657  113.72%
      0     0   319177.6540   430   149343.5855      Cuts: 20     7676  113.72%
      0     0   319177.6540   430   149343.5855   Flowcuts: 3     7679  113.72%
Repair heuristic found nothing.
      0     2   319177.6540   430   149343.5855   319175.7295     7679  113.72%
Elapsed time = 4.63 sec. (3306.53 ticks, tree = 0.02 MB, solutions = 1)
     90   108   301188.9598   284   149343.5855   317700.8605     9876  112.73%
    353   126   282118.7472   319   149343.5855   317700.8605    10082  112.73%
    657   252   266107.2932   196   149343.5855   317700.8605    11878  112.73%
    954   564   253569.6014   213   149343.5855   317700.8605    16946  112.73%
   1344  1092   261365.3637   262   149343.5855   317700.8605    25892  112.73%
   1654  1439   232071.1305   205   149343.5855   317700.8605    32845  112.73%
   1917  1622   244680.2770   180   149343.5855   317700.8605    37526  112.73%
   2179  1636   205803.6574   104   149343.5855   317482.8811    37684  112.59%
   2453  1690   207865.0564    52   149343.5855   317482.8811    38793  112.59%
   3569  2280   259935.4169   270   149343.5855   317482.8811    49268  112.59%
Elapsed time = 17.83 sec. (6416.36 ticks, tree = 17.66 MB, solutions = 1)
   4551  3104   213049.6229   171   149343.5855   317405.5687    65222  112.53%

Performing restart 1

Repeating presolve.
Tried aggregator 3 times.
MIP Presolve eliminated 814 rows and 741 columns.
MIP Presolve modified 28174 coefficients.
Aggregator did 201 substitutions.
Reduced MIP has 23118 rows, 19617 columns, and 62759 nonzeros.
Reduced MIP has 7747 binaries, 0 generals, 0 SOSs, and 0 indicators.
Presolve time = 0.08 sec. (82.53 ticks)
Tried aggregator 2 times.
MIP Presolve eliminated 455 rows and 379 columns.
MIP Presolve modified 12686 coefficients.
Aggregator did 11 substitutions.
Reduced MIP has 22652 rows, 19227 columns, and 61485 nonzeros.
Reduced MIP has 7560 binaries, 0 generals, 0 SOSs, and 0 indicators.
Presolve time = 0.03 sec. (42.99 ticks)
Tried aggregator 2 times.
MIP Presolve modified 8726 coefficients.
Aggregator did 2 substitutions.
Reduced MIP has 22650 rows, 19225 columns, and 61479 nonzeros.
Reduced MIP has 7560 binaries, 0 generals, 0 SOSs, and 0 indicators.
Presolve time = 0.05 sec. (58.14 ticks)
Represolve time = 0.58 sec. (423.50 ticks)
   4889     0   318659.6250   603   149343.5855     Cuts: 323    93467  112.53%
   4889     0   318564.9184   603   149343.5855     Cuts: 137    93574  112.53%
   4889     0   318513.3024   603   149343.5855     Cuts: 113    93676  112.53%
   4889     0   318384.1557   603   149343.5855     Cuts: 131    93835  112.53%
   4889     0   317916.4228   603   149343.5855     Cuts: 144    93987  112.53%
   4889     0   317378.9172   603   149343.5855     Cuts: 102    94088  112.52%
   4889     0   316438.7944   603   149343.5855      Cuts: 86    94183  111.89%
   4889     0   316200.9136   603   149343.5855      Cuts: 66    94276  111.73%
   4889     0   316102.0948   603   149343.5855     Cuts: 138    94380  111.66%
   4889     0   315480.3323   603   149343.5855      Cuts: 55    94471  111.24%
   4889     0   315153.3669   603   149343.5855      Cuts: 89    94585  111.03%
   4889     0   315089.1395   603   149343.5855      Cuts: 81    94692  110.98%
   4889     0   314977.5220   603   149343.5855      Cuts: 73    94757  110.91%
   4889     0   314904.9165   603   149343.5855      Cuts: 68    94834  110.86%
   4889     0   314868.1390   603   149343.5855     Cuts: 160    94941  110.83%
   4889     0   314856.3019   603   149343.5855      Cuts: 81    95004  110.83%
   4889     0   314822.1435   603   149343.5855     Cuts: 115    95100  110.80%
   4889     0   314778.7826   603   149343.5855     Cuts: 104    95185  110.77%
   4889     0   314763.2663   603   149343.5855      Cuts: 84    95248  110.76%
   4889     0   314762.9452   603   149343.5855     Cuts: 148    95312  110.76%
   4889     0   314738.3231   603   149343.5855      Cuts: 72    95370  110.75%
   4889     2   314738.3231   434   149343.5855   314738.3231    95370  110.75%
   4995    40   275379.7461   333   149343.5855   312595.5499    97377  109.31%
   5240     7   314650.1720   444   149343.5855   312595.5499    95457  109.31%
   5629    70        cutoff         149343.5855   312595.5499   101000  109.31%
   6171   208   268278.7768   393   149343.5855   307341.1821   109288  105.79%
   6889   569   162684.3784   166   149343.5855   306096.5429   131331  104.96%
   7873  1048        cutoff         149343.5855   294925.8728   158439   97.48%
   9012  1091   263455.2688   364   149343.5855   282733.8583   161433   89.32%
  10209  1387        cutoff         149343.5855   282733.8583   172328   89.32%
Elapsed time = 70.45 sec. (23408.32 ticks, tree = 13.93 MB, solutions = 1)
  11445  2623   259296.0538   363   149343.5855   276787.2067   228284   85.34%
  12614  1887   262792.8772   321   149343.5855   276787.2067   194724   85.34%
  13614  3092   174011.0919   119   149343.5855   270360.1549   251476   81.03%
  14370  4650        cutoff         149343.5855   270360.1549   320235   81.03%
  15008  4440   229638.3215   293   149343.5855   267682.5659   310786   79.24%
  15537  6435   152478.6549   185   149343.5855   267682.5659   398800   79.24%
  16091  5624   150295.8472    28   149343.5855   263371.8857   361614   76.35%
  16798  6183   239256.6468   342   149343.5855   263371.8857   386796   76.35%
  17504  6584        cutoff         149343.5855   263371.8857   405412   76.35%
  18438  7214   209070.5251   360   149343.5855   260634.6186   434400   74.52%
Elapsed time = 111.84 sec. (32951.78 ticks, tree = 58.10 MB, solutions = 1)
  19507  8682   170801.2089   235   149343.5855   260258.2665   505062   74.27%
  20569  9407   180783.1837   198   149343.5855   258920.5898   535638   73.37%
  21631  9717   190392.8613   189   149343.5855   257149.1257   546488   72.19%
  22835  8231   199505.9335   318   149343.5855   257050.7514   477400   72.12%
  23954  9560        cutoff         149343.5855   255948.2435   540513   71.38%
  25146 12746   178172.2247    71   149343.5855   254929.7206   637692   70.70%
  26433 14456   248560.0684   320   149343.5855   253324.6316   686318   69.63%
  27565 10731   196099.1278   215   149343.5855   253324.6316   580966   69.63%
  28672 11992    infeasible         149343.5855   252046.4484   617745   68.77%
  29755 14610   191507.1247   176   149343.5855   251002.7517   690101   68.07%
Elapsed time = 153.03 sec. (42494.07 ticks, tree = 114.21 MB, solutions = 1)
  30891 14940   186951.2277   136   149343.5855   249886.3791   701093   67.32%
  32069 13912    infeasible         149343.5855   249886.3791   672513   67.32%
  33245 16226   225176.8570   231   149343.5855   248560.0684   735417   66.44%
  34532 19925   198831.5965   254   149343.5855   247390.8680   837462   65.65%
  35730 16347   225839.2399   386   149343.5855   247390.8680   738604   65.65%
  36834 18379   155672.5816   136   149343.5855   246036.7484   799800   64.75%
  37954 21290   190068.9639   192   149343.5855   246036.7484   882072   64.75%
  39117 21327   216911.2818   284   149343.5855   245659.3867   883265   64.49%
  40249 19178   214422.3098   269   149343.5855   245078.3576   819420   64.10%
  41376 21339   226477.6229   292   149343.5855   244410.7481   883790   63.66%
Elapsed time = 193.28 sec. (52040.28 ticks, tree = 165.66 MB, solutions = 1)
  42533 22438   179779.6071   146   149343.5855   244410.7481   919471   63.66%
  43709 22675   167161.8181    44   149343.5855   243886.8330   925406   63.31%
  44830 23346   230388.1592   263   149343.5855   243494.1869   944036   63.04%
  46016 25795   211279.4527   309   149343.5855   242877.1225  1007371   62.63%
  47272 23256   180228.2842   145   149343.5855   242877.1225   941722   62.63%
  48514 30695   200892.3863   256   149353.7924   241110.8749  1132357   61.44%
  49859 30763   208869.1337   274   149353.7924   241110.8749  1133743   61.44%
  51147 30819   184062.9391   138   149353.7924   241110.8749  1134818   61.44%
  52401 27937        cutoff         149353.7924   241110.8749  1063725   61.44%
  53564 30967   164947.4793    17   149353.7924   239759.8553  1136728   60.53%
Elapsed time = 232.86 sec. (61596.62 ticks, tree = 241.40 MB, solutions = 4)
  54458 30717   181420.4761   192   149353.7924   239759.8553  1133004   60.53%
  55600 30220   186729.2737   151   149353.7924   239759.8553  1119813   60.53%
  56899 30296   159472.3852   140   149353.7924   239191.7632  1121938   60.15%
  58103 30526   200144.5312   189   149353.7924   239191.7632  1127745   60.15%
  59240 38414   182709.0981   139   149353.7924   238661.3840  1327490   59.80%
  60510 39244   223168.0177   254   149353.7924   237827.7168  1349546   59.24%
  61668 32301   201064.6983   250   149353.7924   237827.7168  1174441   59.24%
  62873 31948   202776.5586   297   149353.7924   237827.7168  1166243   59.24%
  64146 35546   180244.8111   191   149353.7924   237827.7168  1259741   59.24%
  65290 34540   203470.3075   188   149353.7924   237562.5541  1232528   59.06%
Elapsed time = 271.52 sec. (71140.89 ticks, tree = 267.23 MB, solutions = 4)
  66482 42608        cutoff         149353.7924   237267.4268  1439193   58.86%
  67708 37292   161609.2273   126   149353.7924   237267.4268  1302655   58.86%
  68897 38721   165985.5411   242   149353.7924   236749.0851  1336446   58.52%
  69999 42757   183086.8913   207   149353.7924   236749.0851  1443465   58.52%
  71194 40913   198455.4744   266   149353.7924   236749.0851  1394336   58.52%
  72318 44548   203862.3145   203   149353.7924   236539.0232  1489364   58.37%
  73520 43399   207880.4785   288   149353.7924   236539.0232  1459897   58.37%
  74721 41085        cutoff         149353.7924   235893.5385  1399356   57.94%
  75888 43863   160373.7526   224   149353.7924   235893.5385  1473365   57.94%
  77078 44777   223392.2276   336   149353.7924   235893.5385  1493072   57.94%
Elapsed time = 310.83 sec. (80687.09 ticks, tree = 345.41 MB, solutions = 4)
  78320 46008   186520.9478   194   149353.7924   235313.1851  1531168   57.55%
  79590 48290   198343.4741   150   149353.7924   235313.1851  1587031   57.55%
  80915 46603   160871.2759   119   149353.7924   234703.8195  1545999   57.15%
  82118 48417   226393.2299   253   149353.7924   234703.8195  1590529   57.15%
  83402 50163   213679.5775   325   149353.7924   234231.2733  1634680   56.83%
  84756 54627        cutoff         149353.7924   234231.2733  1754440   56.83%
  86125 51730        cutoff         149353.7924   234231.2733  1677796   56.83%
  87473 53405   190209.5790   249   149353.7924   234231.2733  1722866   56.83%
  88670 51438   215173.8593   192   149353.7924   234231.2733  1668937   56.83%
  89802 51508   215054.1585   178   149353.7924   234231.2733  1670720   56.83%
Elapsed time = 349.16 sec. (90227.86 ticks, tree = 396.92 MB, solutions = 4)
  90904 53002        cutoff         149353.7924   234231.2733  1710130   56.83%
  92040 55482   172954.9230   230   149353.7924   234231.2733  1778825   56.83%
  92980 56980   153850.7549   126   149353.7924   234231.2733  1822459   56.83%
  93845 58922   207225.5217   211   149353.7924   234231.2733  1874217   56.83%
  94472 55141   167718.1034   207   149353.7924   234231.2733  1771304   56.83%
  95205 57036   204115.6322   148   149353.7924   234231.2733  1827707   56.83%
  95783 58235   165049.0537    83   149353.7924   234231.2733  1857540   56.83%
  96208 57904   204305.3162   129   149353.7924   234231.2733  1844883   56.83%
  96608 58352   163528.6063    42   149353.7924   234231.2733  1858042   56.83%

Performing restart 2

Repeating presolve.
Tried aggregator 2 times.
MIP Presolve eliminated 23 rows and 22 columns.
MIP Presolve modified 5275 coefficients.
Aggregator did 3 substitutions.
Reduced MIP has 22624 rows, 19200 columns, and 62797 nonzeros.
Reduced MIP has 7549 binaries, 0 generals, 0 SOSs, and 0 indicators.
Presolve time = 0.05 sec. (41.76 ticks)
Tried aggregator 2 times.
MIP Presolve eliminated 3 rows and 2 columns.
MIP Presolve modified 9902 coefficients.
Aggregator did 1 substitutions.
Reduced MIP has 22620 rows, 19197 columns, and 62786 nonzeros.
Reduced MIP has 7548 binaries, 0 generals, 0 SOSs, and 0 indicators.
Presolve time = 0.06 sec. (55.70 ticks)
Represolve time = 0.47 sec. (215.20 ticks)
  97164     0   312640.6018   632   149353.7924     Cuts: 941  2079393   55.52%
  97164     0   311160.4195   632   149353.7924     Cuts: 255  2079588   55.52%
  97164     0   310363.8462   632   149353.7924     Cuts: 340  2079765   55.52%
  97164     0   310301.0592   632   149353.7924     Cuts: 150  2079875   55.52%
  97164     0   310231.6446   632   149353.7924     Cuts: 111  2079948   55.52%
  97164     0   310169.8742   632   149353.7924      Cuts: 75  2080054   55.52%
  97164     0   309965.6014   632   149353.7924      Cuts: 66  2080107   55.52%
  97164     0   309951.2187   632   149353.7924      Cuts: 33  2080137   55.52%
  97164     2   309951.2183   540   149353.7924   232275.8493  2080137   55.52%
Elapsed time = 368.92 sec. (106192.51 ticks, tree = 0.02 MB, solutions = 4)
  97456   107   276435.9849   387   149353.7924   232275.8493  2085382   55.52%
  98115   301   274546.1787   424   149353.7924   232275.8493  2095972   55.52%
  98928   785   240893.7709   363   149353.7924   232275.8493  2126593   55.52%
 101036  1362        cutoff         149353.7924   232275.8493  2163015   55.52%
 104063  2907   183145.4511   313   149353.7924   232275.8493  2234961   55.52%
 106072  4987        cutoff         149353.7924   232275.8493  2323910   55.52%
