
Log started (V12.9.0.0) Mon Sep 14 14:56:32 2020

New value for parallel optimization mode: -1
New value for emphasis for MIP optimization: 1
New value for mixed integer optimality gap tolerance: 0.01
New value for integrality tolerance: 1e-12
New value for deterministic time limit in ticks: 75000

Problem 'C:\Users\llavin\Desktop\test826\logs\tmp2i2meb6f.pyomo.lp' read.
Read time = 0.23 sec. (13.92 ticks)

Problem name         : C:\Users\llavin\Desktop\test826\logs\tmp2i2meb6f.pyomo.lp
Objective sense      : Maximize
Variables            :   53809  [Nneg: 1,  Box: 22004,  Free: 4464,
                                 Binary: 27340]
Objective nonzeros   :    9089
Linear constraints   :  123253  [Less: 41346,  Greater: 59096,  Equal: 22811]
  Nonzeros           :  293156
  RHS nonzeros       :   67502

Variables            : Min LB: -5000.000        Max UB: 1000000.       
Objective nonzeros   : Min   : 0.008333333      Max   : 2500.000       
Linear constraints   :
  Nonzeros           : Min   : 0.008333333      Max   : 1000000.       
  RHS nonzeros       : Min   : 0.008333333      Max   : 1000000.       
CPXPARAM_Parallel                                -1
CPXPARAM_Emphasis_MIP                            1
CPXPARAM_DetTimeLimit                            75000
CPXPARAM_MIP_Tolerances_MIPGap                   0.01
CPXPARAM_MIP_Tolerances_Integrality              9.9999999999999998e-13
Tried aggregator 3 times.
MIP Presolve eliminated 88643 rows and 19001 columns.
MIP Presolve added 3359 rows and 0 columns.
MIP Presolve modified 24899 coefficients.
Aggregator did 12956 substitutions.
Reduced MIP has 25013 rows, 21304 columns, and 72546 nonzeros.
Reduced MIP has 8430 binaries, 0 generals, 0 SOSs, and 0 indicators.
Presolve time = 0.28 sec. (169.92 ticks)
Probing fixed 377 vars, tightened 4427 bounds.
Probing time = 0.06 sec. (19.75 ticks)
Tried aggregator 2 times.
MIP Presolve eliminated 848 rows and 754 columns.
MIP Presolve modified 3075 coefficients.
Aggregator did 28 substitutions.
Reduced MIP has 24137 rows, 20522 columns, and 70012 nonzeros.
Reduced MIP has 8053 binaries, 0 generals, 0 SOSs, and 0 indicators.
Presolve time = 0.11 sec. (87.93 ticks)
Probing fixed 0 vars, tightened 277 bounds.
Probing time = 0.16 sec. (22.88 ticks)
Clique table members: 43803.
MIP emphasis: integer feasibility.
MIP search method: dynamic search.
Parallel mode: opportunistic, using up to 32 threads.
Root relaxation solution time = 0.42 sec. (543.67 ticks)

        Nodes                                         Cuts/
   Node  Left     Objective  IInf  Best Integer    Best Bound    ItCnt     Gap

      0     0      404.3566    49                    404.3566     3957         
      0     0      404.3566     5                     Cuts: 7     3960         
      0     0      404.3566     4                   Covers: 1     3961         
      0     0      404.3566     3                   Covers: 1     3962         
      0     4    infeasible                          372.2352     3972         
Elapsed time = 2.98 sec. (1520.35 ticks, tree = 0.02 MB, solutions = 0)
    560    86    -7947.8867     7                    305.5201     5468         
    936   419    infeasible                          305.5201    24836         
   1350   477    -6373.3789    22                    305.5201    45978         
   1778   477    infeasible                          305.5201    50827         
