
Log started (V12.9.0.0) Tue Sep 15 15:07:04 2020

New value for parallel optimization mode: -1
New value for mixed integer optimality gap tolerance: 0.01
New value for integrality tolerance: 1e-09
New value for feasibility tolerance: 1e-08
New value for deterministic time limit in ticks: 75000

Problem 'C:\Users\llavin\Desktop\test826\logs\tmpnsdx1uus.pyomo.lp' read.
Read time = 0.25 sec. (14.73 ticks)

Problem name         : C:\Users\llavin\Desktop\test826\logs\tmpnsdx1uus.pyomo.lp
Objective sense      : Maximize
Variables            :   53805  [Nneg: 1,  Box: 22000,  Free: 4464,
                                 Binary: 27340]
Objective nonzeros   :    9078
Linear constraints   :  123205  [Less: 41346,  Greater: 59096,  Equal: 22763]
  Nonzeros           :  291705
  RHS nonzeros       :   67491

Variables            : Min LB: -5000.000        Max UB: 1000000.       
Objective nonzeros   : Min   : 1.000000e-06     Max   : 731.8583       
Linear constraints   :
  Nonzeros           : Min   : 1.000000e-06     Max   : 1000000.       
  RHS nonzeros       : Min   : 1.000000e-06     Max   : 1000000.       
CPXPARAM_Parallel                                -1
CPXPARAM_Simplex_Tolerances_Feasibility          1e-08
CPXPARAM_DetTimeLimit                            75000
CPXPARAM_MIP_Tolerances_MIPGap                   0.01
CPXPARAM_MIP_Tolerances_Integrality              1.0000000000000001e-09
Tried aggregator 3 times.
MIP Presolve eliminated 88717 rows and 19065 columns.
MIP Presolve added 3354 rows and 0 columns.
MIP Presolve modified 25391 coefficients.
Aggregator did 12952 substitutions.
Reduced MIP has 24890 rows, 21232 columns, and 70964 nonzeros.
Reduced MIP has 8402 binaries, 0 generals, 0 SOSs, and 0 indicators.
Presolve time = 0.30 sec. (177.46 ticks)
Probing fixed 463 vars, tightened 3577 bounds.
Probing time = 1.31 sec. (956.08 ticks)
Tried aggregator 2 times.
MIP Presolve eliminated 1028 rows and 927 columns.
MIP Presolve modified 2371 coefficients.
Aggregator did 59 substitutions.
Reduced MIP has 23803 rows, 20246 columns, and 67799 nonzeros.
Reduced MIP has 7939 binaries, 0 generals, 0 SOSs, and 0 indicators.
Presolve time = 0.11 sec. (68.02 ticks)
Probing fixed 0 vars, tightened 187 bounds.
Probing time = 0.34 sec. (212.35 ticks)
Clique table members: 12737.
MIP emphasis: balance optimality and feasibility.
MIP search method: dynamic search.
Parallel mode: opportunistic, using up to 32 threads.
Root relaxation solution time = 0.45 sec. (662.70 ticks)

        Nodes                                         Cuts/
   Node  Left     Objective  IInf  Best Integer    Best Bound    ItCnt     Gap

      0     0      -23.4052   139                    -23.4052     6838         
      0     0      -23.4052     2                     Cuts: 9     6844         
      0     0      -23.4052     1                   Covers: 1     6845         
      0     0      -23.4052     3                   Covers: 1     6847         
      0    19    infeasible                       Impl Bds: 2     7264         
Elapsed time = 6.67 sec. (4290.58 ticks, tree = 0.02 MB, solutions = 0)
    399   110     -161.1542     8                    -78.2354    10486         
    683   313  -117476.7199    70                    -78.2354    29272         
   1066   445     -115.5873    14                    -79.4321    44313         
   1413   495    infeasible                          -79.5589    47640         
   1771   693     -352.0110     9                    -79.5589    67355         
   2133   774    -2102.0707    14                    -79.5589    76335         
   2531   901    -1858.6393    10                    -79.5589    96966         
   3119   987    -3960.7202    29                    -79.5589   107510         
   3725  1089    infeasible                          -79.5589   120276         
   6189  2225    -1339.4031    27                    -94.5980   189098         
Elapsed time = 24.88 sec. (7397.81 ticks, tree = 33.59 MB, solutions = 0)
   8543  2975     -567.0141    18                    -95.0280   224972         
   8749  3643    infeasible                         -108.8613   253817         
   9601    77     -377.6455    11                   -108.8613   257066         
  10909  1304    infeasible                         -108.8613   282457         
  12643  1159     -153.8753    37                   -108.8613   278079         
  15474  3544     -447.8367    38                   -108.8613   336819         
  18067  3476   -11292.9344    45                   -127.2759   334206         
  20242  5652    -4016.7802    42                   -135.5938   386784         
  22381  7957    -5360.8479    47                   -135.5938   464067         
  24861  9205    -9763.0357    53                   -135.5938   496426         
Elapsed time = 82.58 sec. (21287.11 ticks, tree = 221.03 MB, solutions = 0)
  27026  9899    infeasible                         -135.5938   512014         
  28066 12469    -4787.8245    48                   -135.5938   574350         
  28942 12472     -747.9047    52                   -135.5938   574435         
  30482 12584    -4723.0198    50                   -135.5938   578023         
  33195 12624    -1059.7907    64                   -135.5938   579988         
  36039 14532    -1099.1931    47                   -135.5938   642276         
  38738 15089    -5253.1272    57                   -135.5938   663266         
  41601 18883    -1166.1826    64                   -135.5938   804033         
  44301 20111    infeasible                         -135.5938   846004         
  46878 19507    -5570.4812    49                   -135.5938   827125         
Elapsed time = 196.33 sec. (30828.09 ticks, tree = 821.50 MB, solutions = 0)
  49537 22457    -2725.8467    63                   -135.5938   937404         
  52155 22144    -4723.8164    53                   -135.5938   924379         
  54458 22888    -1283.5452    52                   -135.5938   959316         
  55529 23765    -4732.3444    55                   -135.5938   997373         
  55593 27162    infeasible                         -648.3938  1166093         
  56306   117    -2728.1641    14                   -648.3938  1169609         
  57144   403    -3326.7527    13                   -648.3938  1174537         
