
Log started (V12.9.0.0) Tue Sep 15 13:24:22 2020

New value for parallel optimization mode: -1
New value for emphasis for MIP optimization: 1
New value for mixed integer optimality gap tolerance: 0.01
New value for integrality tolerance: 1e-12
New value for deterministic time limit in ticks: 75000

Problem 'C:\Users\llavin\Desktop\test826\logs\tmp_7c713i3.pyomo.lp' read.
Read time = 0.25 sec. (14.75 ticks)
MIP start file 'C:\Users\llavin\Desktop\test826\logs\tmp9tobi4wc.cplex.mst' read.

Problem name         : C:\Users\llavin\Desktop\test826\logs\tmp_7c713i3.pyomo.lp
Objective sense      : Maximize
Variables            :   54525  [Nneg: 1,  Box: 22720,  Free: 4464,
                                 Binary: 27340]
Objective nonzeros   :    9798
Linear constraints   :  123205  [Less: 41346,  Greater: 59096,  Equal: 22763]
  Nonzeros           :  291705
  RHS nonzeros       :   70419

Variables            : Min LB: -5000.000        Max UB: 1000000.       
Objective nonzeros   : Min   : 1.000000e-06     Max   : 731.8583       
Linear constraints   :
  Nonzeros           : Min   : 1.000000e-06     Max   : 1000000.       
  RHS nonzeros       : Min   : 1.000000e-06     Max   : 1000000.       
CPXPARAM_Parallel                                -1
CPXPARAM_Emphasis_MIP                            1
CPXPARAM_DetTimeLimit                            75000
CPXPARAM_MIP_Tolerances_MIPGap                   0.01
CPXPARAM_MIP_Tolerances_Integrality              9.9999999999999998e-13
Warning:  No solution found from 1 MIP starts.
Retaining values of one MIP start for possible repair.
Tried aggregator 3 times.
MIP Presolve eliminated 87613 rows and 16905 columns.
MIP Presolve added 3354 rows and 0 columns.
MIP Presolve modified 25199 coefficients.
Aggregator did 12952 substitutions.
Reduced MIP has 25994 rows, 24304 columns, and 76244 nonzeros.
Reduced MIP has 8402 binaries, 0 generals, 0 SOSs, and 0 indicators.
Presolve time = 0.31 sec. (179.87 ticks)
Probing fixed 463 vars, tightened 3620 bounds.
Probing time = 1.44 sec. (1088.28 ticks)
Tried aggregator 2 times.
MIP Presolve eliminated 1028 rows and 927 columns.
MIP Presolve modified 2445 coefficients.
Aggregator did 60 substitutions.
Reduced MIP has 24906 rows, 23317 columns, and 73082 nonzeros.
Reduced MIP has 7939 binaries, 0 generals, 0 SOSs, and 0 indicators.
Presolve time = 0.13 sec. (73.41 ticks)
Probing fixed 0 vars, tightened 364 bounds.
Probing time = 0.47 sec. (318.80 ticks)
Clique table members: 14864.
MIP emphasis: integer feasibility.
MIP search method: dynamic search.
Parallel mode: opportunistic, using up to 32 threads.
Root relaxation solution time = 0.50 sec. (714.22 ticks)

        Nodes                                         Cuts/
   Node  Left     Objective  IInf  Best Integer    Best Bound    ItCnt     Gap

      0     0     1537.3276   179                   1537.3276     7883         
      0     0     1537.3276     1                     Cuts: 4     7887         
Repair heuristic found nothing.
      0    15    infeasible                           Cuts: 2     8094         
Elapsed time = 5.41 sec. (3225.34 ticks, tree = 0.02 MB, solutions = 0)
    583   189    infeasible                         1481.8996    13325         
   1027   454     1426.0173     3                   1481.8996    27908         
   1546   693    infeasible                         1481.6156    53920         
   2098   940      892.4639     6                   1481.6156    70299         
   2677   933      760.1122     2                   1481.6156    68779         
   3196  1084     1087.5135     9                   1481.6156    89648         
   3795  1519     1406.0093    11                   1481.6156   119833         
   4350  2083     1313.0273    12                   1480.7021   143113         
   4940  2146     1263.6877     8                   1480.7021   145001         
   7680  3982     1116.6198     9                   1480.7021   201774         
Elapsed time = 22.95 sec. (6327.68 ticks, tree = 339.83 MB, solutions = 0)
   8523  4560    infeasible                         1480.7021   220658         
  10464   637     -688.4066    27                   1480.6195   256365         
  12958  1015    infeasible                         1480.6195   266850         
  16406  2249      449.6701    13                   1480.6195   286886         
  19198  4813    -3538.2541    17                   1480.6195   349193         
  21863  6098    -1200.3930    19                   1480.6195   396159         
  23208  6525    infeasible                         1480.6195   418554         
  23658  7907     -753.6057    15                   1480.6195   487415         
  24826  8343    -1257.6402    21                   1480.6195   500156         
