
Log started (V12.9.0.0) Thu Sep 10 22:53:41 2020

New value for parallel optimization mode: -1
New value for mixed integer optimality gap tolerance: 0.01
New value for integrality tolerance: 1e-12
New value for deterministic time limit in ticks: 45000

Problem 'C:\Users\llavin\Desktop\test826\logs\tmp_6uk2wp4.pyomo.lp' read.
Read time = 0.23 sec. (13.64 ticks)

Problem name         : C:\Users\llavin\Desktop\test826\logs\tmp_6uk2wp4.pyomo.lp
Objective sense      : Maximize
Variables            :   53815  [Nneg: 1,  Box: 22002,  Free: 4464,
                                 Binary: 27348]
Objective nonzeros   :    8980
Linear constraints   :  123235  [Less: 41356,  Greater: 59114,  Equal: 22765]
  Nonzeros           :  292605
  RHS nonzeros       :   67515

Variables            : Min LB: -5000.000        Max UB: 1000000.       
Objective nonzeros   : Min   : 0.1750000        Max   : 772.4167       
Linear constraints   :
  Nonzeros           : Min   : 0.1750000        Max   : 1000000.       
  RHS nonzeros       : Min   : 0.001000000      Max   : 1000000.       
CPXPARAM_Parallel                                -1
CPXPARAM_DetTimeLimit                            45000
CPXPARAM_MIP_Tolerances_MIPGap                   0.01
CPXPARAM_MIP_Tolerances_Integrality              9.9999999999999998e-13
Tried aggregator 3 times.
MIP Presolve eliminated 88657 rows and 18937 columns.
MIP Presolve added 3402 rows and 0 columns.
MIP Presolve modified 24922 coefficients.
Aggregator did 13001 substitutions.
Reduced MIP has 24979 rows, 21321 columns, and 71466 nonzeros.
Reduced MIP has 8417 binaries, 0 generals, 0 SOSs, and 0 indicators.
Presolve time = 0.27 sec. (175.26 ticks)
Probing fixed 381 vars, tightened 4181 bounds.
Probing time = 0.06 sec. (19.32 ticks)
Tried aggregator 2 times.
MIP Presolve eliminated 863 rows and 765 columns.
MIP Presolve modified 3035 coefficients.
Aggregator did 38 substitutions.
Reduced MIP has 24078 rows, 20518 columns, and 68856 nonzeros.
Reduced MIP has 8035 binaries, 0 generals, 0 SOSs, and 0 indicators.
Presolve time = 0.11 sec. (89.57 ticks)
Probing fixed 1 vars, tightened 412 bounds.
Probing time = 0.14 sec. (25.48 ticks)
Clique table members: 44916.
MIP emphasis: balance optimality and feasibility.
MIP search method: dynamic search.
Parallel mode: opportunistic, using up to 32 threads.
Root relaxation solution time = 0.38 sec. (650.91 ticks)

        Nodes                                         Cuts/
   Node  Left     Objective  IInf  Best Integer    Best Bound    ItCnt     Gap

      0     0     5928.4512   156                   5928.4512     5524         
      0     0     5924.9720    11                    Cuts: 18     5535         
      0     0     5920.1746    14                     Cuts: 8     5541         
      0     0     5914.7931    14                    Cuts: 11     5547         
      0     0     5911.4938    15                     Cuts: 3     5554         
      0     0     5910.8000    15                     Cuts: 2     5561         
      0     0     5910.8000    17                     Cuts: 2     5563         
      0    25     3333.0543     4                     Cuts: 3     5686         
Elapsed time = 5.45 sec. (3152.21 ticks, tree = 0.02 MB, solutions = 0)
    496   157   -27787.3867    10                   5839.0530     8126         
   1075   676     3331.4802     2                   5839.0530    16907         
   1645   968    infeasible                         5839.0530    21286         
   2277  1177    infeasible                         5839.0530    24111         
   2876  1625     2507.1762     2                   5839.0530    31297         
   3537  1917     3812.9509     4                   5839.0530    36575         
   4232  2158     5736.2690     1                   5839.0530    41365         
   4908  2530    infeasible                         5839.0530    50120         
   5537  3047     4517.9998     1                   5839.0530    58193         
   8109  4635     5484.3403     3                   5839.0530    88660         
Elapsed time = 21.41 sec. (6255.81 ticks, tree = 31.76 MB, solutions = 0)
   8637  5586    infeasible                         5795.5952   111902         
   9467   434     5273.4450    10                   5712.6783   122090         
  11110   764     5623.4103    10                   5712.6783   130801         
  13632  2218     3711.2201     8                   5661.2230   161927         
  16932  4523     5364.2924     2                   5656.5305   203059         
  20217  6510    infeasible                         5643.8835   239797         
  23126  8173     3145.3920    14                   5643.8835   276488         
  26694 10156     3820.7535     7                   5643.8835   314909         
  30508 15292     2013.0884     7                   5643.8835   417617         
  33424 16344     3797.8702    10                   5643.8835   440058         
Elapsed time = 88.41 sec. (18879.94 ticks, tree = 133.32 MB, solutions = 0)
  36410 18031     3797.8732     7                   5643.8835   474290         
  39652 20770    infeasible                         5643.8835   521826         
  43416 23683     5588.2809     9                   5643.8835   578726         
  46695 25624     5430.0270     5                   5643.8835   610797         
  50208 29561    infeasible                         5643.8835   676248         
  54205 31053    -1172.8294     4                   5643.8835   702886         
  58141 33913     3773.5686     8                   5643.8835   752664         
  61887 36242     4270.3830     7                   5643.8835   786369         
  65217 39893     5567.6151    10                   5643.8835   838706         
  68189 40879     4295.3197     5                   5643.8835   856899         
Elapsed time = 140.17 sec. (28418.35 ticks, tree = 325.60 MB, solutions = 0)
  71669 43008     4740.1501     6                   5643.8835   892850         
  75049 46147  -212533.6217    32                   5643.8835   954520         
  78051 48445     5496.2233     6                   5643.8835   996356         
  81406 50820     4310.4210     7                   5643.8835  1041229         
  83081 52148     4818.2926    10                   5643.8835  1067772         
  83216 58223    infeasible                         5582.8505  1186145         
