
Log started (V12.9.0.0) Wed Sep  9 23:31:09 2020

New value for parallel optimization mode: -1
New value for mixed integer optimality gap tolerance: 0.02
New value for emphasis for MIP optimization: 1
New value for integrality tolerance: 1e-12
New value for deterministic time limit in ticks: 150000

Problem 'C:\Users\llavin\Desktop\test826\logs\tmp7bmnv1qx.pyomo.lp' read.
Read time = 0.48 sec. (28.93 ticks)

Problem name         : C:\Users\llavin\Desktop\test826\logs\tmp7bmnv1qx.pyomo.lp
Objective sense      : Maximize
Variables            :  107803  [Nneg: 1,  Box: 44062,  Free: 8928,
                                 Binary: 54812]
Objective nonzeros   :   18339
Linear constraints   :  246963  [Less: 82886,  Greater: 118460,  Equal: 45617]
  Nonzeros           :  621605
  RHS nonzeros       :  135881

Variables            : Min LB: -5000.000        Max UB: 1000000.       
Objective nonzeros   : Min   : 0.001000000      Max   : 208.3333       
Linear constraints   :
  Nonzeros           : Min   : 0.001000000      Max   : 1000000.       
  RHS nonzeros       : Min   : 0.001000000      Max   : 1000000.       
CPXPARAM_Parallel                                -1
CPXPARAM_Emphasis_MIP                            1
CPXPARAM_DetTimeLimit                            150000
CPXPARAM_MIP_Tolerances_MIPGap                   0.02
CPXPARAM_MIP_Tolerances_Integrality              9.9999999999999998e-13
Tried aggregator 3 times.
MIP Presolve eliminated 176489 rows and 37209 columns.
MIP Presolve added 7020 rows and 0 columns.
MIP Presolve modified 51748 coefficients.
Aggregator did 25907 substitutions.
Reduced MIP has 51587 rows, 43791 columns, and 164393 nonzeros.
Reduced MIP has 17302 binaries, 0 generals, 0 SOSs, and 0 indicators.
Presolve time = 0.58 sec. (396.10 ticks)
Probing fixed 885 vars, tightened 16918 bounds.
Probing time = 0.45 sec. (19.82 ticks)
Tried aggregator 2 times.
MIP Presolve eliminated 2054 rows and 1774 columns.
MIP Presolve modified 6406 coefficients.
Aggregator did 96 substitutions.
Reduced MIP has 49437 rows, 41921 columns, and 144807 nonzeros.
Reduced MIP has 16417 binaries, 0 generals, 0 SOSs, and 0 indicators.
Presolve time = 0.27 sec. (257.76 ticks)
Probing fixed 0 vars, tightened 514 bounds.
Probing time = 0.56 sec. (17.79 ticks)
Clique table members: 83988.
MIP emphasis: integer feasibility.
MIP search method: dynamic search.
Parallel mode: opportunistic, using up to 32 threads.
Root relaxation solution time = 1.28 sec. (2698.61 ticks)

        Nodes                                         Cuts/
   Node  Left     Objective  IInf  Best Integer    Best Bound    ItCnt     Gap

      0     0    -4784.6522  1174                  -4784.6522    12018         
      0     0    -4790.3884   977                   Cuts: 641    12395         
      0     0    -4792.1096   915                   Cuts: 256    12481         
      0     0    -4795.3915   950                    Cuts: 95    12566         
      0    14    -5084.8647   934                Impl Bds: 37    14497         
Elapsed time = 10.06 sec. (5625.47 ticks, tree = 0.02 MB, solutions = 0)
    230    80   -65784.1791  1060                  -4797.5111    15390         
    523   126   -65835.0243  1084                  -4797.5111    15853         
    823   382   -66669.4857  1038                  -4797.5111    17999         
   1091   769   -65982.1248  1052                  -4797.5111    28548         
   1281   810   -68200.3148  1046                  -4797.5111    29068         
   1503  1067   -12330.3066   898                  -4797.5111    38656         
   1783  1191   -67089.1647  1021                  -4797.5111    40360         
   2080  1475   -22343.8177   969                  -4797.5111    52925         
   2350  1754    -9142.6286   893                  -4797.5111    61392         
   3287  2118  -147244.4120  1002                  -4797.5111    84186         
Elapsed time = 30.89 sec. (8739.32 ticks, tree = 53.92 MB, solutions = 0)
   3957  2633    -7573.9314   877                  -4797.5111   115126         
   4482  3108    -8729.6266   864                  -4797.5111   173950         
   5072  3365   -25528.7907   939                  -4797.5111   237862         
