
Log started (V12.9.0.0) Thu Sep  3 15:51:42 2020

New value for parallel optimization mode: -1
New value for mixed integer optimality gap tolerance: 0.05
New value for emphasis for MIP optimization: 1
New value for integrality tolerance: 1e-12
New value for deterministic time limit in ticks: 25000

Problem 'C:\Users\llavin\Desktop\test826\logs\tmpmigg2g0p.pyomo.lp' read.
Read time = 0.53 sec. (28.56 ticks)
MIP start file 'C:\Users\llavin\Desktop\test826\logs\tmpoo7cvr3e.cplex.mst' read.

Problem name         : C:\Users\llavin\Desktop\test826\logs\tmpmigg2g0p.pyomo.lp
Objective sense      : Maximize
Variables            :  109223  [Nneg: 1,  Box: 45498,  Free: 8928,
                                 Binary: 54796]
Objective nonzeros   :   18768
Linear constraints   :  246901  [Less: 82864,  Greater: 118424,  Equal: 45613]
  Nonzeros           :  618172
  RHS nonzeros       :  134876

Variables            : Min LB: -5000.000        Max UB: 1000000.       
Objective nonzeros   : Min   : 0.008333333      Max   : 208.3333       
Linear constraints   :
  Nonzeros           : Min   : 0.008333333      Max   : 1000000.       
  RHS nonzeros       : Min   : 0.008333333      Max   : 1000000.       
CPXPARAM_Parallel                                -1
CPXPARAM_Emphasis_MIP                            1
CPXPARAM_DetTimeLimit                            25000
CPXPARAM_MIP_Tolerances_MIPGap                   0.050000000000000003
CPXPARAM_MIP_Tolerances_Integrality              9.9999999999999998e-13
Warning:  No solution found from 1 MIP starts.
Retaining values of one MIP start for possible repair.
Tried aggregator 3 times.
MIP Presolve eliminated 182878 rows and 44036 columns.
MIP Presolve added 5999 rows and 0 columns.
MIP Presolve modified 49554 coefficients.
Aggregator did 25717 substitutions.
Reduced MIP has 44305 rows, 37838 columns, and 127192 nonzeros.
Reduced MIP has 14836 binaries, 0 generals, 0 SOSs, and 0 indicators.
Presolve time = 0.59 sec. (342.98 ticks)
Probing fixed 944 vars, tightened 11782 bounds.
Probing time = 0.34 sec. (15.76 ticks)
Tried aggregator 2 times.
MIP Presolve eliminated 2080 rows and 1888 columns.
MIP Presolve modified 14656 coefficients.
Aggregator did 94 substitutions.
Reduced MIP has 42131 rows, 35856 columns, and 120862 nonzeros.
Reduced MIP has 13892 binaries, 0 generals, 0 SOSs, and 0 indicators.
Presolve time = 0.25 sec. (212.72 ticks)
Probing fixed 0 vars, tightened 4954 bounds.
Probing time = 0.52 sec. (26.81 ticks)
Clique table members: 65508.
MIP emphasis: integer feasibility.
MIP search method: dynamic search.
Parallel mode: opportunistic, using up to 32 threads.
Root relaxation solution time = 1.00 sec. (1603.63 ticks)

        Nodes                                         Cuts/
   Node  Left     Objective  IInf  Best Integer    Best Bound    ItCnt     Gap

      0     0     5611.2992   721                   5611.2992     9094         
      0     0     5611.2992    55                Flowcuts: 63     9111         
      0     0     5611.2992    58                    Cuts: 46     9127         
      0     0     5611.2992    56                    Cuts: 29     9137         
Repair heuristic found nothing.
      0    11     5594.4255    54                     Cuts: 5     9173         
Elapsed time = 8.58 sec. (4170.52 ticks, tree = 0.02 MB, solutions = 0)
    364   159     5598.5045    49                   5607.9848     9916         
    827   349     5317.3873    33                   5607.9848    11413         
   1240   849     5565.0677    32                   5607.9848    16303         
   1443  1278    infeasible                         5607.9848    25774         
   1847  1364    -1545.7068    47                   5607.9848    27996         
   2238  1745      654.1741    50                   5607.9848    39485         
