
Log started (V12.9.0.0) Mon Sep 21 13:09:19 2020

New value for parallel optimization mode: -1
New value for mixed integer optimality gap tolerance: 0.01
New value for integrality tolerance: 1e-09
New value for feasibility tolerance: 0.01
New value for deterministic time limit in ticks: 75000

Problem 'C:\Users\llavin\Desktop\test921Nik\logs\tmp3b0eszc5.pyomo.lp' read.
Read time = 0.53 sec. (28.96 ticks)
MIP start file 'C:\Users\llavin\Desktop\test921Nik\logs\tmpolaib8x3.cplex.mst' read.

Problem name         : C:\Users\llavin\Desktop\test921Nik\logs\tmp3b0eszc5.pyomo.lp
Objective sense      : Maximize
Variables            :  109243  [Nneg: 1,  Box: 45502,  Free: 8928,
                                 Binary: 54812]
Objective nonzeros   :   18850
Linear constraints   :  246963  [Less: 82886,  Greater: 118460,  Equal: 45617]
  Nonzeros           :  620919
  RHS nonzeros       :  135099

Variables            : Min LB: -5000.000        Max UB: 1000000.       
Objective nonzeros   : Min   : 0.008333333      Max   : 180.0000       
Linear constraints   :
  Nonzeros           : Min   : 0.001000000      Max   : 1000000.       
  RHS nonzeros       : Min   : 0.001000000      Max   : 1000000.       
CPXPARAM_Parallel                                -1
CPXPARAM_Simplex_Tolerances_Feasibility          0.01
CPXPARAM_DetTimeLimit                            75000
CPXPARAM_MIP_Tolerances_MIPGap                   0.01
CPXPARAM_MIP_Tolerances_Integrality              1.0000000000000001e-09
Warning:  No solution found from 1 MIP starts.
Retaining values of one MIP start for possible repair.
Tried aggregator 3 times.
MIP Presolve eliminated 180967 rows and 42361 columns.
MIP Presolve added 6176 rows and 0 columns.
MIP Presolve modified 43371 coefficients.
Aggregator did 25839 substitutions.
Reduced MIP has 46333 rows, 39545 columns, and 146996 nonzeros.
Reduced MIP has 15542 binaries, 0 generals, 0 SOSs, and 0 indicators.
Presolve time = 0.67 sec. (385.22 ticks)
Probing fixed 871 vars, tightened 5241 bounds.
Probing time = 1.02 sec. (225.40 ticks)
Tried aggregator 2 times.
MIP Presolve eliminated 1936 rows and 1743 columns.
MIP Presolve modified 4124 coefficients.
Aggregator did 90 substitutions.
Reduced MIP has 44307 rows, 37712 columns, and 141106 nonzeros.
Reduced MIP has 14671 binaries, 0 generals, 0 SOSs, and 0 indicators.
Presolve time = 0.25 sec. (191.12 ticks)
Probing fixed 0 vars, tightened 71 bounds.
Probing time = 0.47 sec. (78.33 ticks)
Clique table members: 13593.
MIP emphasis: balance optimality and feasibility.
MIP search method: dynamic search.
Parallel mode: opportunistic, using up to 32 threads.
Root relaxation solution time = 0.81 sec. (731.64 ticks)

        Nodes                                         Cuts/
   Node  Left     Objective  IInf  Best Integer    Best Bound    ItCnt     Gap

      0     0    20243.0193  3409                  20243.0193     9649         
      0     0    18822.5922  1560                   Cuts: 750    10088         
      0     0    18796.7138  1491                   Cuts: 398    10259         
      0     0    18789.9846  1478                   Cuts: 278    10299         
      0     0    18789.9846  1462                   Cuts: 240    10331         
      0     0    18789.9846  1452                   Cuts: 227    10353         
      0     0    18789.9846  1447                   Cuts: 213    10363         
      0     0    18789.9846  1443                   Cuts: 195    10371         
Repair heuristic found nothing.
      0    15    18636.9193  1435                  18753.2911    10455         
Elapsed time = 18.73 sec. (11264.36 ticks, tree = 0.02 MB, solutions = 0)
    204   152    18495.5420  1421                  18712.1637    11152         
    515   117    infeasible                        18703.5330    11042         
    862    78    17701.1745  1263                  18703.5330    10867         
   1306   733    17329.1667  1349                  18703.5330    17396         
   1694   735    14886.5253  1312                  18703.5330    17633         
   2111   512    17899.4265  1278                  18703.5330    14367         
   2575   651    infeasible                        18703.5330    17136         
   3040  1100    infeasible                        18703.5330    25088         
   3430  1292    14445.6485  1287                  18703.5330    38870         
   5100  1313    13957.3150  1228                  18703.5330    40378         
Elapsed time = 39.48 sec. (14369.44 ticks, tree = 9.93 MB, solutions = 0)
   6627  2056    12760.2736  1246                  18703.5330    80267         
   8322  2588    13440.7516  1181                  18703.5330    85486         
  10112  4607    infeasible                        18703.5330    98505         
  12175  3933    12450.8319  1147                  18703.5330    92710         
  14597  4954   -13666.1461  1098                  18703.5330   100487         
  16813  6659   -13382.8661   953                  18631.7848   107927         
  19224  9527    10257.0370  1166                  18629.0189   116948         
  21780 10771    -6888.3684   732                  18629.0189   120515         
  23721 11447     8715.1356  1090                  18629.0189   125969         
  25003 13271     7367.8062  1085                  18629.0189   128918         
Elapsed time = 95.78 sec. (23911.79 ticks, tree = 199.81 MB, solutions = 0)
  25423 14806    12706.2407   904                  18629.0189   131372         
  25426 15986    -4255.2867   722                  18629.0189   132309         
  25430 14596    infeasible                        18629.0189   131184         
  25431 16827   -13521.1052   773                  18629.0189   132999         

Implied bound cuts applied:  10
Flow cuts applied:  431
Mixed integer rounding cuts applied:  239
Gomory fractional cuts applied:  50

Root node processing (before b&c):
  Real time             =   15.28 sec. (11177.68 ticks)
Parallel b&c, 32 threads:
  Real time             =   81.03 sec. (19341.98 ticks)
  Sync time (average)   =    0.76 sec.
  Wait time (average)   =    0.00 sec.
                          ------------
Total (root+branch&cut) =   96.31 sec. (30519.66 ticks)


MIP - Aborted, no integer solution.
Current MIP best bound =  1.8629018927e+04 (gap is infinite)
Solution time =   96.33 sec.  Iterations = 134714  Nodes = 25432 (19074)
Deterministic time = 30519.97 ticks  (316.83 ticks/sec)


CPLEX Error  1217: No solution exists.
No file written.
