
Log started (V12.9.0.0) Mon Sep 14 23:04:26 2020

New value for parallel optimization mode: -1
New value for emphasis for MIP optimization: 1
New value for mixed integer optimality gap tolerance: 0.01
New value for integrality tolerance: 1e-12
New value for deterministic time limit in ticks: 75000

Problem 'C:\Users\llavin\Desktop\test826\logs\tmp79gskv7x.pyomo.lp' read.
Read time = 0.22 sec. (13.92 ticks)

Problem name         : C:\Users\llavin\Desktop\test826\logs\tmp79gskv7x.pyomo.lp
Objective sense      : Maximize
Variables            :   53809  [Nneg: 1,  Box: 22004,  Free: 4464,
                                 Binary: 27340]
Objective nonzeros   :    9089
Linear constraints   :  123253  [Less: 41346,  Greater: 59096,  Equal: 22811]
  Nonzeros           :  293156
  RHS nonzeros       :   67502

Variables            : Min LB: -5000.000        Max UB: 1000000.       
Objective nonzeros   : Min   : 0.008333333      Max   : 2500.000       
Linear constraints   :
  Nonzeros           : Min   : 0.008333333      Max   : 1000000.       
  RHS nonzeros       : Min   : 0.008333333      Max   : 1000000.       
CPXPARAM_Parallel                                -1
CPXPARAM_Emphasis_MIP                            1
CPXPARAM_DetTimeLimit                            75000
CPXPARAM_MIP_Tolerances_MIPGap                   0.01
CPXPARAM_MIP_Tolerances_Integrality              9.9999999999999998e-13
Tried aggregator 3 times.
MIP Presolve eliminated 88643 rows and 19001 columns.
MIP Presolve added 3359 rows and 0 columns.
MIP Presolve modified 24899 coefficients.
Aggregator did 12956 substitutions.
Reduced MIP has 25013 rows, 21304 columns, and 72546 nonzeros.
Reduced MIP has 8430 binaries, 0 generals, 0 SOSs, and 0 indicators.
Presolve time = 0.28 sec. (169.92 ticks)
Probing fixed 377 vars, tightened 4427 bounds.
Probing time = 0.08 sec. (19.75 ticks)
Tried aggregator 2 times.
MIP Presolve eliminated 848 rows and 754 columns.
MIP Presolve modified 3075 coefficients.
Aggregator did 28 substitutions.
Reduced MIP has 24137 rows, 20522 columns, and 70012 nonzeros.
Reduced MIP has 8053 binaries, 0 generals, 0 SOSs, and 0 indicators.
Presolve time = 0.11 sec. (87.93 ticks)
Probing fixed 0 vars, tightened 277 bounds.
Probing time = 0.14 sec. (22.88 ticks)
Clique table members: 43803.
MIP emphasis: integer feasibility.
MIP search method: dynamic search.
Parallel mode: opportunistic, using up to 32 threads.
Root relaxation solution time = 0.41 sec. (543.47 ticks)

        Nodes                                         Cuts/
   Node  Left     Objective  IInf  Best Integer    Best Bound    ItCnt     Gap

      0     0      -23.4052    49                    -23.4052     3956         
      0     0      -23.4052     5                     Cuts: 7     3959         
      0     0      -23.4052     4                   Covers: 1     3960         
      0     0      -23.4052     3                   Covers: 1     3961         
      0     4    infeasible                          -55.5266     3971         
Elapsed time = 2.89 sec. (1515.88 ticks, tree = 0.02 MB, solutions = 0)
    549   116   -18004.8589    25                   -122.2417     6280         
    910   361   -26732.1676    20                   -122.2417    24851         
   1374   473     -396.3212     6                   -122.2417    40518         
   1829   620  -228677.3910    32                   -122.2417    66360         
   2290   611  -173794.9613    47                   -122.2417    64766         
   2829   766   -74384.4192    11                   -122.2417    82633         
   3405  1114    infeasible                         -122.2417   111869         
   3979  1028     -891.7854     5                   -122.2417   101112         
   4462  1342     -637.7068     7                   -122.2417   127204         
   6729  1908   -10818.1825    36                   -122.2417   172340         
Elapsed time = 19.31 sec. (4621.30 ticks, tree = 17.42 MB, solutions = 0)
   9401  2055    -3337.0006    11                   -122.2417   186877         
  11426  2109    infeasible                         -122.2417   191250         
  12490  2578     -827.1467     7                   -122.2417   244507         
  12960  2796    -2348.2728    11                   -122.2417   247991         
  12968  4459    infeasible                         -122.2417   394261         
  15014   818    -6422.5467    40                   -122.3015   432734         
  17800  1840    infeasible                         -122.5410   476283         
  21084  2032    infeasible                         -122.5410   484179         
  24353  2652    infeasible                         -122.8403   503189         
  27564  4995    -1704.5125    18                   -122.8403   604163         
Elapsed time = 55.75 sec. (15335.05 ticks, tree = 47.01 MB, solutions = 0)
  31218  5957    -1710.4457     9                   -122.8403   629567         
  35125  6286     -717.4583     3                   -122.8403   636868         
  38890  8101   -11372.5726    18                   -122.8403   679826         
  42106  9104    -4710.4210    14                   -122.8403   701108         
  45448 10065     -703.4571     2                   -122.8403   722207         
  49084 10709     -230.5465     1                   -122.8403   737218         
  52423 11488    -5212.0048    21                   -122.8403   757674         
  56152 12232    infeasible                         -122.8403   773525         
  60054 14840    infeasible                         -122.8403   833908         
  63899 16033    infeasible                         -122.8403   858040         
Elapsed time = 117.84 sec. (24873.36 ticks, tree = 124.10 MB, solutions = 0)
  67675 15388    -5552.8690    21                   -122.8403   844073         
  71529 19667    -7902.9944    33                   -122.8403   940622         
  75190 19240    infeasible                         -122.8403   930270         
  78461 21774    -2145.0623    12                   -122.8403   989950         
  79548 20595    -1036.4623     7                   -122.8403   959421         
  79753 21283    -1520.1901    10                   -122.8403   980440         

Cover cuts applied:  6
Implied bound cuts applied:  8
Flow cuts applied:  6
Mixed integer rounding cuts applied:  1

Root node processing (before b&c):
  Real time             =    2.23 sec. (1511.59 ticks)
Parallel b&c, 32 threads:
  Real time             =  115.98 sec. (29337.81 ticks)
  Sync time (average)   =    1.18 sec.
  Wait time (average)   =    0.23 sec.
                          ------------
Total (root+branch&cut) =  118.22 sec. (30849.40 ticks)


MIP - Aborted, no integer solution.
Current MIP best bound = -1.2313964474e+02 (gap is infinite)
Solution time =  118.23 sec.  Iterations = 1046097  Nodes = 79778 (24066)
Deterministic time = 30849.55 ticks  (260.92 ticks/sec)


CPLEX Error  1217: No solution exists.
No file written.
