
Log started (V12.9.0.0) Thu Sep 10 10:51:52 2020

New value for parallel optimization mode: -1
New value for mixed integer optimality gap tolerance: 2e-05
New value for integrality tolerance: 1e-12
New value for deterministic time limit in ticks: 265000

Problem 'C:\Users\llavin\Desktop\test826\logs\tmpoloxbhvy.pyomo.lp' read.
Read time = 0.20 sec. (13.66 ticks)
MIP start file 'C:\Users\llavin\Desktop\test826\logs\tmp5jb_5m3o.cplex.mst' read.

Problem name         : C:\Users\llavin\Desktop\test826\logs\tmpoloxbhvy.pyomo.lp
Objective sense      : Maximize
Variables            :   54535  [Nneg: 1,  Box: 22722,  Free: 4464,
                                 Binary: 27348]
Objective nonzeros   :    9676
Linear constraints   :  123235  [Less: 41356,  Greater: 59114,  Equal: 22765]
  Nonzeros           :  292605
  RHS nonzeros       :   67515

Variables            : Min LB: -5000.000        Max UB: 1000000.       
Objective nonzeros   : Min   : 0.1750000        Max   : 760.8083       
Linear constraints   :
  Nonzeros           : Min   : 0.1750000        Max   : 1000000.       
  RHS nonzeros       : Min   : 0.001000000      Max   : 1000000.       
CPXPARAM_Parallel                                -1
CPXPARAM_DetTimeLimit                            265000
CPXPARAM_MIP_Tolerances_MIPGap                   2.0000000000000002e-05
CPXPARAM_MIP_Tolerances_Integrality              9.9999999999999998e-13
Warning:  No solution found from 1 MIP starts.
Retaining values of one MIP start for possible repair.
Tried aggregator 3 times.
MIP Presolve eliminated 88701 rows and 19701 columns.
MIP Presolve added 3398 rows and 0 columns.
MIP Presolve modified 24920 coefficients.
Aggregator did 12999 substitutions.
Reduced MIP has 24933 rows, 21279 columns, and 71310 nonzeros.
Reduced MIP has 8402 binaries, 0 generals, 0 SOSs, and 0 indicators.
Presolve time = 0.25 sec. (175.69 ticks)
Probing fixed 395 vars, tightened 4137 bounds.
Probing time = 0.08 sec. (19.24 ticks)
Tried aggregator 2 times.
MIP Presolve eliminated 889 rows and 792 columns.
MIP Presolve modified 3038 coefficients.
Aggregator did 36 substitutions.
Reduced MIP has 24008 rows, 20451 columns, and 68622 nonzeros.
Reduced MIP has 8007 binaries, 0 generals, 0 SOSs, and 0 indicators.
Presolve time = 0.11 sec. (89.15 ticks)
Probing fixed 0 vars, tightened 401 bounds.
Probing time = 0.13 sec. (23.11 ticks)
Clique table members: 44726.
MIP emphasis: balance optimality and feasibility.
MIP search method: dynamic search.
Parallel mode: opportunistic, using up to 32 threads.
Root relaxation solution time = 0.42 sec. (665.68 ticks)

        Nodes                                         Cuts/
   Node  Left     Objective  IInf  Best Integer    Best Bound    ItCnt     Gap

      0     0   111142.3143   265                 111142.3143     6114         
      0     0   110069.4264   235                   Cuts: 265     6292         
      0     0   109230.2405   239                    Cuts: 66     6374         
      0     0   109035.3499   235                    Cuts: 41     6406         
      0     0   108947.8642   235                     Cuts: 8     6422         
      0     0   108947.8642   236                     Cuts: 2     6424         
      0     0   108947.8642   237                   Covers: 2     6425         
Repair heuristic found nothing.
      0     2   108947.8642   237                    Cuts: 15     6425         
Elapsed time = 6.53 sec. (3448.03 ticks, tree = 0.02 MB, solutions = 0)
    349   171   104849.9746   187                 106055.0985     8262         
    762   593   102516.2004   172                 106055.0985    17393         
   1217   733    92699.3253   157                 106055.0985    20546         
   1687  1272    infeasible                       106055.0985    28409         
   2078  1764    17275.2837   102                 106055.0985    44754         
   2565  1894    28469.9742   132                 106055.0985    48021         
   3190  2162    10147.8185    89                 106055.0985    53617         
   3855  2733   -29075.0186    90                 106055.0985    61471         
   4460  3203    34633.3229   133                 106055.0985    74136         
   6448  3997    23394.4474    71                 105216.8603    96289         
Elapsed time = 23.84 sec. (6552.38 ticks, tree = 129.77 MB, solutions = 0)
   8342  5840    40502.5757   127                 105078.1356   144027         
  10493  6937    57683.9481   186                 104958.5537   176966         
  12555  8202    28073.6696    97                 104474.9589   208040         
  14384  9728    infeasible                       104258.4682   253408         
  16477 11398    58496.1269   180                 103709.8308   317636         
  18649 12585  -446568.2901   204                 103137.3571   366753         
  20539 13241    64017.5737   151                 102368.1408   399588         
  22546 14829    53403.6316   179                 101053.9356   480208         
  24572 15682    36832.0236   158                  92752.8128   521088         
  26332 17703    55725.5558   157                  92700.2094   617659         
Elapsed time = 83.97 sec. (16093.73 ticks, tree = 240.37 MB, solutions = 0)
  28127 18672     8482.5133   164                  91666.1706   674840         
  30041 19132    62253.6367   143                  91666.1706   699008         
  32058 20035  -222533.5972   197                  91666.1706   747171         
  33098 21062   -38914.7922   186                  91666.1706   797355         
  33100 22593    infeasible                        67794.1318   882625         
  33467    95    23060.3786   131                  47898.4192   885514         
  34225   398   -18689.2568    89                  47898.4192   892565         
  35394   839    26145.2296    67                  45308.0674   902037         
  36780  1839    18377.3339    54                  39827.1775   923871         
  38362  2660    27128.7281    65                  39345.4544   943220         
Elapsed time = 132.06 sec. (29726.11 ticks, tree = 15.45 MB, solutions = 0)
  39961  2580    26754.2531    81                  39339.7535   939925         
  41660  4808    21702.6218    45                  39284.4866   994516         
  43241  4530    19443.3041    44                  39284.4866   987164         
