
Log started (V12.9.0.0) Mon Aug 31 14:28:19 2020

New value for parallel optimization mode: -1
New value for mixed integer optimality gap tolerance: 0.01
New value for feasibility tolerance: 1e-09
New value for deterministic time limit in ticks: 150000

Problem 'C:\Users\llavin\Desktop\test826\logs\tmpcthhsx1y.pyomo.lp' read.
Read time = 0.59 sec. (28.83 ticks)

Problem name         : C:\Users\llavin\Desktop\test826\logs\tmpcthhsx1y.pyomo.lp
Objective sense      : Maximize
Variables            :  107783  [Nneg: 1,  Box: 44058,  Free: 8928,
                                 Binary: 54796]
Objective nonzeros   :   17555
Linear constraints   :  246903  [Less: 82866,  Greater: 118424,  Equal: 45613]
  Nonzeros           :  618447
  RHS nonzeros       :  135061

Variables            : Min LB: -5000.000        Max UB: 1000000.       
Objective nonzeros   : Min   : 0.008333333      Max   : 208.3333       
Linear constraints   :
  Nonzeros           : Min   : 0.008333333      Max   : 1000000.       
  RHS nonzeros       : Min   : 0.008333333      Max   : 1000000.       
CPXPARAM_Parallel                                -1
CPXPARAM_Simplex_Tolerances_Feasibility          1.0000000000000001e-09
CPXPARAM_DetTimeLimit                            150000
CPXPARAM_MIP_Tolerances_MIPGap                   0.01
Tried aggregator 3 times.
MIP Presolve eliminated 181090 rows and 41044 columns.
MIP Presolve added 6226 rows and 0 columns.
MIP Presolve modified 50316 coefficients.
Aggregator did 25936 substitutions.
Reduced MIP has 46103 rows, 39305 columns, and 136338 nonzeros.
Reduced MIP has 15494 binaries, 0 generals, 0 SOSs, and 0 indicators.
Presolve time = 0.59 sec. (350.68 ticks)
Probing fixed 809 vars, tightened 9404 bounds.
Probing time = 0.34 sec. (14.90 ticks)
Tried aggregator 2 times.
MIP Presolve eliminated 1812 rows and 1619 columns.
MIP Presolve modified 5603 coefficients.
Aggregator did 48 substitutions.
Reduced MIP has 44243 rows, 37638 columns, and 130946 nonzeros.
Reduced MIP has 14685 binaries, 0 generals, 0 SOSs, and 0 indicators.
Presolve time = 0.23 sec. (220.18 ticks)
Probing fixed 1 vars, tightened 543 bounds.
Probing time = 0.49 sec. (18.12 ticks)
Clique table members: 84449.
MIP emphasis: balance optimality and feasibility.
MIP search method: dynamic search.
Parallel mode: opportunistic, using up to 32 threads.
Root relaxation solution time = 0.91 sec. (1664.24 ticks)

        Nodes                                         Cuts/
   Node  Left     Objective  IInf  Best Integer    Best Bound    ItCnt     Gap

      0     0     -104.9530     8                   -104.9530     8976         
      0     0     -104.9530     9                     Cuts: 2     8979         
      0    11    infeasible                           Cuts: 6     9149         
Elapsed time = 7.66 sec. (4938.47 ticks, tree = 0.02 MB, solutions = 0)
    227    68    infeasible                         -104.9530    10407         
    524   229     -150.3698     7                   -104.9530    12109         
    816   455    infeasible                         -104.9530    20789         
   1057   483     -160.0336     7                   -104.9530    21815         
   1316   529     -154.9274     8                   -104.9530    22634         
   1489   562    infeasible                         -104.9530    23318         
   1750   761     -168.1223     7                   -104.9530    28538         
   2072  1042     -151.4444     9                   -104.9530    36628         
   2430  1053     -152.4371     9                   -104.9530    36701         
   3713  2021     -786.6900    12                   -104.9530    55782         
Elapsed time = 27.27 sec. (8050.08 ticks, tree = 43.61 MB, solutions = 0)
   5061  3260     -253.8035     4                   -104.9530    73894         
   6433  4125    infeasible                         -104.9530    91941         
   7719  4845    -1296.3933    10                   -104.9530   110219         
   8254  5521    infeasible                         -104.9530   137912         
   8544    73     -130.2817    12                   -130.2817   140239         
   8885    78     -150.2378    14                   -130.2817   141040         
   9456   159     -304.5977    15                   -130.2817   146190         
  10237   751    -6076.7428   120                   -130.2817   164191         
  11339   763     -164.5139    12                   -130.2817   164845         
  12509  1116     -187.6215    12                   -130.2817   169760         
Elapsed time = 112.77 sec. (26059.37 ticks, tree = 37.93 MB, solutions = 0)
  13916  1242     -288.5514    16                   -130.2817   172910         
  15330  1434     -165.6450    13                   -130.2820   176809         
  16998  2271    -1049.1577    20                   -130.2820   192160         
  18854  2158     -159.5978    14                   -130.2820   190697         
  20683  1825     -283.3873    14                   -130.2820   185113         
  22423  3441     -164.0941    16                   -130.2820   207455         
  24069  6264     -173.9151    16                   -130.2820   239550         
  25652  4775    -1552.5587    50                   -145.0049   224215         
  27206  7163     -243.1160    16                   -145.0049   247556         
  28875  6376     -283.7790    17                   -145.0049   240480         
Elapsed time = 169.20 sec. (35602.46 ticks, tree = 122.07 MB, solutions = 0)
  30687  5872     -264.3819    16                   -145.0049   234281         
  32436  6235     -170.1564    16                   -145.0049   238638         
  34247 10787     -164.0941    20                   -145.0049   282075         
  36033 15196     -239.3931    19                   -145.0049   320542         
  37942 15580     -170.0664    18                   -145.0049   323097         
  39879 12591     -172.7025    21                   -145.0049   296874         
  41906 14335     -166.9433    24                   -145.0049   311966         
  44064 16207     -195.9229    19                   -145.0049   327940         
  46311 16636     -159.1130    18                   -145.0049   331409         
  48589 20613     -673.5807    22                   -145.0049   361242         
Elapsed time = 255.06 sec. (45143.22 ticks, tree = 316.59 MB, solutions = 0)
  50940 16639     -162.4820    19                   -145.0049   331103         
  53284 21091     -676.0776    22                   -145.0049   365059         
  55649 26621     -728.5476    26                   -145.0049   404241         
  58056 23195     -170.4549    29                   -145.0049   381222         
  60468 28648     -587.1110    22                   -145.0049   420620         
  62840 24563     -251.2426    29                   -145.0049   392442         
  65214 28591    -1452.9118    24                   -145.0049   422018         
  67409 33261     -790.9111    26                   -145.0049   460271         
  69481 29909    infeasible                         -145.0049   433323         
  71542 36466    -1064.4095    25                   -145.0049   491981         
Elapsed time = 320.50 sec. (54683.32 ticks, tree = 532.73 MB, solutions = 0)
  73564 36522     -323.6886    22                   -145.0049   492468         
  75589 35477     -625.4177    21                   -145.0049   481899         
  77498 37109    -1043.4708    24                   -145.0049   501414         
  79482 36654     -238.0536    23                   -145.0049   493953         
  81315 50659     -154.6120    22                   -145.0049   663860         
  83312 48428    infeasible                         -145.0049   640814         
  85149 45275     -299.8505    19                   -145.0049   602537         
  87163 47021    infeasible                         -145.0049   624896         
  89010 49343     -190.0820    19                   -145.0049   648986         
  91010 50128     -306.6890    33                   -145.0049   659191         
Elapsed time = 332.42 sec. (64226.00 ticks, tree = 717.32 MB, solutions = 0)
  92772 49107     -174.4184    19                   -145.0049   647898         
  94711 52805     -164.0941    21                   -145.0049   693403         
  96279 55803     -159.4115    17                   -145.0049   730315         
  98067 58105     -154.0154    24                   -145.0049   758898         
  99757 55936     -172.1829    24                   -145.0049   731340         
 101355 55365     -258.4635    26                   -145.0049   726440         
 102518 59540     -166.0571    24                   -145.0049   776145         
 102868 59617     -242.0442    22                   -145.0049   776719         
 103296 59666     -232.4204    17                   -145.0049   777272         
 103340 72858    infeasible                         -150.8702   938670         
Elapsed time = 366.80 sec. (83863.02 ticks, tree = 1059.60 MB, solutions = 0)
 103637   177     -124.9091    16                   -150.8702   940623         
 104045   320    -1058.4968    15                   -150.8702   941390         
 104563   385     -158.5943    13                   -150.8702   941939         
 105071   691     -263.5261    13                   -150.8702   946268         
 105628   637    -2599.1987    57                   -150.8702   945748         
 106136   943     -228.6855    13                   -150.8702   949721         
 106680  1339    -3764.7747   106                   -150.8702   956862         
 107303  1834    -4621.6235    80                   -150.8702   963160         
 107951  2179    -4624.9924    96                   -150.8702   967211         
 108716  1893     -169.0218    18                   -150.8702   964418         
Elapsed time = 448.77 sec. (93415.12 ticks, tree = 18.00 MB, solutions = 0)
 109443  2821     -138.6903    13                   -150.8702   977529         
 110304  4466    infeasible                         -150.8702  1000508         
 111221  2563    -6908.8583   134                   -150.8702   973184         
 112171  3611     -163.8220    18                   -150.8702   989362         
 113118  3203    -4219.7630   135                   -150.8702   983041         
 114054  3460     -139.7251    16                   -150.8702   987622         
 115105  6802    infeasible                         -150.8702  1044883         
 116129  6009    -2812.3210    72                   -150.8702  1032961         
 117220  6286    infeasible                         -150.8702  1036091         
 118244  9568     -260.6655    19                   -150.8702  1092741         
Elapsed time = 511.16 sec. (102959.82 ticks, tree = 120.35 MB, solutions = 0)
 119414  8516     -127.3940    16                   -150.8702  1074499         
 120733  7773     -260.5328    20                   -150.8702  1062891         
 121810  8720    infeasible                         -150.8702  1076838         
 123078 11161    -4539.2014   136                   -150.8702  1120472         
 124277 12906     -130.1599    16                   -150.8702  1152332         
 125458 11745     -161.2495    19                   -150.8702  1131537         
 126629 13360    infeasible                         -150.8702  1160011         
 127520 13371     -260.6655    19                   -150.8702  1159269         
 128521 14189     -291.1295    23                   -150.8702  1175492         
 133366 17489    infeasible                         -150.8702  1234068         
Elapsed time = 578.55 sec. (115363.37 ticks, tree = 226.68 MB, solutions = 0)
 138747 19722     -150.2230    19                   -150.8702  1272317         
 144007 22902    infeasible                         -150.8702  1327237         
 148947 26560     -145.0860    21                   -150.8702  1393998         
 154299 32562     -144.7997    22                   -150.8702  1499463         
