Solver command line: ['C:\\Program Files\\IBM\\ILOG\\CPLEX_Studio129\\cplex\\bin\\x64_win64\\cplex.exe']



Welcome to IBM(R) ILOG(R) CPLEX(R) Interactive Optimizer 12.9.0.0

  with Simplex, Mixed Integer & Barrier Optimizers

5725-A06 5725-A29 5724-Y48 5724-Y49 5724-Y54 5724-Y55 5655-Y21

Copyright IBM Corp. 1988, 2019.  All Rights Reserved.



Type 'help' for a list of available commands.

Type 'help' followed by a command name for more

information on commands.



CPLEX> Logfile 'cplex.log' closed.

Logfile 'C:\Users\Luke\Desktop\competitiveMPEC_12.6\logs\tmpgpxr2qns.cplex.log' open.

CPLEX> New value for parallel optimization mode: -1

CPLEX> New value for mixed integer optimality gap tolerance: 0.01

CPLEX> New value for integrality tolerance: 1e-09

CPLEX> New value for feasibility tolerance: 0.01

CPLEX> New value for deterministic time limit in ticks: 175000

CPLEX> Problem 'C:\Users\Luke\Desktop\competitiveMPEC_12.6\logs\tmp27i6tihj.pyomo.lp' read.

Read time = 0.20 sec. (13.79 ticks)

CPLEX> Problem name         : C:\Users\Luke\Desktop\competitiveMPEC_12.6\logs\tmp27i6tihj.pyomo.lp

Objective sense      : Maximize

Variables            :   53321  [Nneg: 1,  Box: 21806,  Free: 4416,

                                 Binary: 27098]

Objective nonzeros   :    8946

Linear constraints   :  122188  [Less: 41007,  Greater: 58612,  Equal: 22569]

  Nonzeros           :  288519

  RHS nonzeros       :   66972



Variables            : Min LB: -5000.000        Max UB: 1000000.       

Objective nonzeros   : Min   : 1.600000         Max   : 838.8000       

Linear constraints   :

  Nonzeros           : Min   : 0.8500000        Max   : 1000000.       

  RHS nonzeros       : Min   : 1.000000         Max   : 1000000.       

CPLEX> CPXPARAM_Parallel                                -1

CPXPARAM_Simplex_Tolerances_Feasibility          0.01

CPXPARAM_DetTimeLimit                            175000

CPXPARAM_MIP_Tolerances_MIPGap                   0.01

CPXPARAM_MIP_Tolerances_Integrality              1.0000000000000001e-09

Tried aggregator 3 times.

MIP Presolve eliminated 88246 rows and 19066 columns.

MIP Presolve added 3341 rows and 0 columns.

MIP Presolve modified 24492 coefficients.

Aggregator did 12852 substitutions.

Reduced MIP has 24431 rows, 20821 columns, and 68418 nonzeros.

Reduced MIP has 8229 binaries, 0 generals, 0 SOSs, and 0 indicators.

Presolve time = 0.25 sec. (170.25 ticks)

Probing fixed 422 vars, tightened 2885 bounds.

Probing time = 1.41 sec. (909.75 ticks)

Tried aggregator 2 times.

MIP Presolve eliminated 951 rows and 853 columns.

MIP Presolve modified 2156 coefficients.

Aggregator did 56 substitutions.

Reduced MIP has 23424 rows, 19912 columns, and 65490 nonzeros.

Reduced MIP has 7803 binaries, 0 generals, 0 SOSs, and 0 indicators.

Presolve time = 0.09 sec. (69.41 ticks)

Probing time = 0.03 sec. (15.23 ticks)

Clique table members: 6378.

MIP emphasis: balance optimality and feasibility.

MIP search method: dynamic search.

Parallel mode: opportunistic, using up to 24 threads.

Root relaxation solution time = 0.31 sec. (441.15 ticks)



        Nodes                                         Cuts/

   Node  Left     Objective  IInf  Best Integer    Best Bound    ItCnt     Gap



      0     0        0.0000   648                      0.0000     5254         

*     0+    0                            0.0000        0.0000             0.00%

      0     0        cutoff              0.0000        0.0000     5254    0.00%

Elapsed time = 3.42 sec. (2510.27 ticks, tree = 0.01 MB, solutions = 1)



Root node processing (before b&c):

  Real time             =    3.44 sec. (2512.08 ticks)

Parallel b&c, 24 threads:

  Real time             =    0.00 sec. (0.00 ticks)

  Sync time (average)   =    0.00 sec.

  Wait time (average)   =    0.00 sec.

                          ------------

Total (root+branch&cut) =    3.44 sec. (2512.08 ticks)



Solution pool: 1 solution saved.



MIP - Integer optimal solution:  Objective =  4.2928149924e-10

Solution time =    3.45 sec.  Iterations = 5254  Nodes = 0

Deterministic time = 2512.23 ticks  (727.55 ticks/sec)



CPLEX> Incumbent solution written to file 'C:\Users\Luke\Desktop\competitiveMPEC_12.6\logs\tmpf3swffhf.cplex.sol'.

CPLEX> 
