
Log started (V12.9.0.0) Thu Sep 10 22:24:35 2020

New value for parallel optimization mode: -1
New value for mixed integer optimality gap tolerance: 0.01
New value for integrality tolerance: 1e-12
New value for deterministic time limit in ticks: 105000

Problem 'C:\Users\llavin\Desktop\test826\logs\tmpr1lwbar6.pyomo.lp' read.
Read time = 0.20 sec. (13.66 ticks)
MIP start file 'C:\Users\llavin\Desktop\test826\logs\tmpi320vdyy.cplex.mst' read.

Problem name         : C:\Users\llavin\Desktop\test826\logs\tmpr1lwbar6.pyomo.lp
Objective sense      : Maximize
Variables            :   54535  [Nneg: 1,  Box: 22722,  Free: 4464,
                                 Binary: 27348]
Objective nonzeros   :    9676
Linear constraints   :  123235  [Less: 41356,  Greater: 59114,  Equal: 22765]
  Nonzeros           :  292605
  RHS nonzeros       :   67515

Variables            : Min LB: -5000.000        Max UB: 1000000.       
Objective nonzeros   : Min   : 0.1750000        Max   : 760.8083       
Linear constraints   :
  Nonzeros           : Min   : 0.1750000        Max   : 1000000.       
  RHS nonzeros       : Min   : 0.001000000      Max   : 1000000.       
CPXPARAM_Parallel                                -1
CPXPARAM_DetTimeLimit                            105000
CPXPARAM_MIP_Tolerances_MIPGap                   0.01
CPXPARAM_MIP_Tolerances_Integrality              9.9999999999999998e-13
Warning:  No solution found from 1 MIP starts.
Retaining values of one MIP start for possible repair.
Tried aggregator 3 times.
MIP Presolve eliminated 88701 rows and 19701 columns.
MIP Presolve added 3398 rows and 0 columns.
MIP Presolve modified 24920 coefficients.
Aggregator did 12999 substitutions.
Reduced MIP has 24933 rows, 21279 columns, and 71310 nonzeros.
Reduced MIP has 8402 binaries, 0 generals, 0 SOSs, and 0 indicators.
Presolve time = 0.25 sec. (175.69 ticks)
Probing fixed 395 vars, tightened 4137 bounds.
Probing time = 0.08 sec. (19.24 ticks)
Tried aggregator 2 times.
MIP Presolve eliminated 889 rows and 792 columns.
MIP Presolve modified 3038 coefficients.
Aggregator did 36 substitutions.
Reduced MIP has 24008 rows, 20451 columns, and 68622 nonzeros.
Reduced MIP has 8007 binaries, 0 generals, 0 SOSs, and 0 indicators.
Presolve time = 0.11 sec. (89.15 ticks)
Probing fixed 0 vars, tightened 401 bounds.
Probing time = 0.13 sec. (23.11 ticks)
Clique table members: 44726.
MIP emphasis: balance optimality and feasibility.
MIP search method: dynamic search.
Parallel mode: opportunistic, using up to 32 threads.
Root relaxation solution time = 0.42 sec. (665.68 ticks)

        Nodes                                         Cuts/
   Node  Left     Objective  IInf  Best Integer    Best Bound    ItCnt     Gap

      0     0   111142.3143   265                 111142.3143     6114         
      0     0   110069.4264   235                   Cuts: 265     6292         
      0     0   109230.2405   239                    Cuts: 66     6374         
      0     0   109035.3499   235                    Cuts: 41     6406         
      0     0   108947.8642   235                     Cuts: 8     6422         
      0     0   108947.8642   236                     Cuts: 2     6424         
      0     0   108947.8642   237                   Covers: 2     6425         
Repair heuristic found nothing.
      0     2   108947.8642   237                     Cuts: 8     6425         
Elapsed time = 6.50 sec. (3452.25 ticks, tree = 0.02 MB, solutions = 0)
    355   292    92901.2663   176                 105949.4568     9664         
    818   442    87085.3983   165                 105949.4568    13028         
   1331   742    91250.8753   157                 105949.4568    20471         
   1801  1122     9330.9800   128                 105949.4568    27582         
   2254  1393    22082.8135    92                 105949.4568    36765         
   2778  1953   -23873.9692   112                 105949.4568    50907         
   3357  2040   -72086.1012    83                 105949.4568    52788         
   3925  2636   -45766.5216   117                 105949.4568    63682         
   4472  2844    79221.6651   172                 105949.4568    69014         
   6374  4143     5361.2522   106                 105078.1356   108870         
Elapsed time = 23.97 sec. (6554.61 ticks, tree = 58.10 MB, solutions = 0)
   8136  5223    55169.2386   168                 104653.6904   147701         
   9856  6788     -562.8505   125                 104425.6699   206326         
  11790  7644   -27646.6285   190                 104125.5014   246583         
  13644  9668    30645.4956   120                 103793.7633   327913         
  15525 10137    13504.6510   131                 102912.2640   354254         
  16643 10998    55599.2635   145                 102912.2640   397016         
  16646 12021    infeasible                        68654.2267   457141         
  17095    87     4256.0110    36                  45217.0254   460800         
  17909   531   -11281.1796    23                  39859.5662   474507         
  19177   815   -23649.7973    98                  34331.1198   487031         
Elapsed time = 82.34 sec. (20303.23 ticks, tree = 10.67 MB, solutions = 0)
  20974  1414    15611.9082    14                  33494.1996   515939         
  22846  2693    15422.6837    17                  33091.8963   553170         
  24754  4272   -45869.0004    81                  33091.8963   589683         
  26582  4517      338.8355    97                  29322.8381   595139         
  28266  6652    infeasible                        29322.8381   649984         
  30038  6153    infeasible                        29283.4394   635761         
  31654  8065    -4522.1300    53                  29232.6033   673583         
  33142  7701    12238.2531    14                  29232.6033   671206         
  34676  7199    10164.1743     9                  29232.6033   662789         
  35943  9753    infeasible                        29232.6033   695950         
Elapsed time = 126.02 sec. (29844.56 ticks, tree = 96.35 MB, solutions = 0)
  37481 11368    22227.0228    17                  29166.1919   717460         
  38985  8766    15540.7783    25                  29166.1919   680413         
