
Log started (V12.10.0.0) Thu Aug 20 16:46:50 2020

New value for parallel optimization mode: -1
New value for mixed integer optimality gap tolerance: 0.01
New value for feasibility tolerance: 1e-09
New value for deterministic time limit in ticks: 50000

Problem 'C:\Users\wenmi\Desktop\competitiveMPEC\logs\tmpdjc83nkb.pyomo.lp' read.
Read time = 0.31 sec. (27.78 ticks)
MIP start file 'C:\Users\wenmi\Desktop\competitiveMPEC\logs\tmpdu5u3w0y.cplex.mst' read.

Problem name         : C:\Users\wenmi\Desktop\competitiveMPEC\logs\tmpdjc83nkb.pyomo.lp
Objective sense      : Maximize
Variables            :  109221  [Nneg: 1,  Box: 45496,  Free: 8928,
                                 Binary: 54796]
Objective nonzeros   :   20402
Linear constraints   :  246901  [Less: 82866,  Greater: 118424,  Equal: 45611]
  Nonzeros           :  591869
  RHS nonzeros       :  136227

Variables            : Min LB: -5000.000        Max UB: 1000000.       
Objective nonzeros   : Min   : 0.1666667        Max   : 2500.000       
Linear constraints   :
  Nonzeros           : Min   : 0.1666667        Max   : 1000000.       
  RHS nonzeros       : Min   : 2.000000e-07     Max   : 1000000.       
Version identifier: 12.10.0.0 | 2019-11-26 | 843d4de2ae
CPXPARAM_Parallel                                -1
CPXPARAM_Simplex_Tolerances_Feasibility          1.0000000000000001e-09
CPXPARAM_DetTimeLimit                            50000
CPXPARAM_MIP_Tolerances_MIPGap                   0.01
1 of 1 MIP starts provided solutions.
MIP start 'm1' defined initial solution with objective -536.3158.
Tried aggregator 3 times.
MIP Presolve eliminated 172901 rows and 35407 columns.
MIP Presolve added 7727 rows and 0 columns.
MIP Presolve modified 52098 coefficients.
Aggregator did 26093 substitutions.
Reduced MIP has 55634 rows, 47337 columns, and 159290 nonzeros.
Reduced MIP has 18778 binaries, 0 generals, 0 SOSs, and 0 indicators.
Presolve time = 0.34 sec. (337.93 ticks)
Probing fixed 714 vars, tightened 10430 bounds.
Probing time = 0.09 sec. (21.36 ticks)
Tried aggregator 2 times.
Detecting symmetries...
MIP Presolve eliminated 1633 rows and 1456 columns.
MIP Presolve modified 7086 coefficients.
Aggregator did 80 substitutions.
Reduced MIP has 53921 rows, 45801 columns, and 154233 nonzeros.
Reduced MIP has 18059 binaries, 0 generals, 0 SOSs, and 0 indicators.
Presolve time = 0.17 sec. (280.62 ticks)
Probing fixed 5 vars, tightened 363 bounds.
Probing time = 0.19 sec. (27.38 ticks)
Clique table members: 97565.
MIP emphasis: balance optimality and feasibility.
MIP search method: dynamic search.
Parallel mode: opportunistic, using up to 16 threads.
Root relaxation solution time = 0.61 sec. (594.70 ticks)

        Nodes                                         Cuts/
   Node  Left     Objective  IInf  Best Integer    Best Bound    ItCnt     Gap

*     0+    0                         -536.3158   1.31341e+07              --- 
      0     0      -34.1402    48     -536.3158      -34.1402       29   93.63%
      0     0      -34.1402    48     -536.3158       Cuts: 2       31   93.63%
      0     0      -34.1402    48     -536.3158       Cuts: 5       34   93.63%
      0     0      -34.1402    48     -536.3158       Cuts: 5       37   93.63%
      0    10        cutoff           -536.3158      -45.8267      177   91.46%
Elapsed time = 5.06 sec. (4112.47 ticks, tree = 0.02 MB, solutions = 2)
*     5     8      integral     0     -536.3158      -45.8267      238   91.46%
     73    25        cutoff           -536.3158      -45.8267      634   91.46%
    181    52      -51.6741     2     -536.3158      -45.8267      765   91.46%
    313    67      -57.3060     2     -536.3158      -46.1983     1004   91.39%
    449   130      -58.8984     3     -536.3158      -46.1983     2157   91.39%
    602   146      -60.7300     2     -536.3158      -46.1983     2737   91.39%
    791   285      -61.7847     2     -536.3158      -46.1983     5125   91.39%
   1005   341      -83.8125     3     -536.3158      -46.1983     5566   91.39%
   1194   446    infeasible           -536.3158      -46.1983     6738   91.39%
   1835   818      -58.2585     1     -536.3158      -49.3333     9378   90.80%
Elapsed time = 21.52 sec. (7022.41 ticks, tree = 21.83 MB, solutions = 2)
   2531  1153     -174.9149     5     -536.3158      -49.3333    11753   90.80%
   3175  2024      -73.3335     2     -536.3158      -49.3333    16910   90.80%
   3939  2386      -61.7847     2     -536.3158      -49.3333    18865   90.80%
   4627  2832      -74.9649     2     -536.3158      -49.3333    21400   90.80%
   4993  2953      -57.3309     2     -536.3158      -49.3333    22122   90.80%

Performing restart 1

Repeating presolve.
Tried aggregator 3 times.
MIP Presolve eliminated 10824 rows and 8503 columns.
MIP Presolve modified 64180 coefficients.
Aggregator did 411 substitutions.
Reduced MIP has 42686 rows, 36887 columns, and 116614 nonzeros.
Reduced MIP has 14356 binaries, 0 generals, 0 SOSs, and 0 indicators.
Presolve time = 0.36 sec. (368.84 ticks)
Tried aggregator 3 times.
MIP Presolve eliminated 3314 rows and 3092 columns.
MIP Presolve modified 21319 coefficients.
Aggregator did 47 substitutions.
Reduced MIP has 39325 rows, 33748 columns, and 107451 nonzeros.
Reduced MIP has 13103 binaries, 0 generals, 0 SOSs, and 0 indicators.
Presolve time = 0.09 sec. (106.64 ticks)
Tried aggregator 2 times.
MIP Presolve eliminated 652 rows and 632 columns.
MIP Presolve modified 15244 coefficients.
Aggregator did 7 substitutions.
Reduced MIP has 38666 rows, 33109 columns, and 105702 nonzeros.
Reduced MIP has 12860 binaries, 0 generals, 0 SOSs, and 0 indicators.
Presolve time = 0.13 sec. (120.78 ticks)
Represolve time = 1.28 sec. (865.12 ticks)
   5000     0      -36.7403   154     -536.3158      Cuts: 54    36491   90.56%
   5000     0      -36.7403   154     -536.3158      Cuts: 11    36503   90.56%
   5000     0      -36.7403   154     -536.3158       Cuts: 9    36506   90.56%
   5000     0      -36.7403   154     -536.3158      Fract: 2    36510   90.56%
   5000     0      -36.7403   154     -536.3158      Fract: 3    36514   90.56%
   5000     0      -36.7403   154     -536.3158       Cuts: 5    36520   90.56%
   5000     4        cutoff           -536.3158      -50.6408    36555   90.56%
   5318   181     -154.0383     3     -536.3158      -50.6408    37570   90.56%
   5607   434     -177.4698    11     -536.3158      -50.6408    39845   90.56%
   6315   669     -105.3611     5     -536.3158      -50.6408    41841   90.56%
   7207  1114      -58.8477     3     -536.3158      -56.2254    45868   89.52%
Elapsed time = 62.89 sec. (20285.64 ticks, tree = 11.67 MB, solutions = 2)
   8156  1422      -60.5362     3     -536.3158      -56.2254    48820   89.52%
   9305  3337      -57.3558     1     -536.3158      -57.2968    66712   89.32%
  10437  2401      -61.7847     3     -536.3158      -57.2968    57674   89.32%
  11424  3741      -57.3558     1     -536.3158      -57.2968    70294   89.32%
  12511  5137      -57.3558     1     -536.3158      -57.2968    81531   89.32%
  13552  4446      -62.7480     4     -536.3158      -57.2968    75467   89.32%
  14786  6027      -62.7480     4     -536.3158      -57.2968    87743   89.32%
  16138 10091      -98.6915     5     -536.3158      -57.3048   113000   89.32%
  17553  8455      -58.2585     1     -536.3158      -57.3048   101797   89.32%
  19005  9664      -57.3558     1     -536.3158      -57.3048   110332   89.32%
Elapsed time = 113.66 sec. (29829.64 ticks, tree = 130.35 MB, solutions = 2)
