
Log started (V12.9.0.0) Thu Sep  3 14:48:07 2020

New value for parallel optimization mode: -1
New value for mixed integer optimality gap tolerance: 0.01
New value for emphasis for MIP optimization: 1
New value for integrality tolerance: 1e-12
New value for deterministic time limit in ticks: 350000

Problem 'C:\Users\llavin\Desktop\test826\logs\tmpax23hs4m.pyomo.lp' read.
Read time = 0.55 sec. (28.58 ticks)
MIP start file 'C:\Users\llavin\Desktop\test826\logs\tmplsho9dcm.cplex.mst' read.

Problem name         : C:\Users\llavin\Desktop\test826\logs\tmpax23hs4m.pyomo.lp
Objective sense      : Maximize
Variables            :  109223  [Nneg: 1,  Box: 45498,  Free: 8928,
                                 Binary: 54796]
Objective nonzeros   :   19730
Linear constraints   :  246901  [Less: 82864,  Greater: 118424,  Equal: 45613]
  Nonzeros           :  619133
  RHS nonzeros       :  135843

Variables            : Min LB: -5000.000        Max UB: 1000000.       
Objective nonzeros   : Min   : 0.008333333      Max   : 208.3333       
Linear constraints   :
  Nonzeros           : Min   : 0.008333333      Max   : 1000000.       
  RHS nonzeros       : Min   : 0.008333333      Max   : 1000000.       
CPXPARAM_Parallel                                -1
CPXPARAM_Emphasis_MIP                            1
CPXPARAM_DetTimeLimit                            350000
CPXPARAM_MIP_Tolerances_MIPGap                   0.01
CPXPARAM_MIP_Tolerances_Integrality              9.9999999999999998e-13
Warning:  No solution found from 1 MIP starts.
Retaining values of one MIP start for possible repair.
Tried aggregator 3 times.
MIP Presolve eliminated 176826 rows and 38812 columns.
MIP Presolve added 7020 rows and 0 columns.
MIP Presolve modified 53022 coefficients.
Aggregator did 26008 substitutions.
Reduced MIP has 51087 rows, 43507 columns, and 151649 nonzeros.
Reduced MIP has 17225 binaries, 0 generals, 0 SOSs, and 0 indicators.
Presolve time = 0.64 sec. (377.35 ticks)
Probing fixed 830 vars, tightened 14815 bounds.
Probing time = 0.45 sec. (18.74 ticks)
Tried aggregator 2 times.
MIP Presolve eliminated 1851 rows and 1702 columns.
MIP Presolve modified 10084 coefficients.
Aggregator did 96 substitutions.
Reduced MIP has 49140 rows, 41709 columns, and 140369 nonzeros.
Reduced MIP has 16395 binaries, 0 generals, 0 SOSs, and 0 indicators.
Presolve time = 0.27 sec. (246.83 ticks)
Probing fixed 0 vars, tightened 3669 bounds.
Probing time = 0.55 sec. (18.42 ticks)
Clique table members: 80166.
MIP emphasis: integer feasibility.
MIP search method: dynamic search.
Parallel mode: opportunistic, using up to 32 threads.
Root relaxation solution time = 2.00 sec. (2898.26 ticks)

        Nodes                                         Cuts/
   Node  Left     Objective  IInf  Best Integer    Best Bound    ItCnt     Gap

      0     0    24485.1051  1432                  24485.1051    11733         
      0     0    24456.2656   246                   Cuts: 285    12025         
      0     0    24450.0839   236                   Cuts: 110    12151         
      0     0    24438.4901   216                    Cuts: 68    12214         
Repair heuristic found nothing.
      0     3    24422.6438   211                    Cuts: 18    12238         
Elapsed time = 11.84 sec. (5827.14 ticks, tree = 0.02 MB, solutions = 0)
    370    22    24369.2583   201                  24424.3630    12467         
    830   853    24376.8397   167                  24424.3630    23145         
   1240   952    24301.0650   169                  24424.3630    24200         
   1535  1270    24372.2932   142                  24424.3630    26444         
   1754  1599    24184.2720   117                  24424.3630    32452         
   2064  1604    24315.2533   130                  24424.3630    32464         
   2370  1863    24112.8433   137                  24424.3630    40055         
   2697  2199    23886.4655   158                  24424.3630    48606         
   3011  2541    24168.7063   157                  24424.3630    59528         
   4015  3448    24372.5603   203                  24424.3630    81227         
Elapsed time = 31.67 sec. (8937.34 ticks, tree = 231.56 MB, solutions = 0)
   4879  4375    18565.0082   144                  24424.3630   130435         
   5487  5202    23797.5082   199                  24424.2783   191474         
   6378   183    24131.6249   186                  24420.1943   196222         
   7605  1352    24004.2662   138                  24418.6559   253031         
   9083  1821    16084.2911   117                  24418.6559   263228         
  10338  2829    infeasible                        24418.6559   287025         
  11414  4312    infeasible                        24418.6559   329402         
  12369  5451    23255.8959   211                  24418.6559   373684         
  13220  6316    23791.3854   164                  24418.6559   422023         
  14102  6886    14516.7572   122                  24418.6559   455209         
Elapsed time = 111.20 sec. (25216.08 ticks, tree = 1196.92 MB, solutions = 0)
  14944  7368    23764.7300   145                  24418.6559   491385         
  15896  7829    20709.9896   166                  24418.6559   517637         
  16910  7646    infeasible                        24418.6559   504327         
  17902  9527    21604.8280   174                  24418.6559   600176         
  18895  9663    24288.2372   192                  24418.6559   605868         
  19862  9196    infeasible                        24418.6559   585874         
  20806  9183    24402.8936   194                  24418.6559   586055         
* 21783  9003      integral     0    23622.1321    24418.6559   572098    3.37%
  22839  4048    23787.8874   211    23622.1321    24418.6559   675234    3.37%
  23908  9854    18506.5497   186    23622.1321    24418.6559   618704    3.37%
Elapsed time = 160.34 sec. (34734.33 ticks, tree = 1374.80 MB, solutions = 1)
  24785  4368    24329.2849   154    23622.1321    24418.6559   721024    3.37%
  25852  4152    23693.3631   135    23622.1321    24418.6559   663738    3.37%
  27054  5216    24305.7927   156    23622.1321    24418.6559   845317    3.37%
  28476  6699        cutoff          23622.1321    24418.6559   884875    3.37%
  30448  5423    24334.8854   153    23622.1321    24418.6559   873663    3.37%
  32483  5629    24272.4104   156    23622.1321    24418.6559   875549    3.37%
  34614  6454    24261.9123   187    23622.1321    24418.6559   883665    3.37%
  36675 10162        cutoff          23622.1321    24418.6559   914224    3.37%
  38781 13045    23748.1292   163    23622.1321    24418.6559   939440    3.37%
  40839 11045    24120.0983   155    23622.1321    24418.6559   922046    3.37%
Elapsed time = 215.70 sec. (44275.21 ticks, tree = 2156.63 MB, solutions = 1)
Nodefile size = 96.31 MB (57.56 MB after compression)
  42745 17307    24236.2896   106    23622.1321    24418.6559   974055    3.37%
  44414 21762    24195.1344   160    23622.1321    24418.6559  1014813    3.37%
  46100 23426    23677.8016    86    23622.1321    24418.6559  1028361    3.37%
  47682 25299    23624.5419    47    23622.1321    24418.6559  1040352    3.37%
  49187 25108    23975.1689    90    23622.1321    24418.6559  1039247    3.37%
  50931 25707    23653.9506    45    23622.1321    24418.6559  1042317    3.37%
  52819 25102    24218.4980   111    23622.1321    24418.6559  1039197    3.37%
  55043 25690    23976.3110   180    23622.1321    24418.6559  1042536    3.37%
  57116 25868    23993.3859   125    23622.1321    24418.6559  1043634    3.37%
  59357 25177    23759.4365   115    23622.1321    24418.6559  1040141    3.37%
Elapsed time = 368.38 sec. (53820.05 ticks, tree = 2351.73 MB, solutions = 1)
Nodefile size = 289.13 MB (145.69 MB after compression)
  61563 25299    23872.7951   121    23622.1321    24418.6559  1040213    3.37%
  63828 25960    24259.3659   122    23622.1321    24418.6559  1044460    3.37%
  65933 26168    23798.0260   161    23622.1321    24418.6559  1045463    3.37%
  68095 25447    23722.8851    55    23622.1321    24418.6559  1042026    3.37%
  70282 25975    23801.5553   155    23622.1321    24418.6559  1045220    3.37%
  72442 26233    23884.6694    59    23622.1321    24418.6559  1046986    3.37%
  74628 25818    24276.2756   135    23622.1321    24418.6559  1045840    3.37%
  76818 26446    24291.2172   100    23622.1321    24418.6559  1047624    3.37%
  79013 26121    23767.5379   110    23622.1321    24418.6559  1046857    3.37%
  81223 26078    24270.0519   157    23622.1321    24418.6559  1044247    3.37%
Elapsed time = 426.02 sec. (63362.08 ticks, tree = 2369.57 MB, solutions = 1)
Nodefile size = 292.64 MB (146.96 MB after compression)
  83428 26608    23844.6844   160    23622.1321    24418.6559  1048059    3.37%
  85562 25984    24086.5234    79    23622.1321    24418.6559  1045069    3.37%
  87601 26604    24201.0542    95    23622.1321    24418.6559  1049110    3.37%
  89639 26742    24149.9159    86    23622.1321    24418.6559  1050469    3.37%
  91673 26775        cutoff          23622.1321    24418.6559  1049151    3.37%
  93540 26312    24248.2655   153    23622.1321    24418.6559  1046501    3.37%
  95372 26525    24236.6353   134    23622.1321    24418.6559  1046597    3.37%
  97143 27176    24285.0261   125    23622.1321    24418.6559  1051920    3.37%
  98703 27112    23931.7244   162    23622.1321    24418.6559  1051046    3.37%
 100308 27193    23664.3629   139    23622.1321    24418.6559  1049472    3.37%
Elapsed time = 525.63 sec. (72901.93 ticks, tree = 2288.27 MB, solutions = 1)
Nodefile size = 251.30 MB (126.93 MB after compression)
 101839 26749    24229.1354   145    23622.1321    24418.6559  1047919    3.37%
 103354 26573    24066.6759    99    23622.1321    24418.6559  1050729    3.37%
 104712 26740    24252.8582   180    23622.1321    24418.6559  1049326    3.37%
 106060 27589    24157.0336   120    23622.1321    24418.6559  1052179    3.37%
 107433 27485        cutoff          23622.1321    24418.6559  1051630    3.37%
 108769 27610    23645.5658   117    23622.1321    24418.6559  1053855    3.37%
 109969 27554    infeasible          23622.1321    24418.6559  1053717    3.37%
 110161 27687    24195.0312   126    23622.1321    24418.6559  1052339    3.37%
 110372 25659    24312.4021   133    23622.1321    24418.6559  1042245    3.37%
 110419 81030    infeasible          23622.1321    24418.6559  1393325    3.37%
Elapsed time = 567.23 sec. (88649.84 ticks, tree = 2047.92 MB, solutions = 1)
 111287   116    23952.5585   153    23622.1321    24418.6559  1399543    3.37%
 112738   153    24200.3286   182    23622.1321    24414.4618  1401098    3.35%
 114333   366    24185.7698    78    23622.1321    24414.4618  1406702    3.35%
 115538  3720    24023.9454   186    23622.1321    24414.4618  1447376    3.35%
 116619  1000    24241.8258    82    23622.1321    24414.4618  1416003    3.35%
 117670  3360    23831.0990   124    23622.1321    24414.4618  1443629    3.35%
 118766  3797    24294.2785   138    23622.1321    24414.4618  1448144    3.35%
 119741  6376    24297.4505   151    23622.1321    24414.4618  1477457    3.35%
 120791  5032    24297.0360   140    23622.1321    24414.4618  1459634    3.35%
 121927  6463    23862.6267    54    23622.1321    24414.4618  1477943    3.35%
Elapsed time = 618.84 sec. (98193.06 ticks, tree = 92.14 MB, solutions = 1)
 123299  8155    24253.3669   142    23622.1321    24414.4618  1498001    3.35%
 124921  9162    24277.8337   152    23622.1321    24414.4618  1509550    3.35%
 127099  9305    infeasible          23622.1321    24414.4618  1511011    3.35%
 129392  8366    23932.6302    94    23622.1321    24414.4618  1500539    3.35%
 131471 11109    24280.5598   136    23622.1321    24414.4618  1529271    3.35%
 133116 12268    24194.1296   138    23622.1321    24414.4618  1544411    3.35%
 134353 14702    24265.6509   111    23622.1321    24414.4618  1565514    3.35%
 135338 13732    24315.7668   166    23622.1321    24414.4618  1555776    3.35%
 136284 15752    24283.3600   148    23622.1321    24414.4618  1575536    3.35%
 139973 23304    24227.9088   146    23622.1321    24414.4618  1665553    3.35%
Elapsed time = 676.39 sec. (110594.85 ticks, tree = 355.94 MB, solutions = 1)
 143840 23388    24084.3109   148    23622.1321    24414.4618  1667400    3.35%
 149891 25132    24200.9760   179    23622.1321    24414.4618  1699664    3.35%
 158319 29338    23915.0480   110    23622.1321    24414.4618  1755439    3.35%
*162121 37586      integral     0    23625.6457    24414.4618  1835064    3.34%
 165966 40104    24205.8725   140    23625.9801    24414.4618  1864493    3.34%
 170067 42382    24032.7394   133    23625.9801    24414.4618  1903149    3.34%
 174251 46897    24271.0872   140    23625.9801    24414.4618  1971932    3.34%
*174604 46014      integral     0    23626.1725    24414.4618  1958400    3.34%
 180019 50505    24285.3100   153    23626.1725    24414.4618  2019366    3.34%
 187829 55199    24254.1554   142    23627.8505    24414.4618  2076787    3.33%
Elapsed time = 834.95 sec. (144276.61 ticks, tree = 854.00 MB, solutions = 5)
 194188 60397    23971.6161   116    23627.8505    24414.4618  2125405    3.33%
 198136 66024    24287.3775   134    23627.8505    24414.4618  2192176    3.33%
 202258 64947        cutoff          23627.8505    24414.4618  2176172    3.33%
 206508 72448    24177.4247   146    23627.8505    24414.4618  2296063    3.33%
 210761 77337    24004.4373    85    23627.8505    24414.4618  2373436    3.33%
 216176 75355    24240.1772   164    23627.8505    24414.4618  2340872    3.33%
 223781 81967    24043.9942   146    23627.8505    24414.4618  2442300    3.33%
 231391 85873    24245.7900   127    23627.8505    24414.4618  2492129    3.33%
 235839 93485        cutoff          23627.8505    24414.4618  2586869    3.33%
 239987 97210    24233.9757   152    23627.8505    24414.4618  2654257    3.33%
Elapsed time = 1004.73 sec. (182432.45 ticks, tree = 1510.42 MB, solutions = 5)
 244097 97819    24255.7147   111    23627.8505    24414.4618  2663686    3.33%
 248266 99372    24187.1413   128    23627.8505    24414.4618  2694230    3.33%
 252563 99334        cutoff          23627.8505    24414.4618  2693633    3.33%
 256796 105339    24161.7053   148    23627.8505    24414.4618  2806090    3.33%
 260929 104522    23994.8560   163    23627.8505    24414.4618  2788826    3.33%
 265278 113885    24243.7026   131    23627.8505    24414.4618  2963087    3.33%
 269475 110284    infeasible          23627.8505    24414.4618  2891881    3.33%
 271579 115009    24210.5733   134    23627.8505    24414.4618  2982529    3.33%
