
Log started (V12.9.0.0) Tue Sep  1 12:51:43 2020

New value for parallel optimization mode: -1
New value for mixed integer optimality gap tolerance: 0.05
New value for feasibility tolerance: 1e-09
New value for deterministic time limit in ticks: 100000

Problem 'C:\Users\llavin\Desktop\test826\logs\tmpzwmax3r8.pyomo.lp' read.
Read time = 0.55 sec. (28.83 ticks)

Problem name         : C:\Users\llavin\Desktop\test826\logs\tmpzwmax3r8.pyomo.lp
Objective sense      : Maximize
Variables            :  107783  [Nneg: 1,  Box: 44058,  Free: 8928,
                                 Binary: 54796]
Objective nonzeros   :   17571
Linear constraints   :  246903  [Less: 82866,  Greater: 118424,  Equal: 45613]
  Nonzeros           :  618413
  RHS nonzeros       :  135029

Variables            : Min LB: -5000.000        Max UB: 1000000.       
Objective nonzeros   : Min   : 0.008333333      Max   : 208.3333       
Linear constraints   :
  Nonzeros           : Min   : 0.008333333      Max   : 1000000.       
  RHS nonzeros       : Min   : 0.008333333      Max   : 1000000.       
CPXPARAM_Parallel                                -1
CPXPARAM_Simplex_Tolerances_Feasibility          1.0000000000000001e-09
CPXPARAM_DetTimeLimit                            100000
CPXPARAM_MIP_Tolerances_MIPGap                   0.050000000000000003
Tried aggregator 3 times.
MIP Presolve eliminated 181154 rows and 41085 columns.
MIP Presolve added 6192 rows and 0 columns.
MIP Presolve modified 51330 coefficients.
Aggregator did 25861 substitutions.
Reduced MIP has 46080 rows, 39317 columns, and 136582 nonzeros.
Reduced MIP has 15490 binaries, 0 generals, 0 SOSs, and 0 indicators.
Presolve time = 0.66 sec. (375.58 ticks)
Probing fixed 842 vars, tightened 9443 bounds.
Probing time = 0.39 sec. (14.38 ticks)
Tried aggregator 2 times.
MIP Presolve eliminated 1874 rows and 1732 columns.
MIP Presolve modified 10627 coefficients.
Aggregator did 96 substitutions.
Reduced MIP has 44110 rows, 37489 columns, and 127769 nonzeros.
Reduced MIP has 14648 binaries, 0 generals, 0 SOSs, and 0 indicators.
Presolve time = 0.25 sec. (209.76 ticks)
Probing fixed 0 vars, tightened 3866 bounds.
Probing time = 0.44 sec. (14.19 ticks)
Clique table members: 69994.
MIP emphasis: balance optimality and feasibility.
MIP search method: dynamic search.
Parallel mode: opportunistic, using up to 32 threads.
Root relaxation solution time = 0.83 sec. (539.48 ticks)

        Nodes                                         Cuts/
   Node  Left     Objective  IInf  Best Integer    Best Bound    ItCnt     Gap

      0     0    11307.7272   320                  11307.7272       30         
      0     0    11307.3660   124               Flowcuts: 135      113         
      0     0    11307.1451   127                    Cuts: 24      138         
      0     0    11307.1451   124                 Flowcuts: 1      139         
      0     0    11307.1451   127                     Cuts: 7      144         
*     0+    0                        10669.8432    11307.1451             5.97%
      0    30    11301.5566   117    10669.8432       Cuts: 8      933    5.94%
Elapsed time = 13.84 sec. (7345.73 ticks, tree = 1.51 MB, solutions = 1)
    243    54    11297.2073    98    10669.8432    11302.3541     1361    5.93%
    662   209    11297.5171    90    10669.8432    11302.1759     2831    5.93%
    995   867    10964.7984    86    10669.8432    11302.1759    12108    5.93%
   1370   668        cutoff          10669.8432    11302.1759     9528    5.93%
   1731   842    11293.6889    85    10669.8432    11302.1212    11738    5.93%
   2080  1206    11272.9565    47    10669.8432    11302.1212    20010    5.93%
   2397  1282    11287.8176    64    10669.8432    11302.1212    24090    5.93%
   2718  1610    11289.9714    64    10669.8432    11302.0043    40093    5.92%
   3032  1778    11210.7993    75    10669.8432    11302.0043    54667    5.92%
   4101  2804        cutoff          10669.8432    11302.0043   120125    5.92%
Elapsed time = 35.48 sec. (10450.68 ticks, tree = 46.28 MB, solutions = 1)
   5545  3105    infeasible          10669.8432    11301.6882   134955    5.92%
   7121  3888    10692.3681    74    10669.8432    11301.5454   176758    5.92%
   7767  4970    10992.9665    62    10669.8432    11301.5454   206879    5.92%

Cover cuts applied:  5
Implied bound cuts applied:  10
Flow cuts applied:  108
Mixed integer rounding cuts applied:  1

Root node processing (before b&c):
  Real time             =    9.86 sec. (7293.50 ticks)
Parallel b&c, 32 threads:
  Real time             =   36.95 sec. (6194.78 ticks)
  Sync time (average)   =    1.86 sec.
  Wait time (average)   =    0.00 sec.
                          ------------
Total (root+branch&cut) =   46.81 sec. (13488.28 ticks)

Solution pool: 1 solution saved.

MIP - Aborted, integer feasible:  Objective =  1.0669843173e+04
Current MIP best bound =  1.1301545382e+04 (gap = 631.702, 5.92%)
Solution time =   46.88 sec.  Iterations = 223271  Nodes = 7772 (5902)
Deterministic time = 13488.59 ticks  (287.76 ticks/sec)


