
Log started (V12.10.0.0) Fri Aug 28 06:42:01 2020

New value for parallel optimization mode: -1
New value for mixed integer optimality gap tolerance: 0.05
New value for feasibility tolerance: 1e-09
New value for deterministic time limit in ticks: 100000

Problem 'C:\Users\wenmi\Desktop\competitiveMPEC\logs\tmpdnx1hcug.pyomo.lp' read.
Read time = 0.16 sec. (14.51 ticks)
MIP start file 'C:\Users\wenmi\Desktop\competitiveMPEC\logs\tmpz20fyzh_.cplex.mst' read.

Problem name         : C:\Users\wenmi\Desktop\competitiveMPEC\logs\tmpdnx1hcug.pyomo.lp
Objective sense      : Maximize
Variables            :   54527  [Nneg: 1,  Box: 22722,  Free: 4464,
                                 Binary: 27340]
Objective nonzeros   :    9690
Linear constraints   :  123205  [Less: 41346,  Greater: 59096,  Equal: 22763]
  Nonzeros           :  291766
  RHS nonzeros       :   67456

Variables            : Min LB: -5000.000        Max UB: 1000000.       
Objective nonzeros   : Min   : 0.1000000        Max   : 2500.000       
Linear constraints   :
  Nonzeros           : Min   : 0.1000000        Max   : 1000000.       
  RHS nonzeros       : Min   : 0.1000000        Max   : 1000000.       
Version identifier: 12.10.0.0 | 2019-11-26 | 843d4de2ae
CPXPARAM_Parallel                                -1
CPXPARAM_Simplex_Tolerances_Feasibility          1.0000000000000001e-09
CPXPARAM_DetTimeLimit                            100000
CPXPARAM_MIP_Tolerances_MIPGap                   0.050000000000000003
Warning:  No solution found from 1 MIP starts.
Retaining values of one MIP start for possible repair.
Tried aggregator 3 times.
MIP Presolve eliminated 88899 rows and 19917 columns.
MIP Presolve added 3337 rows and 0 columns.
MIP Presolve modified 24777 coefficients.
Aggregator did 12964 substitutions.
Reduced MIP has 24679 rows, 21064 columns, and 70500 nonzeros.
Reduced MIP has 8321 binaries, 0 generals, 0 SOSs, and 0 indicators.
Presolve time = 0.16 sec. (165.90 ticks)
Probing fixed 376 vars, tightened 4109 bounds.
Probing time = 0.03 sec. (18.31 ticks)
Tried aggregator 2 times.
Detecting symmetries...
MIP Presolve eliminated 849 rows and 755 columns.
MIP Presolve modified 3001 coefficients.
Aggregator did 36 substitutions.
Reduced MIP has 23794 rows, 20273 columns, and 67934 nonzeros.
Reduced MIP has 7944 binaries, 0 generals, 0 SOSs, and 0 indicators.
Presolve time = 0.06 sec. (91.29 ticks)
Probing fixed 0 vars, tightened 257 bounds.
Probing time = 0.08 sec. (22.39 ticks)
Clique table members: 44438.
MIP emphasis: balance optimality and feasibility.
MIP search method: dynamic search.
Parallel mode: opportunistic, using up to 16 threads.
Root relaxation solution time = 0.30 sec. (641.80 ticks)

        Nodes                                         Cuts/
   Node  Left     Objective  IInf  Best Integer    Best Bound    ItCnt     Gap

      0     0    80053.4564   182                  80053.4564     6026         
      0     0    79236.4289   182                    Cuts: 89     6122         
      0     0    79212.0795   182                    Cuts: 23     6139         
      0     0    79159.0988   182                    Cuts: 13     6162         
      0     0    79159.0988   182                     Cuts: 4     6170         
      0     0    79158.7500   182                 Flowcuts: 4     6181         
      0     0    79158.7500   182                     Cuts: 4     6197         
Repair heuristic found nothing.
      0     4    infeasible                        78979.3977     6208         
Elapsed time = 6.38 sec. (4969.07 ticks, tree = 0.02 MB, solutions = 0)
    118    35    78382.9150    43                  78400.3126     6359         
*   454+  175                        51371.1424    78400.3126            52.62%
    468   205    68028.8890    46    51371.1424    78400.3126     8033   52.62%
    809   379    75993.8415    37    51371.1424    78400.3126     9972   52.62%
   1152   694    72412.0163    26    51371.1424    78393.4459    11985   52.60%
   1424  1176    53228.8340    13    51371.1424    78393.4459    16786   52.60%
   1841  1127    61493.8191     3    51371.1424    78393.4459    16003   52.60%
   2149  1546    65599.9833    25    51371.1424    78393.4459    20013   52.60%
*  2379  1741      integral     0    55450.5346    78393.4459    21709   41.38%
   2484  1503    60657.2119    35    55450.5346    78390.8662    19785   41.37%
   2810  1905    58455.2704    13    55450.5346    78390.8662    23940   41.37%
   4326  2290    71676.7590    33    55450.5346    78383.6847    28449   41.36%
Elapsed time = 19.28 sec. (8073.85 ticks, tree = 16.39 MB, solutions = 3)

Performing restart 1

Repeating presolve.
Tried aggregator 3 times.
MIP Presolve eliminated 867 rows and 730 columns.
MIP Presolve modified 7708 coefficients.
Aggregator did 168 substitutions.
Reduced MIP has 22759 rows, 19375 columns, and 62443 nonzeros.
Reduced MIP has 7579 binaries, 0 generals, 0 SOSs, and 0 indicators.
Presolve time = 0.06 sec. (64.43 ticks)
Tried aggregator 3 times.
MIP Presolve eliminated 370 rows and 300 columns.
MIP Presolve modified 897 coefficients.
Aggregator did 13 substitutions.
Reduced MIP has 22376 rows, 19062 columns, and 61340 nonzeros.
Reduced MIP has 7429 binaries, 0 generals, 0 SOSs, and 0 indicators.
Presolve time = 0.05 sec. (54.69 ticks)
Tried aggregator 3 times.
MIP Presolve eliminated 52 rows and 52 columns.
MIP Presolve modified 299 coefficients.
Aggregator did 15 substitutions.
Reduced MIP has 22309 rows, 18995 columns, and 61143 nonzeros.
Reduced MIP has 7403 binaries, 0 generals, 0 SOSs, and 0 indicators.
Presolve time = 0.08 sec. (93.35 ticks)
Represolve time = 0.47 sec. (327.36 ticks)
   5011     0    79107.5458   131    55450.5346     Cuts: 353    47387   37.46%
   5011     0    79107.0633   131    55450.5346      Cuts: 49    47429   33.97%
   5011     0    79096.3192   131    55450.5346      Cuts: 50    47455   33.97%
   5011     0    79095.5798   131    55450.5346      Cuts: 47    47497   33.97%
   5011     0    79095.5798   131    55450.5346      Cuts: 35    47533   33.97%
   5011     0    79095.5798   131    55450.5346      Cuts: 52    47570   33.97%
   5011    15    58898.3637    24    55450.5346    74287.7345    47644   33.97%
   5371   126    55895.5311    21    55450.5346    73727.5408    49188   32.96%
   6315   168    56223.0473    27    55450.5346    68697.9246    49810   23.89%
   6835   922    59718.5533    50    55450.5346    67529.8161    57690   21.78%
   8037  1240        cutoff          55450.5346    67529.8161    61269   21.78%
  10147  2078    55897.2452    26    55450.5346    63421.8871    66604   14.38%
