
Log started (V12.9.0.0) Thu Aug  6 14:30:20 2020

New value for parallel optimization mode: -1
New value for mixed integer optimality gap tolerance: 0.001
New value for deterministic time limit in ticks: 100000

Problem 'C:\Users\llavin\Desktop\test85\logs\tmpuqt1wxb8.pyomo.lp' read.
Read time = 0.52 sec. (27.89 ticks)
MIP start file 'C:\Users\llavin\Desktop\test85\logs\tmp1rgpcfe5.cplex.mst' read.

Problem name         : C:\Users\llavin\Desktop\test85\logs\tmpuqt1wxb8.pyomo.lp
Objective sense      : Maximize
Variables            :  109219  [Nneg: 1,  Box: 45494,  Free: 8928,
                                 Binary: 54796]
Objective nonzeros   :   18818
Linear constraints   :  246995  [Less: 82866,  Greater: 118424,  Equal: 45705]
  Nonzeros           :  580829
  RHS nonzeros       :  134689

Variables            : Min LB: -5000.000        Max UB: 1000000.       
Objective nonzeros   : Min   : 0.1944444        Max   : 2500.000       
Linear constraints   :
  Nonzeros           : Min   : 0.1944444        Max   : 1000000.       
  RHS nonzeros       : Min   : 0.1944444        Max   : 1000000.       
CPXPARAM_Parallel                                -1
CPXPARAM_DetTimeLimit                            100000
CPXPARAM_MIP_Tolerances_MIPGap                   0.001
Warning:  No solution found from 1 MIP starts.
Retaining values of one MIP start for possible repair.
Tried aggregator 3 times.
MIP Presolve eliminated 181844 rows and 43006 columns.
MIP Presolve added 6048 rows and 0 columns.
MIP Presolve modified 48910 coefficients.
Aggregator did 25799 substitutions.
Reduced MIP has 45400 rows, 38782 columns, and 125857 nonzeros.
Reduced MIP has 15252 binaries, 0 generals, 0 SOSs, and 0 indicators.
Presolve time = 0.58 sec. (333.33 ticks)
Probing fixed 742 vars, tightened 6983 bounds.
Probing time = 0.34 sec. (13.18 ticks)
Tried aggregator 2 times.
MIP Presolve eliminated 1680 rows and 1488 columns.
MIP Presolve modified 5381 coefficients.
Aggregator did 77 substitutions.
Reduced MIP has 43643 rows, 37217 columns, and 120778 nonzeros.
Reduced MIP has 14508 binaries, 0 generals, 0 SOSs, and 0 indicators.
Presolve time = 0.23 sec. (207.74 ticks)
Probing fixed 2 vars, tightened 172 bounds.
Probing time = 0.45 sec. (16.23 ticks)
Clique table members: 79825.
MIP emphasis: balance optimality and feasibility.
MIP search method: dynamic search.
Parallel mode: opportunistic, using up to 32 threads.
Root relaxation solution time = 1.09 sec. (2023.36 ticks)

        Nodes                                         Cuts/
   Node  Left     Objective  IInf  Best Integer    Best Bound    ItCnt     Gap

      0     0     9020.8678   386                   9020.8678    10853         
      0     0     9020.2527   299                   Cuts: 551    11103         
      0     0     9012.3252   308                    Cuts: 41    11138         
      0     0     8950.8287   295                    Cuts: 33    11180         
      0     0     8933.0800   298                    Cuts: 20    11210         
      0     0     8884.7403   302                    Cuts: 32    11259         
      0     0     8882.7973   301                    Cuts: 35    11278         
      0     0     8882.7973   302                    Cuts: 23    11287         
      0     0     8882.7973    64                     Cuts: 2    11289         
      0     0     8871.6534    88                    Cuts: 62    11355         
      0     0     8857.0982    82                    Cuts: 63    11423         
      0     0     8854.0720    84                    Cuts: 52    11438         
      0     0     8854.0720    86                 MIRcuts: 13    11448         
Repair heuristic found nothing.
      0     9    infeasible                           Cuts: 6    12176         
Elapsed time = 14.89 sec. (9942.36 ticks, tree = 0.02 MB, solutions = 0)
    242    59     4793.2477    33                   7396.8880    14867         
    391    58     3674.0963    52                   7396.8880    14967         
    583   223    -4120.0379   104                   7368.3060    28290         
    909   275    infeasible                         7368.3060    32761         
   1220   464     -778.9953    84                   7368.3060    43972         
   1495   655    -4584.4897    75                   7368.3060    51567         
   1790   715    -4128.5224   111                   7368.3060    56656         
   2091   905  -208143.6952    67                   7368.3060    63505         
   2361   932    -6724.9885    97                   7368.3060    65117         
   3681  1851      939.3709    84                   6104.6690   102902         
Elapsed time = 35.92 sec. (13050.32 ticks, tree = 189.07 MB, solutions = 0)
   4936  2655    -9838.1798    76                   5939.2740   125474         
   6201  3645    -4025.1283    59                   5502.7514   158687         
   7387  4623    -7968.6984    98                   4842.5735   192849         
   8264  5095   -14823.1289    64                   4842.5735   210958         
   8280  5888    infeasible                         4842.5735   250667         
   8419    51     1250.1910   224                   4842.5735   254503         
   8702    70     3165.7116   197                   4842.5735   255963         
   9043    90     -698.9463   226                   4842.5735   256966         
   9465    15     2761.6122   212                   4842.5735   251579         
   9816   562    -4199.9148   258                   4842.5735   271339         
Elapsed time = 112.48 sec. (31703.46 ticks, tree = 16.58 MB, solutions = 0)
  10259   968    infeasible                         4842.5735   285836         
  10825   192    -7274.7899   236                   4842.5735   260343         
  11532  1220    -5331.0889   273                   4842.5735   295027         
  12395  1520    -5935.5174   283                   4842.5735   301301         
  13297  3129     -897.7602   245                   4842.5735   355658         
  14294  1639    -7202.6575   386                   4842.5735   306163         
  15176  3966   -13066.3837   257                   4842.5735   386750         
  15999  3105    -9446.5245   228                   4842.5735   355369         
  16963  3135       28.0781   239                   4842.5735   356330         
  17917  4011    -2231.6645   258                   4842.5735   389237         
Elapsed time = 167.19 sec. (41250.09 ticks, tree = 131.89 MB, solutions = 0)
  18777  3792    -4072.1338   219                   4842.5735   382946         
  19484  4547     2584.8181   285                   4842.5735   413001         
  19967  4858   -20388.4902   183                   4842.5735   430791         
  20448  5089   -10911.8954   252                   4842.5735   438539         
  20893  4865     4335.6207   276                   4842.5735   432252         
  21187  7158     -524.3836   258                   4842.5735   525080         
  21321  7298    -1195.3968   250                   4842.5735   530839         
  21549  8465     -696.7281   308                   4842.5735   589007         
  21848  8537     1519.2869   371                   4842.5735   591739         
  22215  9113     1843.4152   287                   4842.5735   643535         
Elapsed time = 221.30 sec. (50806.76 ticks, tree = 940.38 MB, solutions = 0)
  22732  8941     2800.2727   248                   4842.5735   619495         
  23402  8841      384.9871   251                   4842.5735   611606         
  24112  8437     2386.9737   300                   4842.5735   590469         
  24963  8800    infeasible                         4842.5735   610291         
  25773  9438     3729.1156   249                   4842.5735   664823         
  26569 11222    infeasible                         4842.5735   773537         
  27405  9103     1215.5777   295                   4842.5735   630991         
  28270  9336    -2127.5574   335                   4842.5735   657648         
  29150  9111     -971.5467   250                   4842.5735   635950         
  30115  9418     2527.0635   251                   4842.5735   663313         
Elapsed time = 300.78 sec. (60354.18 ticks, tree = 1005.99 MB, solutions = 0)
