
Log started (V12.9.0.0) Tue Sep 15 13:16:34 2020

New value for parallel optimization mode: -1
New value for emphasis for MIP optimization: 1
New value for mixed integer optimality gap tolerance: 0.01
New value for integrality tolerance: 1e-12
New value for deterministic time limit in ticks: 75000

Problem 'C:\Users\llavin\Desktop\test826\logs\tmp6k1qgtuy.pyomo.lp' read.
Read time = 0.23 sec. (13.50 ticks)

Problem name         : C:\Users\llavin\Desktop\test826\logs\tmp6k1qgtuy.pyomo.lp
Objective sense      : Maximize
Variables            :   52425  [Nneg: 1,  Box: 20620,  Free: 4464,
                                 Binary: 27340]
Objective nonzeros   :    9078
Linear constraints   :  121135  [Less: 39966,  Greater: 59096,  Equal: 22073]
  Nonzeros           :  276525
  RHS nonzeros       :   67491

Variables            : Min LB: -5000.000        Max UB: 1000000.       
Objective nonzeros   : Min   : 1.000000e-06     Max   : 731.8583       
Linear constraints   :
  Nonzeros           : Min   : 1.000000e-06     Max   : 1000000.       
  RHS nonzeros       : Min   : 1.000000e-06     Max   : 1000000.       
CPXPARAM_Parallel                                -1
CPXPARAM_Emphasis_MIP                            1
CPXPARAM_DetTimeLimit                            75000
CPXPARAM_MIP_Tolerances_MIPGap                   0.01
CPXPARAM_MIP_Tolerances_Integrality              9.9999999999999998e-13
Tried aggregator 3 times.
MIP Presolve eliminated 82017 rows and 15585 columns.
MIP Presolve added 3354 rows and 0 columns.
MIP Presolve modified 25199 coefficients.
Aggregator did 12952 substitutions.
Reduced MIP has 29520 rows, 23332 columns, and 110524 nonzeros.
Reduced MIP has 9782 binaries, 0 generals, 0 SOSs, and 0 indicators.
Presolve time = 0.33 sec. (187.06 ticks)
Probing fixed 463 vars, tightened 3320 bounds.
Probing time = 0.58 sec. (134.03 ticks)
Tried aggregator 2 times.
MIP Presolve eliminated 1028 rows and 927 columns.
MIP Presolve modified 2381 coefficients.
Aggregator did 59 substitutions.
Reduced MIP has 28433 rows, 22346 columns, and 107359 nonzeros.
Reduced MIP has 9319 binaries, 0 generals, 0 SOSs, and 0 indicators.
Presolve time = 0.13 sec. (78.52 ticks)
Probing fixed 0 vars, tightened 525 bounds.
Probing time = 0.50 sec. (112.39 ticks)
Clique table members: 10246.
MIP emphasis: integer feasibility.
MIP search method: dynamic search.
Parallel mode: opportunistic, using up to 32 threads.
Root relaxation solution time = 0.49 sec. (759.91 ticks)

        Nodes                                         Cuts/
   Node  Left     Objective  IInf  Best Integer    Best Bound    ItCnt     Gap

      0     0        0.0000   197                      0.0000     6535         
      0     0      -23.4052     1                     Cuts: 3     6538         
      0     0      -23.4798     2                    Fract: 1     6541         
      0     0      -32.4799     3                 Flowcuts: 1     6546         
      0    15    infeasible                       Impl Bds: 1     6697         
Elapsed time = 4.38 sec. (2131.27 ticks, tree = 0.02 MB, solutions = 0)
    439   244      -86.7283     4                    -78.2345    19242         
    811   360      -95.1023     4                    -78.2345    27564         
   1287   503     -110.9644     4                    -78.2345    44930         
   1769   781     -346.1636     4                    -78.2345    59900         
   2270   974    infeasible                          -78.2345    69442         
   2727  1146     -329.2605     6                    -78.2345    79297         
   3288  1164     -389.9512     8                    -78.2345    79871         
   3834  1657     -413.2404     6                    -78.2345    99230         
   4352  1378     -193.6845     9                    -78.2345    90020         
   6478  1986    infeasible                          -78.2345   115184         
Elapsed time = 22.02 sec. (5233.24 ticks, tree = 121.06 MB, solutions = 0)
   8964  3478     -336.8154     9                    -78.2345   166226         
  10877  3724    infeasible                          -78.2345   173046         
  11249  5515    infeasible                          -78.2345   225872         
  12675   354    -4580.0690    19                    -79.7311   242380         
  14283   704    infeasible                          -79.7311   270429         
  17425  1652    -2227.8940    19                    -79.7311   299341         
  20541  1960    -2783.9780    15                    -79.7311   309470         
  23456  3002    -3098.7766    13                    -79.7311   333885         
  26663  4040    -2849.8364    10                    -79.7311   360179         
  29925  6291    infeasible                          -79.7311   411396         
Elapsed time = 70.77 sec. (17097.89 ticks, tree = 51.27 MB, solutions = 0)
  32855  6525    -3479.4544    18                    -79.7311   417557         
  35538  7545    -9573.9704    20                    -79.7311   449775         
  38499  8946    infeasible                          -79.7311   500877         
  41910 10202    -5527.7406    17                    -79.7311   532528         
  45051 11503    -5066.1688    18                    -79.7311   569571         
  46395 11679    infeasible                          -79.7311   574179         
  46612 12894    -3681.2077    13                    -79.7311   609609         
  47932 12925    -3521.0522    14                    -79.7311   610951         
  50249 13940    infeasible                          -79.7311   639668         
  53004 13394    -7284.7406    34                    -79.7311   630560         
Elapsed time = 117.55 sec. (27109.94 ticks, tree = 141.08 MB, solutions = 0)
  56100 15087    -4366.2610    15                    -79.7311   666213         
  58921 15015    -3777.1504    13                    -79.7311   665225         
  61620 16932    -3827.6610    21                    -79.7311   719261         
  63647 17147    infeasible                          -79.7311   727348         
  65653 18670    -8423.5236    29                    -79.7311   797236         
  67915 18911   -27756.5762    64                    -79.7311   807766         
  70168 20513    -4374.2272    18                    -79.7311   908176         
  72318 21577    -4452.3752    29                    -79.7311  1057466         
  73856 21424    -5216.0017    35                    -79.7311  1005437         
  74765 21527   -91434.2851   132                    -79.7311  1052488         
Elapsed time = 151.95 sec. (36650.61 ticks, tree = 262.64 MB, solutions = 0)
  75021 21450  -125382.2256    69                    -79.7311  1032582         
