
Log started (V12.9.0.0) Tue Sep 15 13:41:50 2020

New value for parallel optimization mode: -1
New value for emphasis for MIP optimization: 1
New value for mixed integer optimality gap tolerance: 0.01
New value for integrality tolerance: 1e-12
New value for deterministic time limit in ticks: 75000

Problem 'C:\Users\llavin\Desktop\test826\logs\tmpyyth93iy.pyomo.lp' read.
Read time = 0.25 sec. (14.67 ticks)
MIP start file 'C:\Users\llavin\Desktop\test826\logs\tmpzovxa6ba.cplex.mst' read.

Problem name         : C:\Users\llavin\Desktop\test826\logs\tmpyyth93iy.pyomo.lp
Objective sense      : Maximize
Variables            :   54525  [Nneg: 1,  Box: 22720,  Free: 4464,
                                 Binary: 27340]
Objective nonzeros   :    9798
Linear constraints   :  126085  [Less: 44226,  Greater: 61976,  Equal: 19883]
  Nonzeros           :  314745
  RHS nonzeros       :   73251

Variables            : Min LB: -5000.000        Max UB: 1000000.       
Objective nonzeros   : Min   : 1.000000e-06     Max   : 731.8583       
Linear constraints   :
  Nonzeros           : Min   : 1.000000e-06     Max   : 1000000.       
  RHS nonzeros       : Min   : 1.000000e-06     Max   : 1000000.       
CPXPARAM_Parallel                                -1
CPXPARAM_Emphasis_MIP                            1
CPXPARAM_DetTimeLimit                            75000
CPXPARAM_MIP_Tolerances_MIPGap                   0.01
CPXPARAM_MIP_Tolerances_Integrality              9.9999999999999998e-13
Warning:  No solution found from 1 MIP starts.
Retaining values of one MIP start for possible repair.
Tried aggregator 3 times.
MIP Presolve eliminated 88525 rows and 19785 columns.
MIP Presolve added 762 rows and 0 columns.
MIP Presolve modified 25199 coefficients.
Aggregator did 12952 substitutions.
Reduced MIP has 25370 rows, 21424 columns, and 77588 nonzeros.
Reduced MIP has 8402 binaries, 0 generals, 0 SOSs, and 0 indicators.
Presolve time = 0.33 sec. (191.92 ticks)
Probing fixed 463 vars, tightened 3379 bounds.
Probing time = 1.30 sec. (1028.86 ticks)
Tried aggregator 2 times.
MIP Presolve eliminated 1310 rows and 1068 columns.
MIP Presolve modified 2368 coefficients.
Aggregator did 60 substitutions.
Reduced MIP has 24000 rows, 20296 columns, and 73580 nonzeros.
Reduced MIP has 7939 binaries, 0 generals, 0 SOSs, and 0 indicators.
Presolve time = 0.13 sec. (86.21 ticks)
Probing fixed 0 vars, tightened 413 bounds.
Probing time = 0.36 sec. (255.45 ticks)
Clique table members: 10061.
MIP emphasis: integer feasibility.
MIP search method: dynamic search.
Parallel mode: opportunistic, using up to 32 threads.
Root relaxation solution time = 0.50 sec. (662.05 ticks)

        Nodes                                         Cuts/
   Node  Left     Objective  IInf  Best Integer    Best Bound    ItCnt     Gap

      0     0      132.6681   148                    132.6681     7925         
      0     0      132.6681     7                    Cuts: 10     7934         
      0     0      132.6681     5                     Cuts: 3     7937         
Repair heuristic found nothing.
      0     5    infeasible                           Cuts: 2     8150         
Elapsed time = 5.50 sec. (3110.20 ticks, tree = 0.02 MB, solutions = 0)
    450   266    infeasible                           77.8388    17011         
    799   389       24.3272     8                     77.8388    32272         
   1219   512       30.6311     4                     77.8388    57173         
   1565   536     -608.8464    12                     77.8388    58744         
   2006   765    infeasible                           77.8388    72544         
   2562  1158       75.1449     1                     77.8388    87525         
   3113  1223     -169.7749    17                     77.8388    89042         
   3682  1351     -179.2155     7                     77.8388    96620         
   4202  1449    -4479.0728    14                     77.8388    99289         
   6284  2468     -132.2898     7                     77.8388   158733         
Elapsed time = 21.80 sec. (6213.19 ticks, tree = 59.74 MB, solutions = 0)
   8311  3486  -105096.4693   209                     77.8388   224261         
   9955  3824   -17518.1649   266                     77.8388   247573         
  10272  5494     -640.6111     6                     77.8388   380762         
  11393   186    -3060.8770    15                     76.0429   407123         
  14053   603    infeasible                           76.0429   436209         
  17805  2082    -3749.2394    16                     76.0429   489966         
  21350  3773    -2469.5573    20                     76.0429   567172         
  24981  3842    -4428.7855    16                     76.0429   570520         
  27972  4761    infeasible                           76.0429   616791         
  28610  5112    infeasible                           76.0429   634157         
Elapsed time = 65.45 sec. (19535.94 ticks, tree = 37.36 MB, solutions = 0)
  28722  6373    -4993.1207    19                     76.0429   691871         
  29779  6379    -3056.6166    18                     76.0429   692470         
  32660  6814    -2571.8491    15                     76.0429   742576         
  35616  6649    infeasible                           76.0429   714529         
  39029  6891    infeasible                           76.0429   749966         
  42233  8469    -3684.8310    19                     76.0429   937458         
  45627  7377    infeasible                           76.0429   821487         
  48970  9281    -3809.1573    22                     76.0429  1061425         
  52290  8652    infeasible                           76.0429   988246         
  55650  9015     -334.3440    17                     76.0429  1033515         
Elapsed time = 142.98 sec. (29080.64 ticks, tree = 62.99 MB, solutions = 0)
  58984 10469    infeasible                           76.0429  1358077         
  62537 10574    infeasible                           76.0429  1408385         
  65970 10251    infeasible                           76.0429  1309672         
  69503 10605    infeasible                           76.0429  1410373         
  73080 11181    infeasible                           76.0429  1549780         
  76618 11374    infeasible                           76.0429  1624845         
  80038 11667    infeasible                           76.0429  1699013         
  83178 12829  -118818.2189    55                     76.0429  2022946         
  86382 12866    infeasible                           76.0429  2037066         
  89433 12501    infeasible                           76.0429  1948008         
Elapsed time = 161.92 sec. (38619.34 ticks, tree = 85.46 MB, solutions = 0)
  92435 12690    -5049.3297    23                     76.0429  1990702         
  94972 12879     -230.4304    17                     76.0429  2032710         
  96926 13154    infeasible                           76.0429  2215505         
  98198 13162    -4370.5983    17                     76.0429  2216803         
  98257 14213    infeasible                           61.1633  2488802         
  98787    75    -2138.9199    26                     61.1633  2496914         

Cover cuts applied:  11
Implied bound cuts applied:  4
Flow cuts applied:  3
Gomory fractional cuts applied:  2

Root node processing (before b&c):
  Real time             =    4.53 sec. (3103.62 ticks)
Parallel b&c, 32 threads:
  Real time             =  167.92 sec. (43210.84 ticks)
  Sync time (average)   =    1.83 sec.
  Wait time (average)   =    0.41 sec.
                          ------------
Total (root+branch&cut) =  172.45 sec. (46314.46 ticks)


MIP - Aborted, no integer solution.
Current MIP best bound =  6.1163341718e+01 (gap is infinite)
Solution time =  172.52 sec.  Iterations = 2509950  Nodes = 98890 (314)
Deterministic time = 46314.61 ticks  (268.47 ticks/sec)


CPLEX Error  1217: No solution exists.
No file written.
