
Log started (V12.9.0.0) Wed Aug 26 15:16:36 2020

New value for parallel optimization mode: -1
New value for mixed integer optimality gap tolerance: 0.01
New value for feasibility tolerance: 1e-09
New value for deterministic time limit in ticks: 500000

Problem 'C:\Users\llavin\Desktop\test826\logs\tmpvuue8awr.pyomo.lp' read.
Read time = 0.23 sec. (14.74 ticks)
MIP start file 'C:\Users\llavin\Desktop\test826\logs\tmp_75giohv.cplex.mst' read.

Problem name         : C:\Users\llavin\Desktop\test826\logs\tmpvuue8awr.pyomo.lp
Objective sense      : Maximize
Variables            :   54525  [Nneg: 1,  Box: 22720,  Free: 4464,
                                 Binary: 27340]
Objective nonzeros   :    9715
Linear constraints   :  123205  [Less: 41346,  Greater: 59096,  Equal: 22763]
  Nonzeros           :  291718
  RHS nonzeros       :   67460

Variables            : Min LB: -5000.000        Max UB: 1000000.       
Objective nonzeros   : Min   : 0.1000000        Max   : 2500.000       
Linear constraints   :
  Nonzeros           : Min   : 0.1000000        Max   : 1000000.       
  RHS nonzeros       : Min   : 0.1000000        Max   : 1000000.       
CPXPARAM_Parallel                                -1
CPXPARAM_Simplex_Tolerances_Feasibility          1.0000000000000001e-09
CPXPARAM_DetTimeLimit                            500000
CPXPARAM_MIP_Tolerances_MIPGap                   0.01
Warning:  No solution found from 1 MIP starts.
Retaining values of one MIP start for possible repair.
Tried aggregator 3 times.
MIP Presolve eliminated 88893 rows and 19911 columns.
MIP Presolve added 3338 rows and 0 columns.
MIP Presolve modified 24784 coefficients.
Aggregator did 12968 substitutions.
Reduced MIP has 24682 rows, 21064 columns, and 70474 nonzeros.
Reduced MIP has 8323 binaries, 0 generals, 0 SOSs, and 0 indicators.
Presolve time = 0.30 sec. (168.26 ticks)
Probing fixed 376 vars, tightened 4114 bounds.
Probing time = 0.08 sec. (18.30 ticks)
Tried aggregator 2 times.
MIP Presolve eliminated 849 rows and 755 columns.
MIP Presolve modified 2999 coefficients.
Aggregator did 36 substitutions.
Reduced MIP has 23797 rows, 20273 columns, and 67908 nonzeros.
Reduced MIP has 7946 binaries, 0 generals, 0 SOSs, and 0 indicators.
Presolve time = 0.11 sec. (91.64 ticks)
Probing fixed 0 vars, tightened 223 bounds.
Probing time = 0.13 sec. (21.93 ticks)
Clique table members: 44569.
MIP emphasis: balance optimality and feasibility.
MIP search method: dynamic search.
Parallel mode: opportunistic, using up to 32 threads.
Root relaxation solution time = 0.48 sec. (665.75 ticks)

        Nodes                                         Cuts/
   Node  Left     Objective  IInf  Best Integer    Best Bound    ItCnt     Gap

      0     0    78354.3907   179                  78354.3907     5773         
      0     0    77695.9019    80                    Cuts: 75     5854         
      0     0    77658.2894    80                    Cuts: 17     5869         
      0     0    77618.5719    82                     Cuts: 7     5874         
      0     0    77618.5719    83                     Cuts: 6     5882         
      0     0    77618.5719    77                     Cuts: 2     5886         
      0     0    77618.5719    77                     Cuts: 2     5888         
Repair heuristic found nothing.
      0    13    infeasible                           Cuts: 5     5980         
Elapsed time = 7.27 sec. (3906.67 ticks, tree = 0.02 MB, solutions = 0)
    402   172    76966.3839    50                  77075.1706     7359         
    927   574    70157.0297    35                  77075.1706    10463         
   1450  1444    69093.9580    43                  77075.1706    21044         
   2098  1276    65986.7504    15                  77075.1706    18509         
   2705  1861    infeasible                        77075.1706    27674         
   3284  2373    53178.8489     6                  77075.1706    40040         
   3872  2531    49717.4806     5                  77075.1706    42799         
   4461  3260    infeasible                        77075.1706    57662         
   4996  3365    62341.8197    26                  77075.1706    59517         
   5856  4846    68513.7790    30                  72634.7708    94546         
Elapsed time = 29.91 sec. (10800.31 ticks, tree = 40.91 MB, solutions = 0)
   6664   278    53014.6433    37                  67267.9538    96832         
   7897  1273    42339.0380    33                  66758.8525   104026         
   9053  1720    15372.5597    50                  66758.8525   107385         
  10265  2569    47252.7865    21                  66758.8525   120660         
  11345  3984    13231.7878    37                  65153.4037   147426         
* 12145+ 2555                        50563.8649    65153.4037            28.85%
  13771  2599    51021.1559    90    50563.8649    65153.4037   197521   28.85%
  15652  4671    62702.3329    45    50563.8649    65136.3038   164128   28.82%
  17943  3387    60586.8562    57    50563.8649    65136.3038   226998   28.82%
  20648  2666    50969.4769    21    50563.8649    65055.3331   201399   28.66%
Elapsed time = 101.97 sec. (20066.28 ticks, tree = 23.07 MB, solutions = 1)
  23539  5661    50689.9009    29    50563.8649    65055.3331   279064   28.66%
  26342  8492    52765.7308    39    50563.8649    65055.3331   334410   28.66%
  29118  8187    59148.0399    46    50563.8649    64670.9556   330105   27.90%
  31755  7957    60721.1272    37    50563.8649    64670.9556   325712   27.90%
  34380  8606    50603.1122    22    50563.8649    64670.9556   335430   27.90%
  36916 13426    50638.5554    13    50563.8649    64670.9556   412410   27.90%
  39198 12079    51264.7544    19    50563.8649    64670.9556   391317   27.90%
  41546 13819    56586.4950    25    50563.8649    64248.5627   417859   27.06%
  44122 15566        cutoff          50563.8649    64248.5627   447027   27.06%
  47004 17610    62707.7025    60    50563.8649    64248.5627   474745   27.06%
Elapsed time = 153.50 sec. (29608.01 ticks, tree = 145.60 MB, solutions = 1)
  50190 19142    52460.0972    38    50563.8649    64223.5818   493705   27.01%
  53295 21085    51486.9921    33    50563.8649    64097.5515   520891   26.77%
  56137 18337    59761.2098    28    50563.8649    63992.7415   482204   26.56%
  59064 20063        cutoff          50563.8649    63992.7415   509563   26.56%
  61803 22053    54179.7544    82    50563.8649    63421.8331   542495   25.43%
  64252 23674    51294.9822    20    50563.8649    63421.8331   567738   25.43%
  66353 29611    52732.0599    99    50563.8649    63163.6082   687410   24.92%
  68438 28935    50696.2929    34    50563.8649    63163.6082   675578   24.92%
  70387 26026    58426.0235    48    50563.8649    62995.8194   618108   24.59%
  72410 28386    57831.2647    44    50563.8649    62995.8194   663343   24.59%
Elapsed time = 219.66 sec. (39148.98 ticks, tree = 231.09 MB, solutions = 2)
  74536 28134    51018.6842    36    51061.7346    62634.9031   659414   22.67%
  76544 30337    55243.6503    42    51061.7346    62634.9031   701541   22.67%
  78592 30598    51073.2984    10    51061.7346    62634.9031   705628   22.67%
  80626 34114        cutoff          51061.7346    62428.8446   776850   22.26%
  82771 31214        cutoff          51061.7346    62428.8446   721123   22.26%
  84895 32214    60462.2853    44    51061.7346    62428.8446   738485   22.26%
  87300 30748    57069.6236    50    51064.8730    62021.8185   809232   21.46%
  89767 31336    58906.9006    71    51064.8730    62021.8185   821708   21.46%
* 91739 34060      integral     0    51298.7135    62021.8185   864307   20.90%
  92320 34860    55567.2804    53    51298.7135    62021.8185   876072   20.90%
  94716 35895    51073.2984    11    51298.7135    61867.0507   891589   20.60%
Elapsed time = 283.34 sec. (48690.90 ticks, tree = 288.35 MB, solutions = 4)
  97538 34958    52062.6594    52    51298.7135    61867.0507   877128   20.60%
 100172 32725    51712.0532    32    51298.7135    61867.0507   845616   20.60%
 102629 37355    51662.3633    16    51298.7135    61867.0507   911978   20.60%
 104828 35144    51623.4744    42    51298.7135    61776.6219   880941   20.43%
 107406 39034    51931.4218    33    51656.5079    61776.6219   935629   19.59%
 110045 38910    51713.8427    25    51656.5079    61776.6219  1038551   19.59%
 112516 40209    51358.2807    29    51656.5079    61776.6219   996103   19.59%
 114612 40308    51425.1598    27    51656.5079    61776.6219   996517   19.59%
 116440 42557    57838.2489    43    51656.5079    61756.3735   978628   19.55%
 117925 39308    56314.6209    38    51656.5079    61756.3735   986149   19.55%
Elapsed time = 368.31 sec. (58231.87 ticks, tree = 314.47 MB, solutions = 5)
 119678 42745    51680.0837    12    51656.5079    61751.4973  1027624   19.54%
 121419 38493        cutoff          51656.5079    61751.4973  1034720   19.54%
 123270 39027    51829.4272    31    51656.5079    61751.4973  1040021   19.54%
 124969 40421    61709.2068    42    51656.5079    61751.4973  1057103   19.54%
 126057 43943    61717.6322    46    51656.5079    61751.4973  1085997   19.54%
 127160 46466    56918.1501    29    51656.5079    61751.4973  1101661   19.54%
 128271 45252    61710.9086    46    51656.5079    61751.4973  1093182   19.54%
 129316 48215    61709.2069    42    51656.5079    61722.5085  1111800   19.49%
 130327 45358    61717.6322    45    51656.5079    61722.5085  1094038   19.49%
 131435 45703    56918.1501    29    51656.5079    61722.5085  1096131   19.49%
Elapsed time = 463.28 sec. (67780.30 ticks, tree = 363.76 MB, solutions = 5)
 132580 46761    60497.9694    35    51656.5079    61722.5085  1102911   19.49%
 133685 50056    60511.5337    35    51656.5079    61717.6322  1120261   19.48%
 134787 47824    56918.1501    29    51656.5079    61717.6322  1108681   19.48%
 135914 49651    54518.0557    30    51656.5079    61717.6322  1118284   19.48%
 137036 49438    57504.1254    33    51656.5079    61717.6322  1117434   19.48%
 138187 51366    54523.1946    29    51656.5079    61717.6322  1126604   19.48%
 139281 51985    60503.1083    32    51656.5079    61717.6322  1129501   19.48%
 140308 54964    56926.5755    18    51656.5079    61717.6322  1143972   19.48%
 141336 55034    56918.1501    30    51656.5079    61717.6322  1144288   19.48%
 142423 55734    60503.1083    32    51656.5079    61717.6322  1147472   19.48%
Elapsed time = 558.48 sec. (77330.71 ticks, tree = 444.43 MB, solutions = 5)
 143559 56145        cutoff          51656.5079    61717.6322  1149493   19.48%
 144734 56170    60503.1083    32    51656.5079    61717.6322  1149646   19.48%
 145889 56958    56918.1501    29    51656.5079    61717.6322  1153238   19.48%
 147048 56985        cutoff          51656.5079    61717.6322  1153348   19.48%
 148195 61426    57504.1254    34    51656.5079    61717.6322  1174550   19.48%
 149346 59927    60503.1083    32    51656.5079    61717.6322  1167153   19.48%
 150509 58495        cutoff          51656.5079    61717.6322  1160434   19.48%
 151661 60746    60497.9694    35    51656.5079    61717.6322  1171072   19.48%
 152764 62499        cutoff          51656.5079    61717.6322  1180068   19.48%
 153899 61022        cutoff          51656.5079    61717.6322  1172479   19.48%
Elapsed time = 659.47 sec. (86871.96 ticks, tree = 487.24 MB, solutions = 5)
 155057 63653    57504.1254    33    51656.5079    61717.6322  1185441   19.48%
 156203 70324    60503.1083    32    51656.5079    61717.6322  1218101   19.48%
 157342 65782    54523.1946    29    51656.5079    61717.6322  1195581   19.48%
 158449 64451    61717.6322    46    51656.5079    61717.6322  1189146   19.48%
 159543 65558    54523.1946    26    51656.5079    61717.6322  1194486   19.48%
 160636 67959        cutoff          51656.5079    61717.6322  1206398   19.48%
 161740 67924    57504.1254    33    51656.5079    61717.6322  1206154   19.48%
 162815 66989    56918.1501    29    51656.5079    61717.6322  1201496   19.48%
 163898 73062    54523.1946    27    51656.5079    61717.6322  1232178   19.48%
 168038 79756    56926.4976    31    51656.5079    61717.6322  1265643   19.48%
Elapsed time = 783.41 sec. (99279.08 ticks, tree = 641.61 MB, solutions = 5)
 172032 76236    57504.1242    33    51656.5079    61717.6322  1247418   19.48%
 175504 77154    56695.9675    56    51656.5079    61717.6322  1252026   19.48%
 179590 81151    60511.5325    35    51656.5079    61717.6322  1272244   19.48%
 183869 85171    57509.2643    30    51656.5079    61717.6322  1294496   19.48%
 188235 87661    60503.1071    32    51656.5079    61717.6322  1307388   19.48%
 192475 90970        cutoff          51656.5079    61717.6322  1328168   19.48%
 195553 91607    54523.1946    30    51656.5079    61717.6322  1332142   19.48%
 197489 97126    56918.1489    29    51656.5079    61717.6322  1368241   19.48%
 198144 96815        cutoff          51656.5079    61717.6322  1365936   19.48%

Cover cuts applied:  58
Implied bound cuts applied:  1
Flow cuts applied:  41
Mixed integer rounding cuts applied:  1
Zero-half cuts applied:  1
Gomory fractional cuts applied:  4

Root node processing (before b&c):
  Real time             =    5.73 sec. (3884.09 ticks)
Parallel b&c, 32 threads:
  Real time             =  992.13 sec. (131473.26 ticks)
  Sync time (average)   =    1.18 sec.
  Wait time (average)   =    0.22 sec.
                          ------------
Total (root+branch&cut) =  997.86 sec. (135357.35 ticks)

Solution pool: 5 solutions saved.

MIP - Aborted, integer feasible:  Objective =  5.1656507930e+04
Current MIP best bound =  6.1717632193e+04 (gap = 10061.1, 19.48%)
Solution time =  997.89 sec.  Iterations = 1398199  Nodes = 198252 (101617)
Deterministic time = 135357.51 ticks  (135.64 ticks/sec)


Incumbent solution written to file 'C:\Users\llavin\Desktop\test826\logs\tmp_83h49cu.cplex.sol'.
