
Log started (V12.10.0.0) Tue Jun 23 12:53:03 2020

New value for parallel optimization mode: -1
New value for mixed integer optimality gap tolerance: 0.01
New value for deterministic time limit in ticks: 300000

Problem 'C:\Users\wenmi\Desktop\competitiveMPEC\logs\tmp5z3y_loi.pyomo.lp' read.
Read time = 0.27 sec. (22.82 ticks)
MIP start file 'C:\Users\wenmi\Desktop\competitiveMPEC\logs\tmpzz8wo9v6.cplex.mst' read.

Problem name         : C:\Users\wenmi\Desktop\competitiveMPEC\logs\tmp5z3y_loi.pyomo.lp
Objective sense      : Maximize
Variables            :   89693  [Nneg: 1,  Box: 37926,  Free: 7056,
                                 Binary: 44710]
Objective nonzeros   :   11291
Linear constraints   :  204047  [Less: 70881,  Greater: 97388,  Equal: 35778]
  Nonzeros           :  521527
  RHS nonzeros       :  103146

Variables            : Min LB: -5000.000        Max UB: 500000.0       
Objective nonzeros   : Min   : 0.1000000        Max   : 28046.68       
Linear constraints   :
  Nonzeros           : Min   : 0.1000000        Max   : 500000.0       
  RHS nonzeros       : Min   : 0.1000000        Max   : 500000.0       
Version identifier: 12.10.0.0 | 2019-11-26 | 843d4de2ae
CPXPARAM_Parallel                                -1
CPXPARAM_DetTimeLimit                            300000
CPXPARAM_MIP_Tolerances_MIPGap                   0.01
Warning:  No solution found from 1 MIP starts.
Retaining values of one MIP start for possible repair.
Tried aggregator 3 times.
MIP Presolve eliminated 154050 rows and 38672 columns.
MIP Presolve added 3337 rows and 0 columns.
MIP Presolve modified 48334 coefficients.
Aggregator did 20751 substitutions.
Reduced MIP has 32583 rows, 27401 columns, and 116826 nonzeros.
Reduced MIP has 10365 binaries, 0 generals, 0 SOSs, and 0 indicators.
Presolve time = 0.30 sec. (300.57 ticks)
Probing fixed 416 vars, tightened 4236 bounds.
Probing time = 0.03 sec. (8.66 ticks)
Tried aggregator 2 times.
Detecting symmetries...
MIP Presolve eliminated 930 rows and 836 columns.
MIP Presolve modified 3002 coefficients.
Aggregator did 49 substitutions.
Reduced MIP has 31604 rows, 26516 columns, and 113977 nonzeros.
Reduced MIP has 9948 binaries, 0 generals, 0 SOSs, and 0 indicators.
Presolve time = 0.09 sec. (105.95 ticks)
Probing fixed 2 vars, tightened 241 bounds.
Probing time = 0.08 sec. (12.16 ticks)
Clique table members: 7996.
MIP emphasis: balance optimality and feasibility.
MIP search method: dynamic search.
Parallel mode: opportunistic, using up to 16 threads.
Root relaxation solution time = 0.50 sec. (382.10 ticks)

        Nodes                                         Cuts/
   Node  Left     Objective  IInf  Best Integer    Best Bound    ItCnt     Gap

      0     0   929697.6658   249                 929697.6658       41         
      0     0   927484.6063   249                   Cuts: 281      336         
      0     0   926644.3518   249                   Cuts: 167      542         
      0     0   925816.7754   249                   Cuts: 199      707         
      0     0   925529.2093   249                   Cuts: 111      813         
      0     0   925289.2156   249                    Cuts: 91      919         
      0     0   925138.2470   249                   Cuts: 103     1002         
      0     0   925117.5082   249                    Cuts: 48     1045         
      0     0   925105.6061   249                    Cuts: 15     1056         
      0     0   925102.9653   249                    Cuts: 90     1123         
Repair heuristic found nothing.
      0    16   895798.9594   186                 920858.0882     2293         
Elapsed time = 7.28 sec. (6452.36 ticks, tree = 0.02 MB, solutions = 0)
    110    30   873358.6873   197                 920237.0220     3911         
    265   147   683141.4806   187                 920237.0220    11652         
    361   125   632929.2594   193                 920237.0220     9048         
    494   381   613400.9183   145                 920237.0220    18860         
    660   447   914817.0560   104                 920237.0220    21445         
    848   650   902871.0277    93                 920237.0220    31625         
   1070   879   891829.2377   115                 920237.0220    42444         
   1282   722   901155.5221    93                 920237.0220    34792         
   1458   954   836262.0847    70                 920237.0220    47151         
   2130  1628   746668.3924    51                 920237.0220    76019         
Elapsed time = 20.58 sec. (9560.61 ticks, tree = 30.53 MB, solutions = 0)
   2934  2310   767897.3526    78                 920237.0220   101255         
   3725  3335   632098.7826    92                 920155.2491   149538         
   4423  3583   724758.9440    53                 920155.2491   162966         
   5149  3829   733337.3808    53                 920155.2491   177704         
   5954  4630   626597.5351    39                 920155.2491   233526         
   6626  5083   770889.1840    86                 917766.3055   260147         
   7254  5605   339299.6737   143                 917766.3055   296997         
   8048  6137   726237.4948   121                 917766.3055   347804         
   8827  6744   898355.4634   195                 917766.3055   403555         
   9481  6902 -1818486.9665   188                 917757.7132   418840         
Elapsed time = 59.75 sec. (19106.35 ticks, tree = 83.82 MB, solutions = 0)
  10127  7410   746695.5275    77                 917757.7132   464902         
  10763  8150   433009.0802    90                 917757.7132   511101         
  11485  8469   686849.5008   162                 917757.7132   539438         
  12238  9453   703648.5584    41                 917757.7132   621566         
  12748  9767   549965.7696   112                 917757.7132   655245         
  13009  9894   766901.0078    96                 917757.7132   670319         

Performing restart 1

Repeating presolve.
Tried aggregator 4 times.
MIP Presolve eliminated 1108 rows and 958 columns.
MIP Presolve modified 13462 coefficients.
Aggregator did 225 substitutions.
Reduced MIP has 30271 rows, 25333 columns, and 105801 nonzeros.
Reduced MIP has 9469 binaries, 0 generals, 0 SOSs, and 0 indicators.
Presolve time = 0.09 sec. (117.57 ticks)
Tried aggregator 2 times.
MIP Presolve eliminated 280 rows and 240 columns.
MIP Presolve modified 5726 coefficients.
Aggregator did 1 substitutions.
Reduced MIP has 29990 rows, 25092 columns, and 104964 nonzeros.
Reduced MIP has 9349 binaries, 0 generals, 0 SOSs, and 0 indicators.
Presolve time = 0.09 sec. (93.90 ticks)
Represolve time = 0.50 sec. (265.23 ticks)
  13029     0   925033.6153   464                  Cuts: 1116   777340         
  13029     0   924818.1560   464                   Cuts: 464   777728         
  13029     0   924691.8537   464                   Cuts: 283   777954         
  13029     0   924654.1152   464                   Cuts: 214   778146         
  13029     0   924602.8953   464                   Cuts: 212   778301         
  13029     0   924580.5948   464                   Cuts: 229   778531         
  13029     0   924570.4722   464                   Cuts: 235   778738         
  13029     0   924564.6156   464                   Cuts: 251   778918         
  13029     0   924558.5698   464                   Cuts: 188   779079         
  13029     0   924540.5551   464                   Cuts: 281   779278         
  13029     0   924511.6458   464                   Cuts: 176   779455         
  13029     2   924511.6458   258                 917757.7132   779455         
  13091    38   806721.5094   249                 894245.0796   782219         
  13173    32   811173.4344   204                 894245.0796   781369         
  13265   122   765054.8957   137                 894245.0796   792533         
Elapsed time = 115.73 sec. (52372.20 ticks, tree = 1.11 MB, solutions = 0)
  13474   150   749981.0006   171                 894245.0796   794434         
  13756   306   751129.1696    87                 894245.0796   808519         
  14063   517   724069.7382    91                 894245.0796   817559         
  14401   656   755811.5494   120                 894245.0796   822588         
  14768   730   701802.3556   113                 894245.0796   824079         
  15136   937   393227.8195   128                 894245.0796   830623         
  15478  1226   663801.2511    76                 894245.0796   841042         
