
Log started (V12.10.0.0) Thu Aug 20 16:52:16 2020

New value for parallel optimization mode: -1
New value for mixed integer optimality gap tolerance: 0.01
New value for feasibility tolerance: 1e-09
New value for deterministic time limit in ticks: 50000

Problem 'C:\Users\wenmi\Desktop\competitiveMPEC\logs\tmp9ta7wusf.pyomo.lp' read.
Read time = 0.16 sec. (14.56 ticks)
MIP start file 'C:\Users\wenmi\Desktop\competitiveMPEC\logs\tmpds0nexdh.cplex.mst' read.

Problem name         : C:\Users\wenmi\Desktop\competitiveMPEC\logs\tmp9ta7wusf.pyomo.lp
Objective sense      : Maximize
Variables            :   54525  [Nneg: 1,  Box: 22720,  Free: 4464,
                                 Binary: 27340]
Objective nonzeros   :    9691
Linear constraints   :  123205  [Less: 41346,  Greater: 59096,  Equal: 22763]
  Nonzeros           :  291718
  RHS nonzeros       :   67456

Variables            : Min LB: -5000.000        Max UB: 1000000.       
Objective nonzeros   : Min   : 0.1000000        Max   : 2500.000       
Linear constraints   :
  Nonzeros           : Min   : 0.1000000        Max   : 1000000.       
  RHS nonzeros       : Min   : 0.1000000        Max   : 1000000.       
Version identifier: 12.10.0.0 | 2019-11-26 | 843d4de2ae
CPXPARAM_Parallel                                -1
CPXPARAM_Simplex_Tolerances_Feasibility          1.0000000000000001e-09
CPXPARAM_DetTimeLimit                            50000
CPXPARAM_MIP_Tolerances_MIPGap                   0.01
1 of 1 MIP starts provided solutions.
MIP start 'm1' defined initial solution with objective 46760.5660.
Tried aggregator 3 times.
MIP Presolve eliminated 88899 rows and 19917 columns.
MIP Presolve added 3337 rows and 0 columns.
MIP Presolve modified 24777 coefficients.
Aggregator did 12964 substitutions.
Reduced MIP has 24679 rows, 21062 columns, and 70452 nonzeros.
Reduced MIP has 8321 binaries, 0 generals, 0 SOSs, and 0 indicators.
Presolve time = 0.16 sec. (165.88 ticks)
Probing fixed 376 vars, tightened 3969 bounds.
Probing time = 0.05 sec. (18.09 ticks)
Tried aggregator 2 times.
Detecting symmetries...
MIP Presolve eliminated 849 rows and 755 columns.
MIP Presolve modified 3001 coefficients.
Aggregator did 36 substitutions.
Reduced MIP has 23794 rows, 20271 columns, and 67886 nonzeros.
Reduced MIP has 7944 binaries, 0 generals, 0 SOSs, and 0 indicators.
Presolve time = 0.08 sec. (91.24 ticks)
Probing fixed 0 vars, tightened 246 bounds.
Probing time = 0.08 sec. (22.17 ticks)
Clique table members: 44672.
MIP emphasis: balance optimality and feasibility.
MIP search method: dynamic search.
Parallel mode: opportunistic, using up to 16 threads.
Root relaxation solution time = 0.31 sec. (670.06 ticks)

        Nodes                                         Cuts/
   Node  Left     Objective  IInf  Best Integer    Best Bound    ItCnt     Gap

*     0+    0                        46760.5660   7.33499e+07              --- 
      0     0    76166.8085   178    46760.5660    76166.8085     6238   62.89%
      0     0    75345.5486   178    46760.5660     Cuts: 315     6385   61.13%
      0     0    75261.5853   178    46760.5660     Cuts: 179     6451   60.95%
      0     0    75227.4840   178    46760.5660     Cuts: 128     6474   60.88%
      0     0    75227.4840   178    46760.5660       Cuts: 6     6479   60.88%
      0     0    75227.1352   178    46760.5660       Cuts: 2     6487   60.88%
      0     0    75227.1352   178    46760.5660      Cuts: 16     6493   60.88%
      0     7    infeasible          46760.5660    75096.3706     6638   60.60%
Elapsed time = 3.25 sec. (2685.14 ticks, tree = 0.02 MB, solutions = 1)
    135    20    59379.4147    35    46760.5660    74508.3162     6925   59.34%
    440   359    54186.7342    30    46760.5660    73090.4258    10214   56.31%
    800   407    49690.1085    19    46760.5660    73090.4258    10448   56.31%
   1146   467    56166.1206     6    46760.5660    73090.4258    10890   56.31%
   1549   734    48417.2528    31    46760.5660    73090.4258    12980   56.31%
   1977  1231    50345.6316     3    50700.2916    72457.0272    17496   42.91%
   2371  1199    53500.7412     9    50700.2916    72457.0272    18539   42.91%
   2729  1170    57396.9863    48    50700.2916    70867.5153    18486   39.78%
   3106  1558    59613.7865    21    50700.2916    68376.2278    22742   34.86%
*  3612  2282      integral     0    51837.9206    68376.2278    28588   31.90%
Elapsed time = 14.05 sec. (5136.34 ticks, tree = 16.71 MB, solutions = 6)
   5096  2251    64184.5392    39    51977.7389    67058.3711    31306   29.01%

Performing restart 1

Repeating presolve.
Tried aggregator 4 times.
MIP Presolve eliminated 969 rows and 830 columns.
MIP Presolve modified 47250 coefficients.
Aggregator did 258 substitutions.
Reduced MIP has 22567 rows, 19183 columns, and 61872 nonzeros.
Reduced MIP has 7577 binaries, 0 generals, 0 SOSs, and 0 indicators.
Presolve time = 0.13 sec. (134.08 ticks)
Tried aggregator 2 times.
MIP Presolve eliminated 432 rows and 358 columns.
MIP Presolve modified 12145 coefficients.
Aggregator did 5 substitutions.
Reduced MIP has 22130 rows, 18820 columns, and 60631 nonzeros.
Reduced MIP has 7398 binaries, 0 generals, 0 SOSs, and 0 indicators.
Presolve time = 0.03 sec. (41.52 ticks)
Tried aggregator 3 times.
MIP Presolve modified 9810 coefficients.
Aggregator did 8 substitutions.
Reduced MIP has 22122 rows, 18812 columns, and 60655 nonzeros.
Reduced MIP has 7398 binaries, 0 generals, 0 SOSs, and 0 indicators.
Presolve time = 0.06 sec. (67.77 ticks)
Represolve time = 0.67 sec. (541.02 ticks)
   5114     0    75212.4489   156    51977.7389     Cuts: 278    42780   26.86%
   5114     0    75212.4489   156    51977.7389      Cuts: 63    42851   26.86%
   5114     0    75212.0782   156    51977.7389      Cuts: 84    42915   26.86%
   5114     0    75212.0782   156    51977.7389     Cuts: 103    42975   26.86%
   5114     0    75212.0782   156    51977.7389      Cuts: 89    43035   26.86%
   5114     0    75212.0782   156    51977.7389      Cuts: 87    43090   24.16%
   5114     3        cutoff          51977.7389    63232.1746    43129   21.65%
   5491    53    60529.1333    32    51977.7389    63232.1746    43829   21.65%
   6269   354        cutoff          51977.7389    63232.1746    47909   21.65%
   7336   948    53470.1729    25    51977.7389    63232.1746    55333   21.65%
   9054  2050    54809.9311    27    51977.7389    63232.1746    68352   21.65%
  10333  1978    55580.2357    50    51977.7389    61625.2589    67217   18.56%
  11129  2177    57001.0671    40    51977.7389    61625.2589    69999   18.56%
  12355  3433    53823.3494    27    51977.7389    58508.4516    95317   12.56%
  14055  3616    54364.1993    31    51977.7389    57195.7309   108041   10.04%
Elapsed time = 49.13 sec. (17509.41 ticks, tree = 25.76 MB, solutions = 6)
  15825  3514    52148.1626    13    51977.7389    56243.2920    98301    8.21%
  17583  3487        cutoff          51977.7389    55584.9099    96656    6.94%
  19324  3974    infeasible          51977.7389    55378.2747   118244    6.54%
  21153  3800    53485.9342    32    51977.7389    55183.9706   113087    6.17%
  22542  4603    51983.3367    19    51977.7389    54633.9266   134365    5.11%
  23573  5201    52802.0167    19    51977.7389    54549.8594   145912    4.95%
  24807  4937        cutoff          51977.7389    54544.4713   140748    4.94%
  25964  5510        cutoff          51977.7389    54114.9756   153230    4.11%
  27546  5996        cutoff          51977.7389    53725.9942   164160    3.36%
  29199  5959    52075.1141    33    51977.7389    53461.0980   162950    2.85%
Elapsed time = 86.28 sec. (27052.85 ticks, tree = 43.63 MB, solutions = 6)
  31001  7712    53262.1448    31    51977.7389    53312.3930   223890    2.57%
