
Log started (V12.10.0.0) Tue Jun 23 14:09:35 2020

New value for parallel optimization mode: -1
New value for mixed integer optimality gap tolerance: 0.3
New value for deterministic time limit in ticks: 300000

Problem 'C:\Users\wenmi\Desktop\competitiveMPEC\logs\tmpxf5pt26n.pyomo.lp' read.
Read time = 0.25 sec. (22.66 ticks)

Problem name         : C:\Users\wenmi\Desktop\competitiveMPEC\logs\tmpxf5pt26n.pyomo.lp
Objective sense      : Maximize
Variables            :   88620  [Nneg: 1,  Box: 36853,  Free: 7056,
                                 Binary: 44710]
Objective nonzeros   :    9612
Linear constraints   :  204047  [Less: 70881,  Greater: 97388,  Equal: 35778]
  Nonzeros           :  512333
  RHS nonzeros       :  101262

Variables            : Min LB: -5000.000        Max UB: 500000.0       
Objective nonzeros   : Min   : 0.6000000        Max   : 28046.68       
Linear constraints   :
  Nonzeros           : Min   : 0.6000000        Max   : 500000.0       
  RHS nonzeros       : Min   : 0.6000000        Max   : 500000.0       
Version identifier: 12.10.0.0 | 2019-11-26 | 843d4de2ae
CPXPARAM_Parallel                                -1
CPXPARAM_DetTimeLimit                            300000
CPXPARAM_MIP_Tolerances_MIPGap                   0.29999999999999999
Tried aggregator 3 times.
MIP Presolve eliminated 154757 rows and 37671 columns.
MIP Presolve added 3331 rows and 0 columns.
MIP Presolve modified 44474 coefficients.
Aggregator did 20728 substitutions.
Reduced MIP has 31893 rows, 27346 columns, and 109904 nonzeros.
Reduced MIP has 10337 binaries, 0 generals, 0 SOSs, and 0 indicators.
Presolve time = 0.30 sec. (297.45 ticks)
Probing fixed 422 vars, tightened 3446 bounds.
Probing time = 0.05 sec. (8.83 ticks)
Tried aggregator 2 times.
Detecting symmetries...
MIP Presolve eliminated 944 rows and 850 columns.
MIP Presolve modified 2996 coefficients.
Aggregator did 45 substitutions.
Reduced MIP has 30904 rows, 26451 columns, and 107025 nonzeros.
Reduced MIP has 9913 binaries, 0 generals, 0 SOSs, and 0 indicators.
Presolve time = 0.09 sec. (102.53 ticks)
Probing fixed 0 vars, tightened 24 bounds.
Probing time = 0.08 sec. (11.33 ticks)
Clique table members: 15163.
MIP emphasis: balance optimality and feasibility.
MIP search method: dynamic search.
Parallel mode: opportunistic, using up to 16 threads.
Root relaxation solution time = 0.66 sec. (634.44 ticks)

        Nodes                                         Cuts/
   Node  Left     Objective  IInf  Best Integer    Best Bound    ItCnt     Gap

      0     0   743514.2267  1306                 743514.2267      344         
      0     0   739057.0103  1306                  Cuts: 1350     1768         
      0     0   723607.2477  1306                  Cuts: 1010     3124         
      0     0   716323.4537  1306                  Cuts: 1022     4288         
      0     0   712137.4153  1306                   Cuts: 901     5481         
      0     0   708475.5037  1306                   Cuts: 827     6377         
      0     0   704388.5119  1306                   Cuts: 754     7196         
      0     0   701983.1284  1306                   Cuts: 703     7949         
      0     0   699283.5440  1306                   Cuts: 606     8639         
      0     0   697079.7924  1306                   Cuts: 618     9290         
      0     0   695399.2176  1306                   Cuts: 429     9935         
      0     0   694694.6585  1306                   Cuts: 412    10419         
      0     0   693633.5796  1306                   Cuts: 363    10964         
      0     0   693151.5720  1306                   Cuts: 369    11376         
      0     0   692395.6589  1306                   Cuts: 293    11808         
      0     0   692014.7530  1306                   Cuts: 373    12198         
      0     0   691360.6163  1306                   Cuts: 337    12509         
      0     0   691040.6834  1306                   Cuts: 337    12852         
      0     0   690589.0987  1306                   Cuts: 343    13300         
      0     0   689498.6784  1306                   Cuts: 263    13566         
      0     0   688789.3943  1306                   Cuts: 314    13921         
      0     0   688549.0338  1306                   Cuts: 339    14279         
      0     0   688071.6192  1306                   Cuts: 297    14686         
      0     0   687857.5620  1306                   Cuts: 342    15057         
      0     0   687679.7978  1306                   Cuts: 302    15294         
      0     0   687519.5939  1306                   Cuts: 275    15469         
      0     0   687388.3242  1306                   Cuts: 182    15653         
      0     0   687207.3327  1306                   Cuts: 607    16150         
      0     2   687207.3327  1634                 687207.3327    16150         
Elapsed time = 36.05 sec. (33610.66 ticks, tree = 0.02 MB, solutions = 0)
      1     6   680968.3545  1633                 685030.6471    19474         
      7     7   670634.0593  1600                 682654.9155    20983         
     15    11   666312.9992  1594                 680954.5436    24905         
     19    17   667113.2913  1597                 680954.5436    30988         
     23    24   656832.2101  1552                 674475.5194    44034         
     27    14   669071.3655  1556                 674475.5194    26718         
     35    15   663846.6436  1865                 674364.6477    28557         
     38    19   658601.9399  1644                 674364.6477    35723         
     42    33   659569.6279  1570                 674351.3572    59400         
