
Log started (V12.9.0.0) Tue Sep  1 09:37:26 2020

New value for parallel optimization mode: -1
New value for mixed integer optimality gap tolerance: 0.05
New value for feasibility tolerance: 1e-09
New value for deterministic time limit in ticks: 100000

Problem 'C:\Users\llavin\Desktop\test826\logs\tmphlf7dezu.pyomo.lp' read.
Read time = 0.58 sec. (28.90 ticks)
MIP start file 'C:\Users\llavin\Desktop\test826\logs\tmp6epm4j4b.cplex.mst' read.

Problem name         : C:\Users\llavin\Desktop\test826\logs\tmphlf7dezu.pyomo.lp
Objective sense      : Maximize
Variables            :  109223  [Nneg: 1,  Box: 45498,  Free: 8928,
                                 Binary: 54796]
Objective nonzeros   :   20401
Linear constraints   :  246903  [Less: 82866,  Greater: 118424,  Equal: 45613]
  Nonzeros           :  619901
  RHS nonzeros       :  136513

Variables            : Min LB: -5000.000        Max UB: 1000000.       
Objective nonzeros   : Min   : 0.02500000       Max   : 208.3333       
Linear constraints   :
  Nonzeros           : Min   : 0.02500000       Max   : 1000000.       
  RHS nonzeros       : Min   : 0.02500000       Max   : 1000000.       
CPXPARAM_Parallel                                -1
CPXPARAM_Simplex_Tolerances_Feasibility          1.0000000000000001e-09
CPXPARAM_DetTimeLimit                            100000
CPXPARAM_MIP_Tolerances_MIPGap                   0.050000000000000003
Warning:  No solution found from 1 MIP starts.
Retaining values of one MIP start for possible repair.
Tried aggregator 3 times.
MIP Presolve eliminated 174241 rows and 36598 columns.
MIP Presolve added 7663 rows and 0 columns.
MIP Presolve modified 52600 coefficients.
Aggregator did 25912 substitutions.
Reduced MIP has 54413 rows, 46329 columns, and 153053 nonzeros.
Reduced MIP has 18308 binaries, 0 generals, 0 SOSs, and 0 indicators.
Presolve time = 0.63 sec. (346.27 ticks)
Probing fixed 853 vars, tightened 17429 bounds.
Probing time = 0.44 sec. (19.04 ticks)
Tried aggregator 2 times.
MIP Presolve eliminated 1901 rows and 1713 columns.
MIP Presolve modified 7094 coefficients.
Aggregator did 102 substitutions.
Reduced MIP has 52410 rows, 44514 columns, and 147217 nonzeros.
Reduced MIP has 17453 binaries, 0 generals, 0 SOSs, and 0 indicators.
Presolve time = 0.30 sec. (258.71 ticks)
Probing fixed 0 vars, tightened 371 bounds.
Probing time = 0.59 sec. (19.05 ticks)
Clique table members: 86350.
MIP emphasis: balance optimality and feasibility.
MIP search method: dynamic search.
Parallel mode: opportunistic, using up to 32 threads.
Root relaxation solution time = 1.55 sec. (2859.22 ticks)

        Nodes                                         Cuts/
   Node  Left     Objective  IInf  Best Integer    Best Bound    ItCnt     Gap

      0     0     8962.3546   422                   8962.3546    11618         
      0     0     8954.6548   133                   Cuts: 169    11772         
      0     0     8949.0855   127                   Cuts: 146    11856         
      0     0     8939.4935   120                    Cuts: 63    11911         
      0     0     8935.0086   128                    Cuts: 43    11939         
      0     0     8933.3259   133                    Cuts: 18    11961         
      0     0     8929.0822   140                    Cuts: 24    11982         
      0     0     8928.2909   147                    Cuts: 13    12004         
      0     0     8927.7028   150                    Cuts: 20    12013         
      0     0     8927.7028   147                     Cuts: 4    12017         
Repair heuristic found nothing.
      0    32     6983.0439   103                     Cuts: 9    12478         
Elapsed time = 15.83 sec. (9799.09 ticks, tree = 0.03 MB, solutions = 0)
    121   117     8850.8238   147                   8921.1414    13716         
    439   134     6867.5306    93                   8921.1414    13724         
    807   413    infeasible                         8917.5780    17741         
   1159   693     7572.2717    79                   8917.5780    22922         
   1455  1015     7572.2717    80                   8917.5780    28354         
   1639  1274     7138.8146    93                   8917.5780    33179         
   1797  1486     8830.3179    78                   8917.5780    37014         
   2029  1579     5744.0485    41                   8917.5780    39372         
   2283  1619     5033.0945    99                   8917.5780    40982         
   3442  2590     5544.9077    53                   8917.5780    67053         
Elapsed time = 35.67 sec. (12908.17 ticks, tree = 50.43 MB, solutions = 0)
   4393  3481     6883.7251    87                   8917.5780    94890         
   5394  4104   -20386.3125    66                   8917.5780   120854         
   5709  4697    infeasible                         8905.8012   166509         
   5792    75     8465.6161   119                   8877.4189   169832         
   5940    75     7298.8473   115                   8877.4189   169769         
   6280   102    infeasible                         8877.4189   171856         
   6864   244     8428.8043   117                   8877.4189   177912         
   7718   368     8363.8231   106                   8877.4189   179987         
   8640  1530     7819.1890    89                   8877.4189   192191         
   9574  2024     6836.8971    54                   8877.4189   199845         
Elapsed time = 132.95 sec. (35407.15 ticks, tree = 31.65 MB, solutions = 0)
  10256  1770     8160.1804    32                   8858.0520   196306         
  11046  3436     4436.9339    64                   8858.0520   226472         
  11773  2825     8262.6533    51                   8858.0520   212021         
  12571  2901     8244.2068    44                   8858.0520   216342         
  13060  3563     8265.7017    79                   8858.0520   228677         
  13438  3663    infeasible                         8858.0520   229729         
  13574  3321     8212.9099    29                   8858.0520   224995         
  13683  3740     7579.3238   102                   8858.0520   230223         
  13734  4149       -2.4400   140                   8858.0520   234470         
  13752  4410    -7359.7342   101                   8858.0520   236265         
Elapsed time = 161.77 sec. (45159.01 ticks, tree = 83.75 MB, solutions = 0)

GUB cover cuts applied:  1
Clique cuts applied:  14
Cover cuts applied:  51
Implied bound cuts applied:  4
Flow cuts applied:  246
Mixed integer rounding cuts applied:  22
Zero-half cuts applied:  2
Gomory fractional cuts applied:  16

Root node processing (before b&c):
  Real time             =   12.28 sec. (9737.41 ticks)
Parallel b&c, 32 threads:
  Real time             =  149.89 sec. (35895.60 ticks)
  Sync time (average)   =    4.97 sec.
  Wait time (average)   =    0.35 sec.
                          ------------
Total (root+branch&cut) =  162.17 sec. (45633.01 ticks)


MIP - Aborted, no integer solution.
Current MIP best bound =  8.8544827502e+03 (gap is infinite)
Solution time =  162.20 sec.  Iterations = 271347  Nodes = 13756 (7121)
Deterministic time = 45633.32 ticks  (281.33 ticks/sec)


CPLEX Error  1217: No solution exists.
No file written.
