
Log started (V12.9.0.0) Mon Sep 14 16:59:41 2020

New value for parallel optimization mode: -1
New value for emphasis for MIP optimization: 1
New value for mixed integer optimality gap tolerance: 0.01
New value for integrality tolerance: 1e-12
New value for deterministic time limit in ticks: 75000

Problem 'C:\Users\llavin\Desktop\test826\logs\tmpqjtespnl.pyomo.lp' read.
Read time = 0.24 sec. (13.92 ticks)

Problem name         : C:\Users\llavin\Desktop\test826\logs\tmpqjtespnl.pyomo.lp
Objective sense      : Maximize
Variables            :   53809  [Nneg: 1,  Box: 22004,  Free: 4464,
                                 Binary: 27340]
Objective nonzeros   :    9078
Linear constraints   :  123253  [Less: 41346,  Greater: 59096,  Equal: 22811]
  Nonzeros           :  293145
  RHS nonzeros       :   67491

Variables            : Min LB: -5000.000        Max UB: 1000000.       
Objective nonzeros   : Min   : 0.05000000       Max   : 2500.000       
Linear constraints   :
  Nonzeros           : Min   : 0.05000000       Max   : 1000000.       
  RHS nonzeros       : Min   : 0.05000000       Max   : 1000000.       
CPXPARAM_Parallel                                -1
CPXPARAM_Emphasis_MIP                            1
CPXPARAM_DetTimeLimit                            75000
CPXPARAM_MIP_Tolerances_MIPGap                   0.01
CPXPARAM_MIP_Tolerances_Integrality              9.9999999999999998e-13
Tried aggregator 3 times.
MIP Presolve eliminated 88751 rows and 19101 columns.
MIP Presolve added 3350 rows and 0 columns.
MIP Presolve modified 24719 coefficients.
Aggregator did 12933 substitutions.
Reduced MIP has 24919 rows, 21219 columns, and 72278 nonzeros.
Reduced MIP has 8391 binaries, 0 generals, 0 SOSs, and 0 indicators.
Presolve time = 0.28 sec. (172.34 ticks)
Probing fixed 424 vars, tightened 5125 bounds.
Probing time = 0.08 sec. (19.60 ticks)
Tried aggregator 2 times.
MIP Presolve eliminated 963 rows and 850 columns.
MIP Presolve modified 3053 coefficients.
Aggregator did 41 substitutions.
Reduced MIP has 23915 rows, 20328 columns, and 69379 nonzeros.
Reduced MIP has 7966 binaries, 0 generals, 0 SOSs, and 0 indicators.
Presolve time = 0.09 sec. (87.52 ticks)
Probing fixed 0 vars, tightened 280 bounds.
Probing time = 0.14 sec. (22.48 ticks)
Clique table members: 42932.
MIP emphasis: integer feasibility.
MIP search method: dynamic search.
Parallel mode: opportunistic, using up to 32 threads.
Root relaxation solution time = 0.61 sec. (781.17 ticks)

        Nodes                                         Cuts/
   Node  Left     Objective  IInf  Best Integer    Best Bound    ItCnt     Gap

      0     0      -42.0944   249                    -42.0944     5496         
      0     0      -42.0944    23                    Cuts: 78     5523         
      0     0      -42.0944    22                   Covers: 1     5524         
      0     7    infeasible                       Impl Bds: 1     5589         
Elapsed time = 3.24 sec. (1771.73 ticks, tree = 0.02 MB, solutions = 0)
    654   181    -2531.4474    23                   -179.0095     8774         
   1094   461    infeasible                         -179.0095    26388         
   1793   618     -862.8163    26                   -179.0095    36282         
   2360  1165    -1136.4201    24                   -179.0095    56367         
   2991  1454     -571.8348    27                   -179.0190    73845         
   3571  1633    infeasible                         -179.0190    79968         
   4116  2011    -1567.6704    28                   -179.0190   104492         
   4791  2413    -1594.2348    33                   -179.0190   134984         
   5375  2734    -1578.8137    41                   -179.0190   152453         
   7907  3839    infeasible                         -179.0190   216986         
Elapsed time = 19.30 sec. (4873.53 ticks, tree = 211.94 MB, solutions = 0)
   8449  4333    infeasible                         -179.0190   252690         
  10291   683     -686.8312     4                   -179.0190   287395         
  13414  2102    -2670.5027     6                   -179.0190   315950         
  16155  3249     -830.0924     9                   -179.0190   342327         
  19290  4773  -115028.8254   123                   -179.0190   382817         
  22324  6543    -3272.7628    45                   -179.0190   423684         
  24879  8023    -3111.1988    19                   -179.0190   463103         
  27119  9683    -5341.2181    67                   -179.0190   510791         
  29764 10613  -262963.0255    76                   -179.0190   538964         
  32346 11238    -3135.7284    15                   -179.0190   556219         
Elapsed time = 200.42 sec. (15775.16 ticks, tree = 1212.31 MB, solutions = 0)
