
Log started (V12.10.0.0) Tue Jun 23 14:58:23 2020

New value for parallel optimization mode: -1
New value for mixed integer optimality gap tolerance: 0.3
New value for deterministic time limit in ticks: 300000

Problem 'C:\Users\wenmi\Desktop\competitiveMPEC\logs\tmp124boqku.pyomo.lp' read.
Read time = 0.25 sec. (22.66 ticks)

Problem name         : C:\Users\wenmi\Desktop\competitiveMPEC\logs\tmp124boqku.pyomo.lp
Objective sense      : Maximize
Variables            :   88620  [Nneg: 1,  Box: 36853,  Free: 7056,
                                 Binary: 44710]
Objective nonzeros   :    9612
Linear constraints   :  204047  [Less: 70881,  Greater: 97388,  Equal: 35778]
  Nonzeros           :  512333
  RHS nonzeros       :  101262

Variables            : Min LB: -5000.000        Max UB: 50000.00       
Objective nonzeros   : Min   : 0.6000000        Max   : 28046.68       
Linear constraints   :
  Nonzeros           : Min   : 0.6000000        Max   : 497500.0       
  RHS nonzeros       : Min   : 0.6000000        Max   : 500000.0       
Version identifier: 12.10.0.0 | 2019-11-26 | 843d4de2ae
CPXPARAM_Parallel                                -1
CPXPARAM_DetTimeLimit                            300000
CPXPARAM_MIP_Tolerances_MIPGap                   0.29999999999999999
Tried aggregator 3 times.
MIP Presolve eliminated 154757 rows and 37671 columns.
MIP Presolve added 3331 rows and 0 columns.
MIP Presolve modified 44474 coefficients.
Aggregator did 20728 substitutions.
Reduced MIP has 31893 rows, 27346 columns, and 109904 nonzeros.
Reduced MIP has 10337 binaries, 0 generals, 0 SOSs, and 0 indicators.
Presolve time = 0.31 sec. (298.00 ticks)
Probing fixed 422 vars, tightened 3446 bounds.
Probing time = 0.05 sec. (8.83 ticks)
Tried aggregator 2 times.
Detecting symmetries...
MIP Presolve eliminated 944 rows and 850 columns.
MIP Presolve modified 2996 coefficients.
Aggregator did 45 substitutions.
Reduced MIP has 30904 rows, 26451 columns, and 107025 nonzeros.
Reduced MIP has 9913 binaries, 0 generals, 0 SOSs, and 0 indicators.
Presolve time = 0.09 sec. (102.19 ticks)
Probing fixed 0 vars, tightened 24 bounds.
Probing time = 0.06 sec. (11.16 ticks)
Clique table members: 15163.
MIP emphasis: balance optimality and feasibility.
MIP search method: dynamic search.
Parallel mode: opportunistic, using up to 16 threads.
Root relaxation solution time = 0.66 sec. (572.35 ticks)

        Nodes                                         Cuts/
   Node  Left     Objective  IInf  Best Integer    Best Bound    ItCnt     Gap

      0     0   743514.2241  1287                 743514.2241       42         
      0     0   739159.2733  1287                  Cuts: 1401     1481         
      0     0   720714.7438  1287                  Cuts: 1116     3074         
      0     0   712437.3614  1287                  Cuts: 1207     4371         
      0     0   707061.4620  1287                   Cuts: 971     5434         
      0     0   703176.3110  1287                   Cuts: 807     6543         
      0     0   700223.7939  1287                   Cuts: 782     7317         
      0     0   696210.3494  1287                   Cuts: 561     8157         
      0     0   694443.9445  1287                   Cuts: 581     8822         
      0     0   692019.8486  1287                   Cuts: 565     9567         
      0     0   691017.1197  1287                   Cuts: 483    10350         
      0     0   690178.5431  1287                   Cuts: 535    11019         
      0     0   689221.6612  1287                   Cuts: 454    11545         
      0     0   688954.6374  1287                   Cuts: 401    11890         
      0     0   688574.0308  1287                   Cuts: 337    12217         
      0     0   688105.6178  1287                   Cuts: 295    12491         
      0     0   687954.9542  1287                   Cuts: 267    12692         
      0     0   687693.4239  1287                   Cuts: 233    12954         
      0     0   687542.9234  1287                   Cuts: 316    13240         
      0     0   687400.3844  1287                   Cuts: 316    13544         
      0     0   686928.8644  1287                   Cuts: 290    13833         
      0     0   686735.3015  1287                   Cuts: 338    14110         
      0     0   686616.0951  1287                   Cuts: 285    14471         
      0     0   686529.9494  1287                   Cuts: 250    14731         
      0     0   686520.6348  1287                   Cuts: 720    15061         
      0     2   686520.6348  1546                 686520.6348    15061         
Elapsed time = 38.42 sec. (34396.95 ticks, tree = 0.02 MB, solutions = 0)
      2     3   683828.0191  1597                 686436.6454    15831         
      8     4   682329.6783  1591                 680681.1984    16256         
     13    15   660135.6438  1562                 680681.1984    28636         
     20    11   656066.2789  1542                 680681.1984    23163         
     24     6   675297.2702  1566                 680681.1984    18855         
     27    17   671854.4081  1534                 680681.1984    31610         
     31    32   665102.5284  1576                 674959.0594    65374         
     38    11   658555.5704  1564                 674843.2173    23828         
     43    38   648447.4358  1604                 674843.2173    80932         
     56    41   646297.6185  1501                 674706.9693    83324         
Elapsed time = 53.53 sec. (38068.62 ticks, tree = 0.11 MB, solutions = 0)
     82    65   641435.1026  1589                 674706.9693   138470         
    115    99   646638.7990  1588                 674706.9693   185664         
    150    81   643722.4580  1772                 674706.9693   163250         
    160   112   624495.0130  1767                 674706.9693   191525         
    166   173   637723.3437  1576                 674706.9693   228483         
    194   142   619444.0333  1733                 674706.9693   213681         
    242   188   618387.0017  1737                 674706.9693   235855         
    308   237   618835.4689  1691                 674706.9693   264679         
    398   247   616803.7857  1682                 674706.9693   266891         
    495   325   596407.2296  1650                 674706.9693   302410         
Elapsed time = 100.88 sec. (47796.99 ticks, tree = 7.83 MB, solutions = 0)
    617   339   595820.8267  1669                 674706.9693   309705         
    735   534    infeasible                       674706.9693   384006         
    874   457   530735.3253  1374                 674706.9693   355393         
   1040   830   550508.5299  1366                 674706.9693   471205         
   1210   524   574191.3445  1537                 674706.9693   377790         
   1427  1452   525549.2286  1230                 674706.9693   595259         
   1687   869   516345.5804  1096                 674706.9693   479816         
   1939  1237   537499.9633  1238                 674706.9693   563697         
   2228  1910   494399.3406  1032                 674706.9693   675642         
   2587  1753   549156.8473  1223                 674706.9693   648260         
Elapsed time = 146.13 sec. (57395.90 ticks, tree = 24.04 MB, solutions = 0)
   2965  1427   537139.3357  1387                 674706.9693   588794         
   3405  2147   315183.8671   918                 674706.9693   712037         
   3897  2037   547356.0754  1178                 674706.9693   701272         
   4416  4208   437038.2384   611                 674706.9693   918910         
   5035  2583   162948.9362   960                 674706.9693   772049         
   5566  2842   386909.3999   581                 671282.3398   793470         
   6195  2659    26332.0225   675                 671282.3398   775515         
   6808  3327  -224662.3225   873                 671282.3398   840174         
   7365  4996   449082.7275   676                 671282.3398   996558         
   7912  5390   434270.6391   651                 671282.3398  1023561         
Elapsed time = 194.25 sec. (66946.38 ticks, tree = 60.94 MB, solutions = 0)
   8434  5897      928.7223   364                 671282.3398  1058313         
   8928  5132   420333.6531   513                 671282.3398  1002663         
   9347  6166  -598675.7019   628                 671282.3398  1077525         
   9761  6823   278197.2371   447                 671282.3398  1130599         
  10103  8469   -41207.0646   342                 671282.3398  1282632         
  10367  6887   618316.0155  1417                 671282.3398  1137206         
  10571  8527   659171.3643  1538                 671282.3398  1288266         
  10765  7925   579866.9269  1074                 671282.3398  1239409         
  10994  9105   665335.8123  1754                 666817.6123  1355182         
  11254  8813   578991.6638  1046                 666817.6123  1316697         
Elapsed time = 241.09 sec. (76500.81 ticks, tree = 100.99 MB, solutions = 0)
  11514 10744   629429.3768  1298                 666817.6123  1569559         
  11784  9487   430177.4917   784                 665336.2384  1396685         
  12103  9590   553061.3033   874                 665336.2384  1410618         
  12409 11130   649851.1782  1154                 665336.2384  1620156         
  12777 10269   522892.9695   867                 665336.2384  1504626         
  13102 12183   523362.3454  1129                 665336.2384  1758752         
  13439 11988   502794.5560   731                 665335.8123  1734181         
  13828 12030   486533.6651   650                 665335.8123  1737153         
  14120 11047   496061.1708   511                 665335.8123  1604664         
  14410 12391    infeasible                       665335.8123  1809098         
Elapsed time = 289.44 sec. (86075.48 ticks, tree = 141.73 MB, solutions = 0)
  14763 11547   519648.4476   844                 665335.8123  1668007         
  15106 11746   543660.4729   645                 665335.8123  1699605         
  15406 11816   640866.8978  1379                 665335.8123  1720373         
  15646 12663   497691.2621   822                 665335.8123  1854529         
  15942 13136    infeasible                       665335.8123  1942042         
  16187 12438   651658.2090  1429                 665335.8123  1816734         
  16387 13092   578597.3128  1471                 664856.1481  1912467         
  16579 13628   504316.3596   310                 664856.1481  1993456         
  16765 13159   648285.1712  1449                 664856.1481  1951336         
  16987 13456   583742.0454  1396                 664856.1481  1997267         
Elapsed time = 334.02 sec. (95636.29 ticks, tree = 155.43 MB, solutions = 0)
  17181 13476   575038.7678  1365                 664856.1481  1999421         
  17345 13405   659220.7561  1480                 664856.1481  1961027         
  17516 13204   545039.6697  1493                 664856.1481  1963957         
  17717 14608   602435.1406  1397                 664856.1481  2167602         
  17893 14180   571052.1500  1415                 664856.1481  2099463         
  18054 13228   599268.9394  1434                 664856.1481  1978485         
  18246 13751   225987.1199  1399                 664797.3039  2015743         
  18441 13920   433574.0278   922                 664797.3039  2066266         
  18678 14256   331691.0906  1128                 664797.3039  2109197         
  18952 14296   204586.7066   820                 664797.3039  2111816         
Elapsed time = 376.84 sec. (105215.75 ticks, tree = 164.58 MB, solutions = 0)
  19159 14776   652940.6749  1437                 664743.1195  2184917         
  19326 15889   640732.9445  1355                 664743.1195  2474715         
  19478 14795   614570.8892  1327                 664743.1195  2189834         
  19612 14488   583083.7204  1236                 664743.1195  2157986         
  19756 14912   577397.5385  1203                 664743.1195  2262794         
  19920 14522   559646.9961  1077                 664743.1195  2163475         
  20049 15725    infeasible                       664743.1195  2434659         
  20219 15743   599084.3856  1248                 664743.1195  2437127         
  20355 15935   605994.4312  1304                 664743.1195  2494495         
  20550 15632   507840.8657  1286                 664743.1195  2394361         
Elapsed time = 420.13 sec. (114796.50 ticks, tree = 179.06 MB, solutions = 0)
  20761 15273   368096.2613  1228                 664743.1195  2339580         
  20984 15314   177756.9277  1165                 664743.1195  2341821         
  21248 14942   385415.1287  1251                 664716.3174  2250512         
  21481 16485   363713.1409   914                 664716.3174  2619310         
  21752 15023   539493.8707  1165                 664716.3174  2290058         
  21985 16069   510385.4947   762                 664716.3174  2519191         
  22263 16528   164494.1123  1122                 664716.3174  2646401         
  22488 16559 -4944252.3496  1366                 664716.3174  2649964         
  22691 18650 -3159466.1496  1126                 664716.3174  3116079         
  23371 16774   616878.1596  1421                 664400.7148  2709561         
Elapsed time = 476.86 sec. (127215.53 ticks, tree = 191.78 MB, solutions = 0)
