
Log started (V12.10.0.0) Mon Jul  6 17:48:21 2020

New value for parallel optimization mode: -1
New value for mixed integer optimality gap tolerance: 0.01
New value for deterministic time limit in ticks: 30000

Problem 'C:\Users\wenmi\Desktop\competitiveMPEC\logs\tmplp19yivi.pyomo.lp' read.
Read time = 0.16 sec. (13.80 ticks)
MIP start file 'C:\Users\wenmi\Desktop\competitiveMPEC\logs\tmp790gq84b.cplex.mst' read.

Problem name         : C:\Users\wenmi\Desktop\competitiveMPEC\logs\tmplp19yivi.pyomo.lp
Objective sense      : Maximize
Variables            :   54523  [Nneg: 1,  Box: 22718,  Free: 4464,
                                 Binary: 27340]
Objective nonzeros   :    9738
Linear constraints   :  123229  [Less: 41370,  Greater: 59096,  Equal: 22763]
  Nonzeros           :  289344
  RHS nonzeros       :   67480

Variables            : Min LB: -5000.000        Max UB: 1000000.       
Objective nonzeros   : Min   : 0.1000000        Max   : 2500.000       
Linear constraints   :
  Nonzeros           : Min   : 0.1000000        Max   : 1000000.       
  RHS nonzeros       : Min   : 0.1000000        Max   : 1000000.       
Version identifier: 12.10.0.0 | 2019-11-26 | 843d4de2ae
CPXPARAM_Parallel                                -1
CPXPARAM_DetTimeLimit                            30000
CPXPARAM_MIP_Tolerances_MIPGap                   0.01
Warning:  No solution found from 1 MIP starts.
Retaining values of one MIP start for possible repair.
Tried aggregator 3 times.
MIP Presolve eliminated 88927 rows and 19895 columns.
MIP Presolve added 3361 rows and 0 columns.
MIP Presolve modified 24830 coefficients.
Aggregator did 12975 substitutions.
Reduced MIP has 24688 rows, 21071 columns, and 68042 nonzeros.
Reduced MIP has 8311 binaries, 0 generals, 0 SOSs, and 0 indicators.
Presolve time = 0.16 sec. (165.05 ticks)
Probing fixed 360 vars, tightened 4276 bounds.
Probing time = 0.03 sec. (18.19 ticks)
Tried aggregator 2 times.
Detecting symmetries...
MIP Presolve eliminated 813 rows and 722 columns.
MIP Presolve modified 3091 coefficients.
Aggregator did 36 substitutions.
Reduced MIP has 23839 rows, 20313 columns, and 65586 nonzeros.
Reduced MIP has 7950 binaries, 0 generals, 0 SOSs, and 0 indicators.
Presolve time = 0.06 sec. (89.29 ticks)
Probing fixed 0 vars, tightened 289 bounds.
Probing time = 0.06 sec. (22.11 ticks)
Clique table members: 44533.
MIP emphasis: balance optimality and feasibility.
MIP search method: dynamic search.
Parallel mode: opportunistic, using up to 16 threads.
Root relaxation solution time = 0.28 sec. (623.91 ticks)

        Nodes                                         Cuts/
   Node  Left     Objective  IInf  Best Integer    Best Bound    ItCnt     Gap

      0     0    79859.5613   179                  79859.5613     5703         
      0     0    79008.4514   179                    Cuts: 90     5771         
      0     0    78994.8798   179                    Cuts: 14     5785         
      0     0    78946.9453   179                     Cuts: 5     5802         
      0     0    78946.9453   179                     Cuts: 4     5808         
*     0+    0                        51455.0857    78946.9453            53.43%
      0     0    78946.9453   179    51455.0857       Cuts: 3     5818   53.43%
Repair heuristic found nothing.
      0     2    78946.9453    70    51455.0857    78932.2100     5818   53.40%
Elapsed time = 3.23 sec. (2671.00 ticks, tree = 0.02 MB, solutions = 1)
    226    42    63412.4214    38    51455.0857    78471.2834     6119   52.50%
    515   252    62876.9037    35    51455.0857    78471.2834     7591   52.50%
    818   299        cutoff          51455.0857    78471.2834     8152   52.50%
   1117   584    59492.5347    24    51455.0857    78471.2834    10911   52.50%
   1407   655    71883.3565    40    51455.0857    78471.2834    11912   52.50%
   1733   802    58178.5051    10    51455.0857    78471.2834    13936   52.50%
   2113   999    66789.6344    49    51455.0857    78471.2834    15762   52.50%
   2538  1442    67642.2168    39    60034.3376    78471.2834    18809   30.71%
*  2643  1276      integral     0    60094.4719    78471.2834    22519   30.58%
   2943  1196    65641.6911    49    61170.3367    78471.2834    25630   28.28%
   4176  1320    70205.7353    37    61170.3367    76093.2245    28753   24.40%
Elapsed time = 15.92 sec. (5775.63 ticks, tree = 8.33 MB, solutions = 6)

Performing restart 1

Repeating presolve.
Tried aggregator 3 times.
MIP Presolve eliminated 1685 rows and 1415 columns.
MIP Presolve modified 49106 coefficients.
Aggregator did 291 substitutions.
Reduced MIP has 21863 rows, 18607 columns, and 59724 nonzeros.
Reduced MIP has 7321 binaries, 0 generals, 0 SOSs, and 0 indicators.
Presolve time = 0.11 sec. (122.50 ticks)
Tried aggregator 3 times.
MIP Presolve eliminated 465 rows and 384 columns.
MIP Presolve modified 12669 coefficients.
Aggregator did 22 substitutions.
Reduced MIP has 21376 rows, 18201 columns, and 58444 nonzeros.
Reduced MIP has 7129 binaries, 0 generals, 0 SOSs, and 0 indicators.
Presolve time = 0.05 sec. (56.43 ticks)
Tried aggregator 3 times.
MIP Presolve modified 9386 coefficients.
Aggregator did 2 substitutions.
Reduced MIP has 21374 rows, 18199 columns, and 58450 nonzeros.
Reduced MIP has 7129 binaries, 0 generals, 0 SOSs, and 0 indicators.
Presolve time = 0.06 sec. (66.61 ticks)
Represolve time = 0.61 sec. (527.89 ticks)
   4779     0    78863.4615   120    61170.3367     Cuts: 234    47345   23.08%
   4779     0    78857.0059   120    61170.3367      Cuts: 44    47385   23.08%
   4779     0    78853.5870   120    61170.3367      Cuts: 70    47431   23.08%
   4779     0    78853.5870   120    61170.3367      Cuts: 60    47478   23.08%
   4779     0    78851.3349   120    61170.3367      Cuts: 95    47543   19.42%
   4779     0    78841.4523   120    61170.3367      Cuts: 60    47589   19.42%
   4779     0    78838.0497   120    61170.3367      Cuts: 62    47647   19.42%
   4779     7        cutoff          61170.3367    70889.7987    47743   15.89%
   5235    33        cutoff          61170.3367    70889.7987    48269   15.89%
   5798   125        cutoff          61170.3367    64865.0092    51807    6.04%

Cover cuts applied:  4
Implied bound cuts applied:  12
Flow cuts applied:  29
Mixed integer rounding cuts applied:  17
Gomory fractional cuts applied:  6

Root node processing (before b&c):
  Real time             =    2.84 sec. (2624.43 ticks)
Parallel b&c, 16 threads:
  Real time             =   24.73 sec. (10222.40 ticks)
  Sync time (average)   =    1.39 sec.
  Wait time (average)   =    0.03 sec.
                          ------------
Total (root+branch&cut) =   27.58 sec. (12846.83 ticks)

Solution pool: 6 solutions saved.

MIP - Integer optimal, tolerance (0.01/1e-06):  Objective =  6.1170336728e+04
Current MIP best bound =  6.1762725494e+04 (gap = 592.389, 0.97%)
Solution time =   27.58 sec.  Iterations = 56664  Nodes = 6087 (195)
Deterministic time = 12846.99 ticks  (465.84 ticks/sec)


Incumbent solution written to file 'C:\Users\wenmi\Desktop\competitiveMPEC\logs\tmpubenwxzz.cplex.sol'.
