
Log started (V12.9.0.0) Wed Sep  2 20:03:45 2020

New value for parallel optimization mode: -1
New value for mixed integer optimality gap tolerance: 0.05
New value for emphasis for MIP optimization: 1
New value for integrality tolerance: 1e-10
New value for deterministic time limit in ticks: 50000

Problem 'C:\Users\llavin\Desktop\test826\logs\tmp5iq8a0w_.pyomo.lp' read.
Read time = 0.55 sec. (28.58 ticks)
MIP start file 'C:\Users\llavin\Desktop\test826\logs\tmpxiirnkgw.cplex.mst' read.

Problem name         : C:\Users\llavin\Desktop\test826\logs\tmp5iq8a0w_.pyomo.lp
Objective sense      : Maximize
Variables            :  109223  [Nneg: 1,  Box: 45498,  Free: 8928,
                                 Binary: 54796]
Objective nonzeros   :   19731
Linear constraints   :  246901  [Less: 82864,  Greater: 118424,  Equal: 45613]
  Nonzeros           :  619133
  RHS nonzeros       :  135843

Variables            : Min LB: -5000.000        Max UB: 1000000.       
Objective nonzeros   : Min   : 0.008333333      Max   : 208.3333       
Linear constraints   :
  Nonzeros           : Min   : 0.008333333      Max   : 1000000.       
  RHS nonzeros       : Min   : 0.008333333      Max   : 1000000.       
CPXPARAM_Parallel                                -1
CPXPARAM_Emphasis_MIP                            1
CPXPARAM_DetTimeLimit                            50000
CPXPARAM_MIP_Tolerances_MIPGap                   0.050000000000000003
CPXPARAM_MIP_Tolerances_Integrality              1e-10
Warning:  No solution found from 1 MIP starts.
Retaining values of one MIP start for possible repair.
Tried aggregator 3 times.
MIP Presolve eliminated 176826 rows and 38812 columns.
MIP Presolve added 7020 rows and 0 columns.
MIP Presolve modified 53022 coefficients.
Aggregator did 26008 substitutions.
Reduced MIP has 51087 rows, 43507 columns, and 151649 nonzeros.
Reduced MIP has 17225 binaries, 0 generals, 0 SOSs, and 0 indicators.
Presolve time = 0.61 sec. (377.35 ticks)
Probing fixed 823 vars, tightened 13857 bounds.
Probing time = 0.44 sec. (18.48 ticks)
Tried aggregator 2 times.
MIP Presolve eliminated 1837 rows and 1681 columns.
MIP Presolve modified 9349 coefficients.
Aggregator did 96 substitutions.
Reduced MIP has 49154 rows, 41730 columns, and 140796 nonzeros.
Reduced MIP has 16402 binaries, 0 generals, 0 SOSs, and 0 indicators.
Presolve time = 0.28 sec. (247.02 ticks)
Probing fixed 0 vars, tightened 3158 bounds.
Probing time = 0.55 sec. (19.17 ticks)
Clique table members: 83196.
MIP emphasis: integer feasibility.
MIP search method: dynamic search.
Parallel mode: opportunistic, using up to 32 threads.
Root relaxation solution time = 2.23 sec. (3049.36 ticks)

        Nodes                                         Cuts/
   Node  Left     Objective  IInf  Best Integer    Best Bound    ItCnt     Gap

      0     0    26894.3592   811                  26894.3592    12709         
      0     0    26853.3689   329                   Cuts: 314    13008         
      0     0    26843.9812   327                   Cuts: 177    13153         
      0     0    26818.1598   312                    Cuts: 87    13250         
Repair heuristic found nothing.
      0    33    25799.5485   280                    Cuts: 19    13728         
Elapsed time = 10.50 sec. (5721.96 ticks, tree = 0.02 MB, solutions = 0)
    215    75    25758.0496   278                  26807.0093    14596         
    516   324    26302.8146   266                  26807.0093    19904         
    853   763    25602.1577   258                  26807.0093    27591         
   1251   876    26454.0353   240                  26807.0093    28846         
   1464  1241    26409.5359   224                  26807.0093    32003         
   1765  1438    26080.5156   254                  26807.0093    34224         
   2183  1591    26159.0806   206                  26807.0093    36100         
   2571  2046    25976.9733   162                  26807.0093    40310         
   2888  2683    23484.9009   131                  26807.0093    51460         
   4009  3844    22485.1690   176                  26807.0093    82494         
Elapsed time = 30.36 sec. (8830.72 ticks, tree = 93.13 MB, solutions = 0)
   4863  4515    18120.5069   127                  26807.0093   110443         
   5787  5098     7518.9133   109                  26807.0093   136462         

Clique cuts applied:  2
Cover cuts applied:  11
Implied bound cuts applied:  10
Flow cuts applied:  376
Mixed integer rounding cuts applied:  6
Gomory fractional cuts applied:  4

Root node processing (before b&c):
  Real time             =    7.27 sec. (5675.68 ticks)
Parallel b&c, 32 threads:
  Real time             =   37.47 sec. (6002.70 ticks)
  Sync time (average)   =    2.24 sec.
  Wait time (average)   =    0.00 sec.
                          ------------
Total (root+branch&cut) =   44.73 sec. (11678.38 ticks)


MIP - Aborted, no integer solution.
Current MIP best bound =  2.6807009296e+04 (gap is infinite)
Solution time =   44.77 sec.  Iterations = 180206  Nodes = 6398 (6078)
Deterministic time = 11678.69 ticks  (260.89 ticks/sec)


CPLEX Error  1217: No solution exists.
No file written.
