
Log started (V12.10.0.0) Fri Aug 28 07:01:45 2020

New value for parallel optimization mode: -1
New value for mixed integer optimality gap tolerance: 0.05
New value for feasibility tolerance: 1e-09
New value for deterministic time limit in ticks: 100000

Problem 'C:\Users\wenmi\Desktop\competitiveMPEC\logs\tmpez1s0lgh.pyomo.lp' read.
Read time = 0.33 sec. (28.43 ticks)
MIP start file 'C:\Users\wenmi\Desktop\competitiveMPEC\logs\tmp15rg9ac7.cplex.mst' read.

Problem name         : C:\Users\wenmi\Desktop\competitiveMPEC\logs\tmpez1s0lgh.pyomo.lp
Objective sense      : Maximize
Variables            :  109223  [Nneg: 1,  Box: 45498,  Free: 8928,
                                 Binary: 54796]
Objective nonzeros   :   18771
Linear constraints   :  246903  [Less: 82866,  Greater: 118424,  Equal: 45613]
  Nonzeros           :  618269
  RHS nonzeros       :  134883

Variables            : Min LB: -5000.000        Max UB: 1000000.       
Objective nonzeros   : Min   : 0.1944444        Max   : 624.9845       
Linear constraints   :
  Nonzeros           : Min   : 0.1944444        Max   : 1000000.       
  RHS nonzeros       : Min   : 0.1944444        Max   : 1000000.       
Version identifier: 12.10.0.0 | 2019-11-26 | 843d4de2ae
CPXPARAM_Parallel                                -1
CPXPARAM_Simplex_Tolerances_Feasibility          1.0000000000000001e-09
CPXPARAM_DetTimeLimit                            100000
CPXPARAM_MIP_Tolerances_MIPGap                   0.050000000000000003
1 of 1 MIP starts provided solutions.
MIP start 'm1' defined initial solution with objective 0.0000.
Tried aggregator 3 times.
MIP Presolve eliminated 181461 rows and 42919 columns.
MIP Presolve added 6048 rows and 0 columns.
MIP Presolve modified 51342 coefficients.
Aggregator did 25864 substitutions.
Reduced MIP has 45626 rows, 38808 columns, and 147798 nonzeros.
Reduced MIP has 15272 binaries, 0 generals, 0 SOSs, and 0 indicators.
Presolve time = 0.38 sec. (378.60 ticks)
Probing fixed 817 vars, tightened 8403 bounds.
Probing time = 0.09 sec. (15.87 ticks)
Tried aggregator 2 times.
Detecting symmetries...
MIP Presolve eliminated 1828 rows and 1634 columns.
MIP Presolve modified 5331 coefficients.
Aggregator did 48 substitutions.
Reduced MIP has 43750 rows, 37126 columns, and 142025 nonzeros.
Reduced MIP has 14455 binaries, 0 generals, 0 SOSs, and 0 indicators.
Presolve time = 0.16 sec. (223.37 ticks)
Probing fixed 0 vars, tightened 425 bounds.
Probing time = 0.17 sec. (19.44 ticks)
Clique table members: 86064.
MIP emphasis: balance optimality and feasibility.
MIP search method: dynamic search.
Parallel mode: opportunistic, using up to 16 threads.
Root relaxation solution time = 0.47 sec. (439.49 ticks)

        Nodes                                         Cuts/
   Node  Left     Objective  IInf  Best Integer    Best Bound    ItCnt     Gap

*     0+    0                            0.0000   6.34446e+08              --- 
      0     0   5.30854e+08  3180        0.0000   5.30854e+08     9449     --- 
      0     0   5.30854e+08  3180        0.0000      Cuts: 89     9503     --- 
      0     0   5.30854e+08  3180        0.0000      Cuts: 90     9568     --- 
      0     0   5.29481e+08  3180        0.0000     Cuts: 108     9615     --- 
      0     0   5.29481e+08  3180        0.0000      Cuts: 96     9650     --- 
*     0+    0                            0.0000   5.29481e+08              --- 
      0     1        cutoff              0.0000   5.26349e+08     9786     --- 
Elapsed time = 5.56 sec. (5666.56 ticks, tree = 0.02 MB, solutions = 2)
     85    40    12996.6236   249        0.0000   5.09176e+08    12998     --- 
    216    52    13010.2898   246        0.0000   5.09176e+08    13174     --- 
    371    60     9975.4673   206        0.0000   5.09176e+08    13222     --- 
    524   253     9792.8825   209        0.0000   5.09176e+08    15445     --- 
    674    94     5222.4236   111        0.0000   5.09176e+08    13453     --- 
    834   518     8700.8174   168        0.0000   5.09176e+08    19267     --- 
    980   319     4035.3754   125        0.0000   5.09176e+08    16410     --- 
   1135   574     8223.7621   147        0.0000   5.09176e+08    20004     --- 
   1266   586     7576.7716   149        0.0000   5.09176e+08    20138     --- 
   1842   959     7982.4324   121        0.0000   5.09176e+08    25146     --- 
Elapsed time = 25.09 sec. (8780.89 ticks, tree = 10.61 MB, solutions = 2)
   2480  1587     5064.8614    88        0.0000   5.09176e+08    32683     --- 
   3105  2299    14239.2037   268        0.0000   5.09176e+08    38517     --- 
   3771  2340     6646.1997   155        0.0000   5.08846e+08    39384     --- 
   4412  2974     8892.9933   196        0.0000   4.67599e+08    44690     --- 
   4904  3349    11311.9590   238        0.0000   4.67599e+08    50599     --- 
   5276  3762     1153.6685   121        0.0000   4.67599e+08    55284     --- 

Performing restart 1

Repeating presolve.
Tried aggregator 3 times.
MIP Presolve eliminated 1413 rows and 1220 columns.
MIP Presolve modified 23844 coefficients.
Aggregator did 339 substitutions.
Reduced MIP has 41998 rows, 35567 columns, and 121699 nonzeros.
Reduced MIP has 13845 binaries, 0 generals, 0 SOSs, and 0 indicators.
Presolve time = 0.11 sec. (127.30 ticks)
Tried aggregator 1 time.
MIP Presolve eliminated 720 rows and 576 columns.
MIP Presolve modified 340 coefficients.
Reduced MIP has 41278 rows, 34991 columns, and 119587 nonzeros.
Reduced MIP has 13557 binaries, 0 generals, 0 SOSs, and 0 indicators.
Presolve time = 0.06 sec. (55.80 ticks)
Tried aggregator 2 times.
MIP Presolve eliminated 192 rows and 192 columns.
Aggregator did 48 substitutions.
Reduced MIP has 41038 rows, 34751 columns, and 118867 nonzeros.
Reduced MIP has 13461 binaries, 0 generals, 0 SOSs, and 0 indicators.
Presolve time = 0.14 sec. (190.57 ticks)
Represolve time = 0.95 sec. (515.75 ticks)
   5352     0   5.09175e+08   366        0.0000     Cuts: 472    85583     --- 
   5352     0   5.02924e+08   366        0.0000     Cuts: 294    85985     --- 
   5352     0   4.55205e+08   366        0.0000     Cuts: 244    86160     --- 
   5352     0   4.47292e+08   366        0.0000     Cuts: 173    86311     --- 
   5352     0   4.36826e+08   366        0.0000      Cuts: 96    86403     --- 
   5352     0   4.32458e+08   366        0.0000     Cuts: 104    86482     --- 
   5352     0   4.26250e+08   366        0.0000     Cuts: 172    86588     --- 
   5352     0   4.24368e+08   366        0.0000      Cuts: 66    86642     --- 
   5352     0   4.24367e+08   366        0.0000      Cuts: 49    86663     --- 
   5352     0   4.24367e+08   366        0.0000      Cuts: 37    86679     --- 
   5352     0   4.24367e+08   366        0.0000      Cuts: 33    86690     --- 
   5352     0   4.24367e+08   366        0.0000      Cuts: 21    86701     --- 
   5352     0   4.24367e+08   366        0.0000      Cuts: 45    86737     --- 
   5352     0   4.24367e+08   366        0.0000      Cuts: 27    86761     --- 
   5352     0   4.23632e+08   366        0.0000      Cuts: 53    86855     --- 
   5352     0   4.23632e+08   366        0.0000      Cuts: 65    86907     --- 
   5352     4        cutoff              0.0000   4.18194e+08    87439     --- 
   5514    51      426.2864    14        0.0000   4.06425e+08    89869     --- 
   5782    77      504.6380     6        0.0000   3.98191e+08    91004     --- 
   6114    88        cutoff              0.0000   3.98191e+08    91043     --- 
Elapsed time = 83.53 sec. (34925.03 ticks, tree = 3.72 MB, solutions = 2)
   6302   597     2564.4317    63        0.0000   2.99851e+08   104297     --- 
   6588   619     2461.5997    68        0.0000   2.99851e+08   104696     --- 
   6942   446     2618.7021    45        0.0000   2.83944e+08    99110     --- 
   7370   547     1617.8705    27        0.0000   2.83944e+08   101424     --- 
   7869  1631      189.9317     7        0.0000   2.42529e+08   132224     --- 
   8409  1283     2500.3903    58        0.0000    45026.4436   124864     --- 
   8977  1160     1850.5437    31        0.0000    45026.4436   122944     --- 
   9610  1747      423.9251     9        0.0000    45026.4436   133771     --- 
