
Log started (V12.10.0.0) Thu Jun 18 15:37:27 2020

New value for mixed integer optimality gap tolerance: 0.01
New value for deterministic time limit in ticks: 300000

Problem 'C:\Users\wenmi\Downloads\competitiveMPEC-adb422ca3d3a98901e78a74c67cab389c3bf4665\logs\tmpynckrye_.pyomo.lp' read.
Read time = 0.27 sec. (23.24 ticks)
MIP start file 'C:\Users\wenmi\Downloads\competitiveMPEC-adb422ca3d3a98901e78a74c67cab389c3bf4665\logs\tmpj8bdtckl.cplex.mst' read.

Problem name         : C:\Users\wenmi\Downloads\competitiveMPEC-adb422ca3d3a98901e78a74c67cab389c3bf4665\logs\tmpynckrye_.pyomo.lp
Objective sense      : Maximize
Variables            :   89740  [Nneg: 1,  Box: 37305,  Free: 7152,
                                 Binary: 45282]
Objective nonzeros   :    8970
Linear constraints   :  206670  [Less: 71811,  Greater: 98628,  Equal: 36231]
  Nonzeros           :  518841
  RHS nonzeros       :  101720

Variables            : Min LB: -1000.000        Max UB: 1000.000       
Objective nonzeros   : Min   : 0.1000000        Max   : 2500.000       
Linear constraints   :
  Nonzeros           : Min   : 0.1000000        Max   : 97500.00       
  RHS nonzeros       : Min   : 0.1000000        Max   : 100000.0       
Version identifier: 12.10.0.0 | 2019-11-26 | 843d4de2ae
CPXPARAM_DetTimeLimit                            300000
CPXPARAM_MIP_Tolerances_MIPGap                   0.01
1 of 1 MIP starts provided solutions.
MIP start 'm1' defined initial solution with objective 46702.9141.
Tried aggregator 3 times.
MIP Presolve eliminated 163463 rows and 43832 columns.
MIP Presolve added 3337 rows and 0 columns.
MIP Presolve modified 33462 coefficients.
Aggregator did 21040 substitutions.
Reduced MIP has 25504 rows, 21912 columns, and 69439 nonzeros.
Reduced MIP has 8545 binaries, 0 generals, 0 SOSs, and 0 indicators.
Presolve time = 0.26 sec. (272.66 ticks)
Probing fixed 416 vars, tightened 2633 bounds.
Probing time = 0.05 sec. (18.89 ticks)
Tried aggregator 2 times.
Detecting symmetries...
MIP Presolve eliminated 930 rows and 836 columns.
MIP Presolve modified 1836 coefficients.
Aggregator did 54 substitutions.
Reduced MIP has 24520 rows, 21022 columns, and 66575 nonzeros.
Reduced MIP has 8128 binaries, 0 generals, 0 SOSs, and 0 indicators.
Presolve time = 0.08 sec. (92.51 ticks)
Probing fixed 2 vars, tightened 277 bounds.
Probing time = 0.06 sec. (21.52 ticks)
Clique table members: 46220.
MIP emphasis: balance optimality and feasibility.
MIP search method: dynamic search.
Parallel mode: deterministic, using up to 16 threads.
Root relaxation solution time = 0.30 sec. (643.82 ticks)

        Nodes                                         Cuts/
   Node  Left     Objective  IInf  Best Integer    Best Bound    ItCnt     Gap

*     0+    0                        46702.9141   4.28669e+07              --- 
      0     0    75960.6148   140    46702.9141    75960.6148     6939   62.65%
      0     0    75110.7577   140    46702.9141     Cuts: 235     7054   60.83%
      0     0    75063.0768   140    46702.9141     Cuts: 139     7106   60.72%
      0     0    75023.3178   140    46702.9141      Cuts: 29     7129   60.64%
      0     0    75023.3178   140    46702.9141      Cuts: 22     7144   60.64%
      0     0    75021.8194   140    46702.9141       Cuts: 3     7152   60.64%
      0     0    75021.1340   140    46702.9141      Cuts: 27     7161   60.63%
      0     2    75021.1340    50    46702.9141    75021.1340     7161   60.63%
Elapsed time = 3.63 sec. (3165.94 ticks, tree = 0.02 MB, solutions = 1)
     71    33    66562.4550    32    46702.9141    74354.9080     7510   59.21%
    311   222    71458.1637    22    46702.9141    74354.9080     9229   59.21%
    610   398    68341.4562    27    46702.9141    74354.9080    11135   59.21%
    753   483    62932.5045    17    46702.9141    74292.0220    12102   59.07%
   1073   600    infeasible          46702.9141    74292.0220    12879   59.07%
   1421   935    65257.6463    25    46702.9141    74272.2839    16100   59.03%
   1770  1144    61398.9740    22    46702.9141    74272.2839    18140   59.03%
   2108  1469    71642.8421    40    46702.9141    74272.2839    20958   59.03%
   2414  1603    51424.5889    14    46702.9141    74246.8562    22051   58.98%
   3693  2512    57986.1414    28    46702.9141    71362.2848    31293   52.80%
Elapsed time = 14.66 sec. (6272.50 ticks, tree = 19.16 MB, solutions = 1)

Performing restart 1

Repeating presolve.
Tried aggregator 5 times.
MIP Presolve eliminated 1091 rows and 1026 columns.
MIP Presolve modified 8794 coefficients.
Aggregator did 257 substitutions.
Reduced MIP has 23172 rows, 19739 columns, and 62278 nonzeros.
Reduced MIP has 7826 binaries, 0 generals, 0 SOSs, and 0 indicators.
Presolve time = 0.09 sec. (101.34 ticks)
Tried aggregator 2 times.
MIP Presolve eliminated 479 rows and 397 columns.
MIP Presolve modified 11734 coefficients.
Aggregator did 7 substitutions.
Reduced MIP has 22686 rows, 19335 columns, and 60930 nonzeros.
Reduced MIP has 7637 binaries, 0 generals, 0 SOSs, and 0 indicators.
Presolve time = 0.05 sec. (41.32 ticks)
Tried aggregator 1 time.
MIP Presolve eliminated 3 rows and 2 columns.
MIP Presolve modified 9709 coefficients.
Reduced MIP has 22683 rows, 19333 columns, and 60922 nonzeros.
Reduced MIP has 7637 binaries, 0 generals, 0 SOSs, and 0 indicators.
Presolve time = 0.05 sec. (45.34 ticks)
Represolve time = 0.59 sec. (477.58 ticks)
   4247     0    75019.0114   132    46702.9141     Cuts: 164    43387   52.62%
   4247     0    75019.0114   132    46702.9141      Cuts: 49    43444   52.62%
   4247     0    75019.0114   132    46702.9141      Cuts: 83    43501   52.62%
   4247     0    75019.0114   132    46702.9141      Cuts: 42    43532   52.62%
   4247     0    75018.8498   132    46702.9141      Cuts: 96    43587   52.62%
   4247     0    75018.8498   132    46702.9141      Cuts: 56    43648   52.62%
   4247     0    75018.6773   132    46702.9141      Cuts: 87    43717   52.62%
   4247     2    75018.6773    59    46702.9141    71278.6558    43717   52.62%
   4267    12    62956.7964    41    46702.9141    71278.6558    44003   52.62%
   4858   318    51247.6029    38    46702.9141    63090.8278    48889   35.09%
   5394   613        cutoff          46702.9141    62581.8248    52094   34.00%
   6873  1519    50774.3490     7    46702.9141    62581.8248    59401   34.00%
   8316  2889    50049.8729    21    46702.9141    58709.2983    66557   25.71%
   9825  3983    50049.8729    19    46702.9141    57920.3401    77493   24.02%
  11241  4941    50262.9822    16    46702.9141    57343.5619    87882   22.78%
  11961  5482    50940.5184    22    46702.9141    57177.3633    94375   22.43%
  13506  6235        cutoff          46702.9141    55962.3377   103996   19.83%
Elapsed time = 47.41 sec. (19167.63 ticks, tree = 48.56 MB, solutions = 1)
  15193  7253    46990.5083    25    46702.9141    55680.3319   117037   19.22%
  16842  8240    48176.0762    18    46702.9141    55086.9714   127287   17.95%
  18178  9499    48176.0762    19    46702.9141    54724.5783   135281   17.18%
  19671 10100    47100.2114    17    46702.9141    54538.7732   140643   16.78%
  21558 11293    47063.8031    19    46702.9141    54393.4208   150975   16.47%
  23479 13153    49983.6992    21    46702.9141    54202.6890   163569   16.06%
  24639 13594    52271.3063    27    46702.9141    54050.3592   167406   15.73%
  26076 14467    49722.6960    12    46702.9141    53732.0258   175457   15.05%
  27736 15220    48746.2207    26    46702.9141    53629.3549   182552   14.83%
  29566 16535    50262.9822    19    46702.9141    53627.2536   194336   14.83%
Elapsed time = 78.11 sec. (28762.05 ticks, tree = 132.88 MB, solutions = 1)
  30265 17624    47749.5156    27    46702.9141    53535.7204   205650   14.63%
  31614 18207    infeasible          46702.9141    53505.7570   210609   14.57%
  33545 18774    48176.0762    18    46702.9141    53177.2667   217396   13.86%
  35271 19853    48711.6548    16    46702.9141    53021.8891   236185   13.53%
  37056 20392    48569.5210    20    46702.9141    52973.6947   244447   13.43%
  38733 21392    47512.3176    20    46702.9141    52832.4726   260144   13.12%
  39071 21864    48176.0762    17    46702.9141    52377.0622   268829   12.15%
  40451 21941    48176.0762    17    46702.9141    52337.9271   270534   12.07%
  42313 23101    48176.0762    17    46702.9141    52068.0217   284037   11.49%
  44488 23987    48176.0762    18    46702.9141    51808.3618   288809   10.93%
Elapsed time = 107.92 sec. (38314.75 ticks, tree = 193.86 MB, solutions = 1)
  46116 25320    50952.4595    21    46702.9141    51796.9444   298599   10.91%
  47926 26910        cutoff          46702.9141    51745.7136   312768   10.80%
  49707 27524    50817.8767    18    46702.9141    51736.8648   318126   10.78%
  50321 28911    50817.8767    18    46702.9141    51643.3219   328443   10.58%
  52521 29092    47276.9124    18    46702.9141    51613.5543   329244   10.51%
  54489 30926    50817.8767    17    46702.9141    51523.8369   338498   10.32%
  56768 33559    50817.8767    18    46702.9141    51452.3738   349875   10.17%
  59198 34518    50798.5608    17    46702.9141    51447.9372   353721   10.16%
  61722 36619    50798.5608    18    46702.9141    51428.6213   362060   10.12%
  63815 40121    50798.5608    17    46702.9141    51428.6213   374289   10.12%
Elapsed time = 138.81 sec. (47858.38 ticks, tree = 327.69 MB, solutions = 1)
  65947 40956    47812.4910    16    46702.9141    51428.6213   377386   10.12%
  66431 43534    47812.4910    15    46702.9141    51428.6213   388051   10.12%
  68106 43578    46713.6708     3    46702.9141    51428.6213   388787   10.12%
  70139 44639    50338.3397    23    46702.9141    51367.5893   398075    9.99%
  72311 45713    infeasible          46702.9141    51366.7827   413728    9.99%
  74367 47189    47812.4910    15    46702.9141    51345.4010   424236    9.94%
  76686 48600    48176.0762    18    46702.9141    51257.2077   432462    9.75%
  79133 50527    46712.4144     2    46702.9141    50976.5421   441128    9.15%
  81189 51988    47812.4910    15    46702.9141    50940.5184   446631    9.07%
  81898 54452    46707.6107     5    46702.9141    50882.3609   456959    8.95%
Elapsed time = 167.81 sec. (57403.23 ticks, tree = 444.90 MB, solutions = 1)
  83040 54524    47812.4910    14    46702.9141    50882.3609   457358    8.95%
  85384 54827    46712.4144     1    46702.9141    50848.1535   458762    8.88%
  87919 56285    47812.4910    15    46702.9141    50837.7198   465453    8.85%
  90433 58341    47812.4910    16    46702.9141    50817.8767   473379    8.81%
  92656 62577    47812.4910    18    46702.9141    50817.8767   489518    8.81%
  94671 64116    46710.7463     4    46702.9141    50817.8767   495899    8.81%
  96976 66292    47812.4910    15    46702.9141    50817.8767   505163    8.81%
  98954 67121        cutoff          46702.9141    50817.8767   508597    8.81%
 101390 69060    46712.4144     1    46702.9141    50817.8767   515910    8.81%
 103220 70765    46707.6107     4    46702.9141    50817.8767   522121    8.81%
Elapsed time = 200.95 sec. (66943.16 ticks, tree = 584.06 MB, solutions = 1)
 103860 73558    46712.4144     1    46702.9141    50817.8767   531572    8.81%
 105260 73798    47812.4910    14    46702.9141    50817.8767   532667    8.81%
 107426 74413    47812.4910    14    46702.9141    50817.8767   535059    8.81%
 109951 75446    46705.4197     3    46702.9141    50817.8767   539528    8.81%
 112499 78485    47542.3334    21    46702.9141    50817.8767   550993    8.81%
 115037 82082    47831.8069    15    46702.9141    50817.8767   564016    8.81%
 117283 83782    46712.4144     1    46702.9141    50817.8767   570347    8.81%
 119361 84501    47812.4910    15    46702.9141    50817.8767   573080    8.81%
 121762 86952    47812.4910    13    46702.9141    50817.8767   583327    8.81%
 124302 88619    46713.6708     3    46702.9141    50817.8767   589458    8.81%
Elapsed time = 233.36 sec. (76482.92 ticks, tree = 733.76 MB, solutions = 1)
 125969 90796    46713.0426     2    46702.9141    50817.8767   597269    8.81%
 126458 93633    50180.9495    24    46702.9141    50817.8767   607800    8.81%
 128522 93781    47812.4910    15    46702.9141    50817.8767   608357    8.81%
 130710 95737    47812.4910    14    46702.9141    50817.8767   616277    8.81%
 132778 97813    47831.8069    17    46702.9141    50817.8767   624868    8.81%
 135267 100594    47831.8069    13    46702.9141    50817.8767   635474    8.81%
 137806 100478    47812.4910    13    46702.9141    50817.8767   634667    8.81%
