
Log started (V12.9.0.0) Wed Sep  2 00:31:11 2020

New value for parallel optimization mode: -1
New value for mixed integer optimality gap tolerance: 0.05
New value for feasibility tolerance: 1e-09
New value for emphasis for MIP optimization: 1
New value for deterministic time limit in ticks: 100000

Problem 'C:\Users\llavin\Desktop\test826\logs\tmpw0u7g_jf.pyomo.lp' read.
Read time = 0.23 sec. (14.71 ticks)

Problem name         : C:\Users\llavin\Desktop\test826\logs\tmpw0u7g_jf.pyomo.lp
Objective sense      : Maximize
Variables            :   53805  [Nneg: 1,  Box: 22000,  Free: 4464,
                                 Binary: 27340]
Objective nonzeros   :    9029
Linear constraints   :  123205  [Less: 41346,  Greater: 59096,  Equal: 22763]
  Nonzeros           :  291753
  RHS nonzeros       :   67491

Variables            : Min LB: -5000.000        Max UB: 8000.000       
Objective nonzeros   : Min   : 0.07500000       Max   : 2500.000       
Linear constraints   :
  Nonzeros           : Min   : 0.07500000       Max   : 497500.0       
  RHS nonzeros       : Min   : 0.07500000       Max   : 500000.0       
CPXPARAM_Parallel                                -1
CPXPARAM_Emphasis_MIP                            1
CPXPARAM_Simplex_Tolerances_Feasibility          1.0000000000000001e-09
CPXPARAM_DetTimeLimit                            100000
CPXPARAM_MIP_Tolerances_MIPGap                   0.050000000000000003
Tried aggregator 3 times.
MIP Presolve eliminated 88690 rows and 19014 columns.
MIP Presolve added 3380 rows and 0 columns.
MIP Presolve modified 24814 coefficients.
Aggregator did 13023 substitutions.
Reduced MIP has 24872 rows, 21212 columns, and 70961 nonzeros.
Reduced MIP has 8399 binaries, 0 generals, 0 SOSs, and 0 indicators.
Presolve time = 0.30 sec. (168.69 ticks)
Probing fixed 417 vars, tightened 4150 bounds.
Probing time = 0.09 sec. (21.47 ticks)
Tried aggregator 2 times.
MIP Presolve eliminated 935 rows and 835 columns.
MIP Presolve modified 3028 coefficients.
Aggregator did 24 substitutions.
Reduced MIP has 23913 rows, 20353 columns, and 68179 nonzeros.
Reduced MIP has 7982 binaries, 0 generals, 0 SOSs, and 0 indicators.
Presolve time = 0.13 sec. (88.79 ticks)
Probing fixed 0 vars, tightened 193 bounds.
Probing time = 0.13 sec. (23.71 ticks)
Clique table members: 42848.
MIP emphasis: integer feasibility.
MIP search method: dynamic search.
Parallel mode: opportunistic, using up to 32 threads.
Root relaxation solution time = 0.45 sec. (567.97 ticks)

        Nodes                                         Cuts/
   Node  Left     Objective  IInf  Best Integer    Best Bound    ItCnt     Gap

      0     0     3942.1988   184                   3942.1988     5482         
      0     0     3942.1988    11                    Cuts: 88     5513         
      0     0     3942.1988     5                     Cuts: 9     5518         
      0     0     3942.1988     3                 Flowcuts: 1     5520         
      0     4    infeasible                         3941.0043     5534         
Elapsed time = 3.13 sec. (1644.10 ticks, tree = 0.02 MB, solutions = 0)
    554   147   -54886.3682    20                   3930.1434     9226         
   1113   297     3857.9961     2                   3930.1434    18894         
   1782   739     3814.4293     2                   3930.1434    39608         
   2510  1338     3352.3891     7                   3930.1434    58158         
   3206  1804     3899.8951     2                   3930.0522    75747         
   3928  2377     3916.0563     4                   3930.0522    93504         
   4694  2456     2751.0905     5                   3930.0522    96489         
   5458  2590    infeasible                         3930.0522   109980         
   6236  2983     3913.8224     2                   3930.0522   122141         
   8565  5075    infeasible                         3930.0522   179971         
Elapsed time = 22.86 sec. (6585.08 ticks, tree = 47.42 MB, solutions = 0)
  10337   722     3387.1859     4                   3930.0522   197874         
  14150  1269     1375.6353    12                   3930.0522   206196         
  17668  4276     3694.8161     3                   3930.0522   244004         
  21364  5978     2965.0885     5                   3930.0522   273103         
  24834  7381     3766.8860     4                   3930.0522   296845         
  28039  9325     2979.8217     7                   3930.0522   336347         
  31260 11403   -17727.1244    18                   3930.0522   374257         
  34364 13670   -26857.0040    28                   3930.0522   415686         
  37842 15449  -187618.6021    69                   3930.0522   453165         
  41484 17565     3350.0500    18                   3930.0522   489256         
Elapsed time = 80.25 sec. (16125.81 ticks, tree = 141.98 MB, solutions = 0)
  44673 18947    infeasible                         3930.0522   517981         
  47561 21419     3512.7713    15                   3930.0522   561280         
  50733 22898     3515.5936     6                   3930.0522   591295         
  53505 23264     3059.0181    26                   3930.0522   598400         
  55926 25918    infeasible                         3930.0522   659973         
  58651 27983     3223.0819    11                   3930.0522   705369         
  60735 28073     3506.6993    21                   3930.0522   707011         
  60934 32523    infeasible                         3929.4535   817147         
  62544   275    infeasible                         3929.4535   826818         
  65347  1779    infeasible                         3929.4535   864792         
Elapsed time = 114.66 sec. (27050.76 ticks, tree = 50.76 MB, solutions = 0)
  67803  3475     2751.0905     3                   3929.4535   918510         
  70308  4295     3113.0507     8                   3929.4535   946001         
  72847  5044     3659.5062     8                   3929.4535   965364         
  75022  6271      143.1252     8                   3928.8549  1006142         
