
Log started (V12.9.0.0) Fri Sep 11 14:36:29 2020

New value for parallel optimization mode: -1
New value for emphasis for MIP optimization: 1
New value for mixed integer optimality gap tolerance: 0.01
New value for integrality tolerance: 1e-12
New value for deterministic time limit in ticks: 125000

Problem 'C:\Users\llavin\Desktop\test826\logs\tmp8efft08z.pyomo.lp' read.
Read time = 0.22 sec. (13.92 ticks)

Problem name         : C:\Users\llavin\Desktop\test826\logs\tmp8efft08z.pyomo.lp
Objective sense      : Maximize
Variables            :   53809  [Nneg: 1,  Box: 22004,  Free: 4464,
                                 Binary: 27340]
Objective nonzeros   :    8980
Linear constraints   :  123253  [Less: 41346,  Greater: 59096,  Equal: 22811]
  Nonzeros           :  293289
  RHS nonzeros       :   67491

Variables            : Min LB: -5000.000        Max UB: 1000000.       
Objective nonzeros   : Min   : 0.1750000        Max   : 772.4167       
Linear constraints   :
  Nonzeros           : Min   : 0.1750000        Max   : 1000000.       
  RHS nonzeros       : Min   : 0.1750000        Max   : 1000000.       
CPXPARAM_Parallel                                -1
CPXPARAM_Emphasis_MIP                            1
CPXPARAM_DetTimeLimit                            125000
CPXPARAM_MIP_Tolerances_MIPGap                   0.01
CPXPARAM_MIP_Tolerances_Integrality              9.9999999999999998e-13
Tried aggregator 4 times.
MIP Presolve eliminated 88683 rows and 18939 columns.
MIP Presolve added 3402 rows and 0 columns.
MIP Presolve modified 24894 coefficients.
Aggregator did 12999 substitutions.
Reduced MIP has 24973 rows, 21315 columns, and 71262 nonzeros.
Reduced MIP has 8413 binaries, 0 generals, 0 SOSs, and 0 indicators.
Presolve time = 0.33 sec. (196.25 ticks)
Probing fixed 381 vars, tightened 4327 bounds.
Probing time = 0.06 sec. (19.09 ticks)
Tried aggregator 2 times.
MIP Presolve eliminated 863 rows and 765 columns.
MIP Presolve modified 3035 coefficients.
Aggregator did 38 substitutions.
Reduced MIP has 24072 rows, 20512 columns, and 68652 nonzeros.
Reduced MIP has 8031 binaries, 0 generals, 0 SOSs, and 0 indicators.
Presolve time = 0.11 sec. (89.50 ticks)
Probing fixed 1 vars, tightened 323 bounds.
Probing time = 0.16 sec. (25.39 ticks)
Clique table members: 44727.
MIP emphasis: integer feasibility.
MIP search method: dynamic search.
Parallel mode: opportunistic, using up to 32 threads.
Root relaxation solution time = 0.45 sec. (659.47 ticks)

        Nodes                                         Cuts/
   Node  Left     Objective  IInf  Best Integer    Best Bound    ItCnt     Gap

      0     0     5928.4512   146                   5928.4512     5575         
      0     0     5924.9720     8                    Cuts: 15     5588         
      0     0     5920.1746    10                     Cuts: 7     5597         
      0     0     5914.7931    11                     Cuts: 6     5599         
      0    15     5886.4540     2                     Cuts: 7     5667         
Elapsed time = 3.80 sec. (1743.83 ticks, tree = 0.02 MB, solutions = 0)
    612   417    infeasible                         5886.4540    12722         
   1279   611   -13971.9307    14                   5886.4540    18933         
   1961  1039   -74532.3227     4                   5886.4540    28767         
   2585  1455    -4463.8934    27                   5886.4540    36202         
   3268  1968     2267.7349    13                   5886.4540    48593         
   4030  2245     3754.3523     6                   5851.9810    55190         
   4744  2538   -14806.4004     8                   5851.9810    61903         
   5461  2987    infeasible                         5821.4388    73797         
   6253  3446    -1728.3584     6                   5821.4388    82523         
   8497  4824    infeasible                         5821.4388   120802         
Elapsed time = 19.08 sec. (4846.72 ticks, tree = 74.64 MB, solutions = 0)
   8499  5256    infeasible                         5808.7944   134591         
  10851  1388   -20613.6829    37                   5796.4352   172280         
  14032  3090     5102.4546     3                   5796.4352   204368         
  16941  4690     5642.2161     2                   5796.4352   232159         
  19980  5625     5636.9894     3                   5796.4352   252119         
  23327  7219     5628.9128     3                   5796.4352   284099         
  26651  9174    infeasible                         5796.4352   320321         
  30045 11249     5531.1572     4                   5796.4352   352713         
  33556 12202    infeasible                         5796.4352   365160         
  36500 13324     2265.2357     8                   5796.4352   382253         
Elapsed time = 75.09 sec. (15432.18 ticks, tree = 193.24 MB, solutions = 0)
  39949 15286     5388.3455     2                   5796.4352   412823         
  43706 16639     4285.1521     2                   5796.4352   430915         
  47196 18705     2108.9182     8                   5796.4352   459834         
  50725 19502   -74886.5789    21                   5796.4352   470073         
  53674 21766     5384.6037     8                   5796.4352   498485         
  57068 22599     5263.8650     2                   5796.4352   508208         
  60544 24105     3819.9656     5                   5796.4352   528320         
  64098 25578     5207.0882     2                   5796.4352   546269         
  67532 27957     4705.5654     6                   5796.4352   572759         
  70778 29880     3994.5165     6                   5796.4352   593845         
Elapsed time = 123.14 sec. (24972.63 ticks, tree = 312.76 MB, solutions = 0)
  73753 31069     3380.8030     8                   5796.4352   606554         
  76039 32857    infeasible                         5796.4352   625348         
  79099 33956     5200.9377     4                   5796.4352   637525         
  80047 36472     5715.1776     2                   5784.0188   672200         
  81473   663     5525.5823     1                   5771.6701   690739         
  83997  2083     5401.0520     3                   5771.6701   723273         
  86335  3114     5634.3368    10                   5771.6701   748852         
  88243  4836     5489.1144     2                   5771.6701   780166         
  90893  5840     3789.0171     6                   5771.6701   800685         
  92634  7824     3553.2349     8                   5771.6701   830986         
Elapsed time = 157.33 sec. (36224.54 ticks, tree = 67.72 MB, solutions = 0)
  95115  8114    infeasible                         5771.6701   835326         
  97880 11101     5535.4627     3                   5771.6701   881775         
 100702 13137     5419.6338     4                   5771.6701   913280         
 103006 13630     3737.1445     8                   5771.6701   920639         
 104935 15030     3709.7842     7                   5771.6701   940939         
 107838 15617     3560.2496     8                   5771.6701   949770         
 110879 16712     3785.6362     8                   5771.6701   967240         
 113516 18822     3778.6238     9                   5771.6701  1000754         
 115044 20761    infeasible                         5771.6701  1035889         
 116680 22484    infeasible                         5771.6701  1067209         
Elapsed time = 202.47 sec. (45765.10 ticks, tree = 182.10 MB, solutions = 0)
 119496 23000     3644.4212     8                   5771.6701  1077928         
 122395 23338     3720.1774     6                   5771.6701  1084458         
 125405 25030    infeasible                         5771.6701  1116049         
 128436 25906     3618.4974     8                   5771.6701  1134529         
 131482 30968     5388.3455     2                   5771.6701  1244248         
 134584 30402     5341.8148     2                   5771.6701  1231691         
 137115 30575     3747.5378     7                   5771.6701  1235836         
 138829 34629     3741.7104     5                   5771.6701  1334083         
 140087 34996     3737.1445     7                   5771.6701  1340375         
 142203 35251    infeasible                         5771.6701  1348172         
Elapsed time = 251.74 sec. (55304.34 ticks, tree = 279.94 MB, solutions = 0)
 144727 35984     5254.1255     3                   5771.6701  1363435         
 146618 35900     3679.2110     7                   5771.6701  1361424         
 147294 37364     3695.7357     7                   5771.6701  1393587         
 147450 36707     3809.5723     5                   5771.6701  1378457         
