
Log started (V12.9.0.0) Tue Sep 15 16:29:41 2020

New value for parallel optimization mode: -1
New value for mixed integer optimality gap tolerance: 0.01
New value for integrality tolerance: 1e-09
New value for feasibility tolerance: 0.0001
New value for deterministic time limit in ticks: 75000

Problem 'C:\Users\llavin\Desktop\test826\logs\tmph9q1u11g.pyomo.lp' read.
Read time = 0.24 sec. (14.73 ticks)

Problem name         : C:\Users\llavin\Desktop\test826\logs\tmph9q1u11g.pyomo.lp
Objective sense      : Maximize
Variables            :   53805  [Nneg: 1,  Box: 22000,  Free: 4464,
                                 Binary: 27340]
Objective nonzeros   :    9029
Linear constraints   :  123205  [Less: 41346,  Greater: 59096,  Equal: 22763]
  Nonzeros           :  291753
  RHS nonzeros       :   67491

Variables            : Min LB: -5000.000        Max UB: 1000000.       
Objective nonzeros   : Min   : 0.1750000        Max   : 2500.000       
Linear constraints   :
  Nonzeros           : Min   : 0.1750000        Max   : 1000000.       
  RHS nonzeros       : Min   : 0.1750000        Max   : 1000000.       
CPXPARAM_Parallel                                -1
CPXPARAM_Simplex_Tolerances_Feasibility          0.0001
CPXPARAM_DetTimeLimit                            75000
CPXPARAM_MIP_Tolerances_MIPGap                   0.01
CPXPARAM_MIP_Tolerances_Integrality              1.0000000000000001e-09
Tried aggregator 3 times.
MIP Presolve eliminated 88728 rows and 19052 columns.
MIP Presolve added 3372 rows and 0 columns.
MIP Presolve modified 24860 coefficients.
Aggregator did 12966 substitutions.
Reduced MIP has 24883 rows, 21231 columns, and 70960 nonzeros.
Reduced MIP has 8390 binaries, 0 generals, 0 SOSs, and 0 indicators.
Presolve time = 0.27 sec. (172.32 ticks)
Probing fixed 391 vars, tightened 2829 bounds.
Probing time = 1.22 sec. (888.87 ticks)
Tried aggregator 2 times.
MIP Presolve eliminated 881 rows and 786 columns.
MIP Presolve modified 2213 coefficients.
Aggregator did 43 substitutions.
Reduced MIP has 23959 rows, 20402 columns, and 68263 nonzeros.
Reduced MIP has 7999 binaries, 0 generals, 0 SOSs, and 0 indicators.
Presolve time = 0.11 sec. (69.20 ticks)
Probing time = 0.03 sec. (15.97 ticks)
Clique table members: 6416.
MIP emphasis: balance optimality and feasibility.
MIP search method: dynamic search.
Parallel mode: opportunistic, using up to 32 threads.
Root relaxation solution time = 0.59 sec. (649.02 ticks)

        Nodes                                         Cuts/
   Node  Left     Objective  IInf  Best Integer    Best Bound    ItCnt     Gap

      0     0      -23.4052   633                    -23.4052     7621         
      0     0      -23.4052     5                     Cuts: 4     7625         
      0     0      -23.4052     1                 Flowcuts: 2     7629         
      0     9    infeasible                       Impl Bds: 2     7748         
Elapsed time = 6.39 sec. (3908.64 ticks, tree = 0.02 MB, solutions = 0)
    426    70  -179181.9068    36                    -85.0443    11199         
    781   260    infeasible                          -85.0443    39577         
   1192   452     -155.9298     2                    -85.0443    52058         
   1700   664     -380.5949     3                    -85.0443    59282         
   2406  1041     -113.1938     4                    -85.0443    67124         
   3136  1607    -2644.7549     2                    -85.0443    75790         
   3834  1955    -1065.2443     8                    -85.0443    82462         
   4432  2269    infeasible                          -87.4390    93817         
   5077  2818     -419.0441     2                    -87.5824   111546         
   7437  3741     -103.8834     2                    -91.6163   143291         
Elapsed time = 22.39 sec. (7011.46 ticks, tree = 51.88 MB, solutions = 0)
   8915  5234    infeasible                         -103.6344   194916         
   9889   525     -147.6909     8                   -103.6344   205989         
  12008  1497     -438.4952     9                   -103.6344   214036         
  15413  1495     -343.6671     9                   -103.6344   213713         
  19544  3482    -2695.6375    12                   -103.6344   227386         
  22931  7974     -343.9155     7                   -113.9303   256237         
  25217  8793     -660.8711     6                   -113.9303   262479         
  27459 12649     -226.5389     6                   -113.9303   291359         
  30693 16034     -349.4641    12                   -113.9303   315017         
  34727 20312    -2251.4051    21                   -113.9303   346113         
Elapsed time = 78.27 sec. (21306.68 ticks, tree = 164.35 MB, solutions = 0)
  38547 23633     -375.6236     8                   -113.9303   369387         
  42375 22630   -25708.1678    30                   -113.9303   361969         
  46848 25416    -2318.5744     5                   -113.9303   379865         
  51558 32389    -1981.6434     8                   -113.9303   432825         
  56118 31791    -1952.2979    16                   -113.9303   428163         
  60488 35773    -1436.1995    12                   -113.9303   456062         
  64540 42521    -4022.1581    19                   -113.9303   508999         
  68335 44105    -2631.9536    22                   -113.9303   520905         
  72899 46599    -1418.3384     8                   -113.9303   538961         
  77865 51597    -1952.2979    15                   -113.9303   574089         
Elapsed time = 133.92 sec. (30846.39 ticks, tree = 405.09 MB, solutions = 0)
  82641 58976    -1808.8822     8                   -113.9303   625263         
  86628 58327     -365.6373     9                   -113.9303   620967         
  88953 67498    -2492.4787     8                   -113.9303   680531         
  90447 66812     -623.3435     5                   -113.9303   676524         
  92558 68906    -1952.2981    16                   -113.9303   689680         
  96036 68882    -2013.9829    10                   -113.9303   689489         
 100336 70034    -1952.2979    15                   -113.9303   697009         
 104858 80222     -588.5422    10                   -113.9303   763759         
