
Log started (V12.9.0.0) Tue Sep  1 00:14:59 2020

New value for parallel optimization mode: -1
New value for mixed integer optimality gap tolerance: 0.5
New value for feasibility tolerance: 1e-09
New value for deterministic time limit in ticks: 150000

Problem 'C:\Users\llavin\Desktop\test826\logs\tmpmw9jgj9e.pyomo.lp' read.
Read time = 0.53 sec. (28.12 ticks)
MIP start file 'C:\Users\llavin\Desktop\test826\logs\tmp84vba4mr.cplex.mst' read.

Problem name         : C:\Users\llavin\Desktop\test826\logs\tmpmw9jgj9e.pyomo.lp
Objective sense      : Maximize
Variables            :  109227  [Nneg: 1,  Box: 45498,  Free: 8928,
                                 Binary: 54800]
Objective nonzeros   :   20400
Linear constraints   :  246915  [Less: 82870,  Greater: 118432,  Equal: 45613]
  Nonzeros           :  620013
  RHS nonzeros       :  136519

Variables            : Min LB: -5000.000        Max UB: 1000000.       
Objective nonzeros   : Min   : 0.02500000       Max   : 208.3333       
Linear constraints   :
  Nonzeros           : Min   : 0.02500000       Max   : 1000000.       
  RHS nonzeros       : Min   : 0.02500000       Max   : 1000000.       
CPXPARAM_Parallel                                -1
CPXPARAM_Simplex_Tolerances_Feasibility          1.0000000000000001e-09
CPXPARAM_DetTimeLimit                            150000
CPXPARAM_MIP_Tolerances_MIPGap                   0.5
Warning:  No solution found from 1 MIP starts.
Retaining values of one MIP start for possible repair.
Tried aggregator 3 times.
MIP Presolve eliminated 174251 rows and 36599 columns.
MIP Presolve added 7663 rows and 0 columns.
MIP Presolve modified 52608 coefficients.
Aggregator did 25914 substitutions.
Reduced MIP has 54413 rows, 46330 columns, and 153149 nonzeros.
Reduced MIP has 18308 binaries, 0 generals, 0 SOSs, and 0 indicators.
Presolve time = 0.58 sec. (343.97 ticks)
Probing fixed 853 vars, tightened 17161 bounds.
Probing time = 0.42 sec. (19.05 ticks)
Tried aggregator 2 times.
MIP Presolve eliminated 1901 rows and 1713 columns.
MIP Presolve modified 7094 coefficients.
Aggregator did 102 substitutions.
Reduced MIP has 52410 rows, 44515 columns, and 147313 nonzeros.
Reduced MIP has 17453 binaries, 0 generals, 0 SOSs, and 0 indicators.
Presolve time = 0.30 sec. (259.11 ticks)
Probing fixed 0 vars, tightened 340 bounds.
Probing time = 0.56 sec. (19.10 ticks)
Clique table members: 86975.
MIP emphasis: balance optimality and feasibility.
MIP search method: dynamic search.
Parallel mode: opportunistic, using up to 32 threads.
Root relaxation solution time = 1.59 sec. (2829.73 ticks)

        Nodes                                         Cuts/
   Node  Left     Objective  IInf  Best Integer    Best Bound    ItCnt     Gap

      0     0     8962.3546   443                   8962.3546    11423         
      0     0     8954.6548   140                   Cuts: 168    11577         
      0     0     8949.0855   132                   Cuts: 167    11666         
      0     0     8939.4935   125                    Cuts: 63    11719         
      0     0     8935.0086   131                    Cuts: 43    11748         
      0     0     8933.3259   137                    Cuts: 17    11770         
      0     0     8929.0822   143                    Cuts: 23    11793         
      0     0     8928.2909   149                    Cuts: 10    11813         
      0     0     8927.7028   152                    Cuts: 20    11822         
      0     0     8927.7028   149                 Flowcuts: 5    11827         
Repair heuristic found nothing.
      0    20    infeasible                          Cuts: 17    12179         
Elapsed time = 16.08 sec. (10520.93 ticks, tree = 0.02 MB, solutions = 0)
     98    20     8872.3730   135                   8914.1706    12139         
    359    65     8768.5423   114                   8914.1706    12813         
    740   103     8775.3089   115                   8914.1706    13192         
   1102   752     8750.4139    91                   8914.1706    18897         
   1417  1086     8778.7990    85                   8914.1706    22585         
   1737  1154     8679.7586    43                   8914.1706    23520         
   1936  1383     3972.2004   199                   8914.1706    27415         
   2176  1739     8799.8381    45                   8914.1706    33879         
   2493  1953     6809.3028    56                   8914.1706    38831         
   3723  3307     8629.6664    45                   8914.1706    67858         
Elapsed time = 34.91 sec. (13630.77 ticks, tree = 45.92 MB, solutions = 0)
   4778  4016    infeasible                         8914.1706    87693         
   5770  4428     8271.4550    22                   8914.1706   113195         
   6649  5063     6694.7938   104                   8914.1706   136276         
   7546  5990     5702.7069   103                   8914.1706   161988         
   8468  6711     8899.8670   114                   8914.1706   186702         
   9332  7215     8695.9762   101                   8908.5341   211182         
  10214  8232     8881.2516   111                   8908.5341   253060         
  10865  8505    infeasible                         8908.5341   264108         
  10886  9254    infeasible                         8908.5341   325415         
  10974    68     6752.8376   130                   8908.5341   327293         
Elapsed time = 108.64 sec. (35612.23 ticks, tree = 0.96 MB, solutions = 0)
  11088    85     7181.7926   128                   8908.5341   327705         
  11350   101     8148.9660   124                   8893.0508   327787         
  11725   149     7157.5964   128                   8893.0508   332066         
  12174   367     1822.3817    87                   8889.3871   343106         
  12633  1417     2483.1756   129                   8886.9469   412599         
  13285   917     6663.9494    92                   8886.6830   390396         
  13988  1247    infeasible                         8886.6830   404937         
  14679  1083       68.0760   144                   8886.1921   397406         
  15419  1558     8454.0144    56                   8886.1921   420127         
  16290  2509    infeasible                         8886.1921   456958         
Elapsed time = 201.61 sec. (45178.36 ticks, tree = 198.16 MB, solutions = 0)
  17149  3099     8741.3131    83                   8886.1921   479006         
  17943  3133     8641.8160    78                   8886.1921   479477         
  18651  4234     8656.5845    71                   8886.1921   506564         
  19280  4488     7422.4620    11                   8886.1921   519116         
  19973  4586     8544.5831    52                   8886.1921   526125         
  20711  4528   -27235.0756   127                   8886.1921   522381         
  21266  4904   -14839.8283    83                   8886.1921   542718         
  21718  4778    infeasible                         8886.1921   541616         
  21991  5207    infeasible                         8886.1921   558455         
  22125  5280     2121.6023   110                   8886.1921   562632         
Elapsed time = 211.76 sec. (54798.81 ticks, tree = 322.83 MB, solutions = 0)
  22126  7251     8903.4813   128                   8859.9932   646215         
  22197    45     7590.4166   117                   8859.9932   646577         
