
Log started (V12.9.0.0) Thu Jul 16 15:39:05 2020

New value for parallel optimization mode: -1
New value for mixed integer optimality gap tolerance: 0.01
New value for deterministic time limit in ticks: 100000

Problem 'C:\Users\llavin\Desktop\test715\logs\tmpl_ovyg3r.pyomo.lp' read.
Read time = 0.81 sec. (42.27 ticks)
MIP start file 'C:\Users\llavin\Desktop\test715\logs\tmpw_7nbi5l.cplex.mst' read.

Problem name         : C:\Users\llavin\Desktop\test715\logs\tmpl_ovyg3r.pyomo.lp
Objective sense      : Maximize
Variables            :  162472  [Nneg: 1,  Box: 67693,  Free: 13248,
                                 Binary: 81530]
Objective nonzeros   :   29891
Linear constraints   :  367563  [Less: 123303,  Greater: 176308,  Equal: 67952]
  Nonzeros           :  868327
  RHS nonzeros       :  202397

Variables            : Min LB: -5000.000        Max UB: 1000000.       
Objective nonzeros   : Min   : 0.008333333      Max   : 722.0000       
Linear constraints   :
  Nonzeros           : Min   : 0.008333333      Max   : 1000000.       
  RHS nonzeros       : Min   : 0.008333333      Max   : 1000000.       
CPXPARAM_Parallel                                -1
CPXPARAM_DetTimeLimit                            100000
CPXPARAM_MIP_Tolerances_MIPGap                   0.01
Warning:  No solution found from 1 MIP starts.
Retaining values of one MIP start for possible repair.
Tried aggregator 3 times.
MIP Presolve eliminated 258257 rows and 55866 columns.
MIP Presolve added 10929 rows and 0 columns.
MIP Presolve modified 76126 coefficients.
Aggregator did 38791 substitutions.
Reduced MIP has 81444 rows, 66749 columns, and 238920 nonzeros.
Reduced MIP has 26466 binaries, 0 generals, 0 SOSs, and 0 indicators.
Presolve time = 0.92 sec. (508.26 ticks)
Probing fixed 1203 vars, tightened 20267 bounds.
Probing time = 0.64 sec. (28.33 ticks)
Tried aggregator 2 times.
MIP Presolve eliminated 2694 rows and 2422 columns.
MIP Presolve modified 9887 coefficients.
Aggregator did 112 substitutions.
Reduced MIP has 78638 rows, 64215 columns, and 230739 nonzeros.
Reduced MIP has 25258 binaries, 0 generals, 0 SOSs, and 0 indicators.
Presolve time = 0.44 sec. (291.63 ticks)
Probing fixed 5 vars, tightened 861 bounds.
Probing time = 1.16 sec. (51.86 ticks)
Clique table members: 179648.
MIP emphasis: balance optimality and feasibility.
MIP search method: dynamic search.
Parallel mode: opportunistic, using up to 32 threads.
Root relaxation solution time = 3.05 sec. (5045.27 ticks)

        Nodes                                         Cuts/
   Node  Left     Objective  IInf  Best Integer    Best Bound    ItCnt     Gap

      0     0    14514.9729   387                  14514.9729    20580         
      0     0    13358.6833   271                   Cuts: 289    20985         
      0     0    13295.8251   243                    Cuts: 71    21032         
      0     0    13291.5809   246                    Cuts: 20    21048         
      0     0    13281.0683   250                    Cuts: 13    21071         
      0     0    13274.9034   241                    Cuts: 10    21077         
      0     0    13274.9034   242                   Covers: 1    21078         
      0     0    13274.9034   242                   Covers: 1    21079         
Repair heuristic found nothing.
      0     6    10762.9550   289                   Covers: 2    21288         
Elapsed time = 21.88 sec. (15354.03 ticks, tree = 0.02 MB, solutions = 0)
    247   149    10320.5638   261                  12970.2720    23711         
    443   138    -1450.4834   203                  12970.2720    23288         
    613   100     8571.0933   210                  12970.2720    22656         
    764   403    infeasible                        12970.2720    25713         
    910   545     8178.9575   188                  12970.2720    26915         
   1100   795    10550.6630   151                  12970.2720    29079         
   1231   742     7925.2074   136                  12970.2720    28870         
   1382  1042    -6277.1956   118                  12970.2720    31962         
   1530  1051    -6277.1956   111                  12970.2720    31978         
   2047  1680     5878.6204   105                  12970.2720    58065         
Elapsed time = 41.73 sec. (18465.67 ticks, tree = 79.38 MB, solutions = 0)
   2693  1792    infeasible                        12970.2720    79306         
*  3267+ 2044                       -39893.4965    12970.2720           132.51%
   3331  1954   -25858.9188    90   -39893.4965    12970.2720   103189  132.51%
*  3445+ 2002                       -39893.4965    12970.2720           132.51%
   3972  2198     1170.4790    11   -39893.4965    12970.2720   146677  132.51%
   4730  2544     1296.1521    15   -39893.4965    12970.2720   158906  132.51%
   5519  3179     1195.6535    10   -39893.4965    12970.2720   164492  132.51%
   6336  3725     1191.9455    10   -39893.4965    12970.2720   167961  132.51%
   7220  4241     1130.7967     9   -39893.4965    12970.2720   173253  132.51%
   8103  5123     1247.9644    10   -39893.4965    12970.2720   184177  132.51%
   8625  5455     1193.3467     7   -39893.4965    12970.2720   187740  132.51%
   8626  6348    infeasible         -39893.4965     1350.5775   212991  103.39%
Elapsed time = 124.13 sec. (46753.92 ticks, tree = 734.71 MB, solutions = 3)
   8867    81     1228.0471    13   -39893.4965     1350.5775   213282  103.39%
   9249   191     1162.8000    12   -39893.4965     1350.5775   213524  103.39%
   9644   131     1228.0471    13   -39893.4965     1350.5775   213354  103.39%
   9738   177     1350.5775    14   -39893.4965     1350.5775   213468  103.39%
   9752   218     1350.5775    14   -39893.4965     1350.5775   213571  103.39%
   9765   231     1228.0471    13   -39893.4965     1350.5775   213598  103.39%

Cover cuts applied:  3
Flow cuts applied:  11
Gomory fractional cuts applied:  5

Root node processing (before b&c):
  Real time             =   18.06 sec. (15287.89 ticks)
Parallel b&c, 32 threads:
  Real time             =  140.31 sec. (37605.53 ticks)
  Sync time (average)   =    4.95 sec.
  Wait time (average)   =    0.46 sec.
                          ------------
Total (root+branch&cut) =  158.38 sec. (52893.42 ticks)

Solution pool: 3 solutions saved.

MIP - Aborted, integer feasible:  Objective = -3.9893496465e+04
Current MIP best bound =  1.3505775096e+03 (gap = 41244.1, 103.39%)
Solution time =  158.41 sec.  Iterations = 215729  Nodes = 9768 (1034)
Deterministic time = 52893.88 ticks  (333.91 ticks/sec)


Incumbent solution written to file 'C:\Users\llavin\Desktop\test715\logs\tmpomtj1hy6.cplex.sol'.
