
Log started (V12.9.0.0) Wed Sep  2 16:09:17 2020

New value for parallel optimization mode: -1
New value for mixed integer optimality gap tolerance: 0.05
New value for feasibility tolerance: 1e-09
New value for emphasis for MIP optimization: 1
New value for integrality tolerance: 1e-10
New value for deterministic time limit in ticks: 25000

Problem 'C:\Users\llavin\Desktop\test826\logs\tmptr272jjf.pyomo.lp' read.
Read time = 0.53 sec. (28.30 ticks)
MIP start file 'C:\Users\llavin\Desktop\test826\logs\tmpjnnn1q1k.cplex.mst' read.

Problem name         : C:\Users\llavin\Desktop\test826\logs\tmptr272jjf.pyomo.lp
Objective sense      : Maximize
Variables            :  109223  [Nneg: 1,  Box: 45498,  Free: 8928,
                                 Binary: 54796]
Objective nonzeros   :   19731
Linear constraints   :  246899  [Less: 82864,  Greater: 118424,  Equal: 45611]
  Nonzeros           :  618941
  RHS nonzeros       :  135841

Variables            : Min LB: -5000.000        Max UB: 1000000.       
Objective nonzeros   : Min   : 0.008333333      Max   : 208.3333       
Linear constraints   :
  Nonzeros           : Min   : 0.008333333      Max   : 1000000.       
  RHS nonzeros       : Min   : 0.008333333      Max   : 1000000.       
CPXPARAM_Parallel                                -1
CPXPARAM_Emphasis_MIP                            1
CPXPARAM_Simplex_Tolerances_Feasibility          1.0000000000000001e-09
CPXPARAM_DetTimeLimit                            25000
CPXPARAM_MIP_Tolerances_MIPGap                   0.050000000000000003
CPXPARAM_MIP_Tolerances_Integrality              1e-10
Warning:  No solution found from 1 MIP starts.
Retaining values of one MIP start for possible repair.
Tried aggregator 3 times.
MIP Presolve eliminated 176336 rows and 38564 columns.
MIP Presolve added 7020 rows and 0 columns.
MIP Presolve modified 52289 coefficients.
Aggregator did 25916 substitutions.
Reduced MIP has 51667 rows, 43847 columns, and 167697 nonzeros.
Reduced MIP has 17323 binaries, 0 generals, 0 SOSs, and 0 indicators.
Presolve time = 0.61 sec. (377.89 ticks)
Probing fixed 745 vars, tightened 11080 bounds.
Probing time = 0.41 sec. (16.58 ticks)
Tried aggregator 2 times.
MIP Presolve eliminated 1681 rows and 1497 columns.
MIP Presolve modified 6373 coefficients.
Aggregator did 96 substitutions.
Reduced MIP has 49890 rows, 42254 columns, and 162233 nonzeros.
Reduced MIP has 16578 binaries, 0 generals, 0 SOSs, and 0 indicators.
Presolve time = 0.28 sec. (257.76 ticks)
Probing fixed 0 vars, tightened 537 bounds.
Probing time = 0.53 sec. (17.39 ticks)
Clique table members: 90871.
MIP emphasis: integer feasibility.
MIP search method: dynamic search.
Parallel mode: opportunistic, using up to 32 threads.
Root relaxation solution time = 1.81 sec. (3029.99 ticks)

        Nodes                                         Cuts/
   Node  Left     Objective  IInf  Best Integer    Best Bound    ItCnt     Gap

      0     0   1.05082e+08   707                 1.05082e+08    13007         
      0     0   5.54843e+07   348                   Cuts: 280    13406         
      0     0   5.54843e+07   335                   Cuts: 234    13685         
      0     0   5.54842e+07   332                   Cuts: 183    13892         
Repair heuristic found nothing.
      0    16    infeasible                          Cuts: 21    29127         
Elapsed time = 13.16 sec. (6529.99 ticks, tree = 0.02 MB, solutions = 0)
    114    49    24492.9211   316                 3.19665e+07    33385         
    332    97    72766.5407   277                 3.19665e+07    39228         
    582    82    72620.6729   263                 3.19665e+07    35142         
    813   109    72647.6769   239                 3.19665e+07    40762         
   1025   581    52136.1245   271                 3.19665e+07    64308         
   1243   673    24324.8296   259                 3.19665e+07    67815         
   1460   715    58758.8340   245                 3.19665e+07    69218         
   1695  1661    24223.7088   177                 3.19665e+07    97339         
   1991  1603    65701.9541   193                 3.19665e+07    96246         
   3188  2031    22646.9665   127                 3.19665e+07   105203         
Elapsed time = 36.17 sec. (9641.51 ticks, tree = 24.28 MB, solutions = 0)
   4112  3069    24505.0362   319                 3.19665e+07   139433         
   4975  3639    24413.9989   252                 3.19665e+07   177201         
   5758  4157    26293.4042   257                 3.19665e+07   218683         
   6540  4215    -2846.7530   140                 3.19665e+07   223773         
   7330  5204    25311.1779   266                 3.19665e+07   288652         
   8105  5501  -242107.7484   203                 3.19665e+07   312141         
   8748  6223    25413.7413   286                 3.19665e+07   373488         
   9497  6462    24101.2096   254                 3.19665e+07   392552         
  10179  6955     3405.7861   232                 3.19665e+07   436957         
  10579  7130    23848.0106   217                 3.19665e+07   459638         
Elapsed time = 87.28 sec. (19192.42 ticks, tree = 132.20 MB, solutions = 0)
  10836  7153    24099.3943   208                 3.19665e+07   458766         
  10992  7176    24064.0385   237                 3.19665e+07   458576         
  11051  7199    infeasible                       3.19665e+07   460915         
  11052  3229    infeasible                       3.19665e+07   154695         
