
Log started (V12.9.0.0) Thu Aug 27 21:06:46 2020

New value for parallel optimization mode: -1
New value for mixed integer optimality gap tolerance: 0.01
New value for feasibility tolerance: 1e-09
New value for deterministic time limit in ticks: 100000

Problem 'C:\Users\llavin\Desktop\test826\logs\tmp5pu4uyli.pyomo.lp' read.
Read time = 0.23 sec. (14.74 ticks)
MIP start file 'C:\Users\llavin\Desktop\test826\logs\tmpn1_63c04.cplex.mst' read.

Problem name         : C:\Users\llavin\Desktop\test826\logs\tmp5pu4uyli.pyomo.lp
Objective sense      : Maximize
Variables            :   54525  [Nneg: 1,  Box: 22720,  Free: 4464,
                                 Binary: 27340]
Objective nonzeros   :    9725
Linear constraints   :  123205  [Less: 41346,  Greater: 59096,  Equal: 22763]
  Nonzeros           :  291753
  RHS nonzeros       :   67495

Variables            : Min LB: -5000.000        Max UB: 1000000.       
Objective nonzeros   : Min   : 0.07500000       Max   : 2500.000       
Linear constraints   :
  Nonzeros           : Min   : 0.07500000       Max   : 1000000.       
  RHS nonzeros       : Min   : 0.07500000       Max   : 1000000.       
CPXPARAM_Parallel                                -1
CPXPARAM_Simplex_Tolerances_Feasibility          1.0000000000000001e-09
CPXPARAM_DetTimeLimit                            100000
CPXPARAM_MIP_Tolerances_MIPGap                   0.01
1 of 1 MIP starts provided solutions.
MIP start 'm1' defined initial solution with objective 62645.5039.
Tried aggregator 3 times.
MIP Presolve eliminated 88704 rows and 19748 columns.
MIP Presolve added 3372 rows and 0 columns.
MIP Presolve modified 24858 coefficients.
Aggregator did 12973 substitutions.
Reduced MIP has 24900 rows, 21248 columns, and 71032 nonzeros.
Reduced MIP has 8398 binaries, 0 generals, 0 SOSs, and 0 indicators.
Presolve time = 0.28 sec. (168.35 ticks)
Probing fixed 379 vars, tightened 4048 bounds.
Probing time = 0.08 sec. (19.04 ticks)
Tried aggregator 2 times.
MIP Presolve eliminated 853 rows and 759 columns.
MIP Presolve modified 3034 coefficients.
Aggregator did 35 substitutions.
Reduced MIP has 24012 rows, 20454 columns, and 68457 nonzeros.
Reduced MIP has 8019 binaries, 0 generals, 0 SOSs, and 0 indicators.
Presolve time = 0.11 sec. (89.15 ticks)
Probing fixed 0 vars, tightened 260 bounds.
Probing time = 0.13 sec. (22.12 ticks)
Clique table members: 44557.
MIP emphasis: balance optimality and feasibility.
MIP search method: dynamic search.
Parallel mode: opportunistic, using up to 32 threads.
Root relaxation solution time = 0.45 sec. (688.20 ticks)

        Nodes                                         Cuts/
   Node  Left     Objective  IInf  Best Integer    Best Bound    ItCnt     Gap

*     0+    0                        62645.5039   7.35473e+07              --- 
      0     0    82475.1342   233    62645.5039    82475.1342     5952   31.65%
      0     0    82093.8456    77    62645.5039     Cuts: 435     6097   31.05%
      0     0    82093.2087    75    62645.5039     Cuts: 170     6161   31.04%
      0     0    82093.2087    78    62645.5039     Cuts: 137     6188   31.04%
      0     0    82093.2087    46    62645.5039      Cuts: 52     6202   31.04%
      0     0    82093.2087    49    62645.5039      Cuts: 23     6220   31.04%
      0     2    82093.2087    47    62645.5039      Cuts: 14     6220   31.04%
Elapsed time = 5.91 sec. (2749.42 ticks, tree = 0.02 MB, solutions = 1)
    490   101    65510.4572    22    62645.5039    82073.8337     7134   31.01%
   1063   345    68926.9874    21    62645.5039    82073.8337    10725   31.01%
   1756   442    63091.2886    11    62645.5039    82053.1974    12739   30.98%
   2220   735        cutoff          62645.5039    82049.5826    20403   30.97%

Cover cuts applied:  3
Implied bound cuts applied:  15
Flow cuts applied:  74
Mixed integer rounding cuts applied:  11
Gomory fractional cuts applied:  30

Root node processing (before b&c):
  Real time             =    3.86 sec. (2692.72 ticks)
Parallel b&c, 32 threads:
  Real time             =    6.42 sec. (1111.31 ticks)
  Sync time (average)   =    0.72 sec.
  Wait time (average)   =    0.00 sec.
                          ------------
Total (root+branch&cut) =   10.28 sec. (3804.03 ticks)

Solution pool: 1 solution saved.

MIP - Aborted, integer feasible:  Objective =  6.2645503875e+04
Current MIP best bound =  8.2033986707e+04 (gap = 19388.5, 30.95%)
Solution time =   10.33 sec.  Iterations = 26380  Nodes = 2251 (1072)
Deterministic time = 3804.19 ticks  (368.34 ticks/sec)


Incumbent solution written to file 'C:\Users\llavin\Desktop\test826\logs\tmpk__nu2n_.cplex.sol'.
