
Log started (V12.9.0.0) Fri Sep 11 15:24:24 2020

New value for parallel optimization mode: -1
New value for emphasis for MIP optimization: 1
New value for mixed integer optimality gap tolerance: 0.01
New value for integrality tolerance: 1e-12
New value for deterministic time limit in ticks: 75000

Problem 'C:\Users\llavin\Desktop\test826\logs\tmp4ueccrsd.pyomo.lp' read.
Read time = 0.56 sec. (29.24 ticks)
MIP start file 'C:\Users\llavin\Desktop\test826\logs\tmpg2736i04.cplex.mst' read.

Problem name         : C:\Users\llavin\Desktop\test826\logs\tmp4ueccrsd.pyomo.lp
Objective sense      : Maximize
Variables            :  109245  [Nneg: 1,  Box: 45504,  Free: 8928,
                                 Binary: 54812]
Objective nonzeros   :   18672
Linear constraints   :  247059  [Less: 82886,  Greater: 118460,  Equal: 45713]
  Nonzeros           :  625925
  RHS nonzeros       :  134921

Variables            : Min LB: -5000.000        Max UB: 1000000.       
Objective nonzeros   : Min   : 0.1944444        Max   : 180.0000       
Linear constraints   :
  Nonzeros           : Min   : 0.001000000      Max   : 1000000.       
  RHS nonzeros       : Min   : 0.001000000      Max   : 1000000.       
CPXPARAM_Parallel                                -1
CPXPARAM_Emphasis_MIP                            1
CPXPARAM_DetTimeLimit                            75000
CPXPARAM_MIP_Tolerances_MIPGap                   0.01
CPXPARAM_MIP_Tolerances_Integrality              9.9999999999999998e-13
Warning:  No solution found from 1 MIP starts.
Retaining values of one MIP start for possible repair.
Tried aggregator 3 times.
MIP Presolve eliminated 181447 rows and 42817 columns.
MIP Presolve added 6008 rows and 0 columns.
MIP Presolve modified 50012 coefficients.
Aggregator did 25834 substitutions.
Reduced MIP has 45786 rows, 38962 columns, and 152672 nonzeros.
Reduced MIP has 15282 binaries, 0 generals, 0 SOSs, and 0 indicators.
Presolve time = 0.70 sec. (396.25 ticks)
Probing fixed 836 vars, tightened 10853 bounds.
Probing time = 0.38 sec. (17.07 ticks)
Tried aggregator 2 times.
MIP Presolve eliminated 1898 rows and 1672 columns.
MIP Presolve modified 5424 coefficients.
Aggregator did 64 substitutions.
Reduced MIP has 43824 rows, 37226 columns, and 141081 nonzeros.
Reduced MIP has 14446 binaries, 0 generals, 0 SOSs, and 0 indicators.
Presolve time = 0.27 sec. (222.91 ticks)
Probing fixed 0 vars, tightened 615 bounds.
Probing time = 0.50 sec. (17.50 ticks)
Clique table members: 89967.
MIP emphasis: integer feasibility.
MIP search method: dynamic search.
Parallel mode: opportunistic, using up to 32 threads.
Root relaxation solution time = 1.05 sec. (1810.20 ticks)

        Nodes                                         Cuts/
   Node  Left     Objective  IInf  Best Integer    Best Bound    ItCnt     Gap

      0     0    13585.0897   515                  13585.0897     9177         
*     0+    0                            0.0000    13585.0897              --- 
      0     0    13465.8306   294        0.0000     Cuts: 119     9252     --- 
      0     0    13465.8306   340        0.0000     Cuts: 249     9403     --- 
      0     0    13465.8306   404        0.0000     Cuts: 452     9752     --- 
Repair heuristic found nothing.
      0    34    12870.4932   395        0.0000   Impl Bds: 4    10052     --- 
Elapsed time = 10.64 sec. (5703.71 ticks, tree = 0.03 MB, solutions = 1)
    355    68    12927.0093   384        0.0000    13465.8306    10242     --- 
    781   161    12366.0054   360        0.0000    13465.8306    10680     --- 
   1334   646    12326.6944   350        0.0000    13465.8306    13161     --- 
   1770   927    12615.7720   342        0.0000    13465.8306    14493     --- 
   1934  1788    12300.6220   359        0.0000    13465.8306    20353     --- 
   2111  1674    12495.9550   374        0.0000    13465.8306    18771     --- 
   2154  1848    12415.2231   363        0.0000    13465.8306    21252     --- 
