
Log started (V12.9.0.0) Thu Sep  3 01:12:07 2020

New value for parallel optimization mode: -1
New value for mixed integer optimality gap tolerance: 0.05
New value for emphasis for MIP optimization: 1
New value for integrality tolerance: 1e-12
New value for deterministic time limit in ticks: 50000

Problem 'C:\Users\llavin\Desktop\test826\logs\tmpx1ancn51.pyomo.lp' read.
Read time = 0.53 sec. (28.86 ticks)
MIP start file 'C:\Users\llavin\Desktop\test826\logs\tmpsc0s9dnp.cplex.mst' read.

Problem name         : C:\Users\llavin\Desktop\test826\logs\tmpx1ancn51.pyomo.lp
Objective sense      : Maximize
Variables            :  109223  [Nneg: 1,  Box: 45498,  Free: 8928,
                                 Binary: 54796]
Objective nonzeros   :   19731
Linear constraints   :  246902  [Less: 82864,  Greater: 118425,  Equal: 45613]
  Nonzeros           :  619135
  RHS nonzeros       :  135844

Variables            : Min LB: -5000.000        Max UB: 1000000.       
Objective nonzeros   : Min   : 0.008333333      Max   : 208.3333       
Linear constraints   :
  Nonzeros           : Min   : 0.008333333      Max   : 1000000.       
  RHS nonzeros       : Min   : 0.008333333      Max   : 1000000.       
CPXPARAM_Parallel                                -1
CPXPARAM_Emphasis_MIP                            1
CPXPARAM_DetTimeLimit                            50000
CPXPARAM_MIP_Tolerances_MIPGap                   0.050000000000000003
CPXPARAM_MIP_Tolerances_Integrality              9.9999999999999998e-13
Warning:  No solution found from 1 MIP starts.
Retaining values of one MIP start for possible repair.
Tried aggregator 3 times.
MIP Presolve eliminated 176828 rows and 38815 columns.
MIP Presolve added 7019 rows and 0 columns.
MIP Presolve modified 53026 coefficients.
Aggregator did 26010 substitutions.
Reduced MIP has 51083 rows, 43502 columns, and 151635 nonzeros.
Reduced MIP has 17224 binaries, 0 generals, 0 SOSs, and 0 indicators.
Presolve time = 0.63 sec. (377.37 ticks)
Probing fixed 830 vars, tightened 16403 bounds.
Probing time = 0.41 sec. (20.01 ticks)
Tried aggregator 3 times.
MIP Presolve eliminated 1920 rows and 1747 columns.
MIP Presolve modified 10084 coefficients.
Aggregator did 142 substitutions.
Reduced MIP has 49021 rows, 41613 columns, and 139813 nonzeros.
Reduced MIP has 16371 binaries, 0 generals, 0 SOSs, and 0 indicators.
Presolve time = 0.31 sec. (267.97 ticks)
Probing fixed 0 vars, tightened 3695 bounds.
Probing time = 0.63 sec. (32.57 ticks)
Clique table members: 79922.
MIP emphasis: integer feasibility.
MIP search method: dynamic search.
Parallel mode: opportunistic, using up to 32 threads.
Root relaxation solution time = 1.53 sec. (1118.58 ticks)

        Nodes                                         Cuts/
   Node  Left     Objective  IInf  Best Integer    Best Bound    ItCnt     Gap

      0     0    28574.3083  1327                  28574.3083      173         
      0     0    28147.3219   364                   Cuts: 382      680         
      0     0    28134.1976   374                   Cuts: 210      858         
      0     0    28117.5406   360                   Cuts: 127      983         
Repair heuristic found nothing.
      0     5    28088.8666   382                    Cuts: 32     1170         
Elapsed time = 11.06 sec. (4946.22 ticks, tree = 0.02 MB, solutions = 0)
    214    37    28055.2344   277                  28073.9082     3315         
    471   171    27903.9273   212                  28071.5853     9263         
    662   529    27990.4086   226                  28071.5853    26967         
    899   613    27892.7261   239                  28071.5853    30633         
   1221   803    27975.5216   206                  28071.5853    36950         
   1584  1067    27833.1045   204                  28071.5853    45669         
   2020  1165    27846.2802   230                  28071.5853    48658         
   2368  2026    27491.7572   187                  28071.5853    71793         
   2732  2320    27769.5546   166                  28071.5853    79048         
   4013  3335    27086.0073    97                  28071.5853   108401         
Elapsed time = 32.67 sec. (8052.24 ticks, tree = 48.64 MB, solutions = 0)
