
Log started (V12.9.0.0) Tue Sep 15 13:26:26 2020

New value for parallel optimization mode: -1
New value for emphasis for MIP optimization: 1
New value for mixed integer optimality gap tolerance: 0.01
New value for integrality tolerance: 1e-12
New value for deterministic time limit in ticks: 75000

Problem 'C:\Users\llavin\Desktop\test826\logs\tmpdtzeiakp.pyomo.lp' read.
Read time = 0.25 sec. (14.73 ticks)

Problem name         : C:\Users\llavin\Desktop\test826\logs\tmpdtzeiakp.pyomo.lp
Objective sense      : Maximize
Variables            :   53805  [Nneg: 1,  Box: 22000,  Free: 4464,
                                 Binary: 27340]
Objective nonzeros   :    9078
Linear constraints   :  123205  [Less: 41346,  Greater: 59096,  Equal: 22763]
  Nonzeros           :  291705
  RHS nonzeros       :   70419

Variables            : Min LB: -5000.000        Max UB: 1000000.       
Objective nonzeros   : Min   : 1.000000e-06     Max   : 731.8583       
Linear constraints   :
  Nonzeros           : Min   : 1.000000e-06     Max   : 1000000.       
  RHS nonzeros       : Min   : 1.000000e-06     Max   : 1000000.       
CPXPARAM_Parallel                                -1
CPXPARAM_Emphasis_MIP                            1
CPXPARAM_DetTimeLimit                            75000
CPXPARAM_MIP_Tolerances_MIPGap                   0.01
CPXPARAM_MIP_Tolerances_Integrality              9.9999999999999998e-13
Tried aggregator 3 times.
MIP Presolve eliminated 87613 rows and 16185 columns.
MIP Presolve added 3354 rows and 0 columns.
MIP Presolve modified 25199 coefficients.
Aggregator did 12952 substitutions.
Reduced MIP has 25994 rows, 24304 columns, and 76244 nonzeros.
Reduced MIP has 8402 binaries, 0 generals, 0 SOSs, and 0 indicators.
Presolve time = 0.30 sec. (179.50 ticks)
Probing fixed 463 vars, tightened 3634 bounds.
Probing time = 1.42 sec. (1088.33 ticks)
Tried aggregator 2 times.
MIP Presolve eliminated 1028 rows and 927 columns.
MIP Presolve modified 2442 coefficients.
Aggregator did 60 substitutions.
Reduced MIP has 24906 rows, 23317 columns, and 73082 nonzeros.
Reduced MIP has 7939 binaries, 0 generals, 0 SOSs, and 0 indicators.
Presolve time = 0.13 sec. (73.33 ticks)
Probing fixed 0 vars, tightened 257 bounds.
Probing time = 0.42 sec. (289.37 ticks)
Clique table members: 14349.
MIP emphasis: integer feasibility.
MIP search method: dynamic search.
Parallel mode: opportunistic, using up to 32 threads.
Root relaxation solution time = 0.38 sec. (318.78 ticks)

        Nodes                                         Cuts/
   Node  Left     Objective  IInf  Best Integer    Best Bound    ItCnt     Gap

      0     0      -21.8445  1735                    -21.8445     7966         
      0     0      -21.8445     4                    Cuts: 12     7973         
      0     0      -21.8445     2                 Flowcuts: 1     7975         
      0     3      -76.6738     2                 Impl Bds: 2     8015         
Elapsed time = 5.27 sec. (3119.56 ticks, tree = 0.02 MB, solutions = 0)
    526   424      -96.4428    15                    -76.6738    18713         
   1050   518     -806.2086     3                    -76.6738    29134         
   1577   734    infeasible                          -77.5717    48831         
   2073   956      -93.3437     8                    -77.5717    65801         
   2618  1057    -2596.6639    16                    -77.5717    74142         
   3221  1324     -131.4729    13                    -77.5717    94143         
   3894  1447     -266.8347    11                    -77.5717   100933         
   4608  2020     -317.4227    10                    -77.5717   121543         
   5385  1971     -240.9117    10                    -77.5717   118867         
   8366  3841    -3871.7507     9                    -78.1571   169061         
Elapsed time = 22.78 sec. (6224.50 ticks, tree = 76.05 MB, solutions = 0)
   9172  4616    infeasible                          -78.4697   195156         
  10562   482     -485.6479    12                    -78.4698   218552         
  14036   758     -107.9736     8                    -78.7690   226968         
  17593  2862    infeasible                          -78.7690   277880         
  21244  3945    -2958.4274    13                    -78.7690   303396         
  23836  6436    -3487.4384    14                    -78.7690   363475         
  24058  6465   -10409.1093    28                    -78.7690   365437         
  25582  6557    -3279.0127    12                    -78.7690   365744         
  28289  7240   -15859.6418    85                    -78.7690   392771         
  31941  7012    infeasible                          -78.7690   380101         
Elapsed time = 68.89 sec. (18906.00 ticks, tree = 57.70 MB, solutions = 0)
  35264  8857    -2283.4126    18                    -78.7690   464673         
  38417  8075    -3019.9124    17                    -78.7690   433956         
  41494 10224    infeasible                          -78.7690   531746         
  44454 11446    infeasible                          -78.7690   574324         
  45493 11728     -937.2009    17                    -78.7690   590148         

Clique cuts applied:  1
Cover cuts applied:  14
Implied bound cuts applied:  4
Flow cuts applied:  6
Mixed integer rounding cuts applied:  2
Gomory fractional cuts applied:  1

Root node processing (before b&c):
  Real time             =    4.08 sec. (3105.23 ticks)
Parallel b&c, 32 threads:
  Real time             =   83.22 sec. (21362.99 ticks)
  Sync time (average)   =    1.55 sec.
  Wait time (average)   =    0.24 sec.
                          ------------
Total (root+branch&cut) =   87.30 sec. (24468.21 ticks)


MIP - Aborted, no integer solution.
Current MIP best bound = -8.0419231156e+01 (gap is infinite)
Solution time =   87.31 sec.  Iterations = 674480  Nodes = 45608 (14135)
Deterministic time = 24468.36 ticks  (280.24 ticks/sec)


CPLEX Error  1217: No solution exists.
No file written.
