
Log started (V12.9.0.0) Fri Sep 11 15:09:26 2020

New value for parallel optimization mode: -1
New value for emphasis for MIP optimization: 1
New value for mixed integer optimality gap tolerance: 0.01
New value for integrality tolerance: 1e-12
New value for deterministic time limit in ticks: 125000

Problem 'C:\Users\llavin\Desktop\test826\logs\tmppl_cd5xc.pyomo.lp' read.
Read time = 0.22 sec. (13.94 ticks)
MIP start file 'C:\Users\llavin\Desktop\test826\logs\tmpyyrg89g5.cplex.mst' read.

Problem name         : C:\Users\llavin\Desktop\test826\logs\tmppl_cd5xc.pyomo.lp
Objective sense      : Maximize
Variables            :   54529  [Nneg: 1,  Box: 22724,  Free: 4464,
                                 Binary: 27340]
Objective nonzeros   :    9676
Linear constraints   :  123253  [Less: 41346,  Greater: 59096,  Equal: 22811]
  Nonzeros           :  293289
  RHS nonzeros       :   67491

Variables            : Min LB: -5000.000        Max UB: 1000000.       
Objective nonzeros   : Min   : 0.1750000        Max   : 760.8083       
Linear constraints   :
  Nonzeros           : Min   : 0.1750000        Max   : 1000000.       
  RHS nonzeros       : Min   : 0.1750000        Max   : 1000000.       
CPXPARAM_Parallel                                -1
CPXPARAM_Emphasis_MIP                            1
CPXPARAM_DetTimeLimit                            125000
CPXPARAM_MIP_Tolerances_MIPGap                   0.01
CPXPARAM_MIP_Tolerances_Integrality              9.9999999999999998e-13
Warning:  No solution found from 1 MIP starts.
Retaining values of one MIP start for possible repair.
Tried aggregator 4 times.
MIP Presolve eliminated 88727 rows and 19703 columns.
MIP Presolve added 3398 rows and 0 columns.
MIP Presolve modified 24892 coefficients.
Aggregator did 12997 substitutions.
Reduced MIP has 24927 rows, 21273 columns, and 71106 nonzeros.
Reduced MIP has 8398 binaries, 0 generals, 0 SOSs, and 0 indicators.
Presolve time = 0.28 sec. (196.72 ticks)
Probing fixed 395 vars, tightened 4140 bounds.
Probing time = 0.06 sec. (18.71 ticks)
Tried aggregator 2 times.
MIP Presolve eliminated 889 rows and 792 columns.
MIP Presolve modified 3038 coefficients.
Aggregator did 36 substitutions.
Reduced MIP has 24002 rows, 20445 columns, and 68418 nonzeros.
Reduced MIP has 8003 binaries, 0 generals, 0 SOSs, and 0 indicators.
Presolve time = 0.11 sec. (89.05 ticks)
Probing fixed 0 vars, tightened 290 bounds.
Probing time = 0.13 sec. (22.81 ticks)
Clique table members: 44958.
MIP emphasis: integer feasibility.
MIP search method: dynamic search.
Parallel mode: opportunistic, using up to 32 threads.
Root relaxation solution time = 0.45 sec. (671.83 ticks)

        Nodes                                         Cuts/
   Node  Left     Objective  IInf  Best Integer    Best Bound    ItCnt     Gap

      0     0   111142.3143   266                 111142.3143     6081         
      0     0   110069.4266   149                   Cuts: 154     6242         
      0     0   101118.3684   146                    Cuts: 57     6332         
      0     0   100872.5955   146                    Cuts: 43     6371         
Repair heuristic found nothing.
      0    29    infeasible                           Cuts: 7     7243         
Elapsed time = 3.73 sec. (1907.50 ticks, tree = 0.02 MB, solutions = 0)
    390    79    56087.5681   123                  98679.1298    10373         
    870   685    73157.0080    88                  98679.1298    25868         
   1486   977     5398.9241   108                  98679.1298    36597         
   2185  1374    -2583.5488   110                  98679.1298    45523         
   2866  1735   -12344.1902    48                  98519.4784    51766         
   3530  2153    42991.5772    84                  98519.4784    63286         
   4220  2727    27714.4019    55                  87200.7172    81223         
   4866  2804    62625.8363    94                  78676.5451    84370         
   5527  3124  -159884.7315    70                  78285.5334    93448         
   8021  5246    52474.5465    92                  78285.5334   155938         
Elapsed time = 20.34 sec. (5009.35 ticks, tree = 39.85 MB, solutions = 0)
   8347  6129    infeasible                        78285.5334   190303         
  10321  1180    21990.6565   119                  78285.5334   218603         
