
Log started (V12.9.0.0) Thu Sep 10 00:00:16 2020

New value for parallel optimization mode: -1
New value for mixed integer optimality gap tolerance: 0.02
New value for emphasis for MIP optimization: 1
New value for integrality tolerance: 1e-12
New value for deterministic time limit in ticks: 35000

Problem 'C:\Users\llavin\Desktop\test826\logs\tmp0w_nd_cj.pyomo.lp' read.
Read time = 0.48 sec. (28.97 ticks)
MIP start file 'C:\Users\llavin\Desktop\test826\logs\tmp32cehkgz.cplex.mst' read.

Problem name         : C:\Users\llavin\Desktop\test826\logs\tmp0w_nd_cj.pyomo.lp
Objective sense      : Maximize
Variables            :  109243  [Nneg: 1,  Box: 45502,  Free: 8928,
                                 Binary: 54812]
Objective nonzeros   :   19733
Linear constraints   :  246963  [Less: 82886,  Greater: 118460,  Equal: 45617]
  Nonzeros           :  621605
  RHS nonzeros       :  135881

Variables            : Min LB: -5000.000        Max UB: 1000000.       
Objective nonzeros   : Min   : 0.001000000      Max   : 208.3333       
Linear constraints   :
  Nonzeros           : Min   : 0.001000000      Max   : 1000000.       
  RHS nonzeros       : Min   : 0.001000000      Max   : 1000000.       
CPXPARAM_Parallel                                -1
CPXPARAM_Emphasis_MIP                            1
CPXPARAM_DetTimeLimit                            35000
CPXPARAM_MIP_Tolerances_MIPGap                   0.02
CPXPARAM_MIP_Tolerances_Integrality              9.9999999999999998e-13
Warning:  No solution found from 1 MIP starts.
Retaining values of one MIP start for possible repair.
Tried aggregator 3 times.
MIP Presolve eliminated 176489 rows and 38649 columns.
MIP Presolve added 7020 rows and 0 columns.
MIP Presolve modified 51744 coefficients.
Aggregator did 25907 substitutions.
Reduced MIP has 51587 rows, 43791 columns, and 164393 nonzeros.
Reduced MIP has 17302 binaries, 0 generals, 0 SOSs, and 0 indicators.
Presolve time = 0.59 sec. (396.86 ticks)
Probing fixed 885 vars, tightened 16982 bounds.
Probing time = 0.45 sec. (19.96 ticks)
Tried aggregator 2 times.
MIP Presolve eliminated 2054 rows and 1774 columns.
MIP Presolve modified 6425 coefficients.
Aggregator did 96 substitutions.
Reduced MIP has 49437 rows, 41921 columns, and 144807 nonzeros.
Reduced MIP has 16417 binaries, 0 generals, 0 SOSs, and 0 indicators.
Presolve time = 0.25 sec. (257.76 ticks)
Probing fixed 0 vars, tightened 528 bounds.
Probing time = 0.58 sec. (17.93 ticks)
Clique table members: 83987.
MIP emphasis: integer feasibility.
MIP search method: dynamic search.
Parallel mode: opportunistic, using up to 32 threads.
Root relaxation solution time = 1.41 sec. (2768.80 ticks)

        Nodes                                         Cuts/
   Node  Left     Objective  IInf  Best Integer    Best Bound    ItCnt     Gap

      0     0    13495.5561  1383                  13495.5561    12714         
      0     0    13475.6394  1213                   Cuts: 989    13275         
      0     0    13469.2915  1176                   Cuts: 321    13435         
      0     0    13437.9162  1172                   Cuts: 163    13651         
Repair heuristic found nothing.
      0    18     9705.2335   999                    Cuts: 56    15855         
Elapsed time = 10.83 sec. (5840.30 ticks, tree = 0.02 MB, solutions = 0)
    152    50     9316.4934  1000                  13402.4766    17267         
    440    61    10656.4841  1114                  13400.5524    17759         
    734    80     9275.4771   943                  13381.4996    19017         
    970   170     8828.8648   957                  13381.4996    20215         
   1189   576    10409.3525  1011                  13381.4996    27072         
   1435   787    infeasible                        13381.4996    30785         
   1604  1094     9862.5838   899                  13381.4996    38731         
   1812  1565    13281.3598  1077                  13381.4996    55804         
   2042  1521     8338.6174   878                  13381.4996    53695         
   2933  1822    10825.9617  1027                  13381.4996    66914         
Elapsed time = 33.08 sec. (8947.01 ticks, tree = 24.47 MB, solutions = 0)
