
Log started (V12.9.0.0) Mon Sep 21 13:42:53 2020

New value for parallel optimization mode: -1
New value for mixed integer optimality gap tolerance: 0.01
New value for integrality tolerance: 1e-09
New value for feasibility tolerance: 0.01
New value for deterministic time limit in ticks: 75000

Problem 'C:\Users\llavin\Desktop\test921Nik\logs\tmpns6mvk00.pyomo.lp' read.
Read time = 0.23 sec. (14.73 ticks)

Problem name         : C:\Users\llavin\Desktop\test921Nik\logs\tmpns6mvk00.pyomo.lp
Objective sense      : Maximize
Variables            :   53805  [Nneg: 1,  Box: 22000,  Free: 4464,
                                 Binary: 27340]
Objective nonzeros   :    8946
Linear constraints   :  123205  [Less: 41346,  Greater: 59096,  Equal: 22763]
  Nonzeros           :  291767
  RHS nonzeros       :   67457

Variables            : Min LB: -5000.000        Max UB: 1000000.       
Objective nonzeros   : Min   : 1.500000         Max   : 802.1000       
Linear constraints   :
  Nonzeros           : Min   : 0.8500000        Max   : 1000000.       
  RHS nonzeros       : Min   : 1.000000         Max   : 1000000.       
CPXPARAM_Parallel                                -1
CPXPARAM_Simplex_Tolerances_Feasibility          0.01
CPXPARAM_DetTimeLimit                            75000
CPXPARAM_MIP_Tolerances_MIPGap                   0.01
CPXPARAM_MIP_Tolerances_Integrality              1.0000000000000001e-09
Tried aggregator 3 times.
MIP Presolve eliminated 88824 rows and 19098 columns.
MIP Presolve added 3362 rows and 0 columns.
MIP Presolve modified 24868 coefficients.
Aggregator did 13001 substitutions.
Reduced MIP has 24742 rows, 21124 columns, and 70648 nonzeros.
Reduced MIP has 8339 binaries, 0 generals, 0 SOSs, and 0 indicators.
Presolve time = 0.30 sec. (172.46 ticks)
Probing fixed 380 vars, tightened 2791 bounds.
Probing time = 1.23 sec. (902.12 ticks)
Tried aggregator 2 times.
MIP Presolve eliminated 867 rows and 771 columns.
MIP Presolve modified 2158 coefficients.
Aggregator did 41 substitutions.
Reduced MIP has 23834 rows, 20312 columns, and 68015 nonzeros.
Reduced MIP has 7954 binaries, 0 generals, 0 SOSs, and 0 indicators.
Presolve time = 0.09 sec. (69.92 ticks)
Probing time = 0.03 sec. (15.81 ticks)
Clique table members: 6619.
MIP emphasis: balance optimality and feasibility.
MIP search method: dynamic search.
Parallel mode: opportunistic, using up to 32 threads.
Root relaxation solution time = 0.48 sec. (540.22 ticks)

        Nodes                                         Cuts/
   Node  Left     Objective  IInf  Best Integer    Best Bound    ItCnt     Gap

      0     0     7792.5139   733                   7792.5139     6823         
      0     0     7792.5139    10                    Cuts: 23     6830         
      0     0     7758.1404     9                     Cuts: 6     6835         
      0     0     7643.6157     9                     Cuts: 2     6836         
      0     0     7643.6157     9                     Cuts: 2     6836         

Clique cuts applied:  6
Implied bound cuts applied:  2
Flow cuts applied:  6
Gomory fractional cuts applied:  3

Root node processing (before b&c):
  Real time             =    4.78 sec. (3355.32 ticks)
Parallel b&c, 32 threads:
  Real time             =    0.00 sec. (0.00 ticks)
  Sync time (average)   =    0.00 sec.
  Wait time (average)   =    0.00 sec.
                          ------------
Total (root+branch&cut) =    4.78 sec. (3355.32 ticks)


MIP - Aborted, no integer solution.
Current MIP best bound =  7.6414785206e+03 (gap is infinite)
Solution time =    4.83 sec.  Iterations = 6836  Nodes = 0 (1)
Deterministic time = 3355.47 ticks  (695.00 ticks/sec)


CPLEX Error  1217: No solution exists.
No file written.
