
Log started (V12.10.0.0) Tue Jun 23 14:56:41 2020

New value for parallel optimization mode: -1
New value for mixed integer optimality gap tolerance: 0.3
New value for deterministic time limit in ticks: 300000

Problem 'C:\Users\wenmi\Desktop\competitiveMPEC\logs\tmpemm18ji4.pyomo.lp' read.
Read time = 0.25 sec. (22.66 ticks)

Problem name         : C:\Users\wenmi\Desktop\competitiveMPEC\logs\tmpemm18ji4.pyomo.lp
Objective sense      : Maximize
Variables            :   88620  [Nneg: 1,  Box: 36853,  Free: 7056,
                                 Binary: 44710]
Objective nonzeros   :    9612
Linear constraints   :  204047  [Less: 70881,  Greater: 97388,  Equal: 35778]
  Nonzeros           :  512333
  RHS nonzeros       :  101262

Variables            : Min LB: -5000.000        Max UB: 50000.00       
Objective nonzeros   : Min   : 0.6000000        Max   : 28046.68       
Linear constraints   :
  Nonzeros           : Min   : 0.6000000        Max   : 497500.0       
  RHS nonzeros       : Min   : 0.6000000        Max   : 500000.0       
Version identifier: 12.10.0.0 | 2019-11-26 | 843d4de2ae
CPXPARAM_Parallel                                -1
CPXPARAM_DetTimeLimit                            300000
CPXPARAM_MIP_Tolerances_MIPGap                   0.29999999999999999
Tried aggregator 3 times.
MIP Presolve eliminated 154757 rows and 37671 columns.
MIP Presolve added 3331 rows and 0 columns.
MIP Presolve modified 44474 coefficients.
Aggregator did 20728 substitutions.
Reduced MIP has 31893 rows, 27346 columns, and 109904 nonzeros.
Reduced MIP has 10337 binaries, 0 generals, 0 SOSs, and 0 indicators.
Presolve time = 0.30 sec. (298.00 ticks)
Probing fixed 422 vars, tightened 3446 bounds.
Probing time = 0.05 sec. (8.83 ticks)
Tried aggregator 2 times.
Detecting symmetries...
MIP Presolve eliminated 944 rows and 850 columns.
MIP Presolve modified 2996 coefficients.
Aggregator did 45 substitutions.
Reduced MIP has 30904 rows, 26451 columns, and 107025 nonzeros.
Reduced MIP has 9913 binaries, 0 generals, 0 SOSs, and 0 indicators.
Presolve time = 0.09 sec. (102.19 ticks)
Probing fixed 0 vars, tightened 24 bounds.
Probing time = 0.06 sec. (11.16 ticks)
Clique table members: 15163.
MIP emphasis: balance optimality and feasibility.
MIP search method: dynamic search.
Parallel mode: opportunistic, using up to 16 threads.
Root relaxation solution time = 0.66 sec. (572.35 ticks)

        Nodes                                         Cuts/
   Node  Left     Objective  IInf  Best Integer    Best Bound    ItCnt     Gap

      0     0   743514.2241  1287                 743514.2241       42         
      0     0   739159.2733  1287                  Cuts: 1401     1481         
      0     0   720714.7438  1287                  Cuts: 1116     3074         
      0     0   712437.3614  1287                  Cuts: 1207     4371         
      0     0   707061.4620  1287                   Cuts: 971     5434         
      0     0   703176.3110  1287                   Cuts: 807     6543         
      0     0   700223.7939  1287                   Cuts: 782     7317         
      0     0   696210.3494  1287                   Cuts: 561     8157         
      0     0   694443.9445  1287                   Cuts: 581     8822         
      0     0   692019.8486  1287                   Cuts: 565     9567         
      0     0   691017.1197  1287                   Cuts: 483    10350         
      0     0   690178.5431  1287                   Cuts: 535    11019         
      0     0   689221.6612  1287                   Cuts: 454    11545         
      0     0   688954.6374  1287                   Cuts: 401    11890         
      0     0   688574.0308  1287                   Cuts: 337    12217         
      0     0   688105.6178  1287                   Cuts: 295    12491         
      0     0   687954.9542  1287                   Cuts: 267    12692         
      0     0   687693.4239  1287                   Cuts: 233    12954         
      0     0   687542.9234  1287                   Cuts: 316    13240         
      0     0   687400.3844  1287                   Cuts: 316    13544         
      0     0   686928.8644  1287                   Cuts: 290    13833         
      0     0   686735.3015  1287                   Cuts: 338    14110         
      0     0   686616.0951  1287                   Cuts: 285    14471         
      0     0   686529.9494  1287                   Cuts: 250    14731         
      0     0   686520.6348  1287                   Cuts: 720    15061         
      0     2   686520.6348  1546                 686520.6348    15061         
Elapsed time = 38.83 sec. (34396.95 ticks, tree = 0.02 MB, solutions = 0)
      3     3   683828.0191  1597                 680681.1984    15831         
      8     4   682329.6783  1591                 680681.1984    16256         
     13    13   667661.4677  1553                 680681.1984    25484         
     21    12   658019.0885  1583                 680681.1984    24021         
     25    21   654009.2967  1572                 680681.1984    37993         
     28    26   654586.1704  1591                 674960.1501    47736         
     34    23   655613.3220  1518                 674960.1501    42081         
