
Log started (V12.9.0.0) Thu Sep 10 16:37:52 2020

New value for parallel optimization mode: -1
New value for mixed integer optimality gap tolerance: 0.02
New value for integrality tolerance: 1e-12
New value for deterministic time limit in ticks: 65000

Problem 'C:\Users\llavin\Desktop\test826\logs\tmpvipioqf7.pyomo.lp' read.
Read time = 0.53 sec. (28.97 ticks)
MIP start file 'C:\Users\llavin\Desktop\test826\logs\tmp7u39rqg0.cplex.mst' read.

Problem name         : C:\Users\llavin\Desktop\test826\logs\tmpvipioqf7.pyomo.lp
Objective sense      : Maximize
Variables            :  109243  [Nneg: 1,  Box: 45502,  Free: 8928,
                                 Binary: 54812]
Objective nonzeros   :   19785
Linear constraints   :  246963  [Less: 82886,  Greater: 118460,  Equal: 45617]
  Nonzeros           :  621657
  RHS nonzeros       :  135933

Variables            : Min LB: -5000.000        Max UB: 1000000.       
Objective nonzeros   : Min   : 0.001000000      Max   : 208.3333       
Linear constraints   :
  Nonzeros           : Min   : 0.001000000      Max   : 1000000.       
  RHS nonzeros       : Min   : 0.001000000      Max   : 1000000.       
CPXPARAM_Parallel                                -1
CPXPARAM_DetTimeLimit                            65000
CPXPARAM_MIP_Tolerances_MIPGap                   0.02
CPXPARAM_MIP_Tolerances_Integrality              9.9999999999999998e-13
Warning:  No solution found from 1 MIP starts.
Retaining values of one MIP start for possible repair.
Tried aggregator 3 times.
MIP Presolve eliminated 176745 rows and 38833 columns.
MIP Presolve added 7036 rows and 0 columns.
MIP Presolve modified 52152 coefficients.
Aggregator did 25875 substitutions.
Reduced MIP has 51379 rows, 43677 columns, and 160139 nonzeros.
Reduced MIP has 17258 binaries, 0 generals, 0 SOSs, and 0 indicators.
Presolve time = 0.72 sec. (394.07 ticks)
Probing fixed 872 vars, tightened 11596 bounds.
Probing time = 0.42 sec. (15.80 ticks)
Tried aggregator 2 times.
MIP Presolve eliminated 1940 rows and 1751 columns.
MIP Presolve modified 11356 coefficients.
Aggregator did 80 substitutions.
Reduced MIP has 49359 rows, 41846 columns, and 154233 nonzeros.
Reduced MIP has 16386 binaries, 0 generals, 0 SOSs, and 0 indicators.
Presolve time = 0.28 sec. (239.02 ticks)
Probing fixed 3 vars, tightened 3951 bounds.
Probing time = 0.61 sec. (39.10 ticks)
Clique table members: 83734.
MIP emphasis: balance optimality and feasibility.
MIP search method: dynamic search.
Parallel mode: opportunistic, using up to 32 threads.
Root relaxation solution time = 1.19 sec. (2186.66 ticks)

        Nodes                                         Cuts/
   Node  Left     Objective  IInf  Best Integer    Best Bound    ItCnt     Gap

      0     0     1928.4283   658                   1928.4283    11648         
      0     0     1928.4283    57                    Cuts: 95    11684         
      0     0     1928.4283    57                    Cuts: 15    11696         
      0     0     1928.4283    32                     Cuts: 2    11702         
      0     0     1928.4283    34                 Flowcuts: 3    11704         
Repair heuristic found nothing.
      0    18     1651.7853    22                     Cuts: 3    11775         
Elapsed time = 13.83 sec. (8130.51 ticks, tree = 0.02 MB, solutions = 0)
*    85+  217                         1870.3817     1927.7254             3.07%
    577   243        cutoff           1870.3817     1927.7254    14499    3.07%
    933   240     1925.9084    18     1870.3817     1927.7254    15193    3.07%
   1379   588     1870.5565     5     1870.3817     1927.7254    19248    3.07%
   1712   710     1919.7491    11     1870.3817     1926.0691    20740    2.98%
   1982   855     1917.8561     6     1870.3817     1926.0691    21692    2.98%
   2322  1166     1910.3551    17     1870.3817     1926.0691    24349    2.98%
