
Log started (V12.9.0.0) Wed Sep  9 23:29:42 2020

New value for parallel optimization mode: -1
New value for mixed integer optimality gap tolerance: 0.02
New value for emphasis for MIP optimization: 1
New value for integrality tolerance: 1e-12
New value for deterministic time limit in ticks: 150000

Problem 'C:\Users\llavin\Desktop\test826\logs\tmp7lp2gl44.pyomo.lp' read.
Read time = 0.50 sec. (28.97 ticks)
MIP start file 'C:\Users\llavin\Desktop\test826\logs\tmp2cnecnkl.cplex.mst' read.

Problem name         : C:\Users\llavin\Desktop\test826\logs\tmp7lp2gl44.pyomo.lp
Objective sense      : Maximize
Variables            :  109243  [Nneg: 1,  Box: 45502,  Free: 8928,
                                 Binary: 54812]
Objective nonzeros   :   19733
Linear constraints   :  246963  [Less: 82886,  Greater: 118460,  Equal: 45617]
  Nonzeros           :  621605
  RHS nonzeros       :  135881

Variables            : Min LB: -5000.000        Max UB: 1000000.       
Objective nonzeros   : Min   : 0.001000000      Max   : 208.3333       
Linear constraints   :
  Nonzeros           : Min   : 0.001000000      Max   : 1000000.       
  RHS nonzeros       : Min   : 0.001000000      Max   : 1000000.       
CPXPARAM_Parallel                                -1
CPXPARAM_Emphasis_MIP                            1
CPXPARAM_DetTimeLimit                            150000
CPXPARAM_MIP_Tolerances_MIPGap                   0.02
CPXPARAM_MIP_Tolerances_Integrality              9.9999999999999998e-13
Warning:  No solution found from 1 MIP starts.
Retaining values of one MIP start for possible repair.
Tried aggregator 3 times.
MIP Presolve eliminated 176489 rows and 38649 columns.
MIP Presolve added 7020 rows and 0 columns.
MIP Presolve modified 51748 coefficients.
Aggregator did 25907 substitutions.
Reduced MIP has 51587 rows, 43791 columns, and 164393 nonzeros.
Reduced MIP has 17302 binaries, 0 generals, 0 SOSs, and 0 indicators.
Presolve time = 0.64 sec. (396.86 ticks)
Probing fixed 885 vars, tightened 16918 bounds.
Probing time = 0.44 sec. (19.82 ticks)
Tried aggregator 2 times.
MIP Presolve eliminated 2054 rows and 1774 columns.
MIP Presolve modified 6406 coefficients.
Aggregator did 96 substitutions.
Reduced MIP has 49437 rows, 41921 columns, and 144807 nonzeros.
Reduced MIP has 16417 binaries, 0 generals, 0 SOSs, and 0 indicators.
Presolve time = 0.27 sec. (257.77 ticks)
Probing fixed 0 vars, tightened 514 bounds.
Probing time = 0.58 sec. (17.79 ticks)
Clique table members: 83988.
MIP emphasis: integer feasibility.
MIP search method: dynamic search.
Parallel mode: opportunistic, using up to 32 threads.
Root relaxation solution time = 1.42 sec. (2734.87 ticks)

        Nodes                                         Cuts/
   Node  Left     Objective  IInf  Best Integer    Best Bound    ItCnt     Gap

      0     0    13495.5561  1414                  13495.5561    12529         
      0     0    13476.4413  1248                   Cuts: 946    13091         
      0     0    13471.1095  1221                   Cuts: 289    13277         
      0     0    13462.3120  1206                   Cuts: 167    13396         
Repair heuristic found nothing.
      0    12     4013.3470  1199                Impl Bds: 51    14082         
Elapsed time = 10.58 sec. (5641.68 ticks, tree = 0.02 MB, solutions = 0)
     48    36    13006.7788  1166                  13457.6368    14819         

Clique cuts applied:  259
Cover cuts applied:  1
Implied bound cuts applied:  114
Flow cuts applied:  431
Mixed integer rounding cuts applied:  5
Gomory fractional cuts applied:  14

Root node processing (before b&c):
  Real time             =    6.63 sec. (5548.75 ticks)
Parallel b&c, 32 threads:
  Real time             =    4.34 sec. (576.43 ticks)
  Sync time (average)   =    1.47 sec.
  Wait time (average)   =    0.00 sec.
                          ------------
Total (root+branch&cut) =   10.97 sec. (6125.17 ticks)


MIP - Aborted, no integer solution.
Current MIP best bound =  1.3457636843e+04 (gap is infinite)
Solution time =   11.00 sec.  Iterations = 15405  Nodes = 55 (56)
Deterministic time = 6125.48 ticks  (556.86 ticks/sec)


CPLEX Error  1217: No solution exists.
No file written.
