
Log started (V12.9.0.0) Wed Sep  9 15:56:14 2020

New value for parallel optimization mode: -1
New value for mixed integer optimality gap tolerance: 0.02
New value for emphasis for MIP optimization: 1
New value for integrality tolerance: 1e-12
New value for deterministic time limit in ticks: 250000

Problem 'C:\Users\llavin\Desktop\test826\logs\tmp73tfbmm0.pyomo.lp' read.
Read time = 0.47 sec. (28.96 ticks)
MIP start file 'C:\Users\llavin\Desktop\test826\logs\tmpmhu52iym.cplex.mst' read.

Problem name         : C:\Users\llavin\Desktop\test826\logs\tmp73tfbmm0.pyomo.lp
Objective sense      : Maximize
Variables            :  109243  [Nneg: 1,  Box: 45502,  Free: 8928,
                                 Binary: 54812]
Objective nonzeros   :   18917
Linear constraints   :  246963  [Less: 82886,  Greater: 118460,  Equal: 45617]
  Nonzeros           :  620789
  RHS nonzeros       :  135065

Variables            : Min LB: -5000.000        Max UB: 1000000.       
Objective nonzeros   : Min   : 0.001000000      Max   : 208.3333       
Linear constraints   :
  Nonzeros           : Min   : 0.001000000      Max   : 1000000.       
  RHS nonzeros       : Min   : 0.001000000      Max   : 1000000.       
CPXPARAM_Parallel                                -1
CPXPARAM_Emphasis_MIP                            1
CPXPARAM_DetTimeLimit                            250000
CPXPARAM_MIP_Tolerances_MIPGap                   0.02
CPXPARAM_MIP_Tolerances_Integrality              9.9999999999999998e-13
Warning:  No solution found from 1 MIP starts.
Retaining values of one MIP start for possible repair.
Tried aggregator 3 times.
MIP Presolve eliminated 180901 rows and 42382 columns.
MIP Presolve added 6144 rows and 0 columns.
MIP Presolve modified 50408 coefficients.
Aggregator did 25741 substitutions.
Reduced MIP has 46465 rows, 39600 columns, and 149563 nonzeros.
Reduced MIP has 15562 binaries, 0 generals, 0 SOSs, and 0 indicators.
Presolve time = 0.59 sec. (390.33 ticks)
Probing fixed 832 vars, tightened 15802 bounds.
Probing time = 0.39 sec. (17.75 ticks)
Tried aggregator 2 times.
MIP Presolve eliminated 1865 rows and 1665 columns.
MIP Presolve modified 5520 coefficients.
Aggregator did 96 substitutions.
Reduced MIP has 44504 rows, 37839 columns, and 141377 nonzeros.
Reduced MIP has 14730 binaries, 0 generals, 0 SOSs, and 0 indicators.
Presolve time = 0.20 sec. (227.37 ticks)
Probing fixed 1 vars, tightened 613 bounds.
Probing time = 0.50 sec. (18.39 ticks)
Clique table members: 78616.
MIP emphasis: integer feasibility.
MIP search method: dynamic search.
Parallel mode: opportunistic, using up to 32 threads.
Root relaxation solution time = 1.30 sec. (2327.63 ticks)

        Nodes                                         Cuts/
   Node  Left     Objective  IInf  Best Integer    Best Bound    ItCnt     Gap

      0     0    28794.8671  1286                  28794.8671    12790         
      0     0    28775.7475  1078                   Cuts: 898    13279         
      0     0    28774.1364  1053                   Cuts: 262    13433         
      0     0    28774.0298  1028                    Cuts: 95    13502         
Repair heuristic found nothing.
      0    12    28768.8505  1006                     Cuts: 4    13633         
Elapsed time = 9.27 sec. (4989.06 ticks, tree = 0.02 MB, solutions = 0)
    300   210    28749.2331  1002                  28769.5622    15573         
    708    96    28728.1300   905                  28769.5622    14528         
   1221   960    28743.3240   920                  28769.5622    23537         
   1669  1046    28747.2658   908                  28769.5622    24033         
   2015  1882    28730.3991   875                  28769.5622    27336         
   2344  1682    28723.9616   829                  28769.5622    26371         
   2679  1849    28726.2653   853                  28769.5622    27196         
   3042  2643    28698.3099   842                  28769.5622    32680         
   3391  2477    28671.2659   767                  28769.5622    31607         
   4668  3791    28643.5562   693                  28769.5622    43133         
Elapsed time = 33.16 sec. (8094.08 ticks, tree = 48.09 MB, solutions = 0)
   6000  5024    28746.9481   989                  28769.5622    64228         
   7435  5643    infeasible                        28769.5622    79392         
   8756  6611    28749.1099   969                  28769.5622   102522         
  10114  8121    28732.3896   970                  28769.5622   132857         
  11506  8707    28651.6415   930                  28769.5622   146107         
  12907  9404    28746.7890   995                  28769.5622   156589         
  14186 11688    28712.5520   991                  28769.5622   206867         
  15420 11886    infeasible                        28769.5622   212084         
  16678 12947    28747.5571   973                  28769.5622   235482         
  17813 13625    28740.2815  1001                  28769.5622   273316         
Elapsed time = 96.91 sec. (17634.33 ticks, tree = 202.93 MB, solutions = 0)
  18908 15104    28751.1791  1012                  28769.5622   328705         
  20005 15588    28713.3421   975                  28769.5622   345532         
  21096 16981    28006.4829   923                  28769.5622   388388         
  22345 19102    28559.8035   923                  28769.5622   457609         
  23699 18980    28628.7695   871                  28769.5622   452770         
  24854 19909    28630.6810   803                  28769.5622   476383         
  25933 21550    28519.7239  1004                  28769.5622   509830         
  27060 22364    28597.0138   723                  28769.5622   546014         
  28135 23156    28689.8071   955                  28769.5622   570105         
  29395 23423    28724.4742   992                  28769.5622   577860         
Elapsed time = 156.05 sec. (27178.90 ticks, tree = 689.88 MB, solutions = 0)
  30549 24373    28747.0148   998                  28769.5622   602606         
  31720 26218    28714.7639   983                  28769.5622   655014         
  32928 26096    28730.4734   984                  28769.5622   646786         
  34121 27243    28616.3283   874                  28769.5622   683277         
  35378 28116    28621.4956   998                  28769.5622   716904         
  36626 31892    28740.9779  1006                  28769.5622   834944         
  37926 31239    28758.0673   996                  28769.5622   807978         
  39188 31101    -3937.2401  1004                  28769.5622   805564         
  40570 32102    28728.7226   991                  28769.5622   848790         
  41809 33198    23442.2077  1007                  28769.5622   889714         
Elapsed time = 218.28 sec. (36724.08 ticks, tree = 860.93 MB, solutions = 0)
  42852 33640    28747.9823   986                  28769.5622   900819         
  43540 35001    13219.8208  1165                  28769.5622   948152         
  43787 35002   -92294.5278  1915                  28769.5622   949771         
  43788 37590    26217.9810   291                  28769.5622  1035993         
  45179   216    28758.2153   288                  28769.5622  1038847         
  46807  1801    28714.8763   172                  28769.5622  1069488         
  48548  2999    28679.9183    95                  28769.5622  1088779         
  49966  4361    28635.8152    92                  28769.5622  1120235         
  51181  4753    28747.5891   275                  28769.5622  1139116         
  52316  7419    infeasible                        28769.5622  1217828         
Elapsed time = 278.67 sec. (52397.92 ticks, tree = 739.33 MB, solutions = 0)
  53544  8186    28737.8372   216                  28769.5622  1246816         
  54791  8249    28723.4013   193                  28769.5622  1249344         
  56043  9128    28749.1230   250                  28769.5622  1282246         
  57173 10217    27493.9095   299                  28769.5622  1320808         
  58391 11982    26009.8998   311                  28769.5622  1384029         
  59753 11796     2202.5145   352                  28769.5622  1374114         
  61114 13782     1762.8563   323                  28769.5622  1443446         
  62305 14577    28672.0100   183                  28769.5622  1466866         
  63553 15614    28235.6160   303                  28769.5622  1502207         
  64962 16504    28729.9064   275                  28769.5622  1538454         
Elapsed time = 377.56 sec. (61947.25 ticks, tree = 1900.24 MB, solutions = 0)
  66459 17542    28708.9552   288                  28769.5622  1570763         
  68052 19053    28713.8432   194                  28769.5622  1620062         
  69651 20226    28723.1729   206                  28769.5622  1652828         
  71179 21619    28746.7612   298                  28769.5622  1687454         
  72558 21975    28748.0056   297                  28769.5622  1697867         
  73974 23852    28738.1633   260                  28769.5622  1753506         
  75427 25294    28752.1757   309                  28769.5622  1799207         
  76677 27594    22498.2083   319                  28769.5622  1866073         
  77981 28344    15195.0124   282                  28769.5622  1900941         
  79178 29100    25674.9268   278                  28769.5622  1955148         
Elapsed time = 448.02 sec. (71487.53 ticks, tree = 2095.09 MB, solutions = 0)
Nodefile size = 43.05 MB (23.14 MB after compression)
  80433 29853    27569.1456   295                  28769.5622  2007817         
  81395 30915    28332.3881   288                  28769.5622  2049017         
  81559 32365    28762.6705  1051                  28769.5622  2143594         
  82507   164    28752.4880   991                  28769.5622  2146606         
  83482   369    27584.1486   985                  28769.5622  2149953         
  84249   539    28753.8114   939                  28769.5622  2152504         
  85029  1914    28750.2681   922                  28769.5622  2178228         
  85779  2556    28744.3846   908                  28769.5622  2187833         
  86467  3781    28715.1500   857                  28769.5622  2203738         
  87190  3899    26188.0794  1006                  28769.5622  2206660         
Elapsed time = 506.11 sec. (89908.18 ticks, tree = 89.34 MB, solutions = 0)
  87894  5304    28733.2607   926                  28769.5622  2252909         
  88625  5867    23018.0814   859                  28769.5622  2281980         
  89309  5981    28721.2195   856                  28769.5622  2279414         
  89908  6262    27703.2445  1014                  28769.5622  2288441         
  90428  6921    22460.9800   941                  28769.5622  2322154         
  90963  7672    26221.3678  1026                  28769.5622  2349819         
  91485  8359    20007.9868   848                  28769.5622  2381407         
  92051  8151    28744.6191   986                  28769.5622  2376490         
  92568  9751    28730.9401   813                  28769.5622  2446497         
  93099 10257    26204.1316  1008                  28769.5622  2474748         
Elapsed time = 542.69 sec. (99459.18 ticks, tree = 495.69 MB, solutions = 0)
  93685 11485    infeasible                        28769.5622  2537321         
  94270 10446    infeasible                        28769.5622  2481774         
  94852 11695    28728.8307   990                  28769.5622  2550338         
  95423 10639    -1565.1106   972                  28769.5622  2496184         
  96026 11497    28648.9871   697                  28769.5622  2535178         
  96665 12045    infeasible                        28769.5622  2568226         
  97281 12882    28720.5983   935                  28769.5622  2601257         
  97904 12423    infeasible                        28769.5622  2588439         
  98476 13146    26001.7014   962                  28769.5622  2613359         
 100677 16429    infeasible                        28769.5622  2752267         
Elapsed time = 586.78 sec. (111868.91 ticks, tree = 588.66 MB, solutions = 0)
 102978 16804    -6243.9916  1010                  28769.5622  2784611         
 105126 20525    -8341.5578  1046                  28769.5622  3002102         
 107288 19981    28595.3670   810                  28769.5622  2966297         
 109678 24356    26128.8408   972                  28769.5622  3219244         
 112087 23352    25171.8253   907                  28769.5622  3170972         
 114296 26432   -21006.6582  1154                  28769.5622  3336480         
 116409 29503    19712.8625   992                  28769.5622  3516638         
 118790 28284    16214.0279   987                  28769.5622  3441091         
 121148 33285    infeasible                        28769.5622  3740099         
 123517 32721    -7150.6713  1077                  28769.5622  3708259         
Elapsed time = 725.13 sec. (150043.20 ticks, tree = 812.18 MB, solutions = 0)
 125721 33843    28743.2447   966                  28769.5622  3776344         
 128011 38029    23227.4391   961                  28769.5622  3998593         
 130260 39014    26044.1705   995                  28769.5622  4067707         
 132594 38150    19856.7654  1011                  28769.5622  4007744         
 135110 39513    28629.1284   861                  28769.5622  4103611         
 137524 45419    28703.0614   987                  28769.5622  4450322         
 140021 43009    22877.4929   992                  28769.5622  4330122         
 142451 47366    28755.9151   985                  28769.5622  4561775         
 144964 48157    17620.2929   985                  28769.5622  4604100         
 147370 49815     1828.3495  1014                  28769.5622  4700274         
Elapsed time = 863.70 sec. (188213.12 ticks, tree = 1048.72 MB, solutions = 0)
 149836 55667    22844.4801  1014                  28769.5622  5033757         
 152245 54316    22522.4604   981                  28769.5622  4971185         
 154557 54478    25042.9397   944                  28769.5622  4975941         
 156788 56353     1655.9591  1023                  28769.5622  5068973         
 159123 64278     1690.5456  1026                  28769.5622  5557036         
 161463 61387     6077.5245  1030                  28769.5622  5364578         
 163785 67251    22794.6757   972                  28769.5622  5743941         
 166186 67035   -13787.4714   973                  28769.5622  5725357         
 168536 65440    28660.7205   921                  28769.5622  5623218         
 170538 69616    11219.2888   985                  28769.5622  5909079         
Elapsed time = 992.22 sec. (226369.53 ticks, tree = 1318.58 MB, solutions = 0)
 171639 71730      211.1416   922                  28769.5622  6009246         
 172626 71780    25784.2727  1001                  28769.5622  6013613         
