
Log started (V12.9.0.0) Tue Sep 15 14:45:01 2020

New value for parallel optimization mode: -1
New value for emphasis for MIP optimization: 1
New value for mixed integer optimality gap tolerance: 0.01
New value for integrality tolerance: 1e-12
New value for feasibility tolerance: 1e-09
New value for deterministic time limit in ticks: 75000

Problem 'C:\Users\llavin\Desktop\test826\logs\tmp4zvskg0e.pyomo.lp' read.
Read time = 0.23 sec. (14.73 ticks)

Problem name         : C:\Users\llavin\Desktop\test826\logs\tmp4zvskg0e.pyomo.lp
Objective sense      : Maximize
Variables            :   53805  [Nneg: 1,  Box: 22000,  Free: 4464,
                                 Binary: 27340]
Objective nonzeros   :    9078
Linear constraints   :  123205  [Less: 41346,  Greater: 59096,  Equal: 22763]
  Nonzeros           :  291705
  RHS nonzeros       :   67491

Variables            : Min LB: -5000.000        Max UB: 1000000.       
Objective nonzeros   : Min   : 1.000000e-06     Max   : 731.8583       
Linear constraints   :
  Nonzeros           : Min   : 1.000000e-06     Max   : 1000000.       
  RHS nonzeros       : Min   : 1.000000e-06     Max   : 1000000.       
CPXPARAM_Parallel                                -1
CPXPARAM_Emphasis_MIP                            1
CPXPARAM_Simplex_Tolerances_Feasibility          1.0000000000000001e-09
CPXPARAM_DetTimeLimit                            75000
CPXPARAM_MIP_Tolerances_MIPGap                   0.01
CPXPARAM_MIP_Tolerances_Integrality              9.9999999999999998e-13
Tried aggregator 3 times.
MIP Presolve eliminated 88717 rows and 19065 columns.
MIP Presolve added 3354 rows and 0 columns.
MIP Presolve modified 25391 coefficients.
Aggregator did 12952 substitutions.
Reduced MIP has 24890 rows, 21232 columns, and 70964 nonzeros.
Reduced MIP has 8402 binaries, 0 generals, 0 SOSs, and 0 indicators.
Presolve time = 0.30 sec. (177.47 ticks)
Probing fixed 463 vars, tightened 3577 bounds.
Probing time = 1.33 sec. (956.08 ticks)
Tried aggregator 2 times.
MIP Presolve eliminated 1028 rows and 927 columns.
MIP Presolve modified 2371 coefficients.
Aggregator did 59 substitutions.
Reduced MIP has 23803 rows, 20246 columns, and 67799 nonzeros.
Reduced MIP has 7939 binaries, 0 generals, 0 SOSs, and 0 indicators.
Presolve time = 0.11 sec. (68.03 ticks)
Probing fixed 0 vars, tightened 187 bounds.
Probing time = 0.33 sec. (212.35 ticks)
Clique table members: 12737.
MIP emphasis: integer feasibility.
MIP search method: dynamic search.
Parallel mode: opportunistic, using up to 32 threads.
Root relaxation solution time = 0.44 sec. (667.02 ticks)

        Nodes                                         Cuts/
   Node  Left     Objective  IInf  Best Integer    Best Bound    ItCnt     Gap

      0     0      -23.4052   136                    -23.4052     6838         
      0     0      -23.4052     2                     Cuts: 9     6844         
      0     0      -23.4052     1                   Covers: 1     6845         
      0     0      -23.4052     1                   Covers: 1     6846         
      0    18    infeasible                           Cuts: 4     6994         
Elapsed time = 4.86 sec. (2872.38 ticks, tree = 0.02 MB, solutions = 0)
    487   156     -579.0957     4                    -78.2345    19246         
    763   233     -123.4642    11                    -78.2345    31825         
   1162   267    infeasible                          -78.2345    37580         
   1610   503     -123.4935    10                    -78.2345    56868         
   2145   590    infeasible                          -78.2345    61489         
   2693   687     -633.0243     6                    -78.2345    67049         
   3180   866    -9479.4425    62                    -78.2354    75626         
   3732  1367  -230348.7086   157                    -78.2354   118266         
   4374  1435    infeasible                          -78.2354   122841         
   7625  2603     -581.5651    15                    -78.2354   188644         
Elapsed time = 20.73 sec. (5977.16 ticks, tree = 33.34 MB, solutions = 0)
   8668  3528    infeasible                          -78.5264   243362         
   9969   391    infeasible                          -79.3722   268966         
  13556   696    -2337.8420    13                    -79.3722   276985         
  17559  2416     -575.7760    16                    -79.3722   314075         
  21390  3208    -5133.5515    17                    -79.3722   334392         
  25247  4880     -430.5873    11                    -79.3722   387183         
  28109  5975    infeasible                          -79.3722   429479         
  28367  7172     -315.4633    11                    -79.3722   475484         
  29346  7264    infeasible                          -79.3722   477884         
  31438  7509    -3823.8789    14                    -79.3722   487540         
Elapsed time = 66.17 sec. (18126.55 ticks, tree = 50.39 MB, solutions = 0)
  34805  7706    -4455.9091    18                    -79.3722   495005         
  38290  9556   -10330.1793    23                    -79.3722   609992         
  41754  9468    infeasible                          -79.3722   607380         
  45375  9964    -4533.2664    19                    -79.3722   626464         
  48983 12020    -6124.8990    21                    -79.3722   768159         
  52539 11704    -3944.4266    23                    -79.3722   747480         
  55933 13378    infeasible                          -79.3722   856140         
  59510 15110    -6919.6435    20                    -79.3722   948010         
  63524 14863    infeasible                          -79.3722   935352         
  67325 17696    -4434.4375    14                    -79.3722  1087280         
Elapsed time = 119.42 sec. (27665.03 ticks, tree = 196.08 MB, solutions = 0)
  71194 16819    -2966.7829    13                    -79.3722  1037365         
  75285 17134    -4407.0289    18                    -79.3722  1061098         
  79290 18163    -3748.7357    16                    -79.3722  1115868         
  83350 21069    -5312.1675    22                    -79.3722  1259191         
  86744 20188    -4953.4373    15                    -79.3722  1208028         
  89506 20524    -6624.9946    21                    -79.3722  1227311         
  90850 21199    -5015.2232    20                    -79.3722  1269752         
  90926 23262    infeasible                          -80.9284  1377351         
  92277    95    -2785.2526    15                    -80.9284  1382271         
  93561   539    infeasible                          -80.9284  1409108         
Elapsed time = 153.05 sec. (38811.76 ticks, tree = 14.03 MB, solutions = 0)
  93626  1124     -286.9609    19                    -80.9284  1435414         
  93968  1190    -4361.3840    29                    -80.9284  1450371         
  95537  1164    -4087.3288    30                    -80.9284  1439406         
  97727  1209    infeasible                          -80.9284  1447164         
 100316  2078    -2052.8312    28                    -80.9284  1545188         
 102824  2066     -124.9969    16                    -80.9284  1540878         
 104988  2820    -3607.2701    39                    -80.9284  1583966         
