
Log started (V12.10.0.0) Fri Aug 28 07:13:54 2020

New value for parallel optimization mode: -1
New value for mixed integer optimality gap tolerance: 0.05
New value for feasibility tolerance: 1e-09
New value for deterministic time limit in ticks: 100000

Problem 'C:\Users\wenmi\Desktop\competitiveMPEC\logs\tmpwtvpcb6i.pyomo.lp' read.
Read time = 0.34 sec. (28.43 ticks)
MIP start file 'C:\Users\wenmi\Desktop\competitiveMPEC\logs\tmpur5gc8cb.cplex.mst' read.

Problem name         : C:\Users\wenmi\Desktop\competitiveMPEC\logs\tmpwtvpcb6i.pyomo.lp
Objective sense      : Maximize
Variables            :  109223  [Nneg: 1,  Box: 45498,  Free: 8928,
                                 Binary: 54796]
Objective nonzeros   :   18995
Linear constraints   :  246903  [Less: 82866,  Greater: 118424,  Equal: 45613]
  Nonzeros           :  618447
  RHS nonzeros       :  135061

Variables            : Min LB: -5000.000        Max UB: 1000000.       
Objective nonzeros   : Min   : 0.008333333      Max   : 208.3333       
Linear constraints   :
  Nonzeros           : Min   : 0.008333333      Max   : 1000000.       
  RHS nonzeros       : Min   : 0.008333333      Max   : 1000000.       
Version identifier: 12.10.0.0 | 2019-11-26 | 843d4de2ae
CPXPARAM_Parallel                                -1
CPXPARAM_Simplex_Tolerances_Feasibility          1.0000000000000001e-09
CPXPARAM_DetTimeLimit                            100000
CPXPARAM_MIP_Tolerances_MIPGap                   0.050000000000000003
Warning:  No solution found from 1 MIP starts.
Retaining values of one MIP start for possible repair.
Tried aggregator 3 times.
MIP Presolve eliminated 181228 rows and 42769 columns.
MIP Presolve added 6226 rows and 0 columns.
MIP Presolve modified 50824 coefficients.
Aggregator did 25797 substitutions.
Reduced MIP has 46104 rows, 39159 columns, and 139390 nonzeros.
Reduced MIP has 15447 binaries, 0 generals, 0 SOSs, and 0 indicators.
Presolve time = 0.36 sec. (360.06 ticks)
Probing fixed 822 vars, tightened 10524 bounds.
Probing time = 0.31 sec. (52.69 ticks)
Tried aggregator 2 times.
Detecting symmetries...
MIP Presolve eliminated 1838 rows and 1645 columns.
MIP Presolve modified 11903 coefficients.
Aggregator did 48 substitutions.
Reduced MIP has 44218 rows, 37466 columns, and 133920 nonzeros.
Reduced MIP has 14625 binaries, 0 generals, 0 SOSs, and 0 indicators.
Presolve time = 0.16 sec. (215.04 ticks)
Probing fixed 0 vars, tightened 4348 bounds.
Probing time = 0.33 sec. (110.77 ticks)
Clique table members: 104479.
MIP emphasis: balance optimality and feasibility.
MIP search method: dynamic search.
Parallel mode: opportunistic, using up to 16 threads.
Root relaxation solution time = 0.56 sec. (560.29 ticks)

        Nodes                                         Cuts/
   Node  Left     Objective  IInf  Best Integer    Best Bound    ItCnt     Gap

      0     0    20340.6063   575                  20340.6063       34         
      0     0    18975.8971   575                   Cuts: 607      810         
      0     0    18942.2585   575                   Cuts: 197      897         
      0     0    18942.2585   575                   Covers: 1      898         
Repair heuristic found nothing.
      0     7    18004.4656   376                  18929.5706      941         
Elapsed time = 8.06 sec. (8094.06 ticks, tree = 0.02 MB, solutions = 0)
    119    55    17605.5286   359                  18892.4173     1541         
    254   188    18305.5893   381                  18892.4173    16167         
    419   184    15777.5184   340                  18892.4173    12217         
    440   273    11821.5989   248                  18892.4173    23101         
    544   286    14234.7493   252                  18892.4173    23161         
    742   285    14356.7430   347                  18892.4173    23303         
    976   350    infeasible                        18892.4173    23977         
   1240   483    13174.1931   230                  18892.4173    24531         
   1468   605    infeasible                        18892.4173    25611         
   2218   976    -2170.9842   157                  18892.4173    33462         
Elapsed time = 22.52 sec. (11199.27 ticks, tree = 9.70 MB, solutions = 0)
   3024  1495    -9082.3905   145                  18892.4173    51602         
   3914  1652    -8696.9868    26                  18892.4173    53157         
   4443  2144    -8058.6802   186                  18892.4173    61894         

Performing restart 1

Repeating presolve.
Tried aggregator 3 times.
MIP Presolve eliminated 1601 rows and 1342 columns.
MIP Presolve modified 21218 coefficients.
Aggregator did 374 substitutions.
Reduced MIP has 42243 rows, 35750 columns, and 115766 nonzeros.
Reduced MIP has 13954 binaries, 0 generals, 0 SOSs, and 0 indicators.
Presolve time = 0.13 sec. (125.30 ticks)
Tried aggregator 3 times.
MIP Presolve eliminated 738 rows and 598 columns.
MIP Presolve modified 5940 coefficients.
Aggregator did 12 substitutions.
Reduced MIP has 41493 rows, 35140 columns, and 113638 nonzeros.
Reduced MIP has 13657 binaries, 0 generals, 0 SOSs, and 0 indicators.
Presolve time = 0.09 sec. (90.18 ticks)
Tried aggregator 2 times.
MIP Presolve eliminated 160 rows and 160 columns.
MIP Presolve modified 2507 coefficients.
Aggregator did 39 substitutions.
Reduced MIP has 41294 rows, 34941 columns, and 113044 nonzeros.
Reduced MIP has 13577 binaries, 0 generals, 0 SOSs, and 0 indicators.
Presolve time = 0.14 sec. (169.94 ticks)
Represolve time = 1.53 sec. (685.84 ticks)
   4686     0     -104.9530    22                   Covers: 5   131268         
   4686     0     -104.9530    22                     Cuts: 8   131275         
   4686     0     -104.9530    22                    Fract: 2   131281         
   4686     0     -104.9530    22                     Cuts: 3   131284         
   4686     0     -104.9530    22                     Cuts: 3   131291         
   4686     5    infeasible                         -104.9530   131395         
   4807    13     -799.1386    11                   -118.7341   131941         
   4938    51     -130.2817     8                   -118.7341   146427         
   5098   246     -980.0353    22                   -118.7341   149883         
   5309   284     -164.8417     9                   -118.7341   150974         
   5484   583     -174.3817    11                   -118.7341   156581         
   5668   715     -151.3984     7                   -118.7341   159143         
Elapsed time = 64.75 sec. (28584.61 ticks, tree = 7.02 MB, solutions = 0)
   5941   722     -182.7383    10                   -118.7341   160495         
   6250   852     -182.0424     8                   -118.7341   162264         
   6508   930    -1154.5548   325                   -118.7341   164708         
   6909   986     -180.2275     8                   -118.7341   167931         
   7419  1675     -171.3121    10                   -118.7341   185891         
   7875  1652     -330.6154   296                   -118.7341   185625         
   8304  2012     -170.9789     9                   -118.7341   193895         
   8812  2674     -152.7739     9                   -130.2443   207160         
