
Log started (V12.9.0.0) Fri Sep 11 13:54:00 2020

New value for parallel optimization mode: -1
New value for emphasis for MIP optimization: 1
New value for mixed integer optimality gap tolerance: 0.01
New value for integrality tolerance: 1e-12
New value for deterministic time limit in ticks: 75000

Problem 'C:\Users\llavin\Desktop\test826\logs\tmpb1sftdbr.pyomo.lp' read.
Read time = 0.50 sec. (28.99 ticks)
MIP start file 'C:\Users\llavin\Desktop\test826\logs\tmpmstp9g_i.cplex.mst' read.

Problem name         : C:\Users\llavin\Desktop\test826\logs\tmpb1sftdbr.pyomo.lp
Objective sense      : Maximize
Variables            :  109243  [Nneg: 1,  Box: 45502,  Free: 8928,
                                 Binary: 54812]
Objective nonzeros   :   20405
Linear constraints   :  246963  [Less: 82886,  Greater: 118460,  Equal: 45617]
  Nonzeros           :  622277
  RHS nonzeros       :  136555

Variables            : Min LB: -5000.000        Max UB: 1000000.       
Objective nonzeros   : Min   : 0.001000000      Max   : 208.3333       
Linear constraints   :
  Nonzeros           : Min   : 0.001000000      Max   : 1000000.       
  RHS nonzeros       : Min   : 0.001000000      Max   : 1000000.       
CPXPARAM_Parallel                                -1
CPXPARAM_Emphasis_MIP                            1
CPXPARAM_DetTimeLimit                            75000
CPXPARAM_MIP_Tolerances_MIPGap                   0.01
CPXPARAM_MIP_Tolerances_Integrality              9.9999999999999998e-13
Warning:  No solution found from 1 MIP starts.
Retaining values of one MIP start for possible repair.
Tried aggregator 3 times.
MIP Presolve eliminated 173421 rows and 35979 columns.
MIP Presolve added 7663 rows and 0 columns.
MIP Presolve modified 52906 coefficients.
Aggregator did 25909 substitutions.
Reduced MIP has 55296 rows, 46971 columns, and 170132 nonzeros.
Reduced MIP has 18602 binaries, 0 generals, 0 SOSs, and 0 indicators.
Presolve time = 0.58 sec. (393.50 ticks)
Probing fixed 844 vars, tightened 16983 bounds.
Probing time = 0.45 sec. (19.16 ticks)
Tried aggregator 2 times.
MIP Presolve eliminated 1884 rows and 1698 columns.
MIP Presolve modified 6990 coefficients.
Aggregator did 102 substitutions.
Reduced MIP has 53310 rows, 45171 columns, and 164330 nonzeros.
Reduced MIP has 17756 binaries, 0 generals, 0 SOSs, and 0 indicators.
Presolve time = 0.28 sec. (271.60 ticks)
Probing fixed 2 vars, tightened 383 bounds.
Probing time = 0.61 sec. (22.18 ticks)
Clique table members: 86573.
MIP emphasis: integer feasibility.
MIP search method: dynamic search.
Parallel mode: opportunistic, using up to 32 threads.
Root relaxation solution time = 1.50 sec. (3144.03 ticks)

        Nodes                                         Cuts/
   Node  Left     Objective  IInf  Best Integer    Best Bound    ItCnt     Gap

      0     0     8962.3810  1097                   8962.3810    13241         
      0     0     8954.6812   159                   Cuts: 165    13387         
      0     0     8949.1119   160                   Cuts: 108    13470         
      0     0     8939.5199   153                    Cuts: 63    13524         
Repair heuristic found nothing.
      0    40     7965.6719   150                    Cuts: 14    14108         
Elapsed time = 10.42 sec. (6128.69 ticks, tree = 0.02 MB, solutions = 0)
    231    82     8877.5967   150                   8928.4238    14793         
    559    65     8781.3113   133                   8928.4238    14540         
    857   623     8801.7572   126                   8928.4238    19386         
   1184   891     7859.5723   122                   8928.4238    22165         
   1420   981     8765.2745    91                   8928.4238    23214         
   1629  1478     8883.1028   128                   8928.4238    30746         
   1910  1590     7936.6584   111                   8928.4238    32855         
   2171  1789     6744.8555   101                   8928.4238    37294         
   2420  2349     7549.5778   116                   8928.4238    51671         
   3487  2663     1289.1839    74                   8928.4238    59818         
Elapsed time = 30.19 sec. (9233.30 ticks, tree = 64.81 MB, solutions = 0)
   4435  3705     4668.0208   109                   8928.4238    85141         
   5314  4277     6922.9219    77                   8928.4238   100659         
   5810  5664     8583.2375    81                   8925.2818   159635         
   6720   191     7409.4582    73                   8905.5479   161502         
   7739  1448     7320.9651    52                   8902.9172   194576         
   8991  1549     8744.8523    73                   8902.9172   197172         
  10179  3138     6844.8934    60                   8902.9172   232993         
  11243  3477     2308.2352    44                   8902.9172   241059         
  12360  4139     2478.0230    44                   8902.9172   258662         
  13405  6388     8864.8031    94                   8902.9172   328488         
Elapsed time = 106.30 sec. (25652.68 ticks, tree = 194.87 MB, solutions = 0)
  14366  6488     6024.0759    68                   8902.9172   333738         
  15355  6606     7617.7773    81                   8902.9172   336415         
  16338  8760     7010.6443    61                   8902.9172   412132         
  17331  8869     4278.7926    87                   8902.9172   414539         
  18412  9105     8871.5613    85                   8902.9172   420736         
  19447 11273     8849.6995    83                   8902.9172   481152         
  20495 11427     5958.9065    67                   8902.9172   487335         
  21449 12164     8745.7687    50                   8902.9172   509727         
  22418 14185     8847.9747    64                   8902.9172   575513         
  23520 13097     8728.6961    65                   8902.9172   535799         
Elapsed time = 176.31 sec. (35194.32 ticks, tree = 355.71 MB, solutions = 0)
  24630 14842     8694.9297    57                   8902.9172   600883         
  25708 15155     7968.0295    54                   8902.9172   614780         
  26748 16320     8816.8748    80                   8902.9172   672757         
  27705 17376      866.1743    88                   8902.9172   710309         
  28633 17646    infeasible                         8902.9172   725765         
  29589 19612     5916.5449    42                   8902.9172   788914         
  30680 19744     8774.4754    56                   8902.9172   790780         
  31746 20078     5086.9330    95                   8902.9172   806772         
  32868 21682     6033.9365    76                   8902.9172   868627         
  33968 22499     8328.9638    92                   8902.9172   909754         
Elapsed time = 296.41 sec. (44740.69 ticks, tree = 832.36 MB, solutions = 0)
  34969 23297     8611.5354    80                   8902.9172   947733         
  35920 25055     8605.1634     8                   8902.9172  1036346         
  36890 24630     8632.9407    39                   8902.9172  1014567         
  37853 26522     8381.3466    96                   8902.9172  1116250         
  38919 26018     3124.1280    68                   8902.9172  1087314         
  40033 27631     8371.9477    91                   8902.9172  1168519         
  41176 27129     3445.8616    92                   8902.9172  1136856         
  42246 29541     8606.7571    64                   8902.9172  1230955         
  43455 30706     7969.0207    64                   8902.9172  1281681         
  44765 30637    infeasible                         8902.9172  1280300         
Elapsed time = 371.92 sec. (54281.38 ticks, tree = 968.72 MB, solutions = 0)
  45889 31321     5322.7644    56                   8902.9172  1302963         
  47043 33304      591.5794    96                   8902.9172  1388763         
  48147 32458     7955.3208    71                   8902.9172  1347741         
  49204 34019     -855.8890    96                   8902.9172  1424474         
  50304 37036     8209.3243    62                   8902.9172  1563592         
  51371 35459     6551.2598    81                   8902.9172  1507840         
  52486 36427     8025.6536    18                   8902.9172  1546133         
  53487 37307  -125597.8333    90                   8902.9172  1573941         
  54461 40425     -514.9007   141                   8902.9172  1704710         
  55455 38977     8366.6531    74                   8902.9172  1656757         
Elapsed time = 371.92 sec. (63826.52 ticks, tree = 1112.84 MB, solutions = 0)
  56607 39925     8465.1648    81                   8902.9172  1684342         
  57797 41458     8716.2376    92                   8902.9172  1747908         
  58959 39631     6623.3691    69                   8902.9172  1674217         
  60171 41511     8669.7952    46                   8902.9172  1752511         
  61328 43034     8518.4926   110                   8902.9172  1800205         
  62571 41762    -1314.1549   123                   8902.9172  1755585         
  63778 46361     8480.4422    82                   8902.9172  1905428         
  64871 46550     8257.4307    59                   8902.9172  1909008         
  65728 45465     7316.2972    80                   8902.9172  1872595         
  66255 45915     8449.9595    78                   8902.9172  1894614         
Elapsed time = 371.92 sec. (73371.63 ticks, tree = 1232.90 MB, solutions = 0)
  66567 45947     8056.7651    76                   8902.9172  1894879         
