
Log started (V12.9.0.0) Sun Dec  6 13:55:17 2020

New value for parallel optimization mode: -1
New value for mixed integer optimality gap tolerance: 0.01
New value for integrality tolerance: 1e-09
New value for feasibility tolerance: 0.01
New value for deterministic time limit in ticks: 175000

Problem 'C:\Users\Luke\Desktop\competitiveMPEC_12.6\logs\tmpyhlttewd.pyomo.lp' read.
Read time = 0.19 sec. (13.77 ticks)

Problem name         : C:\Users\Luke\Desktop\competitiveMPEC_12.6\logs\tmpyhlttewd.pyomo.lp
Objective sense      : Maximize
Variables            :   53321  [Nneg: 1,  Box: 21806,  Free: 4416,
                                 Binary: 27098]
Objective nonzeros   :    8945
Linear constraints   :  122164  [Less: 41007,  Greater: 58612,  Equal: 22545]
  Nonzeros           :  288494
  RHS nonzeros       :   66971

Variables            : Min LB: -5000.000        Max UB: 1000000.       
Objective nonzeros   : Min   : 0.1000000        Max   : 795.1000       
Linear constraints   :
  Nonzeros           : Min   : 0.1000000        Max   : 1000000.       
  RHS nonzeros       : Min   : 0.1000000        Max   : 1000000.       
CPXPARAM_Parallel                                -1
CPXPARAM_Simplex_Tolerances_Feasibility          0.01
CPXPARAM_DetTimeLimit                            175000
CPXPARAM_MIP_Tolerances_MIPGap                   0.01
CPXPARAM_MIP_Tolerances_Integrality              1.0000000000000001e-09
Tried aggregator 3 times.
MIP Presolve eliminated 88382 rows and 19236 columns.
MIP Presolve added 3313 rows and 0 columns.
MIP Presolve modified 24541 coefficients.
Aggregator did 12845 substitutions.
Reduced MIP has 24250 rows, 20658 columns, and 68002 nonzeros.
Reduced MIP has 8155 binaries, 0 generals, 0 SOSs, and 0 indicators.
Presolve time = 0.23 sec. (171.42 ticks)
Probing fixed 416 vars, tightened 2833 bounds.
Probing time = 1.44 sec. (896.34 ticks)
Tried aggregator 2 times.
MIP Presolve eliminated 929 rows and 835 columns.
MIP Presolve modified 2131 coefficients.
Aggregator did 60 substitutions.
Reduced MIP has 23261 rows, 19763 columns, and 65124 nonzeros.
Reduced MIP has 7738 binaries, 0 generals, 0 SOSs, and 0 indicators.
Presolve time = 0.09 sec. (68.81 ticks)
Probing time = 0.03 sec. (15.08 ticks)
Clique table members: 6304.
MIP emphasis: balance optimality and feasibility.
MIP search method: dynamic search.
Parallel mode: opportunistic, using up to 24 threads.
Root relaxation solution time = 0.36 sec. (307.25 ticks)

        Nodes                                         Cuts/
   Node  Left     Objective  IInf  Best Integer    Best Bound    ItCnt     Gap

      0     0    76070.2824  1800                  76070.2824     7001         
      0     0    75288.0993   663                   Cuts: 496     7256         
      0     0    75250.9940   570                   Cuts: 276     7401         
      0     0    75243.8304   544                   Cuts: 159     7472         
      0     0    75196.0939   529                    Cuts: 58     7498         
      0     0    75196.0939   525                    Cuts: 42     7517         
      0     0    75153.5548   520                    Cuts: 37     7531         
      0     0    75153.5548   515                    Cuts: 22     7537         
      0     0    75153.5548   512                    Cuts: 22     7543         
      0     3    infeasible                          Cuts: 14     7553         
Elapsed time = 8.67 sec. (5878.17 ticks, tree = 0.02 MB, solutions = 0)
    343   110    infeasible                        74929.0945     8620         

Clique cuts applied:  6
Implied bound cuts applied:  24
Flow cuts applied:  276
Mixed integer rounding cuts applied:  32
Gomory fractional cuts applied:  53

Root node processing (before b&c):
  Real time             =    8.22 sec. (5851.58 ticks)
Parallel b&c, 24 threads:
  Real time             =    1.11 sec. (400.55 ticks)
  Sync time (average)   =    0.20 sec.
  Wait time (average)   =    0.00 sec.
                          ------------
Total (root+branch&cut) =    9.33 sec. (6252.13 ticks)


MIP - Aborted, no integer solution.
Current MIP best bound =  7.4929094454e+04 (gap is infinite)
Solution time =    9.33 sec.  Iterations = 11142  Nodes = 387 (246)
Deterministic time = 6252.29 ticks  (670.27 ticks/sec)


CPLEX Error  1217: No solution exists.
No file written.
