
Log started (V12.9.0.0) Thu Sep  3 15:32:50 2020

New value for parallel optimization mode: -1
New value for mixed integer optimality gap tolerance: 0.05
New value for emphasis for MIP optimization: 1
New value for integrality tolerance: 1e-12
New value for deterministic time limit in ticks: 100000

Problem 'C:\Users\llavin\Desktop\test826\logs\tmplub2k0un.pyomo.lp' read.
Read time = 0.52 sec. (28.58 ticks)
MIP start file 'C:\Users\llavin\Desktop\test826\logs\tmpmw900jdf.cplex.mst' read.

Problem name         : C:\Users\llavin\Desktop\test826\logs\tmplub2k0un.pyomo.lp
Objective sense      : Maximize
Variables            :  109223  [Nneg: 1,  Box: 45498,  Free: 8928,
                                 Binary: 54796]
Objective nonzeros   :   19731
Linear constraints   :  246901  [Less: 82864,  Greater: 118424,  Equal: 45613]
  Nonzeros           :  619133
  RHS nonzeros       :  135843

Variables            : Min LB: -5000.000        Max UB: 1000000.       
Objective nonzeros   : Min   : 0.008333333      Max   : 208.3333       
Linear constraints   :
  Nonzeros           : Min   : 0.008333333      Max   : 1000000.       
  RHS nonzeros       : Min   : 0.008333333      Max   : 1000000.       
CPXPARAM_Parallel                                -1
CPXPARAM_Emphasis_MIP                            1
CPXPARAM_DetTimeLimit                            100000
CPXPARAM_MIP_Tolerances_MIPGap                   0.050000000000000003
CPXPARAM_MIP_Tolerances_Integrality              9.9999999999999998e-13
Warning:  No solution found from 1 MIP starts.
Retaining values of one MIP start for possible repair.
Tried aggregator 3 times.
MIP Presolve eliminated 176826 rows and 38812 columns.
MIP Presolve added 7020 rows and 0 columns.
MIP Presolve modified 53022 coefficients.
Aggregator did 26008 substitutions.
Reduced MIP has 51087 rows, 43507 columns, and 151649 nonzeros.
Reduced MIP has 17225 binaries, 0 generals, 0 SOSs, and 0 indicators.
Presolve time = 0.63 sec. (377.35 ticks)
Probing fixed 830 vars, tightened 14815 bounds.
Probing time = 0.41 sec. (18.74 ticks)
Tried aggregator 2 times.
MIP Presolve eliminated 1851 rows and 1702 columns.
MIP Presolve modified 10084 coefficients.
Aggregator did 96 substitutions.
Reduced MIP has 49140 rows, 41709 columns, and 140369 nonzeros.
Reduced MIP has 16395 binaries, 0 generals, 0 SOSs, and 0 indicators.
Presolve time = 0.28 sec. (246.83 ticks)
Probing fixed 0 vars, tightened 3669 bounds.
Probing time = 0.52 sec. (18.42 ticks)
Clique table members: 80166.
MIP emphasis: integer feasibility.
MIP search method: dynamic search.
Parallel mode: opportunistic, using up to 32 threads.
Root relaxation solution time = 1.14 sec. (703.52 ticks)

        Nodes                                         Cuts/
   Node  Left     Objective  IInf  Best Integer    Best Bound    ItCnt     Gap

      0     0    28599.2416  1327                  28599.2416       50         
      0     0    28544.4104   366                   Cuts: 350      397         
      0     0    28529.8158   388                   Cuts: 169      581         
      0     0    28510.6415   339                    Cuts: 97      675         
Repair heuristic found nothing.
      0    26    27544.5893   324                    Cuts: 15     1002         
Elapsed time = 8.51 sec. (3885.83 ticks, tree = 0.02 MB, solutions = 0)
    374    62    28349.3206   297                  28486.7865     1586         
    686   239    28342.0059   279                  28486.7865     3920         
    887   671    28375.7191   276                  28486.7865     9407         
   1218   872    28332.6466   270                  28486.7865    12376         
   1491  1022    28311.2892   305                  28486.7865    14602         
   1835  1200    28220.6649   244                  28486.7865    17694         
   2273  1630    28216.0011   223                  28486.7865    27958         
   2660  1962    26709.0984   129                  28486.7865    33284         
   2965  2008    28060.3140   182                  28486.7865    34339         
   3946  3756    27796.0228   122                  28486.7865    77799         
Elapsed time = 28.44 sec. (6994.35 ticks, tree = 170.32 MB, solutions = 0)
   4784  4240    20787.8046   243                  28486.7865    97210         
   5658  4841    25063.9911    90                  28486.7865   121532         
