
Log started (V12.9.0.0) Wed Sep  2 22:20:25 2020

New value for parallel optimization mode: -1
New value for mixed integer optimality gap tolerance: 0.05
New value for emphasis for MIP optimization: 1
New value for integrality tolerance: 1e-10
New value for deterministic time limit in ticks: 50000

Problem 'C:\Users\llavin\Desktop\test826\logs\tmp_h7td9cm.pyomo.lp' read.
Read time = 0.53 sec. (28.58 ticks)
MIP start file 'C:\Users\llavin\Desktop\test826\logs\tmpmqp8qcxq.cplex.mst' read.

Problem name         : C:\Users\llavin\Desktop\test826\logs\tmp_h7td9cm.pyomo.lp
Objective sense      : Maximize
Variables            :  109223  [Nneg: 1,  Box: 45498,  Free: 8928,
                                 Binary: 54796]
Objective nonzeros   :   19732
Linear constraints   :  246901  [Less: 82864,  Greater: 118424,  Equal: 45613]
  Nonzeros           :  619133
  RHS nonzeros       :  135843

Variables            : Min LB: -5000.000        Max UB: 1000000.       
Objective nonzeros   : Min   : 0.008333333      Max   : 208.3333       
Linear constraints   :
  Nonzeros           : Min   : 0.008333333      Max   : 1000000.       
  RHS nonzeros       : Min   : 0.008333333      Max   : 1000000.       
CPXPARAM_Parallel                                -1
CPXPARAM_Emphasis_MIP                            1
CPXPARAM_DetTimeLimit                            50000
CPXPARAM_MIP_Tolerances_MIPGap                   0.050000000000000003
CPXPARAM_MIP_Tolerances_Integrality              1e-10
Warning:  No solution found from 1 MIP starts.
Retaining values of one MIP start for possible repair.
Tried aggregator 3 times.
MIP Presolve eliminated 176826 rows and 38812 columns.
MIP Presolve added 7020 rows and 0 columns.
MIP Presolve modified 53022 coefficients.
Aggregator did 26008 substitutions.
Reduced MIP has 51087 rows, 43507 columns, and 151649 nonzeros.
Reduced MIP has 17225 binaries, 0 generals, 0 SOSs, and 0 indicators.
Presolve time = 0.63 sec. (377.35 ticks)
Probing fixed 823 vars, tightened 13857 bounds.
Probing time = 0.41 sec. (18.48 ticks)
Tried aggregator 2 times.
MIP Presolve eliminated 1837 rows and 1681 columns.
MIP Presolve modified 9349 coefficients.
Aggregator did 96 substitutions.
Reduced MIP has 49154 rows, 41730 columns, and 140796 nonzeros.
Reduced MIP has 16402 binaries, 0 generals, 0 SOSs, and 0 indicators.
Presolve time = 0.28 sec. (247.02 ticks)
Probing fixed 0 vars, tightened 3158 bounds.
Probing time = 0.52 sec. (19.17 ticks)
Clique table members: 83196.
MIP emphasis: integer feasibility.
MIP search method: dynamic search.
Parallel mode: opportunistic, using up to 32 threads.
Root relaxation solution time = 1.19 sec. (671.79 ticks)

        Nodes                                         Cuts/
   Node  Left     Objective  IInf  Best Integer    Best Bound    ItCnt     Gap

      0     0    26894.3592   681                  26894.3592       40         
      0     0    26852.7603   315                   Cuts: 308      340         
      0     0    26841.0987   327                   Cuts: 181      509         
      0     0    26818.4369   301                    Cuts: 98      601         
Repair heuristic found nothing.
      0    20    26748.4969   286                    Cuts: 16      869         
Elapsed time = 8.81 sec. (3844.19 ticks, tree = 0.02 MB, solutions = 0)
    283    82    26689.8103   266                  26799.2316     2246         
    469   498    25670.4903   235                  26798.0096    10440         
    773   470    26711.0834   241                  26798.0096     9293         
   1113   871    26693.8916   234                  26798.0096    16243         
   1439  1362    26382.8434   207                  26798.0096    24984         
   1827  1401    26368.5508   168                  26798.0096    26055         
   2223  1458    25494.3782   204                  26798.0096    26851         
   2561  1671    23016.7974   182                  26798.0096    31390         
   2875  2217    26342.1194   133                  26798.0096    40220         
   3912  3100    23227.9327   138                  26798.0096    61068         
Elapsed time = 29.02 sec. (6950.61 ticks, tree = 62.74 MB, solutions = 0)
   4792  4176    26135.9073    55                  26798.0096   103353         
   5773  4646    26330.0947   284                  26798.0096   125047         
   6784  5556    24741.1718   286                  26798.0096   161572         
   7835  6798    26465.6631   241                  26798.0096   210563         
   8853  7874    26660.9078   257                  26798.0096   254382         
   9853  8224    26240.6129   155                  26798.0096   267218         
  10839  8933    26581.8935   239                  26798.0096   299363         
  11840  9887    21487.6704   180                  26798.0096   347976         
  12738 10982    25593.8801   289                  26798.0096   404973         
  13565 11391    19239.4185   296                  26798.0096   425089         
Elapsed time = 79.98 sec. (16499.07 ticks, tree = 348.73 MB, solutions = 0)

Clique cuts applied:  3
Cover cuts applied:  22
Implied bound cuts applied:  10
Flow cuts applied:  369
Mixed integer rounding cuts applied:  2
Gomory fractional cuts applied:  4

Root node processing (before b&c):
  Real time             =    5.91 sec. (3795.36 ticks)
Parallel b&c, 32 threads:
  Real time             =   80.70 sec. (16943.06 ticks)
  Sync time (average)   =    1.91 sec.
  Wait time (average)   =    0.00 sec.
                          ------------
Total (root+branch&cut) =   86.61 sec. (20738.42 ticks)


MIP - Aborted, no integer solution.
Current MIP best bound =  2.6798009614e+04 (gap is infinite)
Solution time =   86.66 sec.  Iterations = 490056  Nodes = 13707 (12408)
Deterministic time = 20738.74 ticks  (239.32 ticks/sec)


CPLEX Error  1217: No solution exists.
No file written.
