
Log started (V12.9.0.0) Wed Sep  9 23:51:11 2020

New value for parallel optimization mode: -1
New value for mixed integer optimality gap tolerance: 0.02
New value for emphasis for MIP optimization: 1
New value for integrality tolerance: 1e-12
New value for deterministic time limit in ticks: 150000

Problem 'C:\Users\llavin\Desktop\test826\logs\tmpj3ymlbzd.pyomo.lp' read.
Read time = 0.48 sec. (28.93 ticks)

Problem name         : C:\Users\llavin\Desktop\test826\logs\tmpj3ymlbzd.pyomo.lp
Objective sense      : Maximize
Variables            :  107803  [Nneg: 1,  Box: 44062,  Free: 8928,
                                 Binary: 54812]
Objective nonzeros   :   18340
Linear constraints   :  246963  [Less: 82886,  Greater: 118460,  Equal: 45617]
  Nonzeros           :  621605
  RHS nonzeros       :  135881

Variables            : Min LB: -5000.000        Max UB: 1000000.       
Objective nonzeros   : Min   : 0.001000000      Max   : 208.3333       
Linear constraints   :
  Nonzeros           : Min   : 0.001000000      Max   : 1000000.       
  RHS nonzeros       : Min   : 0.001000000      Max   : 1000000.       
CPXPARAM_Parallel                                -1
CPXPARAM_Emphasis_MIP                            1
CPXPARAM_DetTimeLimit                            150000
CPXPARAM_MIP_Tolerances_MIPGap                   0.02
CPXPARAM_MIP_Tolerances_Integrality              9.9999999999999998e-13
Tried aggregator 3 times.
MIP Presolve eliminated 176489 rows and 37209 columns.
MIP Presolve added 7020 rows and 0 columns.
MIP Presolve modified 51744 coefficients.
Aggregator did 25907 substitutions.
Reduced MIP has 51587 rows, 43791 columns, and 164393 nonzeros.
Reduced MIP has 17302 binaries, 0 generals, 0 SOSs, and 0 indicators.
Presolve time = 0.59 sec. (396.09 ticks)
Probing fixed 885 vars, tightened 16982 bounds.
Probing time = 0.42 sec. (19.96 ticks)
Tried aggregator 2 times.
MIP Presolve eliminated 2054 rows and 1774 columns.
MIP Presolve modified 6425 coefficients.
Aggregator did 96 substitutions.
Reduced MIP has 49437 rows, 41921 columns, and 144807 nonzeros.
Reduced MIP has 16417 binaries, 0 generals, 0 SOSs, and 0 indicators.
Presolve time = 0.25 sec. (257.75 ticks)
Probing fixed 0 vars, tightened 528 bounds.
Probing time = 0.56 sec. (17.93 ticks)
Clique table members: 83987.
MIP emphasis: integer feasibility.
MIP search method: dynamic search.
Parallel mode: opportunistic, using up to 32 threads.
Root relaxation solution time = 1.31 sec. (2734.30 ticks)

        Nodes                                         Cuts/
   Node  Left     Objective  IInf  Best Integer    Best Bound    ItCnt     Gap

      0     0    -4784.6790  1139                  -4784.6790    12059         
      0     0    -4790.4349   934                   Cuts: 670    12364         
      0     0    -4792.1798   911                   Cuts: 188    12490         
      0     0    -4796.0420   916                    Cuts: 98    12560         
      0    29    -8621.5577   964                    Cuts: 13    13964         
Elapsed time = 9.06 sec. (5474.68 ticks, tree = 0.02 MB, solutions = 0)
    174    64    -8725.1889   952                  -4798.6658    14425         
    487    94    -9653.1053   920                  -4798.6658    14515         
    912   746    -9651.1126   909                  -4798.6658    22044         
   1173   360   -10110.9317   839                  -4798.6658    17813         
   1441   710    -9369.5345   871                  -4798.6658    22119         
   1614  1175   -10283.8540   809                  -4798.6658    29029         
   1789  1625    -9286.7043   891                  -4798.6658    41013         
   2046  1448    -8998.5201   915                  -4798.6658    36980         
   2342  1806    -9892.0600   951                  -4798.6658    50581         
   3390  2240   -14145.2389   893                  -4798.6658    66103         
Elapsed time = 30.41 sec. (8582.31 ticks, tree = 31.87 MB, solutions = 0)
   4169  3061   -14928.4143   879                  -4798.6658   104574         
   5010  3440   -16001.5718   991                  -4798.6658   124818         
   5829  3903    -6738.3053   783                  -4798.6658   150616         
   6599  4742   -12547.3723   785                  -4798.6658   208279         
   7426  5195    -7708.7591   770                  -4798.6658   225610         
   8374  5565    -6549.5310   847                  -4798.6658   244011         
*  8698+ 2773                        -7710.2877    -4798.6658            37.76%
   9584  2786    -7297.5568   825    -7710.2877    -4798.6658   313673   37.76%
  10526  6341    -5046.2755   835    -7710.2877    -4798.6658   297922   37.76%
  11604  6396    infeasible          -7710.2877    -4798.6658   296127   37.76%
Elapsed time = 84.45 sec. (17526.03 ticks, tree = 546.49 MB, solutions = 1)
  12542  3237    -4829.7389   852    -7710.2877    -4798.6658   367873   37.76%
  12991  3224    -6023.0731   831    -7710.2877    -4798.6658   364446   37.76%
  13094  5450        cutoff          -7710.2877    -4980.6816   436829   35.40%
  13805    87        cutoff          -7710.2877    -5032.3368   441132   34.73%
  14748   427    -7420.5827    79    -7710.2877    -5032.3368   456080   34.73%
  14994  1565    -5192.5742   134    -7710.2877    -5032.6846   501845   34.73%
  15262  1781    -6910.9020    96    -7710.2877    -5032.6846   506285   34.73%
  16020  1599    -7707.7477    40    -7710.2877    -5032.6846   502147   34.73%
  17156  1985    -6499.8786   181    -7710.2877    -5032.6846   511100   34.73%
  18297  4183    -6905.4545    92    -7710.2877    -5032.6846   609460   34.73%
Elapsed time = 137.95 sec. (34110.22 ticks, tree = 62.37 MB, solutions = 1)
  19472  4227    -7130.5197    64    -7710.2877    -5038.6499   609844   34.65%
  20754  3558    -7107.5352    64    -7710.2877    -5038.6499   577417   34.65%
  22035  4487        cutoff          -7710.2877    -5038.6499   622958   34.65%
  23310  7168    -7707.9586    41    -7710.2877    -5038.6499   735435   34.65%
  24710  7309    -5558.9024   125    -7710.2877    -5038.6499   740372   34.65%
  26044  8107    -7659.4241    78    -7710.2877    -5038.6499   772143   34.65%
  27540  9716    -7224.0399    79    -7710.2877    -5038.6499   829977   34.65%
  29002 11987    -7216.7091   114    -7710.2877    -5038.6499   916257   34.65%
  30401 13789    -6842.0955   114    -7710.2877    -5038.6499   988837   34.65%
  31763 11327    -6511.3828   162    -7710.2877    -5038.6499   892429   34.65%
Elapsed time = 204.19 sec. (43653.40 ticks, tree = 178.44 MB, solutions = 1)
  33035 12797    -7529.7669   108    -7710.2877    -5038.6499   952486   34.65%
  34368 15426    -5917.5542   120    -7710.2877    -5038.6499  1066564   34.65%
  35742 15498    -6946.4003    99    -7710.2877    -5038.6499  1072040   34.65%
  37230 15323        cutoff          -7710.2877    -5038.6499  1065030   34.65%
  38664 17034    -6741.5821   116    -7710.2877    -5038.6499  1129094   34.65%
  40136 17471    -7234.1682    91    -7710.2877    -5038.6499  1146788   34.65%
  41673 17432    -6895.8436   109    -7710.2877    -5038.6499  1142982   34.65%
  43220 21859    -7034.2352   106    -7710.2877    -5038.6499  1317908   34.65%
  44626 19202    -7505.3437    96    -7710.2877    -5038.6499  1219149   34.65%
  46063 19918    -7614.5381    79    -7710.2877    -5038.6499  1248685   34.65%
Elapsed time = 276.97 sec. (53196.94 ticks, tree = 319.60 MB, solutions = 1)
  47455 20664        cutoff          -7710.2877    -5038.6499  1280117   34.65%
  48776 24444    -6713.3698   123    -7710.2877    -5038.6499  1416862   34.65%
  50130 25110    -7072.4744    85    -7710.2877    -5038.6499  1442444   34.65%
  51368 23175    -7426.9234    88    -7710.2877    -5038.6499  1370873   34.65%
  52419 25180    -7307.3959    85    -7710.2877    -5038.6499  1444921   34.65%
  53200 25597    -7072.6559    93    -7710.2877    -5038.6499  1462763   34.65%
  53854 27828    -7703.3768    64    -7710.2877    -5038.6499  1576401   34.65%
  54408 29057        cutoff          -7710.2877    -5038.6499  1629864   34.65%
  55114 28515        cutoff          -7710.2877    -5038.6499  1612888   34.65%
  56038 28613    -7518.6122    74    -7710.2877    -5038.6499  1619221   34.65%
Elapsed time = 325.34 sec. (62740.27 ticks, tree = 462.00 MB, solutions = 1)
  57327 30688    -7474.6795   128    -7710.2877    -5038.6499  1730830   34.65%
  58639 32935    -7555.5645    91    -7710.2877    -5038.6499  1873823   34.65%
  59986 32972    -6469.9605    98    -7710.2877    -5038.6499  1875137   34.65%
  61298 30918    -7007.9872   178    -7710.2877    -5038.6499  1749291   34.65%
  62531 31302    -7505.1372   101    -7710.2877    -5038.6499  1774486   34.65%
  63678 32316    -7705.7948    57    -7710.2877    -5038.6499  1830977   34.65%
  64604 33122    -7638.9794   100    -7710.2877    -5038.6499  1880736   34.65%
  65168 32511    -7683.6042    68    -7710.2877    -5038.6499  1844116   34.65%
  65326 33400    -7689.2256    91    -7710.2877    -5038.6499  1899968   34.65%
  65373 34133    -7697.2942    66    -7710.2877    -5038.6499  1943529   34.65%
Elapsed time = 332.80 sec. (72297.13 ticks, tree = 557.22 MB, solutions = 1)

GUB cover cuts applied:  1
Clique cuts applied:  206
Cover cuts applied:  31
Implied bound cuts applied:  194
Flow cuts applied:  256
Mixed integer rounding cuts applied:  11
Gomory fractional cuts applied:  26

Root node processing (before b&c):
  Real time             =    5.80 sec. (5405.88 ticks)
Parallel b&c, 32 threads:
  Real time             =  327.67 sec. (67367.08 ticks)
  Sync time (average)   =    7.04 sec.
  Wait time (average)   =    0.39 sec.
                          ------------
Total (root+branch&cut) =  333.47 sec. (72772.96 ticks)

Solution pool: 1 solution saved.

MIP - Aborted, integer feasible:  Objective = -7.7102877158e+03
Current MIP best bound = -5.0386499203e+03 (gap = 2671.64, 34.65%)
Solution time =  333.52 sec.  Iterations = 2084515  Nodes = 65398 (36765)
Deterministic time = 72773.27 ticks  (218.20 ticks/sec)


Incumbent solution written to file 'C:\Users\llavin\Desktop\test826\logs\tmpwf3xmbg0.cplex.sol'.
