
Log started (V12.9.0.0) Thu Sep 10 11:25:07 2020

New value for parallel optimization mode: -1
New value for mixed integer optimality gap tolerance: 0.02
New value for integrality tolerance: 1e-12
New value for deterministic time limit in ticks: 65000

Problem 'C:\Users\llavin\Desktop\test826\logs\tmpxo2edui_.pyomo.lp' read.
Read time = 0.20 sec. (13.64 ticks)

Problem name         : C:\Users\llavin\Desktop\test826\logs\tmpxo2edui_.pyomo.lp
Objective sense      : Maximize
Variables            :   53815  [Nneg: 1,  Box: 22002,  Free: 4464,
                                 Binary: 27348]
Objective nonzeros   :    8980
Linear constraints   :  123235  [Less: 41356,  Greater: 59114,  Equal: 22765]
  Nonzeros           :  292605
  RHS nonzeros       :   67515

Variables            : Min LB: -5000.000        Max UB: 1000000.       
Objective nonzeros   : Min   : 0.1750000        Max   : 772.4167       
Linear constraints   :
  Nonzeros           : Min   : 0.1750000        Max   : 1000000.       
  RHS nonzeros       : Min   : 0.001000000      Max   : 1000000.       
CPXPARAM_Parallel                                -1
CPXPARAM_DetTimeLimit                            65000
CPXPARAM_MIP_Tolerances_MIPGap                   0.02
CPXPARAM_MIP_Tolerances_Integrality              9.9999999999999998e-13
Tried aggregator 3 times.
MIP Presolve eliminated 88701 rows and 18981 columns.
MIP Presolve added 3398 rows and 0 columns.
MIP Presolve modified 24920 coefficients.
Aggregator did 12999 substitutions.
Reduced MIP has 24933 rows, 21279 columns, and 71310 nonzeros.
Reduced MIP has 8402 binaries, 0 generals, 0 SOSs, and 0 indicators.
Presolve time = 0.25 sec. (175.31 ticks)
Probing fixed 395 vars, tightened 4137 bounds.
Probing time = 0.05 sec. (19.24 ticks)
Tried aggregator 2 times.
MIP Presolve eliminated 889 rows and 792 columns.
MIP Presolve modified 3038 coefficients.
Aggregator did 36 substitutions.
Reduced MIP has 24008 rows, 20451 columns, and 68622 nonzeros.
Reduced MIP has 8007 binaries, 0 generals, 0 SOSs, and 0 indicators.
Presolve time = 0.09 sec. (89.15 ticks)
Probing fixed 0 vars, tightened 401 bounds.
Probing time = 0.11 sec. (23.11 ticks)
Clique table members: 44726.
MIP emphasis: balance optimality and feasibility.
MIP search method: dynamic search.
Parallel mode: opportunistic, using up to 32 threads.
Root relaxation solution time = 0.39 sec. (633.05 ticks)

        Nodes                                         Cuts/
   Node  Left     Objective  IInf  Best Integer    Best Bound    ItCnt     Gap

      0     0     3382.5707   129                   3382.5707     5579         
      0    16    infeasible                         Covers: 1     6341         
Elapsed time = 4.20 sec. (2404.45 ticks, tree = 0.02 MB, solutions = 0)
    336   117   -13725.4847     9                   3369.1722     9776         
    926   147    infeasible                         3369.1722    10732         
   1407   557     3292.1538     2                   3369.1722    33804         
   1946   814     3160.7998     2                   3369.1722    47488         
   2453  1107     3203.2379     2                   3369.1722    66284         
   2935  1370    infeasible                         3369.1722    78224         
   3531  1560     2888.0269     3                   3369.1722    86363         
   4221  1980     2033.5465    17                   3369.1722   108287         
   5007  1983     1719.0771     4                   3369.1722   107492         
   7761  2910    infeasible                         3364.6805   149894         
Elapsed time = 20.38 sec. (5506.70 ticks, tree = 41.57 MB, solutions = 0)
   8609  3801     3369.1722     7                   3364.6805   196476         
   9641   365     2516.6797     8                   3342.9416   201786         
  12039  1024     3017.6367    12                   3336.0494   217609         
  15154  3378     3072.5022     9                   3267.5199   253295         
  17820  5915     3176.4689     9                   3254.9416   294799         
  20325  6897      798.0087    17                   3254.9416   322740         
  23002  8767     2716.7215     8                   3254.9416   373940         
  26826 11048      798.0087    13                   3254.9416   416409         
  31103 13665      480.0938    17                   3254.9416   448625         
  35109 15635      462.5023    17                   3254.9416   470513         
Elapsed time = 82.06 sec. (17715.83 ticks, tree = 118.01 MB, solutions = 0)
  39593 19877     3188.1991    13                   3254.9416   514705         
  44362 21452   -19074.1371    20                   3254.9416   532959         
  48424 24445      455.4133    17                   3254.9416   573772         
  51958 30868    infeasible                         3254.9416   641799         
  56169 30218     3144.7221    11                   3254.9416   635776         
  60333 36231     3170.0309    14                   3254.9416   721557         
  64143 34384      338.2614     9                   3254.9416   689397         
  67728 36640    infeasible                         3254.9416   732757         
  71102 39690    -2832.9508     9                   3254.9416   802472         
  75097 43916      338.2614    12                   3254.9416   907375         
Elapsed time = 132.39 sec. (27253.91 ticks, tree = 338.07 MB, solutions = 0)
  79913 45502      452.6765     9                   3254.9416   944750         
  84796 46812     2381.6231    10                   3254.9416   968656         
  88628 51883    infeasible                         3254.9416  1059751         
  91162 52726     -869.4515    12                   3254.9416  1072690         
  92062 59209    infeasible                         3178.2739  1210357         
  92605   234      338.2614     5                   3178.2739  1220297         
  93452   229     -259.0955     8                   3178.2739  1220270         
  94635   340     3072.5022     2                   3178.2739  1224883         
  95867   992     3160.7998     1                   3178.2739  1248018         
  96814   840     3127.1315     6                   3178.2739  1240949         
Elapsed time = 168.11 sec. (38355.90 ticks, tree = 5.25 MB, solutions = 0)
  97778   940   -48056.2611    29                   3178.2739  1243517         
  99059  2190    -2591.5852     5                   3178.2739  1289234         
 100659  2707     3218.3182     9                   3178.2739  1305909         
 102328  4477     2716.7215     4                   3178.2739  1354255         
 103980  7037      338.2614    14                   3178.2739  1430916         
 105843  6026     3160.7998     5                   3178.2739  1395055         
 107668  5352      338.2614     8                   3178.2739  1376519         
 109555  6817    infeasible                         3178.2739  1421947         
 111565  7878     3127.1315     6                   3178.2739  1459636         
 113612  9974     3072.5022     2                   3178.2739  1543197         
Elapsed time = 238.19 sec. (47899.90 ticks, tree = 423.01 MB, solutions = 0)
 115780 10795     3160.7998     5                   3178.2739  1577333         
 118056 12425     3160.7998     2                   3178.2739  1636951         
 120272 15792    infeasible                         3178.2739  1778920         
 122553 16281     2224.4104     6                   3178.2739  1792287         
 124888 16882     3106.3719     1                   3178.2739  1802612         
 127238 22094      694.0420     6                   3178.2739  1888219         
 129663 21556      694.0420     5                   3178.2739  1883482         
 131868 23967    infeasible                         3178.2739  1916998         
 133612 24420     3130.5875     6                   3178.2739  1923480         
 135424 31136     3148.6460     9                   3178.2739  2095319         
Elapsed time = 282.22 sec. (57440.15 ticks, tree = 602.59 MB, solutions = 0)
 137184 29188    infeasible                         3178.2739  2030055         
