
Log started (V12.9.0.0) Wed Sep  9 12:15:12 2020

New value for parallel optimization mode: -1
New value for mixed integer optimality gap tolerance: 0.02
New value for emphasis for MIP optimization: 1
New value for integrality tolerance: 1e-12
New value for deterministic time limit in ticks: 150000

Problem 'C:\Users\llavin\Desktop\test826\logs\tmphl240fzn.pyomo.lp' read.
Read time = 0.52 sec. (28.99 ticks)
MIP start file 'C:\Users\llavin\Desktop\test826\logs\tmpf9c8me1r.cplex.mst' read.

Problem name         : C:\Users\llavin\Desktop\test826\logs\tmphl240fzn.pyomo.lp
Objective sense      : Maximize
Variables            :  109243  [Nneg: 1,  Box: 45502,  Free: 8928,
                                 Binary: 54812]
Objective nonzeros   :   20453
Linear constraints   :  246963  [Less: 82886,  Greater: 118460,  Equal: 45617]
  Nonzeros           :  622277
  RHS nonzeros       :  136555

Variables            : Min LB: -5000.000        Max UB: 1000000.       
Objective nonzeros   : Min   : 0.001000000      Max   : 208.3333       
Linear constraints   :
  Nonzeros           : Min   : 0.001000000      Max   : 1000000.       
  RHS nonzeros       : Min   : 0.001000000      Max   : 1000000.       
CPXPARAM_Parallel                                -1
CPXPARAM_Emphasis_MIP                            1
CPXPARAM_DetTimeLimit                            150000
CPXPARAM_MIP_Tolerances_MIPGap                   0.02
CPXPARAM_MIP_Tolerances_Integrality              9.9999999999999998e-13
Warning:  No solution found from 1 MIP starts.
Retaining values of one MIP start for possible repair.
Tried aggregator 3 times.
MIP Presolve eliminated 173255 rows and 35781 columns.
MIP Presolve added 7679 rows and 0 columns.
MIP Presolve modified 52811 coefficients.
Aggregator did 26000 substitutions.
Reduced MIP has 55387 rows, 47078 columns, and 163813 nonzeros.
Reduced MIP has 18662 binaries, 0 generals, 0 SOSs, and 0 indicators.
Presolve time = 0.61 sec. (384.51 ticks)
Probing fixed 795 vars, tightened 15328 bounds.
Probing time = 0.44 sec. (18.99 ticks)
Tried aggregator 2 times.
MIP Presolve eliminated 1799 rows and 1619 columns.
MIP Presolve modified 7066 coefficients.
Aggregator did 80 substitutions.
Reduced MIP has 53508 rows, 45379 columns, and 158256 nonzeros.
Reduced MIP has 17862 binaries, 0 generals, 0 SOSs, and 0 indicators.
Presolve time = 0.26 sec. (282.88 ticks)
Probing fixed 7 vars, tightened 585 bounds.
Probing time = 0.63 sec. (21.85 ticks)
Clique table members: 88058.
MIP emphasis: integer feasibility.
MIP search method: dynamic search.
Parallel mode: opportunistic, using up to 32 threads.
Root relaxation solution time = 1.30 sec. (2440.76 ticks)

        Nodes                                         Cuts/
   Node  Left     Objective  IInf  Best Integer    Best Bound    ItCnt     Gap

      0     0     1291.3359   152                   1291.3359    12438         
      0     0     1291.3359     9                   Cuts: 119    12455         
      0     0     1291.3360    10                   Cuts: 110    12474         
      0     0     1276.1004    10                     Cuts: 4    12489         
Repair heuristic found nothing.
      0    38      791.9325     6                     Cuts: 5    12796         
Elapsed time = 9.44 sec. (6110.04 ticks, tree = 0.02 MB, solutions = 0)
*    40    69      integral     0      786.4636     1227.4041    12964   56.07%
    463    73      979.4515     3      786.4636     1227.4041    13206   56.07%
    994   442      979.4515     2      786.4636     1227.4041    14083   56.07%
   1573   805      821.1640     6      786.4636     1227.4041    15192   56.07%
   2145  1011        cutoff            786.4636     1227.4041    15941   56.07%
   2478  1437      787.1786     9      786.4636     1227.4041    17729   56.07%
   2826  1908      879.7598     4      786.4636     1227.4041    19218   56.07%
   3323  2165      820.8389     8      786.4636     1215.7477    20100   54.58%
   3863  2645      820.8389     8      786.4636     1215.7477    21491   54.58%
   6212  4418      979.4515     3      786.4636     1127.9204    26210   43.42%
Elapsed time = 28.89 sec. (9055.70 ticks, tree = 71.65 MB, solutions = 4)
   8135  5766      821.1640     4      786.4636     1127.9204    29502   43.42%
   9023  7097        cutoff            786.4636     1127.9204    44328   43.42%
  10823   261      979.4515     7      786.4636     1127.9204    46830   43.42%
  11155  1269      979.4515     4      786.4636     1127.9204    53899   43.42%
  11905  1439      941.1173     7      786.4636     1127.9204    54817   43.42%
  14222  1700      821.1640    11      786.4636     1127.9204    55571   43.42%
  16687  3684      892.0295     7      786.4636     1127.9204    71426   43.42%
  19114  5037      892.0295     7      786.4636     1127.9204    88590   43.42%
  21305  4056        cutoff            786.4636     1127.9204    76225   43.42%
  23476  5220        cutoff            786.4636     1127.9204   100259   43.42%
Elapsed time = 90.31 sec. (23896.13 ticks, tree = 70.53 MB, solutions = 4)
  25653  5570      911.8858     9      786.4636     1127.9204   104164   43.42%
  28041  5477      979.4515     8      786.4636     1127.9204   103640   43.42%
  30232  6342      879.7625     9      786.4636     1127.9204   115710   43.42%
  31967  5976      791.4627    10      786.4636     1127.9204   111209   43.42%
  32729  6378      911.8858     7      786.4636     1127.9204   117057   43.42%
  33071  9169      799.1386     9      786.4636     1127.9204   134749   43.42%
  34164  9272      791.9297     5      786.4636     1101.9820   136333   40.12%
  35949  9359      791.4557    11      786.4636     1101.9820   136838   40.12%
  37984  9376      791.9297     5      786.4636     1101.9820   137502   40.12%
  40286 10578      820.8417     8      786.4636     1101.9820   142004   40.12%
Elapsed time = 135.94 sec. (33446.77 ticks, tree = 151.89 MB, solutions = 4)
  42928  9466      797.8783    11      786.4636     1101.9820   137612   40.12%
  45659 10336      815.7733    12      786.4636     1101.9820   141665   40.12%
  48377 10499      796.3567    13      786.4636     1101.9820   141565   40.12%
  51102 12860        cutoff            786.4636     1101.9820   154260   40.12%
  53862 13959      831.9620    11      786.4636     1101.9820   160864   40.12%
  56624 20392      802.5186    11      786.4636     1101.9820   189614   40.12%
  59340 15400        cutoff            786.4636     1034.4162   169527   31.53%
  61995 13862      831.9620     9      786.4636     1034.4162   160484   31.53%
  64654 28885      796.7062    14      786.4636     1034.4162   221290   31.53%
  67089 18466      797.0853    13      786.4636     1034.4162   181097   31.53%
Elapsed time = 195.55 sec. (42986.88 ticks, tree = 275.60 MB, solutions = 4)
  69334 23642      951.7392    11      786.4636     1034.4162   201365   31.53%
  71466 28250      797.0853    13      786.4636     1034.4162   218631   31.53%
  73383 21012      802.5186    12      786.4636     1034.4162   192048   31.53%
  74820 23243      796.3567    11      786.4636     1034.4162   200189   31.53%
  75869 28416      797.8783    13      786.4636     1034.4162   219170   31.53%
  76715 29436      796.7062    12      786.4636     1034.4162   223077   31.53%
  77282 30964      822.8575    11      786.4636     1034.4162   229096   31.53%
  77720 30999        cutoff            786.4636     1034.4162   229348   31.53%
  77831 39353        cutoff            786.4636      986.6157   269669   25.45%
  79571   345      941.1173     5      786.4636      986.6157   272190   25.45%
Elapsed time = 225.30 sec. (56516.51 ticks, tree = 3.24 MB, solutions = 4)
  82104  2169      979.4515     6      786.4636      986.6157   280753   25.45%
  84555  3179        cutoff            786.4636      986.6157   286246   25.45%
  87116  3341      821.1640    18      786.4636      986.6157   288454   25.45%
  89468  4866      918.3264    12      786.4636      986.6157   298139   25.45%
  91911  5113      918.4718    17      786.4636      986.6157   300316   25.45%
  94365  6445      866.7679     6      786.4636      986.6157   310757   25.45%
  96786  6599      787.1939    15      786.4636      986.6157   311302   25.45%
  99392  7969        cutoff            786.4636      986.6157   316937   25.45%
 102089  8874      847.5241    11      786.4636      986.6157   320986   25.45%
 104775 10485      847.5400    10      786.4636      986.6157   327862   25.45%
Elapsed time = 283.38 sec. (66056.88 ticks, tree = 128.64 MB, solutions = 4)
 107407 11291      787.1939    16      786.4636      986.6157   331771   25.45%
 109989 12339      787.1939    12      786.4636      986.6157   336282   25.45%
 112839 13490      859.9381     8      786.4636      986.6157   347599   25.45%
 115758 13729    infeasible            786.4636      986.6157   356828   25.45%
 118684 13789      859.9221    10      786.4636      986.6157   356164   25.45%
 121357 13404      814.4703    58      786.4636      986.6157   364635   25.45%
 123758 13024      879.7625     6      786.4636      986.6157   373848   25.45%
 126246 13178      821.1640    11      786.4636      986.6157   371256   25.45%
 128693 12918        cutoff            786.4636      986.6157   375991   25.45%
 131140 12651      826.1476    18      786.4636      986.6157   396490   25.45%
Elapsed time = 340.45 sec. (75599.13 ticks, tree = 150.71 MB, solutions = 4)
 133506 12675      813.0545    13      786.4636      986.6157   390421   25.45%
 135802 12763      819.3171    14      786.4636      986.6157   398327   25.45%
 138026 13087      826.1476    15      786.4636      986.6157   402377   25.45%
 140207 13533      821.1640    15      786.4636      986.6157   414908   25.45%
 142393 14061      832.1849    16      786.4636      986.6157   430317   25.45%
 144651 13614        cutoff            786.4636      986.6157   450713   25.45%
 146973 13694      813.0545    13      786.4636      986.6157   446291   25.45%
 149210 14065      815.5517    15      786.4636      986.6157   440263   25.45%
 151398 13653        cutoff            786.4636      986.6157   450259   25.45%
 153648 12543        cutoff            786.4636      986.6157   464408   25.45%
Elapsed time = 396.30 sec. (85140.79 ticks, tree = 144.57 MB, solutions = 4)
 155809 12655        cutoff            786.4636      986.6157   463649   25.45%
 157923 12790        cutoff            786.4636      986.6157   462355   25.45%
 160023 11047        cutoff            786.4636      986.6157   486607   25.45%
 162137 10656        cutoff            786.4636      986.6157   502181   25.45%
 164253 11167      815.5517    56      786.4636      986.6157   486568   25.45%
 166415  9294        cutoff            786.4636      986.6157   520092   25.45%
 168630  9284      815.5517    55      786.4636      986.6157   520229   25.45%
 170935  8780      813.0545    15      786.4636      986.6157   524890   25.45%
 173299  9218        cutoff            786.4636      986.6157   535447   25.45%
 175710 10815      837.7835    14      786.4636      982.3482   551947   24.91%
Elapsed time = 451.20 sec. (94680.83 ticks, tree = 138.75 MB, solutions = 4)
 178224  9505        cutoff            786.4636      982.3482   538070   24.91%
 180659  9187      804.3757    16      786.4636      982.3482   534540   24.91%
 183055  9955      815.5517    15      786.4636      982.3482   542844   24.91%
 185414 10184        cutoff            786.4636      982.3482   545450   24.91%
 187710 11022      795.8209    14      786.4636      982.3482   553456   24.91%
 190020 13581      795.9414    18      786.4636      982.3482   576678   24.91%
 192344 14103      804.3757    56      786.4636      982.3482   580073   24.91%
 194686 18666      802.7478    20      786.4636      982.3482   626743   24.91%
 197082 13797      859.8177    12      786.4636      946.7171   577610   20.38%
 206699 20876      819.3171    54      786.4636      941.8476   663740   19.76%
Elapsed time = 524.16 sec. (107081.92 ticks, tree = 245.44 MB, solutions = 4)
 215948 21644      819.2030    13      786.4636      941.8476   709857   19.76%
 224747 21477      803.6970    13      786.4636      941.7334   740216   19.74%
 233329 21499      819.3171    14      786.4636      924.8030   725831   17.59%
 238258 20007        cutoff            786.4636      924.8030   771475   17.59%
 240100 18236        cutoff            786.4636      924.8030   787185   17.59%
