
Log started (V12.10.0.0) Fri Aug 21 14:56:20 2020

New value for parallel optimization mode: -1
New value for mixed integer optimality gap tolerance: 0.01
New value for feasibility tolerance: 1e-09
New value for deterministic time limit in ticks: 50000

Problem 'C:\Users\wenmi\Desktop\competitiveMPEC\logs\tmpx8oh92tg.pyomo.lp' read.
Read time = 0.33 sec. (27.75 ticks)
MIP start file 'C:\Users\wenmi\Desktop\competitiveMPEC\logs\tmp8zg4hosz.cplex.mst' read.

Problem name         : C:\Users\wenmi\Desktop\competitiveMPEC\logs\tmpx8oh92tg.pyomo.lp
Objective sense      : Maximize
Variables            :  109221  [Nneg: 1,  Box: 45496,  Free: 8928,
                                 Binary: 54796]
Objective nonzeros   :   18769
Linear constraints   :  246901  [Less: 82866,  Greater: 118424,  Equal: 45611]
  Nonzeros           :  590237
  RHS nonzeros       :  134592

Variables            : Min LB: -5000.000        Max UB: 1000000.       
Objective nonzeros   : Min   : 0.1944444        Max   : 2500.000       
Linear constraints   :
  Nonzeros           : Min   : 0.1944444        Max   : 1000000.       
  RHS nonzeros       : Min   : 0.1944444        Max   : 1000000.       
Version identifier: 12.10.0.0 | 2019-11-26 | 843d4de2ae
CPXPARAM_Parallel                                -1
CPXPARAM_Simplex_Tolerances_Feasibility          1.0000000000000001e-09
CPXPARAM_DetTimeLimit                            50000
CPXPARAM_MIP_Tolerances_MIPGap                   0.01
1 of 1 MIP starts provided solutions.
MIP start 'm1' defined initial solution with objective 0.0000.
Tried aggregator 3 times.
MIP Presolve eliminated 181644 rows and 42901 columns.
MIP Presolve added 6048 rows and 0 columns.
MIP Presolve modified 48878 coefficients.
Aggregator did 25872 substitutions.
Reduced MIP has 45433 rows, 38816 columns, and 132118 nonzeros.
Reduced MIP has 15278 binaries, 0 generals, 0 SOSs, and 0 indicators.
Presolve time = 0.34 sec. (331.89 ticks)
Probing fixed 816 vars, tightened 8422 bounds.
Probing time = 0.09 sec. (17.49 ticks)
Tried aggregator 2 times.
Detecting symmetries...
MIP Presolve eliminated 1824 rows and 1632 columns.
MIP Presolve modified 5376 coefficients.
Aggregator did 48 substitutions.
Reduced MIP has 43561 rows, 37136 columns, and 126694 nonzeros.
Reduced MIP has 14462 binaries, 0 generals, 0 SOSs, and 0 indicators.
Presolve time = 0.13 sec. (208.76 ticks)
Probing fixed 0 vars, tightened 396 bounds.
Probing time = 0.16 sec. (20.20 ticks)
Clique table members: 86718.
MIP emphasis: balance optimality and feasibility.
MIP search method: dynamic search.
Parallel mode: opportunistic, using up to 16 threads.
Root relaxation solution time = 0.58 sec. (1700.42 ticks)

        Nodes                                         Cuts/
   Node  Left     Objective  IInf  Best Integer    Best Bound    ItCnt     Gap

*     0+    0                            0.0000  9461748.9777              --- 
      0     0    13573.6405   427        0.0000    13573.6405     9379     --- 
      0     0    13465.8306   427        0.0000     Cuts: 298     9697     --- 
      0     0    13465.8306   427        0.0000     Cuts: 438     9847     --- 
      0     0    13465.8306   427        0.0000     Cuts: 409     9918     --- 
      0     0    13465.8306   427        0.0000     Cuts: 142     9972     --- 
      0     1    infeasible              0.0000    12541.3396    10154     --- 
Elapsed time = 5.92 sec. (5628.90 ticks, tree = 0.02 MB, solutions = 1)
     75    53    10080.6656    52        0.0000    11957.9860    10888     --- 
    233    50     9824.9542    54        0.0000    11957.9860    10764     --- 
    389   103     6706.7252    53        0.0000    11957.9860    11968     --- 
    566   380     2625.3989    52        0.0000    11957.9860    17559     --- 
    740   281        cutoff              0.0000    11957.9860    16364     --- 
    924   364     3479.4047    58        0.0000    11286.8424    17586     --- 
   1088   467      201.0843     8        0.0000    10483.0076    19367     --- 
   1258   722      949.9666    20        0.0000    10338.3597    31036     --- 
   1382   727      296.6482     7        0.0000    10145.5538    31320     --- 
   1996   839        cutoff              0.0000     9404.1877    73379     --- 
Elapsed time = 20.61 sec. (8744.18 ticks, tree = 12.47 MB, solutions = 2)
   2796   347      282.2870    19        0.0000      532.9860    92044     --- 
   3467   621        cutoff              0.0000      128.9909    89069     --- 
   3923   187        cutoff              0.0000      128.9909    94185     --- 

Cover cuts applied:  1
Implied bound cuts applied:  31
Flow cuts applied:  29
Mixed integer rounding cuts applied:  13
Gomory fractional cuts applied:  20

Root node processing (before b&c):
  Real time             =    4.33 sec. (5600.28 ticks)
Parallel b&c, 16 threads:
  Real time             =   22.78 sec. (6347.29 ticks)
  Sync time (average)   =    1.44 sec.
  Wait time (average)   =    0.00 sec.
                          ------------
Total (root+branch&cut) =   27.11 sec. (11947.57 ticks)

Solution pool: 2 solutions saved.

MIP - Integer optimal, tolerance (0.01/1e-06):  Objective =  0.0000000000e+00
Current MIP best bound =  1.6219817156e-10 (gap = 1.62198e-10, 0.00%)
Solution time =   27.11 sec.  Iterations = 96759  Nodes = 3978 (21)
Deterministic time = 11947.89 ticks  (440.74 ticks/sec)


