
Log started (V12.9.0.0) Wed Sep  2 21:59:11 2020

New value for parallel optimization mode: -1
New value for mixed integer optimality gap tolerance: 0.05
New value for emphasis for MIP optimization: 1
New value for integrality tolerance: 1e-10
New value for deterministic time limit in ticks: 50000

Problem 'C:\Users\llavin\Desktop\test826\logs\tmpowdqwgon.pyomo.lp' read.
Read time = 0.53 sec. (28.58 ticks)
MIP start file 'C:\Users\llavin\Desktop\test826\logs\tmpf3_p44y2.cplex.mst' read.

Problem name         : C:\Users\llavin\Desktop\test826\logs\tmpowdqwgon.pyomo.lp
Objective sense      : Maximize
Variables            :  109223  [Nneg: 1,  Box: 45498,  Free: 8928,
                                 Binary: 54796]
Objective nonzeros   :   19731
Linear constraints   :  246901  [Less: 82864,  Greater: 118424,  Equal: 45613]
  Nonzeros           :  619133
  RHS nonzeros       :  135843

Variables            : Min LB: -5000.000        Max UB: 1000000.       
Objective nonzeros   : Min   : 0.008333333      Max   : 208.3333       
Linear constraints   :
  Nonzeros           : Min   : 0.008333333      Max   : 1000000.       
  RHS nonzeros       : Min   : 0.008333333      Max   : 1000000.       
CPXPARAM_Parallel                                -1
CPXPARAM_Emphasis_MIP                            1
CPXPARAM_DetTimeLimit                            50000
CPXPARAM_MIP_Tolerances_MIPGap                   0.050000000000000003
CPXPARAM_MIP_Tolerances_Integrality              1e-10
Warning:  No solution found from 1 MIP starts.
Retaining values of one MIP start for possible repair.
Tried aggregator 3 times.
MIP Presolve eliminated 176826 rows and 38812 columns.
MIP Presolve added 7020 rows and 0 columns.
MIP Presolve modified 53022 coefficients.
Aggregator did 26008 substitutions.
Reduced MIP has 51087 rows, 43507 columns, and 151649 nonzeros.
Reduced MIP has 17225 binaries, 0 generals, 0 SOSs, and 0 indicators.
Presolve time = 0.64 sec. (377.35 ticks)
Probing fixed 823 vars, tightened 13857 bounds.
Probing time = 0.41 sec. (18.48 ticks)
Tried aggregator 2 times.
MIP Presolve eliminated 1837 rows and 1681 columns.
MIP Presolve modified 9349 coefficients.
Aggregator did 96 substitutions.
Reduced MIP has 49154 rows, 41730 columns, and 140796 nonzeros.
Reduced MIP has 16402 binaries, 0 generals, 0 SOSs, and 0 indicators.
Presolve time = 0.28 sec. (247.02 ticks)
Probing fixed 0 vars, tightened 3158 bounds.
Probing time = 0.55 sec. (19.17 ticks)
Clique table members: 83196.
MIP emphasis: integer feasibility.
MIP search method: dynamic search.
Parallel mode: opportunistic, using up to 32 threads.
Root relaxation solution time = 2.16 sec. (3049.36 ticks)

        Nodes                                         Cuts/
   Node  Left     Objective  IInf  Best Integer    Best Bound    ItCnt     Gap

      0     0    26894.3592   811                  26894.3592    12709         
      0     0    26853.3689   329                   Cuts: 314    13008         
      0     0    26843.9812   327                   Cuts: 177    13153         
      0     0    26818.1598   312                    Cuts: 87    13250         
Repair heuristic found nothing.
      0    14    26772.3085   289                    Cuts: 17    13415         
Elapsed time = 10.59 sec. (5752.42 ticks, tree = 0.02 MB, solutions = 0)
    270   158    26724.0409   265                  26807.9780    15423         
    608   186    26544.1538   282                  26807.9780    16210         
    887   474    23575.7263   268                  26807.9780    21803         
   1251   912    26409.2380   256                  26807.9780    31197         
   1615  1261    26421.1813   204                  26807.9780    37228         
   1941  1329    26579.9303   207                  26807.9780    39468         
   2361  1516    26307.8702   124                  26807.9780    42510         
   2738  1952    24604.6815   167                  26807.9780    47974         
   3051  2439    26081.3381   146                  26807.9780    54744         
   4162  3546    26332.6987   155                  26807.9780    78886         
Elapsed time = 31.80 sec. (8863.52 ticks, tree = 65.64 MB, solutions = 0)
   5051  4191    26549.7558   296                  26807.9780    97398         
   5947  5235    25744.7703   283                  26807.9780   143348         
   6892  5656    26568.4603   300                  26807.9780   166989         
   7741  6875    19334.4011   268                  26807.9780   235847         
   8597  7632    26412.5276   255                  26807.9780   283127         
   9538  8380    17909.3864   178                  26807.9780   319535         
  10439  8992    23740.7247   196                  26807.9780   345620         
  11274  9439    25662.7884   218                  26807.9780   370731         
  12159 10120    infeasible                        26807.9780   411849         
  13136 10275    26557.5891   238                  26807.9780   418290         
Elapsed time = 86.52 sec. (18412.09 ticks, tree = 275.22 MB, solutions = 0)
  14220 10983    26537.2506   261                  26807.9780   464792         
  15330 11436    26399.7577   109                  26807.9780   490166         
  16241 12569    10181.5755   196                  26807.9780   534546         
  17067 14216    26542.3100   261                  26807.9780   611336         
  17845 14881    infeasible                        26807.9780   643526         
  18699 14548    25179.9581   265                  26807.9780   626605         
  19576 15638    26323.8707   238                  26807.9780   679990         
  20464 15834    25144.1743   296                  26807.9780   692500         
  21359 16477   -21603.4920   262                  26807.9780   728405         
  22214 17160    25840.2138   175                  26807.9780   776895         
Elapsed time = 137.77 sec. (27955.41 ticks, tree = 967.33 MB, solutions = 0)
  23045 19150    26475.6432   230                  26807.9780   905735         
  23879 18187    26108.2272   121                  26807.9780   846348         
  24680 19749    20095.1353   134                  26807.9780   944515         
  25478 20339    12771.5234   124                  26807.9780   978498         
  26312 20449    26493.3693   247                  26807.9780   986671         
  27265 20579    26345.9819   190                  26807.9780  1001304         
  28188 22398    25701.1607   279                  26807.9780  1125125         
  29146 23174    26692.2722   262                  26807.9780  1177711         
  30225 23243    26599.2999   254                  26807.9780  1178137         
  31276 24119    19348.1123   294                  26807.9780  1223563         
Elapsed time = 191.00 sec. (37502.68 ticks, tree = 1090.53 MB, solutions = 0)
