
Log started (V12.9.0.0) Fri Sep  4 10:11:17 2020

New value for parallel optimization mode: -1
New value for mixed integer optimality gap tolerance: 0.001
New value for emphasis for MIP optimization: 1
New value for integrality tolerance: 1e-12
New value for deterministic time limit in ticks: 150000

Problem 'C:\Users\llavin\Desktop\test826\logs\tmp9wzgqnv9.pyomo.lp' read.
Read time = 0.55 sec. (28.59 ticks)
MIP start file 'C:\Users\llavin\Desktop\test826\logs\tmp_aqg06k9.cplex.mst' read.

Problem name         : C:\Users\llavin\Desktop\test826\logs\tmp9wzgqnv9.pyomo.lp
Objective sense      : Maximize
Variables            :  109223  [Nneg: 1,  Box: 45498,  Free: 8928,
                                 Binary: 54796]
Objective nonzeros   :   21074
Linear constraints   :  246901  [Less: 82864,  Greater: 118424,  Equal: 45613]
  Nonzeros           :  619661
  RHS nonzeros       :  137903

Variables            : Min LB: -5000.000        Max UB: 1000000.       
Objective nonzeros   : Min   : 0.1666667        Max   : 208.3333       
Linear constraints   :
  Nonzeros           : Min   : 0.1666667        Max   : 1000000.       
  RHS nonzeros       : Min   : 0.1666667        Max   : 1000000.       
CPXPARAM_Parallel                                -1
CPXPARAM_Emphasis_MIP                            1
CPXPARAM_DetTimeLimit                            150000
CPXPARAM_MIP_Tolerances_MIPGap                   0.001
CPXPARAM_MIP_Tolerances_Integrality              9.9999999999999998e-13
Warning:  No solution found from 1 MIP starts.
Retaining values of one MIP start for possible repair.
Tried aggregator 3 times.
MIP Presolve eliminated 174105 rows and 36531 columns.
MIP Presolve added 7583 rows and 0 columns.
MIP Presolve modified 52806 coefficients.
Aggregator did 26017 substitutions.
Reduced MIP has 54362 rows, 46291 columns, and 157057 nonzeros.
Reduced MIP has 18324 binaries, 0 generals, 0 SOSs, and 0 indicators.
Presolve time = 0.63 sec. (356.43 ticks)
Probing fixed 873 vars, tightened 17551 bounds.
Probing time = 0.47 sec. (20.40 ticks)
Tried aggregator 2 times.
MIP Presolve eliminated 1948 rows and 1756 columns.
MIP Presolve modified 6984 coefficients.
Aggregator did 78 substitutions.
Reduced MIP has 52336 rows, 44457 columns, and 147111 nonzeros.
Reduced MIP has 17447 binaries, 0 generals, 0 SOSs, and 0 indicators.
Presolve time = 0.30 sec. (266.82 ticks)
Probing fixed 0 vars, tightened 375 bounds.
Probing time = 0.58 sec. (18.95 ticks)
Clique table members: 82161.
MIP emphasis: integer feasibility.
MIP search method: dynamic search.
Parallel mode: opportunistic, using up to 32 threads.
Root relaxation solution time = 1.66 sec. (3102.08 ticks)

        Nodes                                         Cuts/
   Node  Left     Objective  IInf  Best Integer    Best Bound    ItCnt     Gap

      0     0    -3448.6142   876                  -3448.6142    12922         
      0     0    -3448.6142    44                    Cuts: 14    12936         
      0     0    -3448.6142    51                    Cuts: 88    13009         
      0     0    -3448.6142    36                    Cuts: 24    13034         
Repair heuristic found nothing.
      0     6    -4311.8139    41                Impl Bds: 15    13080         
Elapsed time = 11.84 sec. (7159.64 ticks, tree = 0.02 MB, solutions = 0)
    184   117    -4352.9370    46                  -3449.7549    17710         
*   467+  280                        -5216.1569    -3449.7549            33.86%
    775   278    -5215.0134     9    -5216.1569    -3449.7549    27163   33.86%
   1081   366    -4420.2262    49    -5216.1569    -3449.7549    31643   33.86%
   1329   556    -4778.3711    42    -5216.1569    -3449.7549    38131   33.86%
   1448   716    -4373.7153    49    -5213.9509    -3449.7549    42775   33.84%
   1773   761    -5211.0661    29    -5213.9509    -3449.7549    44378   33.84%
   2111   836    -5175.5565    33    -5213.9509    -3449.7549    47398   33.84%
   2422  1191    -4855.6247    40    -5213.9509    -3449.7549    54286   33.84%
*  2877  1339      integral     0    -5211.2815    -3449.7549    60823   33.80%
Elapsed time = 27.89 sec. (9692.64 ticks, tree = 28.60 MB, solutions = 9)
   4165  2156    -4753.0522    62    -5211.2815    -3449.7549    80690   33.80%
   5521  2931    -5172.0947    28    -5211.2815    -3449.7549    92921   33.80%
   6654  3521    -5088.8856    24    -5211.2815    -3449.7549   101087   33.80%
   7940  4684    -4518.6568    54    -5211.2815    -3449.7549   122414   33.80%
   8132  5058        cutoff          -5211.2815    -3449.7549   148179   33.80%
   9181   218    -4154.1330    43    -5211.2815    -3449.7549   152416   33.80%
  10375  1115    -3469.4789    21    -5211.2815    -3449.7549   169953   33.80%
  10925  1331    -3535.9122    68    -5211.2815    -3449.7549   174513   33.80%
  12088  1560    -3451.9463    35    -5211.2815    -3449.7549   178560   33.80%
  13737  3505    -5204.0895    34    -5211.2815    -3449.7549   213063   33.80%
Elapsed time = 96.30 sec. (25968.51 ticks, tree = 59.71 MB, solutions = 9)
  15381  4152    -5112.4429    21    -5211.2815    -3449.7549   225399   33.80%
  16878  5571        cutoff          -5211.2815    -3449.7549   245249   33.80%
  18517  5616    -5208.7588    30    -5211.2815    -3449.7549   245914   33.80%
  20233  6781    -5163.4062    22    -5211.2815    -3449.7549   257426   33.80%
  21841  9406    -3546.0830    50    -5211.2815    -3449.7549   294681   33.80%
  23302 10500    -4068.5086    58    -5211.2815    -3449.7549   317538   33.80%
  24830 10996    -4285.8640    49    -5211.2815    -3449.7549   330459   33.80%
  26319 12107    -4872.1236    68    -5211.2815    -3449.7549   360738   33.80%
  27712 13194    -4891.3238    55    -5211.2815    -3449.7549   391041   33.80%
  29149 14508    -3857.8867    47    -5211.2815    -3449.7549   427428   33.80%
Elapsed time = 161.06 sec. (35509.83 ticks, tree = 249.67 MB, solutions = 9)
  30682 14727    -3756.6098    46    -5211.2815    -3449.7549   433363   33.80%
  31999 15815    -5194.7922    41    -5211.2815    -3449.7549   465605   33.80%
  32657 16566    -4022.0440    69    -5211.2815    -3449.7549   488541   33.80%
  32755 18202    -5129.9139    27    -5211.2815    -3449.7549   537173   33.80%
  33310 18151    -4122.2174    64    -5211.2815    -3449.7549   534880   33.80%
  34601 18349    infeasible          -5211.2815    -3449.7549   542154   33.80%
  36076 18378    -4923.9917    38    -5211.2815    -3449.7549   543717   33.80%
  37589 20125    -3752.8904    57    -5211.2815    -3449.7549   599495   33.80%
  39086 19597    -4085.0170    75    -5211.2815    -3449.7549   583606   33.80%
  40547 19940    -3532.0985    70    -5211.2815    -3449.7549   592805   33.80%
Elapsed time = 217.81 sec. (45060.73 ticks, tree = 342.98 MB, solutions = 9)
  41841 22526    -4436.6896    70    -5211.2815    -3449.7549   675568   33.80%
  43271 23212    -3669.1360    66    -5211.2815    -3449.7549   700746   33.80%
  44791 23772    -5192.6257    60    -5211.2815    -3449.7549   719025   33.80%
  46246 25088    -3661.9310    70    -5211.2815    -3449.7549   769611   33.80%
  47720 27146    -5164.0374    59    -5211.2815    -3449.7549   843940   33.80%
  49308 25958    -3823.2437    45    -5211.2815    -3449.7549   801749   33.80%
  50775 27886    -3677.7815    65    -5211.2815    -3449.7549   872363   33.80%
  52232 29803    -3682.2606    52    -5211.2815    -3449.7549   934761   33.80%
  53730 28777    -4514.6293    83    -5211.2815    -3449.7549   899541   33.80%
  55138 31176    -4587.3741   101    -5211.2815    -3449.7549   974123   33.80%
Elapsed time = 287.72 sec. (54604.76 ticks, tree = 533.96 MB, solutions = 9)
  56465 30553    -4946.8184    67    -5211.2815    -3449.7549   956580   33.80%
  57836 34517    -4588.7108    66    -5211.2815    -3449.7549  1081694   33.80%
  59148 34552    -4753.1744    61    -5211.2815    -3449.7549  1082820   33.80%
  60347 34384    -3648.3866    79    -5211.2815    -3449.7549  1076686   33.80%
  61392 34911        cutoff          -5211.2815    -3449.7549  1097723   33.80%
  62201 35589    -5170.6996    36    -5211.2815    -3449.7549  1118909   33.80%
  62813 37254        cutoff          -5211.2815    -3449.7549  1174774   33.80%
  63237 36896    -4254.9510    82    -5211.2815    -3449.7549  1159815   33.80%
  63544 39282    -4202.7645    72    -5211.2815    -3449.7549  1229038   33.80%
  63888 38360    -5187.9182    37    -5211.2815    -3449.7549  1202279   33.80%
Elapsed time = 332.50 sec. (64156.84 ticks, tree = 799.78 MB, solutions = 9)
  64365 39011    infeasible          -5211.2815    -3449.7549  1221068   33.80%
  65021 38965        cutoff          -5211.2815    -3449.7549  1218648   33.80%
  65697 39427    -3726.0872    67    -5211.2815    -3449.7549  1232429   33.80%
